25-11-2019 20_43_57 MainThread INFO\ Initialized logging at path ./ga_25-11-2019_20_43_57.log
25-11-2019 20_44_01 MainThread DEBUG\ Initial population :
25-11-2019 20_44_01 MainThread DEBUG\ 0 => {'input_size': 784, 'batch_size': 120, 'nodes_layer_1': 500, 'do_layer_1': 0.4, 'activation_layer_1': 'sigmoid', 'nodes_layer_2': 10, 'do_layer_2': 0.2, 'activation_layer_2': 'relu', 'nodes_layer_3': 50, 'do_layer_3': 0.2, 'activation_layer_3': 'sigmoid', 'lr': 0.001, 'epochs': 3000, 'optimizer': 'adam', 'output_nodes': 10, 'output_activation': 'softmax', 'loss': 'categorical_crossentropy'} 

25-11-2019 20_44_01 MainThread DEBUG\ 1 => {'input_size': 784, 'batch_size': 120, 'nodes_layer_1': 100, 'do_layer_1': 0.3, 'activation_layer_1': 'sigmoid', 'nodes_layer_2': 100, 'do_layer_2': 0.2, 'activation_layer_2': 'relu', 'nodes_layer_3': 500, 'do_layer_3': 0.3, 'activation_layer_3': 'sigmoid', 'lr': 0.01, 'epochs': 3000, 'optimizer': 'rmsprop', 'output_nodes': 10, 'output_activation': 'softmax', 'loss': 'categorical_crossentropy'} 

25-11-2019 20_44_01 MainThread DEBUG\ 2 => {'input_size': 784, 'batch_size': 80, 'nodes_layer_1': 50, 'do_layer_1': 0.2, 'activation_layer_1': 'sigmoid', 'nodes_layer_2': 50, 'do_layer_2': 0.3, 'activation_layer_2': 'relu', 'nodes_layer_3': 10, 'do_layer_3': 0.1, 'activation_layer_3': 'sigmoid', 'lr': 0.01, 'epochs': 3000, 'optimizer': 'sgd', 'output_nodes': 10, 'output_activation': 'softmax', 'loss': 'categorical_crossentropy'} 

25-11-2019 20_45_28 MainThread DEBUG\ train/val errors: 0.10596217286373888 0.11623365185999622
25-11-2019 20_45_28 MainThread DEBUG\ eval test keys: ['loss', 'accuracy']
25-11-2019 20_45_28 MainThread DEBUG\ eval test res: [0.12279112645350397, 0.9743000268936157]
25-11-2019 20_46_39 MainThread DEBUG\ train/val errors: 0.06808478593161063 0.09962597888234692
25-11-2019 20_46_39 MainThread DEBUG\ eval test keys: ['loss', 'accuracy']
25-11-2019 20_46_39 MainThread DEBUG\ eval test res: [0.09169464399396675, 0.977400004863739]
25-11-2019 21_00_30 MainThread DEBUG\ train/val errors: 0.24582473743529548 0.14902129601273273
25-11-2019 21_00_31 MainThread DEBUG\ eval test keys: ['loss', 'accuracy']
25-11-2019 21_00_31 MainThread DEBUG\ eval test res: [0.1467270189523697, 0.9606000185012817]
25-11-2019 21_00_31 MainThread DEBUG\ initial population scores [0.9743000268936157, 0.977400004863739, 0.9606000185012817]
25-11-2019 21_00_31 MainThread DEBUG\ Generation Start: 0
25-11-2019 21_00_31 MainThread DEBUG\ properties being crossed over: ['do_layer_1', 'lr', 'do_layer_2', 'nodes_layer_2']
25-11-2019 21_00_31 MainThread DEBUG\ post cross-over individual1 params {'input_size': 784, 'batch_size': 120, 'nodes_layer_1': 100, 'do_layer_1': 0.4, 'activation_layer_1': 'sigmoid', 'nodes_layer_2': 10, 'do_layer_2': 0.2, 'activation_layer_2': 'relu', 'nodes_layer_3': 500, 'do_layer_3': 0.3, 'activation_layer_3': 'sigmoid', 'lr': 0.001, 'epochs': 3000, 'optimizer': 'rmsprop', 'output_nodes': 10, 'output_activation': 'softmax', 'loss': 'categorical_crossentropy'}
25-11-2019 21_00_31 MainThread DEBUG\ post cross-over individual2 params {'input_size': 784, 'batch_size': 120, 'nodes_layer_1': 500, 'do_layer_1': 0.3, 'activation_layer_1': 'sigmoid', 'nodes_layer_2': 100, 'do_layer_2': 0.2, 'activation_layer_2': 'relu', 'nodes_layer_3': 50, 'do_layer_3': 0.2, 'activation_layer_3': 'sigmoid', 'lr': 0.01, 'epochs': 3000, 'optimizer': 'adam', 'output_nodes': 10, 'output_activation': 'softmax', 'loss': 'categorical_crossentropy'}
25-11-2019 21_00_31 MainThread DEBUG\ Evaluating params {'input_size': 784, 'batch_size': 120, 'nodes_layer_1': 100, 'do_layer_1': 0.4, 'activation_layer_1': 'sigmoid', 'nodes_layer_2': 10, 'do_layer_2': 0.2, 'activation_layer_2': 'relu', 'nodes_layer_3': 500, 'do_layer_3': 0.3, 'activation_layer_3': 'sigmoid', 'lr': 0.001, 'epochs': 3000, 'optimizer': 'rmsprop', 'output_nodes': 10, 'output_activation': 'softmax', 'loss': 'categorical_crossentropy'} 
and
 {'input_size': 784, 'batch_size': 120, 'nodes_layer_1': 500, 'do_layer_1': 0.3, 'activation_layer_1': 'sigmoid', 'nodes_layer_2': 100, 'do_layer_2': 0.2, 'activation_layer_2': 'relu', 'nodes_layer_3': 50, 'do_layer_3': 0.2, 'activation_layer_3': 'sigmoid', 'lr': 0.01, 'epochs': 3000, 'optimizer': 'adam', 'output_nodes': 10, 'output_activation': 'softmax', 'loss': 'categorical_crossentropy'}
25-11-2019 21_03_23 MainThread DEBUG\ train/val errors: 0.1542609560542873 0.13059878402389585
25-11-2019 21_03_23 MainThread DEBUG\ eval test keys: ['loss', 'accuracy']
25-11-2019 21_03_23 MainThread DEBUG\ eval test res: [0.12759159701429307, 0.9675999879837036]
25-11-2019 21_04_21 MainThread DEBUG\ train/val errors: 0.014550203176082245 0.08534950732350505
25-11-2019 21_04_22 MainThread DEBUG\ eval test keys: ['loss', 'accuracy']
25-11-2019 21_04_22 MainThread DEBUG\ eval test res: [0.08100437519584083, 0.9825000166893005]
25-11-2019 21_04_22 MainThread DEBUG\ fitness1 = 0.9675999879837036 and fitness2 = 0.9825000166893005
25-11-2019 21_04_22 MainThread DEBUG\ new best_score found: 0.9825000166893005
25-11-2019 21_04_22 MainThread DEBUG\ All scores [0.9743000268936157, 0.977400004863739, 0.9606000185012817]
25-11-2019 21_04_22 MainThread DEBUG\ on_generation_end: best_score= 0.9825000166893005 generation_count= 0
25-11-2019 21_04_22 MainThread DEBUG\ history dumped...
25-11-2019 21_04_22 MainThread DEBUG\ Generation End: 0
25-11-2019 21_04_22 MainThread DEBUG\ Generation Start: 1
25-11-2019 21_04_22 MainThread DEBUG\ properties being crossed over: ['nodes_layer_1', 'activation_layer_2', 'lr']
25-11-2019 21_04_22 MainThread DEBUG\ post cross-over individual1 params {'input_size': 784, 'batch_size': 120, 'nodes_layer_1': 100, 'do_layer_1': 0.4, 'activation_layer_1': 'sigmoid', 'nodes_layer_2': 10, 'do_layer_2': 0.2, 'activation_layer_2': 'relu', 'nodes_layer_3': 500, 'do_layer_3': 0.3, 'activation_layer_3': 'sigmoid', 'lr': 0.001, 'epochs': 3000, 'optimizer': 'rmsprop', 'output_nodes': 10, 'output_activation': 'softmax', 'loss': 'categorical_crossentropy'}
25-11-2019 21_04_22 MainThread DEBUG\ post cross-over individual2 params {'input_size': 784, 'batch_size': 120, 'nodes_layer_1': 100, 'do_layer_1': 0.4, 'activation_layer_1': 'sigmoid', 'nodes_layer_2': 10, 'do_layer_2': 0.2, 'activation_layer_2': 'relu', 'nodes_layer_3': 500, 'do_layer_3': 0.3, 'activation_layer_3': 'sigmoid', 'lr': 0.001, 'epochs': 3000, 'optimizer': 'rmsprop', 'output_nodes': 10, 'output_activation': 'softmax', 'loss': 'categorical_crossentropy'}
25-11-2019 21_04_22 MainThread DEBUG\ Evaluating params {'input_size': 784, 'batch_size': 120, 'nodes_layer_1': 100, 'do_layer_1': 0.4, 'activation_layer_1': 'sigmoid', 'nodes_layer_2': 10, 'do_layer_2': 0.2, 'activation_layer_2': 'relu', 'nodes_layer_3': 500, 'do_layer_3': 0.3, 'activation_layer_3': 'sigmoid', 'lr': 0.001, 'epochs': 3000, 'optimizer': 'rmsprop', 'output_nodes': 10, 'output_activation': 'softmax', 'loss': 'categorical_crossentropy'} 
and
 {'input_size': 784, 'batch_size': 120, 'nodes_layer_1': 100, 'do_layer_1': 0.4, 'activation_layer_1': 'sigmoid', 'nodes_layer_2': 10, 'do_layer_2': 0.2, 'activation_layer_2': 'relu', 'nodes_layer_3': 500, 'do_layer_3': 0.3, 'activation_layer_3': 'sigmoid', 'lr': 0.001, 'epochs': 3000, 'optimizer': 'rmsprop', 'output_nodes': 10, 'output_activation': 'softmax', 'loss': 'categorical_crossentropy'}
25-11-2019 21_07_07 MainThread DEBUG\ train/val errors: 0.1471461612199034 0.12063161939537774
25-11-2019 21_07_07 MainThread DEBUG\ eval test keys: ['loss', 'accuracy']
25-11-2019 21_07_07 MainThread DEBUG\ eval test res: [0.11469755857624113, 0.9710000157356262]
25-11-2019 21_07_40 MainThread DEBUG\ train/val errors: 0.13925765357911588 0.1217317134902502
25-11-2019 21_07_41 MainThread DEBUG\ eval test keys: ['loss', 'accuracy']
25-11-2019 21_07_41 MainThread DEBUG\ eval test res: [0.11819721164889634, 0.9708999991416931]
25-11-2019 21_07_41 MainThread DEBUG\ fitness1 = 0.9710000157356262 and fitness2 = 0.9708999991416931
25-11-2019 21_07_41 MainThread DEBUG\ new best_score found: 0.9710000157356262
25-11-2019 21_07_41 MainThread DEBUG\ All scores [0.9743000268936157, 0.977400004863739, 0.9606000185012817]
25-11-2019 21_07_41 MainThread DEBUG\ on_generation_end: best_score= 0.9710000157356262 generation_count= 1
25-11-2019 21_07_41 MainThread DEBUG\ history dumped...
25-11-2019 21_07_41 MainThread DEBUG\ Generation End: 1
25-11-2019 21_07_41 MainThread DEBUG\ Generation Start: 2
25-11-2019 21_07_41 MainThread DEBUG\ properties being crossed over: ['nodes_layer_2', 'batch_size', 'do_layer_3', 'loss']
25-11-2019 21_07_41 MainThread DEBUG\ post cross-over individual1 params {'input_size': 784, 'batch_size': 120, 'nodes_layer_1': 100, 'do_layer_1': 0.4, 'activation_layer_1': 'sigmoid', 'nodes_layer_2': 100, 'do_layer_2': 0.2, 'activation_layer_2': 'relu', 'nodes_layer_3': 500, 'do_layer_3': 0.2, 'activation_layer_3': 'sigmoid', 'lr': 0.001, 'epochs': 3000, 'optimizer': 'rmsprop', 'output_nodes': 10, 'output_activation': 'softmax', 'loss': 'categorical_crossentropy'}
25-11-2019 21_07_41 MainThread DEBUG\ post cross-over individual2 params {'input_size': 784, 'batch_size': 120, 'nodes_layer_1': 500, 'do_layer_1': 0.3, 'activation_layer_1': 'sigmoid', 'nodes_layer_2': 10, 'do_layer_2': 0.2, 'activation_layer_2': 'relu', 'nodes_layer_3': 50, 'do_layer_3': 0.3, 'activation_layer_3': 'sigmoid', 'lr': 0.01, 'epochs': 3000, 'optimizer': 'adam', 'output_nodes': 10, 'output_activation': 'softmax', 'loss': 'categorical_crossentropy'}
25-11-2019 21_07_41 MainThread DEBUG\ Evaluating params {'input_size': 784, 'batch_size': 120, 'nodes_layer_1': 100, 'do_layer_1': 0.4, 'activation_layer_1': 'sigmoid', 'nodes_layer_2': 100, 'do_layer_2': 0.2, 'activation_layer_2': 'relu', 'nodes_layer_3': 500, 'do_layer_3': 0.2, 'activation_layer_3': 'sigmoid', 'lr': 0.001, 'epochs': 3000, 'optimizer': 'rmsprop', 'output_nodes': 10, 'output_activation': 'softmax', 'loss': 'categorical_crossentropy'} 
and
 {'input_size': 784, 'batch_size': 120, 'nodes_layer_1': 500, 'do_layer_1': 0.3, 'activation_layer_1': 'sigmoid', 'nodes_layer_2': 10, 'do_layer_2': 0.2, 'activation_layer_2': 'relu', 'nodes_layer_3': 50, 'do_layer_3': 0.3, 'activation_layer_3': 'sigmoid', 'lr': 0.01, 'epochs': 3000, 'optimizer': 'adam', 'output_nodes': 10, 'output_activation': 'softmax', 'loss': 'categorical_crossentropy'}
25-11-2019 21_09_27 MainThread DEBUG\ train/val errors: 0.07984052280496273 0.10171981787173233
25-11-2019 21_09_27 MainThread DEBUG\ eval test keys: ['loss', 'accuracy']
25-11-2019 21_09_27 MainThread DEBUG\ eval test res: [0.09706091781847645, 0.9760000109672546]
25-11-2019 21_10_55 MainThread DEBUG\ train/val errors: 0.1226460789995534 0.1260887154742765
25-11-2019 21_10_56 MainThread DEBUG\ eval test keys: ['loss', 'accuracy']
25-11-2019 21_10_56 MainThread DEBUG\ eval test res: [0.11919436450395733, 0.9754999876022339]
25-11-2019 21_10_56 MainThread DEBUG\ fitness1 = 0.9760000109672546 and fitness2 = 0.9754999876022339
25-11-2019 21_10_56 MainThread DEBUG\ added child1 to 2 index
25-11-2019 21_10_56 MainThread DEBUG\ added child2 to 0 index
25-11-2019 21_10_56 MainThread DEBUG\ new best_score found: 0.9760000109672546
25-11-2019 21_10_56 MainThread DEBUG\ All scores [0.9754999876022339, 0.977400004863739, 0.9760000109672546]
25-11-2019 21_10_56 MainThread DEBUG\ on_generation_end: best_score= 0.9760000109672546 generation_count= 2
25-11-2019 21_10_56 MainThread DEBUG\ history dumped...
25-11-2019 21_10_56 MainThread DEBUG\ Generation End: 2
25-11-2019 21_10_56 MainThread DEBUG\ Generation Start: 3
25-11-2019 21_10_56 MainThread DEBUG\ properties being crossed over: ['do_layer_1', 'nodes_layer_1', 'activation_layer_2', 'activation_layer_1']
25-11-2019 21_10_56 MainThread DEBUG\ post cross-over individual1 params {'input_size': 784, 'batch_size': 120, 'nodes_layer_1': 100, 'do_layer_1': 0.4, 'activation_layer_1': 'sigmoid', 'nodes_layer_2': 100, 'do_layer_2': 0.2, 'activation_layer_2': 'relu', 'nodes_layer_3': 500, 'do_layer_3': 0.2, 'activation_layer_3': 'sigmoid', 'lr': 0.001, 'epochs': 3000, 'optimizer': 'rmsprop', 'output_nodes': 10, 'output_activation': 'softmax', 'loss': 'categorical_crossentropy'}
25-11-2019 21_10_56 MainThread DEBUG\ post cross-over individual2 params {'input_size': 784, 'batch_size': 120, 'nodes_layer_1': 100, 'do_layer_1': 0.4, 'activation_layer_1': 'sigmoid', 'nodes_layer_2': 100, 'do_layer_2': 0.2, 'activation_layer_2': 'relu', 'nodes_layer_3': 500, 'do_layer_3': 0.2, 'activation_layer_3': 'sigmoid', 'lr': 0.001, 'epochs': 3000, 'optimizer': 'rmsprop', 'output_nodes': 10, 'output_activation': 'softmax', 'loss': 'categorical_crossentropy'}
25-11-2019 21_10_56 MainThread DEBUG\ Evaluating params {'input_size': 784, 'batch_size': 120, 'nodes_layer_1': 100, 'do_layer_1': 0.4, 'activation_layer_1': 'sigmoid', 'nodes_layer_2': 100, 'do_layer_2': 0.2, 'activation_layer_2': 'relu', 'nodes_layer_3': 500, 'do_layer_3': 0.2, 'activation_layer_3': 'sigmoid', 'lr': 0.001, 'epochs': 3000, 'optimizer': 'rmsprop', 'output_nodes': 10, 'output_activation': 'softmax', 'loss': 'categorical_crossentropy'} 
and
 {'input_size': 784, 'batch_size': 120, 'nodes_layer_1': 100, 'do_layer_1': 0.4, 'activation_layer_1': 'sigmoid', 'nodes_layer_2': 100, 'do_layer_2': 0.2, 'activation_layer_2': 'relu', 'nodes_layer_3': 500, 'do_layer_3': 0.2, 'activation_layer_3': 'sigmoid', 'lr': 0.001, 'epochs': 3000, 'optimizer': 'rmsprop', 'output_nodes': 10, 'output_activation': 'softmax', 'loss': 'categorical_crossentropy'}
25-11-2019 21_12_40 MainThread DEBUG\ train/val errors: 0.08252284990889686 0.10186825369368308
25-11-2019 21_12_40 MainThread DEBUG\ eval test keys: ['loss', 'accuracy']
25-11-2019 21_12_40 MainThread DEBUG\ eval test res: [0.10029007148439996, 0.9761000275611877]
25-11-2019 21_13_13 MainThread DEBUG\ train/val errors: 0.07677128432717706 0.10259954087533212
25-11-2019 21_13_14 MainThread DEBUG\ eval test keys: ['loss', 'accuracy']
25-11-2019 21_13_14 MainThread DEBUG\ eval test res: [0.0973701383290696, 0.9764999747276306]
25-11-2019 21_13_14 MainThread DEBUG\ fitness1 = 0.9761000275611877 and fitness2 = 0.9764999747276306
25-11-2019 21_13_14 MainThread DEBUG\ added child1 to 0 index
25-11-2019 21_13_14 MainThread DEBUG\ added child2 to 2 index
25-11-2019 21_13_14 MainThread DEBUG\ new best_score found: 0.9764999747276306
25-11-2019 21_13_14 MainThread DEBUG\ All scores [0.9761000275611877, 0.977400004863739, 0.9764999747276306]
25-11-2019 21_13_14 MainThread DEBUG\ on_generation_end: best_score= 0.9764999747276306 generation_count= 3
25-11-2019 21_13_14 MainThread DEBUG\ history dumped...
25-11-2019 21_13_14 MainThread DEBUG\ Generation End: 3
25-11-2019 21_13_14 MainThread DEBUG\ Generation Start: 4
25-11-2019 21_13_14 MainThread DEBUG\ properties being crossed over: ['do_layer_1', 'optimizer', 'nodes_layer_3', 'activation_layer_1']
25-11-2019 21_13_14 MainThread DEBUG\ post cross-over individual1 params {'input_size': 784, 'batch_size': 120, 'nodes_layer_1': 100, 'do_layer_1': 0.4, 'activation_layer_1': 'sigmoid', 'nodes_layer_2': 100, 'do_layer_2': 0.2, 'activation_layer_2': 'relu', 'nodes_layer_3': 500, 'do_layer_3': 0.2, 'activation_layer_3': 'sigmoid', 'lr': 0.001, 'epochs': 3000, 'optimizer': 'rmsprop', 'output_nodes': 10, 'output_activation': 'softmax', 'loss': 'categorical_crossentropy'}
25-11-2019 21_13_14 MainThread DEBUG\ post cross-over individual2 params {'input_size': 784, 'batch_size': 120, 'nodes_layer_1': 100, 'do_layer_1': 0.4, 'activation_layer_1': 'sigmoid', 'nodes_layer_2': 100, 'do_layer_2': 0.2, 'activation_layer_2': 'relu', 'nodes_layer_3': 500, 'do_layer_3': 0.2, 'activation_layer_3': 'sigmoid', 'lr': 0.001, 'epochs': 3000, 'optimizer': 'rmsprop', 'output_nodes': 10, 'output_activation': 'softmax', 'loss': 'categorical_crossentropy'}
25-11-2019 21_13_14 MainThread DEBUG\ Evaluating params {'input_size': 784, 'batch_size': 120, 'nodes_layer_1': 100, 'do_layer_1': 0.4, 'activation_layer_1': 'sigmoid', 'nodes_layer_2': 100, 'do_layer_2': 0.2, 'activation_layer_2': 'relu', 'nodes_layer_3': 500, 'do_layer_3': 0.2, 'activation_layer_3': 'sigmoid', 'lr': 0.001, 'epochs': 3000, 'optimizer': 'rmsprop', 'output_nodes': 10, 'output_activation': 'softmax', 'loss': 'categorical_crossentropy'} 
and
 {'input_size': 784, 'batch_size': 120, 'nodes_layer_1': 100, 'do_layer_1': 0.4, 'activation_layer_1': 'sigmoid', 'nodes_layer_2': 100, 'do_layer_2': 0.2, 'activation_layer_2': 'relu', 'nodes_layer_3': 500, 'do_layer_3': 0.2, 'activation_layer_3': 'sigmoid', 'lr': 0.001, 'epochs': 3000, 'optimizer': 'rmsprop', 'output_nodes': 10, 'output_activation': 'softmax', 'loss': 'categorical_crossentropy'}
25-11-2019 21_15_05 MainThread DEBUG\ train/val errors: 0.07699290043275271 0.10069209104675489
25-11-2019 21_15_05 MainThread DEBUG\ eval test keys: ['loss', 'accuracy']
25-11-2019 21_15_05 MainThread DEBUG\ eval test res: [0.09726160887774313, 0.9764999747276306]
25-11-2019 21_15_37 MainThread DEBUG\ train/val errors: 0.07506804564635136 0.10579981001889488
25-11-2019 21_15_37 MainThread DEBUG\ eval test keys: ['loss', 'accuracy']
25-11-2019 21_15_37 MainThread DEBUG\ eval test res: [0.099775053184625, 0.9785000085830688]
25-11-2019 21_15_37 MainThread DEBUG\ fitness1 = 0.9764999747276306 and fitness2 = 0.9785000085830688
25-11-2019 21_15_37 MainThread DEBUG\ added child2 to 0 index
25-11-2019 21_15_37 MainThread DEBUG\ new best_score found: 0.9785000085830688
25-11-2019 21_15_37 MainThread DEBUG\ All scores [0.9785000085830688, 0.977400004863739, 0.9764999747276306]
25-11-2019 21_15_37 MainThread DEBUG\ on_generation_end: best_score= 0.9785000085830688 generation_count= 4
25-11-2019 21_15_37 MainThread DEBUG\ history dumped...
25-11-2019 21_15_37 MainThread DEBUG\ Generation End: 4
25-11-2019 21_15_37 MainThread DEBUG\ Generation Start: 5
25-11-2019 21_15_37 MainThread DEBUG\ properties being crossed over: ['loss', 'do_layer_3', 'activation_layer_2', 'do_layer_2', 'nodes_layer_3']
25-11-2019 21_15_37 MainThread DEBUG\ post cross-over individual1 params {'input_size': 784, 'batch_size': 120, 'nodes_layer_1': 100, 'do_layer_1': 0.4, 'activation_layer_1': 'sigmoid', 'nodes_layer_2': 100, 'do_layer_2': 0.2, 'activation_layer_2': 'relu', 'nodes_layer_3': 500, 'do_layer_3': 0.2, 'activation_layer_3': 'sigmoid', 'lr': 0.001, 'epochs': 3000, 'optimizer': 'rmsprop', 'output_nodes': 10, 'output_activation': 'softmax', 'loss': 'categorical_crossentropy'}
25-11-2019 21_15_37 MainThread DEBUG\ post cross-over individual2 params {'input_size': 784, 'batch_size': 120, 'nodes_layer_1': 100, 'do_layer_1': 0.4, 'activation_layer_1': 'sigmoid', 'nodes_layer_2': 100, 'do_layer_2': 0.2, 'activation_layer_2': 'relu', 'nodes_layer_3': 500, 'do_layer_3': 0.2, 'activation_layer_3': 'sigmoid', 'lr': 0.001, 'epochs': 3000, 'optimizer': 'rmsprop', 'output_nodes': 10, 'output_activation': 'softmax', 'loss': 'categorical_crossentropy'}
25-11-2019 21_15_38 MainThread DEBUG\ Evaluating params {'input_size': 784, 'batch_size': 120, 'nodes_layer_1': 100, 'do_layer_1': 0.4, 'activation_layer_1': 'sigmoid', 'nodes_layer_2': 100, 'do_layer_2': 0.2, 'activation_layer_2': 'relu', 'nodes_layer_3': 500, 'do_layer_3': 0.2, 'activation_layer_3': 'sigmoid', 'lr': 0.001, 'epochs': 3000, 'optimizer': 'rmsprop', 'output_nodes': 10, 'output_activation': 'softmax', 'loss': 'categorical_crossentropy'} 
and
 {'input_size': 784, 'batch_size': 120, 'nodes_layer_1': 100, 'do_layer_1': 0.4, 'activation_layer_1': 'sigmoid', 'nodes_layer_2': 100, 'do_layer_2': 0.2, 'activation_layer_2': 'relu', 'nodes_layer_3': 500, 'do_layer_3': 0.2, 'activation_layer_3': 'sigmoid', 'lr': 0.001, 'epochs': 3000, 'optimizer': 'rmsprop', 'output_nodes': 10, 'output_activation': 'softmax', 'loss': 'categorical_crossentropy'}
25-11-2019 21_17_24 MainThread DEBUG\ train/val errors: 0.08090554913638957 0.10373947528346131
25-11-2019 21_17_25 MainThread DEBUG\ eval test keys: ['loss', 'accuracy']
25-11-2019 21_17_25 MainThread DEBUG\ eval test res: [0.1010172555827885, 0.9776999950408936]
25-11-2019 21_18_03 MainThread DEBUG\ train/val errors: 0.07271669125716601 0.10653393759353397
25-11-2019 21_18_03 MainThread DEBUG\ eval test keys: ['loss', 'accuracy']
25-11-2019 21_18_03 MainThread DEBUG\ eval test res: [0.10842695745488164, 0.9775999784469604]
25-11-2019 21_18_03 MainThread DEBUG\ fitness1 = 0.9776999950408936 and fitness2 = 0.9775999784469604
25-11-2019 21_18_03 MainThread DEBUG\ new best_score found: 0.9776999950408936
25-11-2019 21_18_03 MainThread DEBUG\ All scores [0.9785000085830688, 0.977400004863739, 0.9764999747276306]
25-11-2019 21_18_03 MainThread DEBUG\ on_generation_end: best_score= 0.9776999950408936 generation_count= 5
25-11-2019 21_18_03 MainThread DEBUG\ history dumped...
25-11-2019 21_18_03 MainThread DEBUG\ Generation End: 5
25-11-2019 21_18_03 MainThread DEBUG\ Generation Start: 6
25-11-2019 21_18_03 MainThread DEBUG\ properties being crossed over: ['batch_size', 'activation_layer_2', 'lr', 'optimizer']
25-11-2019 21_18_03 MainThread DEBUG\ post cross-over individual1 params {'input_size': 784, 'batch_size': 120, 'nodes_layer_1': 100, 'do_layer_1': 0.4, 'activation_layer_1': 'sigmoid', 'nodes_layer_2': 100, 'do_layer_2': 0.2, 'activation_layer_2': 'relu', 'nodes_layer_3': 500, 'do_layer_3': 0.2, 'activation_layer_3': 'sigmoid', 'lr': 0.001, 'epochs': 3000, 'optimizer': 'rmsprop', 'output_nodes': 10, 'output_activation': 'softmax', 'loss': 'categorical_crossentropy'}
25-11-2019 21_18_03 MainThread DEBUG\ post cross-over individual2 params {'input_size': 784, 'batch_size': 120, 'nodes_layer_1': 100, 'do_layer_1': 0.4, 'activation_layer_1': 'sigmoid', 'nodes_layer_2': 100, 'do_layer_2': 0.2, 'activation_layer_2': 'relu', 'nodes_layer_3': 500, 'do_layer_3': 0.2, 'activation_layer_3': 'sigmoid', 'lr': 0.001, 'epochs': 3000, 'optimizer': 'rmsprop', 'output_nodes': 10, 'output_activation': 'softmax', 'loss': 'categorical_crossentropy'}
25-11-2019 21_18_04 MainThread DEBUG\ Evaluating params {'input_size': 784, 'batch_size': 120, 'nodes_layer_1': 100, 'do_layer_1': 0.4, 'activation_layer_1': 'sigmoid', 'nodes_layer_2': 100, 'do_layer_2': 0.2, 'activation_layer_2': 'relu', 'nodes_layer_3': 500, 'do_layer_3': 0.2, 'activation_layer_3': 'sigmoid', 'lr': 0.001, 'epochs': 3000, 'optimizer': 'rmsprop', 'output_nodes': 10, 'output_activation': 'softmax', 'loss': 'categorical_crossentropy'} 
and
 {'input_size': 784, 'batch_size': 120, 'nodes_layer_1': 100, 'do_layer_1': 0.4, 'activation_layer_1': 'sigmoid', 'nodes_layer_2': 100, 'do_layer_2': 0.2, 'activation_layer_2': 'relu', 'nodes_layer_3': 500, 'do_layer_3': 0.2, 'activation_layer_3': 'sigmoid', 'lr': 0.001, 'epochs': 3000, 'optimizer': 'rmsprop', 'output_nodes': 10, 'output_activation': 'softmax', 'loss': 'categorical_crossentropy'}
25-11-2019 21_19_32 MainThread DEBUG\ train/val errors: 0.08246109633972602 0.09855576486637195
25-11-2019 21_19_32 MainThread DEBUG\ eval test keys: ['loss', 'accuracy']
25-11-2019 21_19_32 MainThread DEBUG\ eval test res: [0.09358760677761166, 0.9753000140190125]
25-11-2019 21_20_09 MainThread DEBUG\ train/val errors: 0.07439963149039873 0.10077866666018963
25-11-2019 21_20_10 MainThread DEBUG\ eval test keys: ['loss', 'accuracy']
25-11-2019 21_20_10 MainThread DEBUG\ eval test res: [0.10108238272893941, 0.9775000214576721]
25-11-2019 21_20_10 MainThread DEBUG\ fitness1 = 0.9753000140190125 and fitness2 = 0.9775000214576721
25-11-2019 21_20_10 MainThread DEBUG\ new best_score found: 0.9775000214576721
25-11-2019 21_20_10 MainThread DEBUG\ All scores [0.9785000085830688, 0.977400004863739, 0.9764999747276306]
25-11-2019 21_20_10 MainThread DEBUG\ on_generation_end: best_score= 0.9775000214576721 generation_count= 6
25-11-2019 21_20_10 MainThread DEBUG\ history dumped...
25-11-2019 21_20_10 MainThread DEBUG\ Generation End: 6
25-11-2019 21_20_10 MainThread DEBUG\ Generation Start: 7
25-11-2019 21_20_10 MainThread DEBUG\ properties being crossed over: ['nodes_layer_2', 'loss', 'activation_layer_2', 'nodes_layer_3']
25-11-2019 21_20_10 MainThread DEBUG\ post cross-over individual1 params {'input_size': 784, 'batch_size': 120, 'nodes_layer_1': 100, 'do_layer_1': 0.4, 'activation_layer_1': 'sigmoid', 'nodes_layer_2': 100, 'do_layer_2': 0.2, 'activation_layer_2': 'relu', 'nodes_layer_3': 500, 'do_layer_3': 0.2, 'activation_layer_3': 'sigmoid', 'lr': 0.001, 'epochs': 3000, 'optimizer': 'rmsprop', 'output_nodes': 10, 'output_activation': 'softmax', 'loss': 'categorical_crossentropy'}
25-11-2019 21_20_10 MainThread DEBUG\ post cross-over individual2 params {'input_size': 784, 'batch_size': 120, 'nodes_layer_1': 100, 'do_layer_1': 0.4, 'activation_layer_1': 'sigmoid', 'nodes_layer_2': 100, 'do_layer_2': 0.2, 'activation_layer_2': 'relu', 'nodes_layer_3': 500, 'do_layer_3': 0.2, 'activation_layer_3': 'sigmoid', 'lr': 0.001, 'epochs': 3000, 'optimizer': 'rmsprop', 'output_nodes': 10, 'output_activation': 'softmax', 'loss': 'categorical_crossentropy'}
25-11-2019 21_20_10 MainThread DEBUG\ Evaluating params {'input_size': 784, 'batch_size': 120, 'nodes_layer_1': 100, 'do_layer_1': 0.4, 'activation_layer_1': 'sigmoid', 'nodes_layer_2': 100, 'do_layer_2': 0.2, 'activation_layer_2': 'relu', 'nodes_layer_3': 500, 'do_layer_3': 0.2, 'activation_layer_3': 'sigmoid', 'lr': 0.001, 'epochs': 3000, 'optimizer': 'rmsprop', 'output_nodes': 10, 'output_activation': 'softmax', 'loss': 'categorical_crossentropy'} 
and
 {'input_size': 784, 'batch_size': 120, 'nodes_layer_1': 100, 'do_layer_1': 0.4, 'activation_layer_1': 'sigmoid', 'nodes_layer_2': 100, 'do_layer_2': 0.2, 'activation_layer_2': 'relu', 'nodes_layer_3': 500, 'do_layer_3': 0.2, 'activation_layer_3': 'sigmoid', 'lr': 0.001, 'epochs': 3000, 'optimizer': 'rmsprop', 'output_nodes': 10, 'output_activation': 'softmax', 'loss': 'categorical_crossentropy'}
25-11-2019 21_21_57 MainThread DEBUG\ train/val errors: 0.08111607599737389 0.10170369373634458
25-11-2019 21_21_57 MainThread DEBUG\ eval test keys: ['loss', 'accuracy']
25-11-2019 21_21_57 MainThread DEBUG\ eval test res: [0.10068707899372094, 0.9760000109672546]
25-11-2019 21_22_54 MainThread DEBUG\ train/val errors: 0.07446823548259479 0.10334432755596935
25-11-2019 21_22_55 MainThread DEBUG\ eval test keys: ['loss', 'accuracy']
25-11-2019 21_22_55 MainThread DEBUG\ eval test res: [0.11405672714352841, 0.9764999747276306]
25-11-2019 21_22_55 MainThread DEBUG\ fitness1 = 0.9760000109672546 and fitness2 = 0.9764999747276306
25-11-2019 21_22_55 MainThread DEBUG\ new best_score found: 0.9764999747276306
25-11-2019 21_22_55 MainThread DEBUG\ All scores [0.9785000085830688, 0.977400004863739, 0.9764999747276306]
25-11-2019 21_22_55 MainThread DEBUG\ on_generation_end: best_score= 0.9764999747276306 generation_count= 7
25-11-2019 21_22_55 MainThread DEBUG\ history dumped...
25-11-2019 21_22_55 MainThread DEBUG\ Generation End: 7
25-11-2019 21_22_55 MainThread DEBUG\ Generation Start: 8
25-11-2019 21_22_55 MainThread DEBUG\ properties being crossed over: ['nodes_layer_2', 'activation_layer_3', 'lr', 'activation_layer_2', 'do_layer_2']
25-11-2019 21_22_55 MainThread DEBUG\ post cross-over individual1 params {'input_size': 784, 'batch_size': 120, 'nodes_layer_1': 100, 'do_layer_1': 0.4, 'activation_layer_1': 'sigmoid', 'nodes_layer_2': 100, 'do_layer_2': 0.2, 'activation_layer_2': 'relu', 'nodes_layer_3': 500, 'do_layer_3': 0.2, 'activation_layer_3': 'sigmoid', 'lr': 0.001, 'epochs': 3000, 'optimizer': 'rmsprop', 'output_nodes': 10, 'output_activation': 'softmax', 'loss': 'categorical_crossentropy'}
25-11-2019 21_22_55 MainThread DEBUG\ post cross-over individual2 params {'input_size': 784, 'batch_size': 120, 'nodes_layer_1': 100, 'do_layer_1': 0.4, 'activation_layer_1': 'sigmoid', 'nodes_layer_2': 100, 'do_layer_2': 0.2, 'activation_layer_2': 'relu', 'nodes_layer_3': 500, 'do_layer_3': 0.2, 'activation_layer_3': 'sigmoid', 'lr': 0.001, 'epochs': 3000, 'optimizer': 'rmsprop', 'output_nodes': 10, 'output_activation': 'softmax', 'loss': 'categorical_crossentropy'}
25-11-2019 21_22_55 MainThread DEBUG\ Evaluating params {'input_size': 784, 'batch_size': 120, 'nodes_layer_1': 100, 'do_layer_1': 0.4, 'activation_layer_1': 'sigmoid', 'nodes_layer_2': 100, 'do_layer_2': 0.2, 'activation_layer_2': 'relu', 'nodes_layer_3': 500, 'do_layer_3': 0.2, 'activation_layer_3': 'sigmoid', 'lr': 0.001, 'epochs': 3000, 'optimizer': 'rmsprop', 'output_nodes': 10, 'output_activation': 'softmax', 'loss': 'categorical_crossentropy'} 
and
 {'input_size': 784, 'batch_size': 120, 'nodes_layer_1': 100, 'do_layer_1': 0.4, 'activation_layer_1': 'sigmoid', 'nodes_layer_2': 100, 'do_layer_2': 0.2, 'activation_layer_2': 'relu', 'nodes_layer_3': 500, 'do_layer_3': 0.2, 'activation_layer_3': 'sigmoid', 'lr': 0.001, 'epochs': 3000, 'optimizer': 'rmsprop', 'output_nodes': 10, 'output_activation': 'softmax', 'loss': 'categorical_crossentropy'}
25-11-2019 21_24_58 MainThread DEBUG\ train/val errors: 0.07769516355091972 0.09693461509033417
25-11-2019 21_24_59 MainThread DEBUG\ eval test keys: ['loss', 'accuracy']
25-11-2019 21_24_59 MainThread DEBUG\ eval test res: [0.09665711911567487, 0.9782000184059143]
25-11-2019 21_25_35 MainThread DEBUG\ train/val errors: 0.07258615345561079 0.09871684427334305
25-11-2019 21_25_36 MainThread DEBUG\ eval test keys: ['loss', 'accuracy']
25-11-2019 21_25_36 MainThread DEBUG\ eval test res: [0.09925029642159353, 0.9775000214576721]
25-11-2019 21_25_36 MainThread DEBUG\ fitness1 = 0.9782000184059143 and fitness2 = 0.9775000214576721
25-11-2019 21_25_36 MainThread DEBUG\ added child1 to 2 index
25-11-2019 21_25_36 MainThread DEBUG\ added child2 to 1 index
25-11-2019 21_25_36 MainThread DEBUG\ new best_score found: 0.9782000184059143
25-11-2019 21_25_36 MainThread DEBUG\ All scores [0.9785000085830688, 0.9775000214576721, 0.9782000184059143]
25-11-2019 21_25_36 MainThread DEBUG\ on_generation_end: best_score= 0.9782000184059143 generation_count= 8
25-11-2019 21_25_36 MainThread DEBUG\ history dumped...
25-11-2019 21_25_36 MainThread DEBUG\ Generation End: 8
25-11-2019 21_25_36 MainThread DEBUG\ Generation Start: 9
25-11-2019 21_25_36 MainThread DEBUG\ properties being crossed over: ['epochs', 'do_layer_3', 'optimizer', 'activation_layer_1']
25-11-2019 21_25_36 MainThread DEBUG\ post cross-over individual1 params {'input_size': 784, 'batch_size': 120, 'nodes_layer_1': 100, 'do_layer_1': 0.4, 'activation_layer_1': 'sigmoid', 'nodes_layer_2': 100, 'do_layer_2': 0.2, 'activation_layer_2': 'relu', 'nodes_layer_3': 500, 'do_layer_3': 0.2, 'activation_layer_3': 'sigmoid', 'lr': 0.001, 'epochs': 3000, 'optimizer': 'rmsprop', 'output_nodes': 10, 'output_activation': 'softmax', 'loss': 'categorical_crossentropy'}
25-11-2019 21_25_36 MainThread DEBUG\ post cross-over individual2 params {'input_size': 784, 'batch_size': 120, 'nodes_layer_1': 100, 'do_layer_1': 0.4, 'activation_layer_1': 'sigmoid', 'nodes_layer_2': 100, 'do_layer_2': 0.2, 'activation_layer_2': 'relu', 'nodes_layer_3': 500, 'do_layer_3': 0.2, 'activation_layer_3': 'sigmoid', 'lr': 0.001, 'epochs': 3000, 'optimizer': 'rmsprop', 'output_nodes': 10, 'output_activation': 'softmax', 'loss': 'categorical_crossentropy'}
25-11-2019 21_25_36 MainThread DEBUG\ Evaluating params {'input_size': 784, 'batch_size': 120, 'nodes_layer_1': 100, 'do_layer_1': 0.4, 'activation_layer_1': 'sigmoid', 'nodes_layer_2': 100, 'do_layer_2': 0.2, 'activation_layer_2': 'relu', 'nodes_layer_3': 500, 'do_layer_3': 0.2, 'activation_layer_3': 'sigmoid', 'lr': 0.001, 'epochs': 3000, 'optimizer': 'rmsprop', 'output_nodes': 10, 'output_activation': 'softmax', 'loss': 'categorical_crossentropy'} 
and
 {'input_size': 784, 'batch_size': 120, 'nodes_layer_1': 100, 'do_layer_1': 0.4, 'activation_layer_1': 'sigmoid', 'nodes_layer_2': 100, 'do_layer_2': 0.2, 'activation_layer_2': 'relu', 'nodes_layer_3': 500, 'do_layer_3': 0.2, 'activation_layer_3': 'sigmoid', 'lr': 0.001, 'epochs': 3000, 'optimizer': 'rmsprop', 'output_nodes': 10, 'output_activation': 'softmax', 'loss': 'categorical_crossentropy'}
25-11-2019 21_27_17 MainThread DEBUG\ train/val errors: 0.08369698913634888 0.0961490773553184
25-11-2019 21_27_18 MainThread DEBUG\ eval test keys: ['loss', 'accuracy']
25-11-2019 21_27_18 MainThread DEBUG\ eval test res: [0.10294928226667689, 0.9753999710083008]
25-11-2019 21_27_53 MainThread DEBUG\ train/val errors: 0.0747793724121792 0.09786607282488452
25-11-2019 21_27_54 MainThread DEBUG\ eval test keys: ['loss', 'accuracy']
25-11-2019 21_27_54 MainThread DEBUG\ eval test res: [0.10322197206780548, 0.9758999943733215]
25-11-2019 21_27_54 MainThread DEBUG\ fitness1 = 0.9753999710083008 and fitness2 = 0.9758999943733215
25-11-2019 21_27_54 MainThread DEBUG\ new best_score found: 0.9758999943733215
25-11-2019 21_27_54 MainThread DEBUG\ All scores [0.9785000085830688, 0.9775000214576721, 0.9782000184059143]
25-11-2019 21_27_54 MainThread DEBUG\ on_generation_end: best_score= 0.9758999943733215 generation_count= 9
25-11-2019 21_27_54 MainThread DEBUG\ history dumped...
25-11-2019 21_27_54 MainThread DEBUG\ Generation End: 9
25-11-2019 21_27_54 MainThread DEBUG\ Generation Start: 10
25-11-2019 21_27_54 MainThread DEBUG\ properties being crossed over: ['nodes_layer_1', 'do_layer_3', 'lr', 'optimizer']
25-11-2019 21_27_54 MainThread DEBUG\ post cross-over individual1 params {'input_size': 784, 'batch_size': 120, 'nodes_layer_1': 100, 'do_layer_1': 0.4, 'activation_layer_1': 'sigmoid', 'nodes_layer_2': 100, 'do_layer_2': 0.2, 'activation_layer_2': 'relu', 'nodes_layer_3': 500, 'do_layer_3': 0.2, 'activation_layer_3': 'sigmoid', 'lr': 0.001, 'epochs': 3000, 'optimizer': 'rmsprop', 'output_nodes': 10, 'output_activation': 'softmax', 'loss': 'categorical_crossentropy'}
25-11-2019 21_27_54 MainThread DEBUG\ post cross-over individual2 params {'input_size': 784, 'batch_size': 120, 'nodes_layer_1': 100, 'do_layer_1': 0.4, 'activation_layer_1': 'sigmoid', 'nodes_layer_2': 100, 'do_layer_2': 0.2, 'activation_layer_2': 'relu', 'nodes_layer_3': 500, 'do_layer_3': 0.2, 'activation_layer_3': 'sigmoid', 'lr': 0.001, 'epochs': 3000, 'optimizer': 'rmsprop', 'output_nodes': 10, 'output_activation': 'softmax', 'loss': 'categorical_crossentropy'}
25-11-2019 21_27_54 MainThread DEBUG\ mutate_key activation_layer_3
25-11-2019 21_27_54 MainThread DEBUG\ complete_layer_mutate {'input_size': 784, 'batch_size': 80, 'nodes_layer_1': 500, 'do_layer_1': 0.3, 'activation_layer_1': 'sigmoid', 'nodes_layer_2': 100, 'do_layer_2': 0.3, 'activation_layer_2': 'relu', 'nodes_layer_3': 10, 'do_layer_3': 0.1, 'activation_layer_3': 'sigmoid', 'lr': 0.01, 'epochs': 3000, 'optimizer': 'sgd', 'output_nodes': 10, 'output_activation': 'softmax', 'loss': 'categorical_crossentropy'}
25-11-2019 21_27_54 MainThread DEBUG\ mutate_key nodes_layer_1
25-11-2019 21_27_54 MainThread DEBUG\ post mutation params {'input_size': 784, 'batch_size': 80, 'nodes_layer_1': 100, 'do_layer_1': 0.3, 'activation_layer_1': 'sigmoid', 'nodes_layer_2': 100, 'do_layer_2': 0.3, 'activation_layer_2': 'relu', 'nodes_layer_3': 10, 'do_layer_3': 0.1, 'activation_layer_3': 'sigmoid', 'lr': 0.01, 'epochs': 3000, 'optimizer': 'sgd', 'output_nodes': 10, 'output_activation': 'softmax', 'loss': 'categorical_crossentropy'}
