25-11-2019 21_59_33 MainThread INFO\ Initialized logging at path ./ga_25-11-2019_21_59_33.log
25-11-2019 21_59_36 MainThread DEBUG\ Initial population :
25-11-2019 21_59_36 MainThread DEBUG\ 0 => {'input_size': 784, 'batch_size': 120, 'nodes_layer_1': 500, 'do_layer_1': 0.3, 'activation_layer_1': 'sigmoid', 'nodes_layer_2': 500, 'do_layer_2': 0.0, 'activation_layer_2': 'relu', 'nodes_layer_3': 500, 'do_layer_3': 0.3, 'activation_layer_3': 'relu', 'lr': 0.01, 'epochs': 3000, 'optimizer': 'adam', 'output_nodes': 10, 'output_activation': 'softmax', 'loss': 'categorical_crossentropy'} 

25-11-2019 21_59_36 MainThread DEBUG\ 1 => {'input_size': 784, 'batch_size': 100, 'nodes_layer_1': 10, 'do_layer_1': 0.0, 'activation_layer_1': 'sigmoid', 'nodes_layer_2': 10, 'do_layer_2': 0.1, 'activation_layer_2': 'sigmoid', 'nodes_layer_3': 50, 'do_layer_3': 0.4, 'activation_layer_3': 'relu', 'lr': 0.01, 'epochs': 3000, 'optimizer': 'sgd', 'output_nodes': 10, 'output_activation': 'softmax', 'loss': 'categorical_crossentropy'} 

25-11-2019 21_59_36 MainThread DEBUG\ 2 => {'input_size': 784, 'batch_size': 120, 'nodes_layer_1': 500, 'do_layer_1': 0.1, 'activation_layer_1': 'sigmoid', 'nodes_layer_2': 500, 'do_layer_2': 0.4, 'activation_layer_2': 'relu', 'nodes_layer_3': 50, 'do_layer_3': 0.4, 'activation_layer_3': 'relu', 'lr': 0.001, 'epochs': 3000, 'optimizer': 'sgd', 'output_nodes': 10, 'output_activation': 'softmax', 'loss': 'categorical_crossentropy'} 

25-11-2019 22_00_32 MainThread DEBUG\ train/val errors: 0.012900192461695822 0.08797080376069061
25-11-2019 22_00_33 MainThread DEBUG\ eval test keys: ['loss', 'accuracy']
25-11-2019 22_00_33 MainThread DEBUG\ eval test res: [0.09594539613610016, 0.9810000061988831]
25-11-2019 22_11_33 MainThread DEBUG\ train/val errors: 0.34616172640096576 0.283779336594873
25-11-2019 22_11_33 MainThread DEBUG\ eval test keys: ['loss', 'accuracy']
25-11-2019 22_11_33 MainThread DEBUG\ eval test res: [0.2782919321656227, 0.9207000136375427]
25-11-2019 22_23_26 MainThread DEBUG\ train/val errors: 0.08288359869271517 0.08787889427194993
25-11-2019 22_23_27 MainThread DEBUG\ eval test keys: ['loss', 'accuracy']
25-11-2019 22_23_27 MainThread DEBUG\ eval test res: [0.07604186145612621, 0.9779999852180481]
25-11-2019 22_23_27 MainThread DEBUG\ initial population scores [0.9810000061988831, 0.9207000136375427, 0.9779999852180481]
25-11-2019 22_23_27 MainThread DEBUG\ Generation Start: 0
25-11-2019 22_23_27 MainThread DEBUG\ properties being crossed over: ['activation_layer_1', 'nodes_layer_2', 'do_layer_3', 'optimizer']
25-11-2019 22_23_27 MainThread DEBUG\ post cross-over individual1 params {'input_size': 784, 'batch_size': 120, 'nodes_layer_1': 500, 'do_layer_1': 0.3, 'activation_layer_1': 'sigmoid', 'nodes_layer_2': 500, 'do_layer_2': 0.0, 'activation_layer_2': 'relu', 'nodes_layer_3': 500, 'do_layer_3': 0.4, 'activation_layer_3': 'relu', 'lr': 0.01, 'epochs': 3000, 'optimizer': 'sgd', 'output_nodes': 10, 'output_activation': 'softmax', 'loss': 'categorical_crossentropy'}
25-11-2019 22_23_27 MainThread DEBUG\ post cross-over individual2 params {'input_size': 784, 'batch_size': 120, 'nodes_layer_1': 500, 'do_layer_1': 0.1, 'activation_layer_1': 'sigmoid', 'nodes_layer_2': 500, 'do_layer_2': 0.4, 'activation_layer_2': 'relu', 'nodes_layer_3': 50, 'do_layer_3': 0.3, 'activation_layer_3': 'relu', 'lr': 0.001, 'epochs': 3000, 'optimizer': 'adam', 'output_nodes': 10, 'output_activation': 'softmax', 'loss': 'categorical_crossentropy'}
25-11-2019 22_23_27 MainThread DEBUG\ mutate_key nodes_layer_3
25-11-2019 22_23_27 MainThread DEBUG\ post mutation params {'input_size': 784, 'batch_size': 120, 'nodes_layer_1': 500, 'do_layer_1': 0.3, 'activation_layer_1': 'sigmoid', 'nodes_layer_2': 500, 'do_layer_2': 0.0, 'activation_layer_2': 'relu', 'nodes_layer_3': 100, 'do_layer_3': 0.4, 'activation_layer_3': 'relu', 'lr': 0.01, 'epochs': 3000, 'optimizer': 'sgd', 'output_nodes': 10, 'output_activation': 'softmax', 'loss': 'categorical_crossentropy'}
25-11-2019 22_23_27 MainThread DEBUG\ plain_mutate {'input_size': 784, 'batch_size': 120, 'nodes_layer_1': 500, 'do_layer_1': 0.3, 'activation_layer_1': 'sigmoid', 'nodes_layer_2': 500, 'do_layer_2': 0.0, 'activation_layer_2': 'relu', 'nodes_layer_3': 100, 'do_layer_3': 0.4, 'activation_layer_3': 'relu', 'lr': 0.01, 'epochs': 3000, 'optimizer': 'sgd', 'output_nodes': 10, 'output_activation': 'softmax', 'loss': 'categorical_crossentropy'}
25-11-2019 22_23_27 MainThread DEBUG\ mutate_key activation_layer_1
25-11-2019 22_23_27 MainThread DEBUG\ post mutation params {'input_size': 784, 'batch_size': 120, 'nodes_layer_1': 500, 'do_layer_1': 0.1, 'activation_layer_1': 'relu', 'nodes_layer_2': 500, 'do_layer_2': 0.4, 'activation_layer_2': 'relu', 'nodes_layer_3': 50, 'do_layer_3': 0.3, 'activation_layer_3': 'relu', 'lr': 0.001, 'epochs': 3000, 'optimizer': 'adam', 'output_nodes': 10, 'output_activation': 'softmax', 'loss': 'categorical_crossentropy'}
25-11-2019 22_23_27 MainThread DEBUG\ plain_mutate {'input_size': 784, 'batch_size': 120, 'nodes_layer_1': 500, 'do_layer_1': 0.1, 'activation_layer_1': 'relu', 'nodes_layer_2': 500, 'do_layer_2': 0.4, 'activation_layer_2': 'relu', 'nodes_layer_3': 50, 'do_layer_3': 0.3, 'activation_layer_3': 'relu', 'lr': 0.001, 'epochs': 3000, 'optimizer': 'adam', 'output_nodes': 10, 'output_activation': 'softmax', 'loss': 'categorical_crossentropy'}
25-11-2019 22_23_27 MainThread DEBUG\ Evaluating params:
{'input_size': 784, 'batch_size': 120, 'nodes_layer_1': 500, 'do_layer_1': 0.3, 'activation_layer_1': 'sigmoid', 'nodes_layer_2': 500, 'do_layer_2': 0.0, 'activation_layer_2': 'relu', 'nodes_layer_3': 100, 'do_layer_3': 0.4, 'activation_layer_3': 'relu', 'lr': 0.01, 'epochs': 3000, 'optimizer': 'sgd', 'output_nodes': 10, 'output_activation': 'softmax', 'loss': 'categorical_crossentropy'}
and
{'input_size': 784, 'batch_size': 120, 'nodes_layer_1': 500, 'do_layer_1': 0.1, 'activation_layer_1': 'relu', 'nodes_layer_2': 500, 'do_layer_2': 0.4, 'activation_layer_2': 'relu', 'nodes_layer_3': 50, 'do_layer_3': 0.3, 'activation_layer_3': 'relu', 'lr': 0.001, 'epochs': 3000, 'optimizer': 'adam', 'output_nodes': 10, 'output_activation': 'softmax', 'loss': 'categorical_crossentropy'}
25-11-2019 22_34_35 MainThread DEBUG\ train/val errors: 0.09257253892187561 0.09290592921121667
25-11-2019 22_34_35 MainThread DEBUG\ eval test keys: ['loss', 'accuracy']
25-11-2019 22_34_35 MainThread DEBUG\ eval test res: [0.0828199797583511, 0.9746999740600586]
25-11-2019 22_35_19 MainThread DEBUG\ train/val errors: 0.013504110166894472 0.0966619239448725
25-11-2019 22_35_20 MainThread DEBUG\ eval test keys: ['loss', 'accuracy']
25-11-2019 22_35_20 MainThread DEBUG\ eval test res: [0.10266672012644039, 0.982200026512146]
25-11-2019 22_35_20 MainThread DEBUG\ fitness1 = 0.9746999740600586 and fitness2 = 0.982200026512146
25-11-2019 22_35_20 MainThread DEBUG\ added child1 to 1 index
25-11-2019 22_35_20 MainThread DEBUG\ added child2 to 1 index
25-11-2019 22_35_20 MainThread DEBUG\ new best_score found: 0.982200026512146
25-11-2019 22_35_20 MainThread DEBUG\ All scores [0.9810000061988831, 0.982200026512146, 0.9779999852180481]
25-11-2019 22_35_20 MainThread DEBUG\ on_generation_end: best_score= 0.982200026512146 generation_count= 0
25-11-2019 22_35_20 MainThread DEBUG\ history dumped...
25-11-2019 22_35_20 MainThread DEBUG\ Generation End: 0
25-11-2019 22_35_20 MainThread DEBUG\ Generation Start: 1
25-11-2019 22_35_20 MainThread DEBUG\ properties being crossed over: ['do_layer_1', 'nodes_layer_3', 'optimizer']
25-11-2019 22_35_20 MainThread DEBUG\ post cross-over individual1 params {'input_size': 784, 'batch_size': 120, 'nodes_layer_1': 500, 'do_layer_1': 0.3, 'activation_layer_1': 'relu', 'nodes_layer_2': 500, 'do_layer_2': 0.4, 'activation_layer_2': 'relu', 'nodes_layer_3': 100, 'do_layer_3': 0.3, 'activation_layer_3': 'relu', 'lr': 0.001, 'epochs': 3000, 'optimizer': 'sgd', 'output_nodes': 10, 'output_activation': 'softmax', 'loss': 'categorical_crossentropy'}
25-11-2019 22_35_20 MainThread DEBUG\ post cross-over individual2 params {'input_size': 784, 'batch_size': 120, 'nodes_layer_1': 500, 'do_layer_1': 0.1, 'activation_layer_1': 'sigmoid', 'nodes_layer_2': 500, 'do_layer_2': 0.0, 'activation_layer_2': 'relu', 'nodes_layer_3': 50, 'do_layer_3': 0.4, 'activation_layer_3': 'relu', 'lr': 0.01, 'epochs': 3000, 'optimizer': 'adam', 'output_nodes': 10, 'output_activation': 'softmax', 'loss': 'categorical_crossentropy'}
25-11-2019 22_35_20 MainThread DEBUG\ mutate_key activation_layer_3
25-11-2019 22_35_20 MainThread DEBUG\ complete_layer_mutate {'input_size': 784, 'batch_size': 120, 'nodes_layer_1': 500, 'do_layer_1': 0.0, 'activation_layer_1': 'relu', 'nodes_layer_2': 500, 'do_layer_2': 0.4, 'activation_layer_2': 'relu', 'nodes_layer_3': 50, 'do_layer_3': 0.4, 'activation_layer_3': 'relu', 'lr': 0.001, 'epochs': 3000, 'optimizer': 'sgd', 'output_nodes': 10, 'output_activation': 'softmax', 'loss': 'categorical_crossentropy'}
25-11-2019 22_35_20 MainThread DEBUG\ mutate_key lr
25-11-2019 22_35_20 MainThread DEBUG\ post mutation params {'input_size': 784, 'batch_size': 120, 'nodes_layer_1': 500, 'do_layer_1': 0.1, 'activation_layer_1': 'sigmoid', 'nodes_layer_2': 500, 'do_layer_2': 0.0, 'activation_layer_2': 'relu', 'nodes_layer_3': 50, 'do_layer_3': 0.4, 'activation_layer_3': 'relu', 'lr': 0.001, 'epochs': 3000, 'optimizer': 'adam', 'output_nodes': 10, 'output_activation': 'softmax', 'loss': 'categorical_crossentropy'}
25-11-2019 22_35_21 MainThread DEBUG\ plain_mutate {'input_size': 784, 'batch_size': 120, 'nodes_layer_1': 500, 'do_layer_1': 0.1, 'activation_layer_1': 'sigmoid', 'nodes_layer_2': 500, 'do_layer_2': 0.0, 'activation_layer_2': 'relu', 'nodes_layer_3': 50, 'do_layer_3': 0.4, 'activation_layer_3': 'relu', 'lr': 0.001, 'epochs': 3000, 'optimizer': 'adam', 'output_nodes': 10, 'output_activation': 'softmax', 'loss': 'categorical_crossentropy'}
25-11-2019 22_35_21 MainThread DEBUG\ Evaluating params:
{'input_size': 784, 'batch_size': 120, 'nodes_layer_1': 500, 'do_layer_1': 0.0, 'activation_layer_1': 'relu', 'nodes_layer_2': 500, 'do_layer_2': 0.4, 'activation_layer_2': 'relu', 'nodes_layer_3': 50, 'do_layer_3': 0.4, 'activation_layer_3': 'relu', 'lr': 0.001, 'epochs': 3000, 'optimizer': 'sgd', 'output_nodes': 10, 'output_activation': 'softmax', 'loss': 'categorical_crossentropy'}
and
{'input_size': 784, 'batch_size': 120, 'nodes_layer_1': 500, 'do_layer_1': 0.1, 'activation_layer_1': 'sigmoid', 'nodes_layer_2': 500, 'do_layer_2': 0.0, 'activation_layer_2': 'relu', 'nodes_layer_3': 50, 'do_layer_3': 0.4, 'activation_layer_3': 'relu', 'lr': 0.001, 'epochs': 3000, 'optimizer': 'adam', 'output_nodes': 10, 'output_activation': 'softmax', 'loss': 'categorical_crossentropy'}
25-11-2019 22_37_56 MainThread DEBUG\ train/val errors: 0.03721677901888532 0.09261782943018868
25-11-2019 22_37_56 MainThread DEBUG\ eval test keys: ['loss', 'accuracy']
25-11-2019 22_37_56 MainThread DEBUG\ eval test res: [0.07801724779739307, 0.9779000282287598]
25-11-2019 22_38_48 MainThread DEBUG\ train/val errors: 0.010234450277847437 0.10227909054044479
25-11-2019 22_38_48 MainThread DEBUG\ eval test keys: ['loss', 'accuracy']
25-11-2019 22_38_48 MainThread DEBUG\ eval test res: [0.1524371920183323, 0.9765999913215637]
25-11-2019 22_38_48 MainThread DEBUG\ fitness1 = 0.9779000282287598 and fitness2 = 0.9765999913215637
25-11-2019 22_38_48 MainThread DEBUG\ new best_score found: 0.9779000282287598
25-11-2019 22_38_48 MainThread DEBUG\ All scores [0.9810000061988831, 0.982200026512146, 0.9779999852180481]
25-11-2019 22_38_48 MainThread DEBUG\ on_generation_end: best_score= 0.9779000282287598 generation_count= 1
25-11-2019 22_38_48 MainThread DEBUG\ history dumped...
25-11-2019 22_38_48 MainThread DEBUG\ Generation End: 1
25-11-2019 22_38_48 MainThread DEBUG\ Generation Start: 2
25-11-2019 22_38_48 MainThread DEBUG\ properties being crossed over: ['loss', 'nodes_layer_1', 'nodes_layer_2', 'do_layer_3']
25-11-2019 22_38_48 MainThread DEBUG\ post cross-over individual1 params {'input_size': 784, 'batch_size': 120, 'nodes_layer_1': 500, 'do_layer_1': 0.0, 'activation_layer_1': 'relu', 'nodes_layer_2': 500, 'do_layer_2': 0.4, 'activation_layer_2': 'relu', 'nodes_layer_3': 50, 'do_layer_3': 0.4, 'activation_layer_3': 'relu', 'lr': 0.001, 'epochs': 3000, 'optimizer': 'sgd', 'output_nodes': 10, 'output_activation': 'softmax', 'loss': 'categorical_crossentropy'}
25-11-2019 22_38_48 MainThread DEBUG\ post cross-over individual2 params {'input_size': 784, 'batch_size': 120, 'nodes_layer_1': 500, 'do_layer_1': 0.0, 'activation_layer_1': 'relu', 'nodes_layer_2': 500, 'do_layer_2': 0.4, 'activation_layer_2': 'relu', 'nodes_layer_3': 50, 'do_layer_3': 0.4, 'activation_layer_3': 'relu', 'lr': 0.001, 'epochs': 3000, 'optimizer': 'sgd', 'output_nodes': 10, 'output_activation': 'softmax', 'loss': 'categorical_crossentropy'}
25-11-2019 22_38_49 MainThread DEBUG\ Evaluating params:
{'input_size': 784, 'batch_size': 120, 'nodes_layer_1': 500, 'do_layer_1': 0.0, 'activation_layer_1': 'relu', 'nodes_layer_2': 500, 'do_layer_2': 0.4, 'activation_layer_2': 'relu', 'nodes_layer_3': 50, 'do_layer_3': 0.4, 'activation_layer_3': 'relu', 'lr': 0.001, 'epochs': 3000, 'optimizer': 'sgd', 'output_nodes': 10, 'output_activation': 'softmax', 'loss': 'categorical_crossentropy'}
and
{'input_size': 784, 'batch_size': 120, 'nodes_layer_1': 500, 'do_layer_1': 0.0, 'activation_layer_1': 'relu', 'nodes_layer_2': 500, 'do_layer_2': 0.4, 'activation_layer_2': 'relu', 'nodes_layer_3': 50, 'do_layer_3': 0.4, 'activation_layer_3': 'relu', 'lr': 0.001, 'epochs': 3000, 'optimizer': 'sgd', 'output_nodes': 10, 'output_activation': 'softmax', 'loss': 'categorical_crossentropy'}
25-11-2019 22_41_56 MainThread DEBUG\ train/val errors: 0.02593360057832407 0.08941611892504928
25-11-2019 22_41_57 MainThread DEBUG\ eval test keys: ['loss', 'accuracy']
25-11-2019 22_41_57 MainThread DEBUG\ eval test res: [0.07296064727581397, 0.9807999730110168]
25-11-2019 22_42_25 MainThread DEBUG\ train/val errors: 0.01951788832899183 0.09114204949854562
25-11-2019 22_42_25 MainThread DEBUG\ eval test keys: ['loss', 'accuracy']
25-11-2019 22_42_25 MainThread DEBUG\ eval test res: [0.07371664677688713, 0.9815000295639038]
25-11-2019 22_42_25 MainThread DEBUG\ fitness1 = 0.9807999730110168 and fitness2 = 0.9815000295639038
25-11-2019 22_42_25 MainThread DEBUG\ added child1 to 2 index
25-11-2019 22_42_25 MainThread DEBUG\ added child2 to 2 index
25-11-2019 22_42_25 MainThread DEBUG\ new best_score found: 0.9815000295639038
25-11-2019 22_42_25 MainThread DEBUG\ All scores [0.9810000061988831, 0.982200026512146, 0.9815000295639038]
25-11-2019 22_42_25 MainThread DEBUG\ on_generation_end: best_score= 0.9815000295639038 generation_count= 2
25-11-2019 22_42_25 MainThread DEBUG\ history dumped...
25-11-2019 22_42_25 MainThread DEBUG\ Generation End: 2
25-11-2019 22_42_25 MainThread DEBUG\ Generation Start: 3
25-11-2019 22_42_25 MainThread DEBUG\ properties being crossed over: ['lr', 'nodes_layer_3', 'do_layer_2', 'loss', 'activation_layer_3']
25-11-2019 22_42_25 MainThread DEBUG\ post cross-over individual1 params {'input_size': 784, 'batch_size': 120, 'nodes_layer_1': 500, 'do_layer_1': 0.0, 'activation_layer_1': 'relu', 'nodes_layer_2': 500, 'do_layer_2': 0.4, 'activation_layer_2': 'relu', 'nodes_layer_3': 50, 'do_layer_3': 0.4, 'activation_layer_3': 'relu', 'lr': 0.001, 'epochs': 3000, 'optimizer': 'sgd', 'output_nodes': 10, 'output_activation': 'softmax', 'loss': 'categorical_crossentropy'}
25-11-2019 22_42_25 MainThread DEBUG\ post cross-over individual2 params {'input_size': 784, 'batch_size': 120, 'nodes_layer_1': 500, 'do_layer_1': 0.0, 'activation_layer_1': 'relu', 'nodes_layer_2': 500, 'do_layer_2': 0.4, 'activation_layer_2': 'relu', 'nodes_layer_3': 50, 'do_layer_3': 0.4, 'activation_layer_3': 'relu', 'lr': 0.001, 'epochs': 3000, 'optimizer': 'sgd', 'output_nodes': 10, 'output_activation': 'softmax', 'loss': 'categorical_crossentropy'}
25-11-2019 22_42_26 MainThread DEBUG\ Evaluating params:
{'input_size': 784, 'batch_size': 120, 'nodes_layer_1': 500, 'do_layer_1': 0.0, 'activation_layer_1': 'relu', 'nodes_layer_2': 500, 'do_layer_2': 0.4, 'activation_layer_2': 'relu', 'nodes_layer_3': 50, 'do_layer_3': 0.4, 'activation_layer_3': 'relu', 'lr': 0.001, 'epochs': 3000, 'optimizer': 'sgd', 'output_nodes': 10, 'output_activation': 'softmax', 'loss': 'categorical_crossentropy'}
and
{'input_size': 784, 'batch_size': 120, 'nodes_layer_1': 500, 'do_layer_1': 0.0, 'activation_layer_1': 'relu', 'nodes_layer_2': 500, 'do_layer_2': 0.4, 'activation_layer_2': 'relu', 'nodes_layer_3': 50, 'do_layer_3': 0.4, 'activation_layer_3': 'relu', 'lr': 0.001, 'epochs': 3000, 'optimizer': 'sgd', 'output_nodes': 10, 'output_activation': 'softmax', 'loss': 'categorical_crossentropy'}
25-11-2019 22_45_17 MainThread DEBUG\ train/val errors: 0.02981058446424348 0.08991077726435227
25-11-2019 22_45_18 MainThread DEBUG\ eval test keys: ['loss', 'accuracy']
25-11-2019 22_45_18 MainThread DEBUG\ eval test res: [0.07590815660635271, 0.9794999957084656]
25-11-2019 22_45_51 MainThread DEBUG\ train/val errors: 0.021548716886900365 0.0907321445698229
25-11-2019 22_45_52 MainThread DEBUG\ eval test keys: ['loss', 'accuracy']
25-11-2019 22_45_52 MainThread DEBUG\ eval test res: [0.07826147635400303, 0.9797999858856201]
25-11-2019 22_45_52 MainThread DEBUG\ fitness1 = 0.9794999957084656 and fitness2 = 0.9797999858856201
25-11-2019 22_45_52 MainThread DEBUG\ new best_score found: 0.9797999858856201
25-11-2019 22_45_52 MainThread DEBUG\ All scores [0.9810000061988831, 0.982200026512146, 0.9815000295639038]
25-11-2019 22_45_52 MainThread DEBUG\ on_generation_end: best_score= 0.9797999858856201 generation_count= 3
25-11-2019 22_45_52 MainThread DEBUG\ history dumped...
25-11-2019 22_45_52 MainThread DEBUG\ Generation End: 3
25-11-2019 22_45_52 MainThread DEBUG\ Generation Start: 4
25-11-2019 22_45_52 MainThread DEBUG\ properties being crossed over: ['activation_layer_3', 'nodes_layer_2', 'nodes_layer_3', 'do_layer_3']
25-11-2019 22_45_52 MainThread DEBUG\ post cross-over individual1 params {'input_size': 784, 'batch_size': 120, 'nodes_layer_1': 500, 'do_layer_1': 0.0, 'activation_layer_1': 'relu', 'nodes_layer_2': 500, 'do_layer_2': 0.4, 'activation_layer_2': 'relu', 'nodes_layer_3': 50, 'do_layer_3': 0.4, 'activation_layer_3': 'relu', 'lr': 0.001, 'epochs': 3000, 'optimizer': 'sgd', 'output_nodes': 10, 'output_activation': 'softmax', 'loss': 'categorical_crossentropy'}
25-11-2019 22_45_52 MainThread DEBUG\ post cross-over individual2 params {'input_size': 784, 'batch_size': 120, 'nodes_layer_1': 500, 'do_layer_1': 0.0, 'activation_layer_1': 'relu', 'nodes_layer_2': 500, 'do_layer_2': 0.4, 'activation_layer_2': 'relu', 'nodes_layer_3': 50, 'do_layer_3': 0.4, 'activation_layer_3': 'relu', 'lr': 0.001, 'epochs': 3000, 'optimizer': 'sgd', 'output_nodes': 10, 'output_activation': 'softmax', 'loss': 'categorical_crossentropy'}
25-11-2019 22_45_52 MainThread DEBUG\ Evaluating params:
{'input_size': 784, 'batch_size': 120, 'nodes_layer_1': 500, 'do_layer_1': 0.0, 'activation_layer_1': 'relu', 'nodes_layer_2': 500, 'do_layer_2': 0.4, 'activation_layer_2': 'relu', 'nodes_layer_3': 50, 'do_layer_3': 0.4, 'activation_layer_3': 'relu', 'lr': 0.001, 'epochs': 3000, 'optimizer': 'sgd', 'output_nodes': 10, 'output_activation': 'softmax', 'loss': 'categorical_crossentropy'}
and
{'input_size': 784, 'batch_size': 120, 'nodes_layer_1': 500, 'do_layer_1': 0.0, 'activation_layer_1': 'relu', 'nodes_layer_2': 500, 'do_layer_2': 0.4, 'activation_layer_2': 'relu', 'nodes_layer_3': 50, 'do_layer_3': 0.4, 'activation_layer_3': 'relu', 'lr': 0.001, 'epochs': 3000, 'optimizer': 'sgd', 'output_nodes': 10, 'output_activation': 'softmax', 'loss': 'categorical_crossentropy'}
25-11-2019 22_48_56 MainThread DEBUG\ train/val errors: 0.029732904086288595 0.08942940661101602
25-11-2019 22_48_56 MainThread DEBUG\ eval test keys: ['loss', 'accuracy']
25-11-2019 22_48_56 MainThread DEBUG\ eval test res: [0.07501506635870756, 0.980400025844574]
25-11-2019 22_49_24 MainThread DEBUG\ train/val errors: 0.02197862332620259 0.09063827509448553
25-11-2019 22_49_25 MainThread DEBUG\ eval test keys: ['loss', 'accuracy']
25-11-2019 22_49_25 MainThread DEBUG\ eval test res: [0.0760680341267036, 0.98089998960495]
25-11-2019 22_49_25 MainThread DEBUG\ fitness1 = 0.980400025844574 and fitness2 = 0.98089998960495
25-11-2019 22_49_25 MainThread DEBUG\ added child1 to 0 index
25-11-2019 22_49_25 MainThread DEBUG\ added child2 to 0 index
25-11-2019 22_49_25 MainThread DEBUG\ new best_score found: 0.98089998960495
25-11-2019 22_49_25 MainThread DEBUG\ All scores [0.98089998960495, 0.982200026512146, 0.9815000295639038]
25-11-2019 22_49_25 MainThread DEBUG\ on_generation_end: best_score= 0.98089998960495 generation_count= 4
25-11-2019 22_49_25 MainThread DEBUG\ history dumped...
25-11-2019 22_49_25 MainThread DEBUG\ Generation End: 4
25-11-2019 22_49_25 MainThread DEBUG\ Generation Start: 5
25-11-2019 22_49_25 MainThread DEBUG\ properties being crossed over: ['activation_layer_2', 'do_layer_3', 'epochs', 'nodes_layer_2', 'do_layer_1']
25-11-2019 22_49_25 MainThread DEBUG\ post cross-over individual1 params {'input_size': 784, 'batch_size': 120, 'nodes_layer_1': 500, 'do_layer_1': 0.0, 'activation_layer_1': 'relu', 'nodes_layer_2': 500, 'do_layer_2': 0.4, 'activation_layer_2': 'relu', 'nodes_layer_3': 50, 'do_layer_3': 0.4, 'activation_layer_3': 'relu', 'lr': 0.001, 'epochs': 3000, 'optimizer': 'sgd', 'output_nodes': 10, 'output_activation': 'softmax', 'loss': 'categorical_crossentropy'}
25-11-2019 22_49_25 MainThread DEBUG\ post cross-over individual2 params {'input_size': 784, 'batch_size': 120, 'nodes_layer_1': 500, 'do_layer_1': 0.0, 'activation_layer_1': 'relu', 'nodes_layer_2': 500, 'do_layer_2': 0.4, 'activation_layer_2': 'relu', 'nodes_layer_3': 50, 'do_layer_3': 0.4, 'activation_layer_3': 'relu', 'lr': 0.001, 'epochs': 3000, 'optimizer': 'sgd', 'output_nodes': 10, 'output_activation': 'softmax', 'loss': 'categorical_crossentropy'}
25-11-2019 22_49_25 MainThread DEBUG\ Evaluating params:
{'input_size': 784, 'batch_size': 120, 'nodes_layer_1': 500, 'do_layer_1': 0.0, 'activation_layer_1': 'relu', 'nodes_layer_2': 500, 'do_layer_2': 0.4, 'activation_layer_2': 'relu', 'nodes_layer_3': 50, 'do_layer_3': 0.4, 'activation_layer_3': 'relu', 'lr': 0.001, 'epochs': 3000, 'optimizer': 'sgd', 'output_nodes': 10, 'output_activation': 'softmax', 'loss': 'categorical_crossentropy'}
and
{'input_size': 784, 'batch_size': 120, 'nodes_layer_1': 500, 'do_layer_1': 0.0, 'activation_layer_1': 'relu', 'nodes_layer_2': 500, 'do_layer_2': 0.4, 'activation_layer_2': 'relu', 'nodes_layer_3': 50, 'do_layer_3': 0.4, 'activation_layer_3': 'relu', 'lr': 0.001, 'epochs': 3000, 'optimizer': 'sgd', 'output_nodes': 10, 'output_activation': 'softmax', 'loss': 'categorical_crossentropy'}
25-11-2019 22_52_33 MainThread DEBUG\ train/val errors: 0.03229364045496498 0.08723874660868508
25-11-2019 22_52_33 MainThread DEBUG\ eval test keys: ['loss', 'accuracy']
25-11-2019 22_52_33 MainThread DEBUG\ eval test res: [0.070551442797271, 0.9803000092506409]
25-11-2019 22_53_22 MainThread DEBUG\ train/val errors: 0.023002308830951473 0.08881510677048937
25-11-2019 22_53_23 MainThread DEBUG\ eval test keys: ['loss', 'accuracy']
25-11-2019 22_53_23 MainThread DEBUG\ eval test res: [0.07081826416118601, 0.9817000031471252]
25-11-2019 22_53_23 MainThread DEBUG\ fitness1 = 0.9803000092506409 and fitness2 = 0.9817000031471252
25-11-2019 22_53_23 MainThread DEBUG\ added child2 to 0 index
25-11-2019 22_53_23 MainThread DEBUG\ new best_score found: 0.9817000031471252
25-11-2019 22_53_23 MainThread DEBUG\ All scores [0.9817000031471252, 0.982200026512146, 0.9815000295639038]
25-11-2019 22_53_23 MainThread DEBUG\ on_generation_end: best_score= 0.9817000031471252 generation_count= 5
25-11-2019 22_53_23 MainThread DEBUG\ history dumped...
25-11-2019 22_53_23 MainThread DEBUG\ Generation End: 5
25-11-2019 22_53_23 MainThread DEBUG\ Generation Start: 6
25-11-2019 22_53_23 MainThread DEBUG\ properties being crossed over: ['loss', 'nodes_layer_2', 'do_layer_1']
25-11-2019 22_53_23 MainThread DEBUG\ post cross-over individual1 params {'input_size': 784, 'batch_size': 120, 'nodes_layer_1': 500, 'do_layer_1': 0.0, 'activation_layer_1': 'relu', 'nodes_layer_2': 500, 'do_layer_2': 0.4, 'activation_layer_2': 'relu', 'nodes_layer_3': 50, 'do_layer_3': 0.4, 'activation_layer_3': 'relu', 'lr': 0.001, 'epochs': 3000, 'optimizer': 'sgd', 'output_nodes': 10, 'output_activation': 'softmax', 'loss': 'categorical_crossentropy'}
25-11-2019 22_53_23 MainThread DEBUG\ post cross-over individual2 params {'input_size': 784, 'batch_size': 120, 'nodes_layer_1': 500, 'do_layer_1': 0.0, 'activation_layer_1': 'relu', 'nodes_layer_2': 500, 'do_layer_2': 0.4, 'activation_layer_2': 'relu', 'nodes_layer_3': 50, 'do_layer_3': 0.4, 'activation_layer_3': 'relu', 'lr': 0.001, 'epochs': 3000, 'optimizer': 'sgd', 'output_nodes': 10, 'output_activation': 'softmax', 'loss': 'categorical_crossentropy'}
25-11-2019 22_53_23 MainThread DEBUG\ Evaluating params:
{'input_size': 784, 'batch_size': 120, 'nodes_layer_1': 500, 'do_layer_1': 0.0, 'activation_layer_1': 'relu', 'nodes_layer_2': 500, 'do_layer_2': 0.4, 'activation_layer_2': 'relu', 'nodes_layer_3': 50, 'do_layer_3': 0.4, 'activation_layer_3': 'relu', 'lr': 0.001, 'epochs': 3000, 'optimizer': 'sgd', 'output_nodes': 10, 'output_activation': 'softmax', 'loss': 'categorical_crossentropy'}
and
{'input_size': 784, 'batch_size': 120, 'nodes_layer_1': 500, 'do_layer_1': 0.0, 'activation_layer_1': 'relu', 'nodes_layer_2': 500, 'do_layer_2': 0.4, 'activation_layer_2': 'relu', 'nodes_layer_3': 50, 'do_layer_3': 0.4, 'activation_layer_3': 'relu', 'lr': 0.001, 'epochs': 3000, 'optimizer': 'sgd', 'output_nodes': 10, 'output_activation': 'softmax', 'loss': 'categorical_crossentropy'}
25-11-2019 22_56_29 MainThread DEBUG\ train/val errors: 0.03805307237298361 0.08923918022929381
25-11-2019 22_56_30 MainThread DEBUG\ eval test keys: ['loss', 'accuracy']
25-11-2019 22_56_30 MainThread DEBUG\ eval test res: [0.07494354160830262, 0.9797999858856201]
25-11-2019 22_57_10 MainThread DEBUG\ train/val errors: 0.027308343640927758 0.08910211204822796
25-11-2019 22_57_11 MainThread DEBUG\ eval test keys: ['loss', 'accuracy']
25-11-2019 22_57_11 MainThread DEBUG\ eval test res: [0.07540157055652016, 0.9807000160217285]
25-11-2019 22_57_11 MainThread DEBUG\ fitness1 = 0.9797999858856201 and fitness2 = 0.9807000160217285
25-11-2019 22_57_11 MainThread DEBUG\ new best_score found: 0.9807000160217285
25-11-2019 22_57_11 MainThread DEBUG\ All scores [0.9817000031471252, 0.982200026512146, 0.9815000295639038]
25-11-2019 22_57_11 MainThread DEBUG\ on_generation_end: best_score= 0.9807000160217285 generation_count= 6
25-11-2019 22_57_11 MainThread DEBUG\ history dumped...
25-11-2019 22_57_11 MainThread DEBUG\ Generation End: 6
25-11-2019 22_57_11 MainThread DEBUG\ Generation Start: 7
25-11-2019 22_57_11 MainThread DEBUG\ properties being crossed over: ['do_layer_3', 'epochs', 'nodes_layer_1', 'nodes_layer_2', 'loss']
25-11-2019 22_57_11 MainThread DEBUG\ post cross-over individual1 params {'input_size': 784, 'batch_size': 120, 'nodes_layer_1': 500, 'do_layer_1': 0.0, 'activation_layer_1': 'relu', 'nodes_layer_2': 500, 'do_layer_2': 0.4, 'activation_layer_2': 'relu', 'nodes_layer_3': 50, 'do_layer_3': 0.4, 'activation_layer_3': 'relu', 'lr': 0.001, 'epochs': 3000, 'optimizer': 'sgd', 'output_nodes': 10, 'output_activation': 'softmax', 'loss': 'categorical_crossentropy'}
25-11-2019 22_57_11 MainThread DEBUG\ post cross-over individual2 params {'input_size': 784, 'batch_size': 120, 'nodes_layer_1': 500, 'do_layer_1': 0.0, 'activation_layer_1': 'relu', 'nodes_layer_2': 500, 'do_layer_2': 0.4, 'activation_layer_2': 'relu', 'nodes_layer_3': 50, 'do_layer_3': 0.4, 'activation_layer_3': 'relu', 'lr': 0.001, 'epochs': 3000, 'optimizer': 'sgd', 'output_nodes': 10, 'output_activation': 'softmax', 'loss': 'categorical_crossentropy'}
25-11-2019 22_57_11 MainThread DEBUG\ Evaluating params:
{'input_size': 784, 'batch_size': 120, 'nodes_layer_1': 500, 'do_layer_1': 0.0, 'activation_layer_1': 'relu', 'nodes_layer_2': 500, 'do_layer_2': 0.4, 'activation_layer_2': 'relu', 'nodes_layer_3': 50, 'do_layer_3': 0.4, 'activation_layer_3': 'relu', 'lr': 0.001, 'epochs': 3000, 'optimizer': 'sgd', 'output_nodes': 10, 'output_activation': 'softmax', 'loss': 'categorical_crossentropy'}
and
{'input_size': 784, 'batch_size': 120, 'nodes_layer_1': 500, 'do_layer_1': 0.0, 'activation_layer_1': 'relu', 'nodes_layer_2': 500, 'do_layer_2': 0.4, 'activation_layer_2': 'relu', 'nodes_layer_3': 50, 'do_layer_3': 0.4, 'activation_layer_3': 'relu', 'lr': 0.001, 'epochs': 3000, 'optimizer': 'sgd', 'output_nodes': 10, 'output_activation': 'softmax', 'loss': 'categorical_crossentropy'}
25-11-2019 23_00_41 MainThread DEBUG\ train/val errors: 0.03373285765493555 0.0903565233189147
25-11-2019 23_00_42 MainThread DEBUG\ eval test keys: ['loss', 'accuracy']
25-11-2019 23_00_42 MainThread DEBUG\ eval test res: [0.07660852539099214, 0.9789999723434448]
25-11-2019 23_01_31 MainThread DEBUG\ train/val errors: 0.022768560576784825 0.09206006252866548
25-11-2019 23_01_31 MainThread DEBUG\ eval test keys: ['loss', 'accuracy']
25-11-2019 23_01_31 MainThread DEBUG\ eval test res: [0.07977995954113976, 0.979200005531311]
25-11-2019 23_01_31 MainThread DEBUG\ fitness1 = 0.9789999723434448 and fitness2 = 0.979200005531311
25-11-2019 23_01_31 MainThread DEBUG\ new best_score found: 0.979200005531311
25-11-2019 23_01_31 MainThread DEBUG\ All scores [0.9817000031471252, 0.982200026512146, 0.9815000295639038]
25-11-2019 23_01_31 MainThread DEBUG\ on_generation_end: best_score= 0.979200005531311 generation_count= 7
25-11-2019 23_01_31 MainThread DEBUG\ history dumped...
25-11-2019 23_01_31 MainThread DEBUG\ Generation End: 7
25-11-2019 23_01_31 MainThread DEBUG\ Generation Start: 8
25-11-2019 23_01_31 MainThread DEBUG\ properties being crossed over: ['nodes_layer_2', 'epochs', 'batch_size', 'activation_layer_2']
25-11-2019 23_01_31 MainThread DEBUG\ post cross-over individual1 params {'input_size': 784, 'batch_size': 120, 'nodes_layer_1': 500, 'do_layer_1': 0.0, 'activation_layer_1': 'relu', 'nodes_layer_2': 500, 'do_layer_2': 0.4, 'activation_layer_2': 'relu', 'nodes_layer_3': 50, 'do_layer_3': 0.4, 'activation_layer_3': 'relu', 'lr': 0.001, 'epochs': 3000, 'optimizer': 'sgd', 'output_nodes': 10, 'output_activation': 'softmax', 'loss': 'categorical_crossentropy'}
25-11-2019 23_01_31 MainThread DEBUG\ post cross-over individual2 params {'input_size': 784, 'batch_size': 120, 'nodes_layer_1': 500, 'do_layer_1': 0.0, 'activation_layer_1': 'relu', 'nodes_layer_2': 500, 'do_layer_2': 0.4, 'activation_layer_2': 'relu', 'nodes_layer_3': 50, 'do_layer_3': 0.4, 'activation_layer_3': 'relu', 'lr': 0.001, 'epochs': 3000, 'optimizer': 'sgd', 'output_nodes': 10, 'output_activation': 'softmax', 'loss': 'categorical_crossentropy'}
25-11-2019 23_01_32 MainThread DEBUG\ Evaluating params:
{'input_size': 784, 'batch_size': 120, 'nodes_layer_1': 500, 'do_layer_1': 0.0, 'activation_layer_1': 'relu', 'nodes_layer_2': 500, 'do_layer_2': 0.4, 'activation_layer_2': 'relu', 'nodes_layer_3': 50, 'do_layer_3': 0.4, 'activation_layer_3': 'relu', 'lr': 0.001, 'epochs': 3000, 'optimizer': 'sgd', 'output_nodes': 10, 'output_activation': 'softmax', 'loss': 'categorical_crossentropy'}
and
{'input_size': 784, 'batch_size': 120, 'nodes_layer_1': 500, 'do_layer_1': 0.0, 'activation_layer_1': 'relu', 'nodes_layer_2': 500, 'do_layer_2': 0.4, 'activation_layer_2': 'relu', 'nodes_layer_3': 50, 'do_layer_3': 0.4, 'activation_layer_3': 'relu', 'lr': 0.001, 'epochs': 3000, 'optimizer': 'sgd', 'output_nodes': 10, 'output_activation': 'softmax', 'loss': 'categorical_crossentropy'}
25-11-2019 23_04_50 MainThread DEBUG\ train/val errors: 0.03403367980516383 0.08930826452172672
25-11-2019 23_04_51 MainThread DEBUG\ eval test keys: ['loss', 'accuracy']
25-11-2019 23_04_51 MainThread DEBUG\ eval test res: [0.07041587440674194, 0.9800000190734863]
25-11-2019 23_05_32 MainThread DEBUG\ train/val errors: 0.02230837463467781 0.08931567281872654
25-11-2019 23_05_33 MainThread DEBUG\ eval test keys: ['loss', 'accuracy']
25-11-2019 23_05_33 MainThread DEBUG\ eval test res: [0.07072278744138821, 0.9811999797821045]
25-11-2019 23_05_33 MainThread DEBUG\ fitness1 = 0.9800000190734863 and fitness2 = 0.9811999797821045
25-11-2019 23_05_33 MainThread DEBUG\ added child1 to 2 index
25-11-2019 23_05_33 MainThread DEBUG\ added child2 to 2 index
25-11-2019 23_05_33 MainThread DEBUG\ new best_score found: 0.9811999797821045
25-11-2019 23_05_33 MainThread DEBUG\ All scores [0.9817000031471252, 0.982200026512146, 0.9811999797821045]
25-11-2019 23_05_33 MainThread DEBUG\ on_generation_end: best_score= 0.9811999797821045 generation_count= 8
25-11-2019 23_05_33 MainThread DEBUG\ history dumped...
25-11-2019 23_05_33 MainThread DEBUG\ Generation End: 8
25-11-2019 23_05_33 MainThread DEBUG\ Generation Start: 9
25-11-2019 23_05_33 MainThread DEBUG\ properties being crossed over: ['activation_layer_1', 'nodes_layer_2', 'do_layer_3', 'epochs']
25-11-2019 23_05_33 MainThread DEBUG\ post cross-over individual1 params {'input_size': 784, 'batch_size': 120, 'nodes_layer_1': 500, 'do_layer_1': 0.0, 'activation_layer_1': 'relu', 'nodes_layer_2': 500, 'do_layer_2': 0.4, 'activation_layer_2': 'relu', 'nodes_layer_3': 50, 'do_layer_3': 0.4, 'activation_layer_3': 'relu', 'lr': 0.001, 'epochs': 3000, 'optimizer': 'sgd', 'output_nodes': 10, 'output_activation': 'softmax', 'loss': 'categorical_crossentropy'}
25-11-2019 23_05_33 MainThread DEBUG\ post cross-over individual2 params {'input_size': 784, 'batch_size': 120, 'nodes_layer_1': 500, 'do_layer_1': 0.0, 'activation_layer_1': 'relu', 'nodes_layer_2': 500, 'do_layer_2': 0.4, 'activation_layer_2': 'relu', 'nodes_layer_3': 50, 'do_layer_3': 0.4, 'activation_layer_3': 'relu', 'lr': 0.001, 'epochs': 3000, 'optimizer': 'sgd', 'output_nodes': 10, 'output_activation': 'softmax', 'loss': 'categorical_crossentropy'}
25-11-2019 23_05_33 MainThread DEBUG\ Evaluating params:
{'input_size': 784, 'batch_size': 120, 'nodes_layer_1': 500, 'do_layer_1': 0.0, 'activation_layer_1': 'relu', 'nodes_layer_2': 500, 'do_layer_2': 0.4, 'activation_layer_2': 'relu', 'nodes_layer_3': 50, 'do_layer_3': 0.4, 'activation_layer_3': 'relu', 'lr': 0.001, 'epochs': 3000, 'optimizer': 'sgd', 'output_nodes': 10, 'output_activation': 'softmax', 'loss': 'categorical_crossentropy'}
and
{'input_size': 784, 'batch_size': 120, 'nodes_layer_1': 500, 'do_layer_1': 0.0, 'activation_layer_1': 'relu', 'nodes_layer_2': 500, 'do_layer_2': 0.4, 'activation_layer_2': 'relu', 'nodes_layer_3': 50, 'do_layer_3': 0.4, 'activation_layer_3': 'relu', 'lr': 0.001, 'epochs': 3000, 'optimizer': 'sgd', 'output_nodes': 10, 'output_activation': 'softmax', 'loss': 'categorical_crossentropy'}
25-11-2019 23_08_33 MainThread DEBUG\ train/val errors: 0.034809979124526894 0.09126583424105775
25-11-2019 23_08_34 MainThread DEBUG\ eval test keys: ['loss', 'accuracy']
25-11-2019 23_08_34 MainThread DEBUG\ eval test res: [0.07341486185118556, 0.9803000092506409]
25-11-2019 23_09_04 MainThread DEBUG\ train/val errors: 0.025662664026021957 0.09203655560442713
25-11-2019 23_09_05 MainThread DEBUG\ eval test keys: ['loss', 'accuracy']
25-11-2019 23_09_05 MainThread DEBUG\ eval test res: [0.07318588540167693, 0.9810000061988831]
25-11-2019 23_09_05 MainThread DEBUG\ fitness1 = 0.9803000092506409 and fitness2 = 0.9810000061988831
25-11-2019 23_09_05 MainThread DEBUG\ new best_score found: 0.9810000061988831
25-11-2019 23_09_05 MainThread DEBUG\ All scores [0.9817000031471252, 0.982200026512146, 0.9811999797821045]
25-11-2019 23_09_05 MainThread DEBUG\ on_generation_end: best_score= 0.9810000061988831 generation_count= 9
25-11-2019 23_09_05 MainThread DEBUG\ history dumped...
25-11-2019 23_09_05 MainThread DEBUG\ Generation End: 9
25-11-2019 23_09_05 MainThread DEBUG\ Generation Start: 10
25-11-2019 23_09_05 MainThread DEBUG\ properties being crossed over: ['activation_layer_1', 'do_layer_2', 'activation_layer_2']
25-11-2019 23_09_05 MainThread DEBUG\ post cross-over individual1 params {'input_size': 784, 'batch_size': 120, 'nodes_layer_1': 500, 'do_layer_1': 0.0, 'activation_layer_1': 'relu', 'nodes_layer_2': 500, 'do_layer_2': 0.4, 'activation_layer_2': 'relu', 'nodes_layer_3': 50, 'do_layer_3': 0.4, 'activation_layer_3': 'relu', 'lr': 0.001, 'epochs': 3000, 'optimizer': 'sgd', 'output_nodes': 10, 'output_activation': 'softmax', 'loss': 'categorical_crossentropy'}
25-11-2019 23_09_05 MainThread DEBUG\ post cross-over individual2 params {'input_size': 784, 'batch_size': 120, 'nodes_layer_1': 500, 'do_layer_1': 0.0, 'activation_layer_1': 'relu', 'nodes_layer_2': 500, 'do_layer_2': 0.4, 'activation_layer_2': 'relu', 'nodes_layer_3': 50, 'do_layer_3': 0.4, 'activation_layer_3': 'relu', 'lr': 0.001, 'epochs': 3000, 'optimizer': 'sgd', 'output_nodes': 10, 'output_activation': 'softmax', 'loss': 'categorical_crossentropy'}
25-11-2019 23_09_05 MainThread DEBUG\ mutate_key nodes_layer_2
25-11-2019 23_09_05 MainThread DEBUG\ complete_layer_mutate {'input_size': 784, 'batch_size': 120, 'nodes_layer_1': 50, 'do_layer_1': 0.2, 'activation_layer_1': 'relu', 'nodes_layer_2': 500, 'do_layer_2': 0.4, 'activation_layer_2': 'relu', 'nodes_layer_3': 50, 'do_layer_3': 0.4, 'activation_layer_3': 'relu', 'lr': 0.001, 'epochs': 3000, 'optimizer': 'sgd', 'output_nodes': 10, 'output_activation': 'softmax', 'loss': 'categorical_crossentropy'}
25-11-2019 23_09_05 MainThread DEBUG\ mutate_key nodes_layer_1
25-11-2019 23_09_05 MainThread DEBUG\ complete_layer_mutate {'input_size': 784, 'batch_size': 120, 'nodes_layer_1': 500, 'do_layer_1': 0.4, 'activation_layer_1': 'relu', 'nodes_layer_2': 50, 'do_layer_2': 0.4, 'activation_layer_2': 'relu', 'nodes_layer_3': 50, 'do_layer_3': 0.0, 'activation_layer_3': 'relu', 'lr': 0.001, 'epochs': 3000, 'optimizer': 'sgd', 'output_nodes': 10, 'output_activation': 'softmax', 'loss': 'categorical_crossentropy'}
25-11-2019 23_09_05 MainThread DEBUG\ Evaluating params:
{'input_size': 784, 'batch_size': 120, 'nodes_layer_1': 500, 'do_layer_1': 0.4, 'activation_layer_1': 'relu', 'nodes_layer_2': 50, 'do_layer_2': 0.4, 'activation_layer_2': 'relu', 'nodes_layer_3': 50, 'do_layer_3': 0.0, 'activation_layer_3': 'relu', 'lr': 0.001, 'epochs': 3000, 'optimizer': 'sgd', 'output_nodes': 10, 'output_activation': 'softmax', 'loss': 'categorical_crossentropy'}
and
{'input_size': 784, 'batch_size': 120, 'nodes_layer_1': 500, 'do_layer_1': 0.4, 'activation_layer_1': 'relu', 'nodes_layer_2': 50, 'do_layer_2': 0.4, 'activation_layer_2': 'relu', 'nodes_layer_3': 50, 'do_layer_3': 0.0, 'activation_layer_3': 'relu', 'lr': 0.001, 'epochs': 3000, 'optimizer': 'sgd', 'output_nodes': 10, 'output_activation': 'softmax', 'loss': 'categorical_crossentropy'}
25-11-2019 23_12_38 MainThread DEBUG\ train/val errors: 0.04885734529367515 0.08820821334743717
25-11-2019 23_12_39 MainThread DEBUG\ eval test keys: ['loss', 'accuracy']
25-11-2019 23_12_39 MainThread DEBUG\ eval test res: [0.07069869575310732, 0.9801999926567078]
25-11-2019 23_13_08 MainThread DEBUG\ train/val errors: 0.04228875482720988 0.08815222976971805
25-11-2019 23_13_09 MainThread DEBUG\ eval test keys: ['loss', 'accuracy']
25-11-2019 23_13_09 MainThread DEBUG\ eval test res: [0.07088576597145184, 0.9807000160217285]
25-11-2019 23_13_09 MainThread DEBUG\ fitness1 = 0.9801999926567078 and fitness2 = 0.9807000160217285
25-11-2019 23_13_09 MainThread DEBUG\ new best_score found: 0.9807000160217285
25-11-2019 23_13_09 MainThread DEBUG\ All scores [0.9817000031471252, 0.982200026512146, 0.9811999797821045]
25-11-2019 23_13_09 MainThread DEBUG\ on_generation_end: best_score= 0.9807000160217285 generation_count= 10
25-11-2019 23_13_09 MainThread DEBUG\ history dumped...
25-11-2019 23_13_09 MainThread DEBUG\ Generation End: 10
25-11-2019 23_13_09 MainThread DEBUG\ Generation Start: 11
25-11-2019 23_13_09 MainThread DEBUG\ properties being crossed over: ['activation_layer_1', 'nodes_layer_3', 'do_layer_2', 'loss', 'do_layer_1']
25-11-2019 23_13_09 MainThread DEBUG\ post cross-over individual1 params {'input_size': 784, 'batch_size': 120, 'nodes_layer_1': 500, 'do_layer_1': 0.4, 'activation_layer_1': 'relu', 'nodes_layer_2': 50, 'do_layer_2': 0.4, 'activation_layer_2': 'relu', 'nodes_layer_3': 50, 'do_layer_3': 0.0, 'activation_layer_3': 'relu', 'lr': 0.001, 'epochs': 3000, 'optimizer': 'sgd', 'output_nodes': 10, 'output_activation': 'softmax', 'loss': 'categorical_crossentropy'}
25-11-2019 23_13_09 MainThread DEBUG\ post cross-over individual2 params {'input_size': 784, 'batch_size': 120, 'nodes_layer_1': 500, 'do_layer_1': 0.4, 'activation_layer_1': 'relu', 'nodes_layer_2': 50, 'do_layer_2': 0.4, 'activation_layer_2': 'relu', 'nodes_layer_3': 50, 'do_layer_3': 0.0, 'activation_layer_3': 'relu', 'lr': 0.001, 'epochs': 3000, 'optimizer': 'sgd', 'output_nodes': 10, 'output_activation': 'softmax', 'loss': 'categorical_crossentropy'}
25-11-2019 23_13_09 MainThread DEBUG\ Evaluating params:
{'input_size': 784, 'batch_size': 120, 'nodes_layer_1': 500, 'do_layer_1': 0.4, 'activation_layer_1': 'relu', 'nodes_layer_2': 50, 'do_layer_2': 0.4, 'activation_layer_2': 'relu', 'nodes_layer_3': 50, 'do_layer_3': 0.0, 'activation_layer_3': 'relu', 'lr': 0.001, 'epochs': 3000, 'optimizer': 'sgd', 'output_nodes': 10, 'output_activation': 'softmax', 'loss': 'categorical_crossentropy'}
and
{'input_size': 784, 'batch_size': 120, 'nodes_layer_1': 500, 'do_layer_1': 0.4, 'activation_layer_1': 'relu', 'nodes_layer_2': 50, 'do_layer_2': 0.4, 'activation_layer_2': 'relu', 'nodes_layer_3': 50, 'do_layer_3': 0.0, 'activation_layer_3': 'relu', 'lr': 0.001, 'epochs': 3000, 'optimizer': 'sgd', 'output_nodes': 10, 'output_activation': 'softmax', 'loss': 'categorical_crossentropy'}
25-11-2019 23_17_13 MainThread DEBUG\ train/val errors: 0.04534986985714308 0.08899898149985044
25-11-2019 23_17_14 MainThread DEBUG\ eval test keys: ['loss', 'accuracy']
25-11-2019 23_17_14 MainThread DEBUG\ eval test res: [0.07657385253363028, 0.9807000160217285]
25-11-2019 23_17_45 MainThread DEBUG\ train/val errors: 0.037562429241037795 0.09046240951836808
25-11-2019 23_17_45 MainThread DEBUG\ eval test keys: ['loss', 'accuracy']
25-11-2019 23_17_45 MainThread DEBUG\ eval test res: [0.07772925568681166, 0.9812999963760376]
25-11-2019 23_17_45 MainThread DEBUG\ fitness1 = 0.9807000160217285 and fitness2 = 0.9812999963760376
25-11-2019 23_17_45 MainThread DEBUG\ added child2 to 2 index
25-11-2019 23_17_45 MainThread DEBUG\ new best_score found: 0.9812999963760376
25-11-2019 23_17_45 MainThread DEBUG\ All scores [0.9817000031471252, 0.982200026512146, 0.9812999963760376]
25-11-2019 23_17_45 MainThread DEBUG\ on_generation_end: best_score= 0.9812999963760376 generation_count= 11
25-11-2019 23_17_45 MainThread DEBUG\ history dumped...
25-11-2019 23_17_45 MainThread DEBUG\ Generation End: 11
25-11-2019 23_17_45 MainThread DEBUG\ Generation Start: 12
25-11-2019 23_17_45 MainThread DEBUG\ properties being crossed over: ['epochs', 'nodes_layer_1', 'nodes_layer_3', 'batch_size', 'loss']
25-11-2019 23_17_45 MainThread DEBUG\ post cross-over individual1 params {'input_size': 784, 'batch_size': 120, 'nodes_layer_1': 500, 'do_layer_1': 0.4, 'activation_layer_1': 'relu', 'nodes_layer_2': 50, 'do_layer_2': 0.4, 'activation_layer_2': 'relu', 'nodes_layer_3': 50, 'do_layer_3': 0.0, 'activation_layer_3': 'relu', 'lr': 0.001, 'epochs': 3000, 'optimizer': 'sgd', 'output_nodes': 10, 'output_activation': 'softmax', 'loss': 'categorical_crossentropy'}
25-11-2019 23_17_45 MainThread DEBUG\ post cross-over individual2 params {'input_size': 784, 'batch_size': 120, 'nodes_layer_1': 500, 'do_layer_1': 0.4, 'activation_layer_1': 'relu', 'nodes_layer_2': 50, 'do_layer_2': 0.4, 'activation_layer_2': 'relu', 'nodes_layer_3': 50, 'do_layer_3': 0.0, 'activation_layer_3': 'relu', 'lr': 0.001, 'epochs': 3000, 'optimizer': 'sgd', 'output_nodes': 10, 'output_activation': 'softmax', 'loss': 'categorical_crossentropy'}
25-11-2019 23_17_46 MainThread DEBUG\ Evaluating params:
{'input_size': 784, 'batch_size': 120, 'nodes_layer_1': 500, 'do_layer_1': 0.4, 'activation_layer_1': 'relu', 'nodes_layer_2': 50, 'do_layer_2': 0.4, 'activation_layer_2': 'relu', 'nodes_layer_3': 50, 'do_layer_3': 0.0, 'activation_layer_3': 'relu', 'lr': 0.001, 'epochs': 3000, 'optimizer': 'sgd', 'output_nodes': 10, 'output_activation': 'softmax', 'loss': 'categorical_crossentropy'}
and
{'input_size': 784, 'batch_size': 120, 'nodes_layer_1': 500, 'do_layer_1': 0.4, 'activation_layer_1': 'relu', 'nodes_layer_2': 50, 'do_layer_2': 0.4, 'activation_layer_2': 'relu', 'nodes_layer_3': 50, 'do_layer_3': 0.0, 'activation_layer_3': 'relu', 'lr': 0.001, 'epochs': 3000, 'optimizer': 'sgd', 'output_nodes': 10, 'output_activation': 'softmax', 'loss': 'categorical_crossentropy'}
25-11-2019 23_21_18 MainThread DEBUG\ train/val errors: 0.05231229885880436 0.08728992367570754
25-11-2019 23_21_19 MainThread DEBUG\ eval test keys: ['loss', 'accuracy']
25-11-2019 23_21_19 MainThread DEBUG\ eval test res: [0.0734747492288654, 0.9793000221252441]
25-11-2019 23_21_47 MainThread DEBUG\ train/val errors: 0.04523886575363576 0.08754248843470122
25-11-2019 23_21_47 MainThread DEBUG\ eval test keys: ['loss', 'accuracy']
25-11-2019 23_21_47 MainThread DEBUG\ eval test res: [0.07341838540521022, 0.9803000092506409]
25-11-2019 23_21_47 MainThread DEBUG\ fitness1 = 0.9793000221252441 and fitness2 = 0.9803000092506409
25-11-2019 23_21_47 MainThread DEBUG\ new best_score found: 0.9803000092506409
25-11-2019 23_21_47 MainThread DEBUG\ All scores [0.9817000031471252, 0.982200026512146, 0.9812999963760376]
25-11-2019 23_21_47 MainThread DEBUG\ on_generation_end: best_score= 0.9803000092506409 generation_count= 12
25-11-2019 23_21_47 MainThread DEBUG\ history dumped...
25-11-2019 23_21_47 MainThread DEBUG\ Generation End: 12
25-11-2019 23_21_47 MainThread DEBUG\ Generation Start: 13
25-11-2019 23_21_47 MainThread DEBUG\ properties being crossed over: ['do_layer_1', 'epochs', 'do_layer_2', 'activation_layer_2']
25-11-2019 23_21_47 MainThread DEBUG\ post cross-over individual1 params {'input_size': 784, 'batch_size': 120, 'nodes_layer_1': 500, 'do_layer_1': 0.4, 'activation_layer_1': 'relu', 'nodes_layer_2': 50, 'do_layer_2': 0.4, 'activation_layer_2': 'relu', 'nodes_layer_3': 50, 'do_layer_3': 0.0, 'activation_layer_3': 'relu', 'lr': 0.001, 'epochs': 3000, 'optimizer': 'sgd', 'output_nodes': 10, 'output_activation': 'softmax', 'loss': 'categorical_crossentropy'}
25-11-2019 23_21_47 MainThread DEBUG\ post cross-over individual2 params {'input_size': 784, 'batch_size': 120, 'nodes_layer_1': 500, 'do_layer_1': 0.4, 'activation_layer_1': 'relu', 'nodes_layer_2': 50, 'do_layer_2': 0.4, 'activation_layer_2': 'relu', 'nodes_layer_3': 50, 'do_layer_3': 0.0, 'activation_layer_3': 'relu', 'lr': 0.001, 'epochs': 3000, 'optimizer': 'sgd', 'output_nodes': 10, 'output_activation': 'softmax', 'loss': 'categorical_crossentropy'}
25-11-2019 23_21_48 MainThread DEBUG\ Evaluating params:
{'input_size': 784, 'batch_size': 120, 'nodes_layer_1': 500, 'do_layer_1': 0.4, 'activation_layer_1': 'relu', 'nodes_layer_2': 50, 'do_layer_2': 0.4, 'activation_layer_2': 'relu', 'nodes_layer_3': 50, 'do_layer_3': 0.0, 'activation_layer_3': 'relu', 'lr': 0.001, 'epochs': 3000, 'optimizer': 'sgd', 'output_nodes': 10, 'output_activation': 'softmax', 'loss': 'categorical_crossentropy'}
and
{'input_size': 784, 'batch_size': 120, 'nodes_layer_1': 500, 'do_layer_1': 0.4, 'activation_layer_1': 'relu', 'nodes_layer_2': 50, 'do_layer_2': 0.4, 'activation_layer_2': 'relu', 'nodes_layer_3': 50, 'do_layer_3': 0.0, 'activation_layer_3': 'relu', 'lr': 0.001, 'epochs': 3000, 'optimizer': 'sgd', 'output_nodes': 10, 'output_activation': 'softmax', 'loss': 'categorical_crossentropy'}
25-11-2019 23_25_07 MainThread DEBUG\ train/val errors: 0.05107167134194502 0.09006409060326405
25-11-2019 23_25_08 MainThread DEBUG\ eval test keys: ['loss', 'accuracy']
25-11-2019 23_25_08 MainThread DEBUG\ eval test res: [0.07884885575219669, 0.9789000153541565]
25-11-2019 23_25_51 MainThread DEBUG\ train/val errors: 0.03955170215905777 0.08968515495934601
25-11-2019 23_25_52 MainThread DEBUG\ eval test keys: ['loss', 'accuracy']
25-11-2019 23_25_52 MainThread DEBUG\ eval test res: [0.07980068478297399, 0.9800999760627747]
25-11-2019 23_25_52 MainThread DEBUG\ fitness1 = 0.9789000153541565 and fitness2 = 0.9800999760627747
25-11-2019 23_25_52 MainThread DEBUG\ new best_score found: 0.9800999760627747
25-11-2019 23_25_52 MainThread DEBUG\ All scores [0.9817000031471252, 0.982200026512146, 0.9812999963760376]
25-11-2019 23_25_52 MainThread DEBUG\ on_generation_end: best_score= 0.9800999760627747 generation_count= 13
25-11-2019 23_25_52 MainThread DEBUG\ history dumped...
25-11-2019 23_25_52 MainThread DEBUG\ Generation End: 13
25-11-2019 23_25_52 MainThread DEBUG\ Generation Start: 14
25-11-2019 23_25_52 MainThread DEBUG\ properties being crossed over: ['nodes_layer_1', 'nodes_layer_3', 'do_layer_3', 'activation_layer_2']
25-11-2019 23_25_52 MainThread DEBUG\ post cross-over individual1 params {'input_size': 784, 'batch_size': 120, 'nodes_layer_1': 500, 'do_layer_1': 0.4, 'activation_layer_1': 'relu', 'nodes_layer_2': 50, 'do_layer_2': 0.4, 'activation_layer_2': 'relu', 'nodes_layer_3': 50, 'do_layer_3': 0.0, 'activation_layer_3': 'relu', 'lr': 0.001, 'epochs': 3000, 'optimizer': 'sgd', 'output_nodes': 10, 'output_activation': 'softmax', 'loss': 'categorical_crossentropy'}
25-11-2019 23_25_52 MainThread DEBUG\ post cross-over individual2 params {'input_size': 784, 'batch_size': 120, 'nodes_layer_1': 500, 'do_layer_1': 0.4, 'activation_layer_1': 'relu', 'nodes_layer_2': 50, 'do_layer_2': 0.4, 'activation_layer_2': 'relu', 'nodes_layer_3': 50, 'do_layer_3': 0.0, 'activation_layer_3': 'relu', 'lr': 0.001, 'epochs': 3000, 'optimizer': 'sgd', 'output_nodes': 10, 'output_activation': 'softmax', 'loss': 'categorical_crossentropy'}
25-11-2019 23_25_52 MainThread DEBUG\ mutate_key loss
25-11-2019 23_25_52 MainThread DEBUG\ post mutation params {'input_size': 784, 'batch_size': 120, 'nodes_layer_1': 500, 'do_layer_1': 0.4, 'activation_layer_1': 'relu', 'nodes_layer_2': 50, 'do_layer_2': 0.4, 'activation_layer_2': 'relu', 'nodes_layer_3': 50, 'do_layer_3': 0.0, 'activation_layer_3': 'relu', 'lr': 0.001, 'epochs': 3000, 'optimizer': 'sgd', 'output_nodes': 10, 'output_activation': 'softmax', 'loss': 'categorical_crossentropy'}
25-11-2019 23_25_52 MainThread DEBUG\ plain_mutate {'input_size': 784, 'batch_size': 120, 'nodes_layer_1': 500, 'do_layer_1': 0.4, 'activation_layer_1': 'relu', 'nodes_layer_2': 50, 'do_layer_2': 0.4, 'activation_layer_2': 'relu', 'nodes_layer_3': 50, 'do_layer_3': 0.0, 'activation_layer_3': 'relu', 'lr': 0.001, 'epochs': 3000, 'optimizer': 'sgd', 'output_nodes': 10, 'output_activation': 'softmax', 'loss': 'categorical_crossentropy'}
25-11-2019 23_25_52 MainThread DEBUG\ mutate_key loss
25-11-2019 23_25_52 MainThread DEBUG\ post mutation params {'input_size': 784, 'batch_size': 120, 'nodes_layer_1': 500, 'do_layer_1': 0.4, 'activation_layer_1': 'relu', 'nodes_layer_2': 50, 'do_layer_2': 0.4, 'activation_layer_2': 'relu', 'nodes_layer_3': 50, 'do_layer_3': 0.0, 'activation_layer_3': 'relu', 'lr': 0.001, 'epochs': 3000, 'optimizer': 'sgd', 'output_nodes': 10, 'output_activation': 'softmax', 'loss': 'categorical_crossentropy'}
25-11-2019 23_25_53 MainThread DEBUG\ plain_mutate {'input_size': 784, 'batch_size': 120, 'nodes_layer_1': 500, 'do_layer_1': 0.4, 'activation_layer_1': 'relu', 'nodes_layer_2': 50, 'do_layer_2': 0.4, 'activation_layer_2': 'relu', 'nodes_layer_3': 50, 'do_layer_3': 0.0, 'activation_layer_3': 'relu', 'lr': 0.001, 'epochs': 3000, 'optimizer': 'sgd', 'output_nodes': 10, 'output_activation': 'softmax', 'loss': 'categorical_crossentropy'}
25-11-2019 23_25_53 MainThread DEBUG\ Evaluating params:
{'input_size': 784, 'batch_size': 120, 'nodes_layer_1': 500, 'do_layer_1': 0.4, 'activation_layer_1': 'relu', 'nodes_layer_2': 50, 'do_layer_2': 0.4, 'activation_layer_2': 'relu', 'nodes_layer_3': 50, 'do_layer_3': 0.0, 'activation_layer_3': 'relu', 'lr': 0.001, 'epochs': 3000, 'optimizer': 'sgd', 'output_nodes': 10, 'output_activation': 'softmax', 'loss': 'categorical_crossentropy'}
and
{'input_size': 784, 'batch_size': 120, 'nodes_layer_1': 500, 'do_layer_1': 0.4, 'activation_layer_1': 'relu', 'nodes_layer_2': 50, 'do_layer_2': 0.4, 'activation_layer_2': 'relu', 'nodes_layer_3': 50, 'do_layer_3': 0.0, 'activation_layer_3': 'relu', 'lr': 0.001, 'epochs': 3000, 'optimizer': 'sgd', 'output_nodes': 10, 'output_activation': 'softmax', 'loss': 'categorical_crossentropy'}
25-11-2019 23_29_38 MainThread DEBUG\ train/val errors: 0.0482984929079456 0.0908454474201426
25-11-2019 23_29_39 MainThread DEBUG\ eval test keys: ['loss', 'accuracy']
25-11-2019 23_29_39 MainThread DEBUG\ eval test res: [0.07814746535617123, 0.9790999889373779]
25-11-2019 23_30_09 MainThread DEBUG\ train/val errors: 0.041178116691964015 0.0913103683370476
25-11-2019 23_30_10 MainThread DEBUG\ eval test keys: ['loss', 'accuracy']
25-11-2019 23_30_10 MainThread DEBUG\ eval test res: [0.07649997239673322, 0.9796000123023987]
25-11-2019 23_30_10 MainThread DEBUG\ fitness1 = 0.9790999889373779 and fitness2 = 0.9796000123023987
25-11-2019 23_30_10 MainThread DEBUG\ new best_score found: 0.9796000123023987
25-11-2019 23_30_10 MainThread DEBUG\ All scores [0.9817000031471252, 0.982200026512146, 0.9812999963760376]
25-11-2019 23_30_10 MainThread DEBUG\ on_generation_end: best_score= 0.9796000123023987 generation_count= 14
25-11-2019 23_30_10 MainThread DEBUG\ history dumped...
25-11-2019 23_30_10 MainThread DEBUG\ Best individual is 0.9812999963760376 and target is 0.9812999963760376; generations = 14
25-11-2019 23_30_10 MainThread DEBUG\ Best parameter:  {'input_size': 784, 'batch_size': 120, 'nodes_layer_1': 500, 'do_layer_1': 0.4, 'activation_layer_1': 'relu', 'nodes_layer_2': 50, 'do_layer_2': 0.4, 'activation_layer_2': 'relu', 'nodes_layer_3': 50, 'do_layer_3': 0.0, 'activation_layer_3': 'relu', 'lr': 0.001, 'epochs': 3000, 'optimizer': 'sgd', 'output_nodes': 10, 'output_activation': 'softmax', 'loss': 'categorical_crossentropy'} 
 {'input_size': 784, 'batch_size': 120, 'nodes_layer_1': 500, 'do_layer_1': 0.4, 'activation_layer_1': 'relu', 'nodes_layer_2': 50, 'do_layer_2': 0.4, 'activation_layer_2': 'relu', 'nodes_layer_3': 50, 'do_layer_3': 0.0, 'activation_layer_3': 'relu', 'lr': 0.001, 'epochs': 3000, 'optimizer': 'sgd', 'output_nodes': 10, 'output_activation': 'softmax', 'loss': 'categorical_crossentropy'}
25-11-2019 23_30_10 MainThread DEBUG\ Total run duration: 66.0 minutes 43.0 seconds
