25-11-2019 23_41_16 MainThread INFO\ Initialized logging at path ./ga_25-11-2019_23_41_16.log
25-11-2019 23_41_18 MainThread DEBUG\ Initial population :
25-11-2019 23_41_18 MainThread DEBUG\ 0 => {'input_size': 784, 'batch_size': 80, 'nodes_layer_1': 80, 'do_layer_1': 0.0, 'activation_layer_1': 'sigmoid', 'lr': 0.01, 'epochs': 3000, 'optimizer': 'rmsprop', 'output_nodes': 10, 'output_activation': 'softmax', 'loss': 'categorical_crossentropy'} 

25-11-2019 23_41_18 MainThread DEBUG\ 1 => {'input_size': 784, 'batch_size': 80, 'nodes_layer_1': 500, 'do_layer_1': 0.4, 'activation_layer_1': 'sigmoid', 'lr': 0.0001, 'epochs': 3000, 'optimizer': 'adam', 'output_nodes': 10, 'output_activation': 'softmax', 'loss': 'categorical_crossentropy'} 

25-11-2019 23_41_18 MainThread DEBUG\ 2 => {'input_size': 784, 'batch_size': 100, 'nodes_layer_1': 80, 'do_layer_1': 0.3, 'activation_layer_1': 'sigmoid', 'lr': 0.001, 'epochs': 3000, 'optimizer': 'adam', 'output_nodes': 10, 'output_activation': 'softmax', 'loss': 'categorical_crossentropy', 'nodes_layer_2': 500, 'do_layer_2': 0.4, 'activation_layer_2': 'sigmoid', 'nodes_layer_3': 80, 'do_layer_3': 0.0, 'activation_layer_3': 'relu'} 

25-11-2019 23_42_25 MainThread DEBUG\ train/val errors: 0.012134358158689879 0.1076430068532419
25-11-2019 23_42_26 MainThread DEBUG\ eval test keys: ['loss', 'accuracy']
25-11-2019 23_42_26 MainThread DEBUG\ eval test res: [0.1014255564743944, 0.9733999967575073]
25-11-2019 23_43_59 MainThread DEBUG\ train/val errors: 0.005751989150442006 0.08134842653331968
25-11-2019 23_44_00 MainThread DEBUG\ eval test keys: ['loss', 'accuracy']
25-11-2019 23_44_00 MainThread DEBUG\ eval test res: [0.08024983430066059, 0.9818999767303467]
25-11-2019 23_46_21 MainThread DEBUG\ train/val errors: 0.04790077074708062 0.094760095255333
25-11-2019 23_46_22 MainThread DEBUG\ eval test keys: ['loss', 'accuracy']
25-11-2019 23_46_22 MainThread DEBUG\ eval test res: [0.0848800871167914, 0.9769999980926514]
25-11-2019 23_46_22 MainThread DEBUG\ initial population scores [0.9733999967575073, 0.9818999767303467, 0.9769999980926514]
25-11-2019 23_46_22 MainThread DEBUG\ Generation Start: 0
25-11-2019 23_46_24 MainThread DEBUG\ properties being crossed over: ['activation_layer_1', 'nodes_layer_1', 'optimizer', 'epochs']
25-11-2019 23_46_24 MainThread DEBUG\ post cross-over individual1 params {'input_size': 784, 'batch_size': 80, 'nodes_layer_1': 80, 'do_layer_1': 0.4, 'activation_layer_1': 'sigmoid', 'lr': 0.0001, 'epochs': 3000, 'optimizer': 'adam', 'output_nodes': 10, 'output_activation': 'softmax', 'loss': 'categorical_crossentropy'}
25-11-2019 23_46_24 MainThread DEBUG\ post cross-over individual2 params {'input_size': 784, 'batch_size': 100, 'nodes_layer_1': 500, 'do_layer_1': 0.3, 'activation_layer_1': 'sigmoid', 'lr': 0.001, 'epochs': 3000, 'optimizer': 'adam', 'output_nodes': 10, 'output_activation': 'softmax', 'loss': 'categorical_crossentropy', 'nodes_layer_2': 500, 'do_layer_2': 0.4, 'activation_layer_2': 'sigmoid', 'nodes_layer_3': 80, 'do_layer_3': 0.0, 'activation_layer_3': 'relu'}
25-11-2019 23_46_24 MainThread DEBUG\ Evaluating params:
{'input_size': 784, 'batch_size': 80, 'nodes_layer_1': 80, 'do_layer_1': 0.4, 'activation_layer_1': 'sigmoid', 'lr': 0.0001, 'epochs': 3000, 'optimizer': 'adam', 'output_nodes': 10, 'output_activation': 'softmax', 'loss': 'categorical_crossentropy'}
and
{'input_size': 784, 'batch_size': 100, 'nodes_layer_1': 500, 'do_layer_1': 0.3, 'activation_layer_1': 'sigmoid', 'lr': 0.001, 'epochs': 3000, 'optimizer': 'adam', 'output_nodes': 10, 'output_activation': 'softmax', 'loss': 'categorical_crossentropy', 'nodes_layer_2': 500, 'do_layer_2': 0.4, 'activation_layer_2': 'sigmoid', 'nodes_layer_3': 80, 'do_layer_3': 0.0, 'activation_layer_3': 'relu'}
25-11-2019 23_48_15 MainThread DEBUG\ train/val errors: 0.07749669974758512 0.10667934089071221
25-11-2019 23_48_16 MainThread DEBUG\ eval test keys: ['loss', 'accuracy']
25-11-2019 23_48_16 MainThread DEBUG\ eval test res: [0.09932434996617957, 0.9732999801635742]
25-11-2019 23_49_26 MainThread DEBUG\ train/val errors: 0.01398317229648542 0.08624348999486149
25-11-2019 23_49_26 MainThread DEBUG\ eval test keys: ['loss', 'accuracy']
25-11-2019 23_49_26 MainThread DEBUG\ eval test res: [0.08322472682177168, 0.9818000197410583]
25-11-2019 23_49_26 MainThread DEBUG\ fitness1 = 0.9732999801635742 and fitness2 = 0.9818000197410583
25-11-2019 23_49_26 MainThread DEBUG\ added child1 to 0 index
25-11-2019 23_49_26 MainThread DEBUG\ added child2 to 0 index
25-11-2019 23_49_26 MainThread DEBUG\ new best_score found: 0.9818000197410583
25-11-2019 23_49_26 MainThread DEBUG\ All scores [0.9818000197410583, 0.9818999767303467, 0.9769999980926514]
25-11-2019 23_49_26 MainThread DEBUG\ on_generation_end: best_score= 0.9818000197410583 generation_count= 0
25-11-2019 23_49_26 MainThread DEBUG\ history dumped...
25-11-2019 23_49_26 MainThread DEBUG\ Generation End: 0
25-11-2019 23_49_26 MainThread DEBUG\ Generation Start: 1
25-11-2019 23_49_30 MainThread DEBUG\ properties being crossed over: ['lr', 'batch_size', 'do_layer_1', 'epochs', 'optimizer']
25-11-2019 23_49_30 MainThread DEBUG\ post cross-over individual1 params {'input_size': 784, 'batch_size': 100, 'nodes_layer_1': 500, 'do_layer_1': 0.3, 'activation_layer_1': 'sigmoid', 'lr': 0.001, 'epochs': 3000, 'optimizer': 'adam', 'output_nodes': 10, 'output_activation': 'softmax', 'loss': 'categorical_crossentropy'}
25-11-2019 23_49_30 MainThread DEBUG\ post cross-over individual2 params {'input_size': 784, 'batch_size': 80, 'nodes_layer_1': 500, 'do_layer_1': 0.4, 'activation_layer_1': 'sigmoid', 'lr': 0.0001, 'epochs': 3000, 'optimizer': 'adam', 'output_nodes': 10, 'output_activation': 'softmax', 'loss': 'categorical_crossentropy', 'nodes_layer_2': 500, 'do_layer_2': 0.4, 'activation_layer_2': 'sigmoid', 'nodes_layer_3': 80, 'do_layer_3': 0.0, 'activation_layer_3': 'relu'}
25-11-2019 23_49_30 MainThread DEBUG\ mutate_key lr
25-11-2019 23_49_30 MainThread DEBUG\ post mutation params {'input_size': 784, 'batch_size': 100, 'nodes_layer_1': 500, 'do_layer_1': 0.3, 'activation_layer_1': 'sigmoid', 'lr': 0.0001, 'epochs': 3000, 'optimizer': 'adam', 'output_nodes': 10, 'output_activation': 'softmax', 'loss': 'categorical_crossentropy'}
25-11-2019 23_49_30 MainThread DEBUG\ plain_mutate {'input_size': 784, 'batch_size': 100, 'nodes_layer_1': 500, 'do_layer_1': 0.3, 'activation_layer_1': 'sigmoid', 'lr': 0.0001, 'epochs': 3000, 'optimizer': 'adam', 'output_nodes': 10, 'output_activation': 'softmax', 'loss': 'categorical_crossentropy'}
25-11-2019 23_49_30 MainThread DEBUG\ mutate_key lr
25-11-2019 23_49_30 MainThread DEBUG\ post mutation params {'input_size': 784, 'batch_size': 80, 'nodes_layer_1': 500, 'do_layer_1': 0.4, 'activation_layer_1': 'sigmoid', 'lr': 0.01, 'epochs': 3000, 'optimizer': 'adam', 'output_nodes': 10, 'output_activation': 'softmax', 'loss': 'categorical_crossentropy', 'nodes_layer_2': 500, 'do_layer_2': 0.4, 'activation_layer_2': 'sigmoid', 'nodes_layer_3': 80, 'do_layer_3': 0.0, 'activation_layer_3': 'relu'}
25-11-2019 23_49_30 MainThread DEBUG\ plain_mutate {'input_size': 784, 'batch_size': 80, 'nodes_layer_1': 500, 'do_layer_1': 0.4, 'activation_layer_1': 'sigmoid', 'lr': 0.01, 'epochs': 3000, 'optimizer': 'adam', 'output_nodes': 10, 'output_activation': 'softmax', 'loss': 'categorical_crossentropy', 'nodes_layer_2': 500, 'do_layer_2': 0.4, 'activation_layer_2': 'sigmoid', 'nodes_layer_3': 80, 'do_layer_3': 0.0, 'activation_layer_3': 'relu'}
25-11-2019 23_49_30 MainThread DEBUG\ Evaluating params:
{'input_size': 784, 'batch_size': 100, 'nodes_layer_1': 500, 'do_layer_1': 0.3, 'activation_layer_1': 'sigmoid', 'lr': 0.0001, 'epochs': 3000, 'optimizer': 'adam', 'output_nodes': 10, 'output_activation': 'softmax', 'loss': 'categorical_crossentropy'}
and
{'input_size': 784, 'batch_size': 80, 'nodes_layer_1': 500, 'do_layer_1': 0.4, 'activation_layer_1': 'sigmoid', 'lr': 0.01, 'epochs': 3000, 'optimizer': 'adam', 'output_nodes': 10, 'output_activation': 'softmax', 'loss': 'categorical_crossentropy', 'nodes_layer_2': 500, 'do_layer_2': 0.4, 'activation_layer_2': 'sigmoid', 'nodes_layer_3': 80, 'do_layer_3': 0.0, 'activation_layer_3': 'relu'}
25-11-2019 23_50_41 MainThread DEBUG\ train/val errors: 0.0060009410094824574 0.0812823966514164
25-11-2019 23_50_42 MainThread DEBUG\ eval test keys: ['loss', 'accuracy']
25-11-2019 23_50_42 MainThread DEBUG\ eval test res: [0.07674195741433214, 0.9817000031471252]
25-11-2019 23_52_09 MainThread DEBUG\ train/val errors: 0.02054694054584529 0.08641722084488719
25-11-2019 23_52_09 MainThread DEBUG\ eval test keys: ['loss', 'accuracy']
25-11-2019 23_52_09 MainThread DEBUG\ eval test res: [0.07800230127320865, 0.9807999730110168]
25-11-2019 23_52_09 MainThread DEBUG\ fitness1 = 0.9817000031471252 and fitness2 = 0.9807999730110168
25-11-2019 23_52_09 MainThread DEBUG\ new best_score found: 0.9817000031471252
25-11-2019 23_52_09 MainThread DEBUG\ All scores [0.9818000197410583, 0.9818999767303467, 0.9769999980926514]
25-11-2019 23_52_09 MainThread DEBUG\ on_generation_end: best_score= 0.9817000031471252 generation_count= 1
25-11-2019 23_52_09 MainThread DEBUG\ history dumped...
25-11-2019 23_52_09 MainThread DEBUG\ Generation End: 1
25-11-2019 23_52_09 MainThread DEBUG\ Generation Start: 2
25-11-2019 23_52_13 MainThread DEBUG\ properties being crossed over: ['nodes_layer_1', 'do_layer_1', 'epochs']
25-11-2019 23_52_13 MainThread DEBUG\ post cross-over individual1 params {'input_size': 784, 'batch_size': 80, 'nodes_layer_1': 500, 'do_layer_1': 0.4, 'activation_layer_1': 'sigmoid', 'lr': 0.0001, 'epochs': 3000, 'optimizer': 'adam', 'output_nodes': 10, 'output_activation': 'softmax', 'loss': 'categorical_crossentropy'}
25-11-2019 23_52_13 MainThread DEBUG\ post cross-over individual2 params {'input_size': 784, 'batch_size': 80, 'nodes_layer_1': 500, 'do_layer_1': 0.4, 'activation_layer_1': 'sigmoid', 'lr': 0.0001, 'epochs': 3000, 'optimizer': 'adam', 'output_nodes': 10, 'output_activation': 'softmax', 'loss': 'categorical_crossentropy'}
25-11-2019 23_52_13 MainThread DEBUG\ Evaluating params:
{'input_size': 784, 'batch_size': 80, 'nodes_layer_1': 500, 'do_layer_1': 0.4, 'activation_layer_1': 'sigmoid', 'lr': 0.0001, 'epochs': 3000, 'optimizer': 'adam', 'output_nodes': 10, 'output_activation': 'softmax', 'loss': 'categorical_crossentropy'}
and
{'input_size': 784, 'batch_size': 80, 'nodes_layer_1': 500, 'do_layer_1': 0.4, 'activation_layer_1': 'sigmoid', 'lr': 0.0001, 'epochs': 3000, 'optimizer': 'adam', 'output_nodes': 10, 'output_activation': 'softmax', 'loss': 'categorical_crossentropy'}
25-11-2019 23_53_39 MainThread DEBUG\ train/val errors: 0.008772503314983277 0.07998232762665591
25-11-2019 23_53_39 MainThread DEBUG\ eval test keys: ['loss', 'accuracy']
25-11-2019 23_53_39 MainThread DEBUG\ eval test res: [0.07710179005615482, 0.9810000061988831]
25-11-2019 23_54_56 MainThread DEBUG\ train/val errors: 0.010005490140035926 0.08089583337358716
25-11-2019 23_54_57 MainThread DEBUG\ eval test keys: ['loss', 'accuracy']
25-11-2019 23_54_57 MainThread DEBUG\ eval test res: [0.07898791650138882, 0.9814000129699707]
25-11-2019 23_54_57 MainThread DEBUG\ fitness1 = 0.9810000061988831 and fitness2 = 0.9814000129699707
25-11-2019 23_54_57 MainThread DEBUG\ new best_score found: 0.9814000129699707
25-11-2019 23_54_57 MainThread DEBUG\ All scores [0.9818000197410583, 0.9818999767303467, 0.9769999980926514]
25-11-2019 23_54_57 MainThread DEBUG\ on_generation_end: best_score= 0.9814000129699707 generation_count= 2
25-11-2019 23_54_57 MainThread DEBUG\ history dumped...
25-11-2019 23_54_57 MainThread DEBUG\ Generation End: 2
25-11-2019 23_54_57 MainThread DEBUG\ Generation Start: 3
25-11-2019 23_55_01 MainThread DEBUG\ properties being crossed over: ['activation_layer_1', 'nodes_layer_1', 'epochs']
25-11-2019 23_55_01 MainThread DEBUG\ post cross-over individual1 params {'input_size': 784, 'batch_size': 80, 'nodes_layer_1': 500, 'do_layer_1': 0.4, 'activation_layer_1': 'sigmoid', 'lr': 0.0001, 'epochs': 3000, 'optimizer': 'adam', 'output_nodes': 10, 'output_activation': 'softmax', 'loss': 'categorical_crossentropy'}
25-11-2019 23_55_01 MainThread DEBUG\ post cross-over individual2 params {'input_size': 784, 'batch_size': 100, 'nodes_layer_1': 500, 'do_layer_1': 0.3, 'activation_layer_1': 'sigmoid', 'lr': 0.001, 'epochs': 3000, 'optimizer': 'adam', 'output_nodes': 10, 'output_activation': 'softmax', 'loss': 'categorical_crossentropy', 'nodes_layer_2': 500, 'do_layer_2': 0.4, 'activation_layer_2': 'sigmoid', 'nodes_layer_3': 80, 'do_layer_3': 0.0, 'activation_layer_3': 'relu'}
25-11-2019 23_55_01 MainThread DEBUG\ Evaluating params:
{'input_size': 784, 'batch_size': 80, 'nodes_layer_1': 500, 'do_layer_1': 0.4, 'activation_layer_1': 'sigmoid', 'lr': 0.0001, 'epochs': 3000, 'optimizer': 'adam', 'output_nodes': 10, 'output_activation': 'softmax', 'loss': 'categorical_crossentropy'}
and
{'input_size': 784, 'batch_size': 100, 'nodes_layer_1': 500, 'do_layer_1': 0.3, 'activation_layer_1': 'sigmoid', 'lr': 0.001, 'epochs': 3000, 'optimizer': 'adam', 'output_nodes': 10, 'output_activation': 'softmax', 'loss': 'categorical_crossentropy', 'nodes_layer_2': 500, 'do_layer_2': 0.4, 'activation_layer_2': 'sigmoid', 'nodes_layer_3': 80, 'do_layer_3': 0.0, 'activation_layer_3': 'relu'}
25-11-2019 23_56_14 MainThread DEBUG\ train/val errors: 0.010560829817273078 0.08026524833351788
25-11-2019 23_56_15 MainThread DEBUG\ eval test keys: ['loss', 'accuracy']
25-11-2019 23_56_15 MainThread DEBUG\ eval test res: [0.07897707117075188, 0.9793999791145325]
25-11-2019 23_57_23 MainThread DEBUG\ train/val errors: 0.01541904439679153 0.08749043310947147
25-11-2019 23_57_24 MainThread DEBUG\ eval test keys: ['loss', 'accuracy']
25-11-2019 23_57_24 MainThread DEBUG\ eval test res: [0.0932717226211034, 0.9799000024795532]
25-11-2019 23_57_24 MainThread DEBUG\ fitness1 = 0.9793999791145325 and fitness2 = 0.9799000024795532
25-11-2019 23_57_24 MainThread DEBUG\ new best_score found: 0.9799000024795532
25-11-2019 23_57_24 MainThread DEBUG\ All scores [0.9818000197410583, 0.9818999767303467, 0.9769999980926514]
25-11-2019 23_57_24 MainThread DEBUG\ on_generation_end: best_score= 0.9799000024795532 generation_count= 3
25-11-2019 23_57_24 MainThread DEBUG\ history dumped...
25-11-2019 23_57_24 MainThread DEBUG\ Generation End: 3
25-11-2019 23_57_24 MainThread DEBUG\ Generation Start: 4
25-11-2019 23_57_28 MainThread DEBUG\ properties being crossed over: ['lr', 'activation_layer_1', 'do_layer_1', 'loss']
25-11-2019 23_57_28 MainThread DEBUG\ post cross-over individual1 params {'input_size': 784, 'batch_size': 80, 'nodes_layer_1': 500, 'do_layer_1': 0.4, 'activation_layer_1': 'sigmoid', 'lr': 0.0001, 'epochs': 3000, 'optimizer': 'adam', 'output_nodes': 10, 'output_activation': 'softmax', 'loss': 'categorical_crossentropy'}
25-11-2019 23_57_28 MainThread DEBUG\ post cross-over individual2 params {'input_size': 784, 'batch_size': 80, 'nodes_layer_1': 500, 'do_layer_1': 0.4, 'activation_layer_1': 'sigmoid', 'lr': 0.0001, 'epochs': 3000, 'optimizer': 'adam', 'output_nodes': 10, 'output_activation': 'softmax', 'loss': 'categorical_crossentropy'}
25-11-2019 23_57_29 MainThread DEBUG\ mutate_key epochs
25-11-2019 23_57_29 MainThread DEBUG\ post mutation params {'input_size': 784, 'batch_size': 80, 'nodes_layer_1': 500, 'do_layer_1': 0.4, 'activation_layer_1': 'sigmoid', 'lr': 0.0001, 'epochs': 3000, 'optimizer': 'adam', 'output_nodes': 10, 'output_activation': 'softmax', 'loss': 'categorical_crossentropy'}
25-11-2019 23_57_29 MainThread DEBUG\ plain_mutate {'input_size': 784, 'batch_size': 80, 'nodes_layer_1': 500, 'do_layer_1': 0.4, 'activation_layer_1': 'sigmoid', 'lr': 0.0001, 'epochs': 3000, 'optimizer': 'adam', 'output_nodes': 10, 'output_activation': 'softmax', 'loss': 'categorical_crossentropy'}
25-11-2019 23_57_29 MainThread DEBUG\ mutate_key epochs
25-11-2019 23_57_29 MainThread DEBUG\ post mutation params {'input_size': 784, 'batch_size': 80, 'nodes_layer_1': 500, 'do_layer_1': 0.4, 'activation_layer_1': 'sigmoid', 'lr': 0.0001, 'epochs': 3000, 'optimizer': 'adam', 'output_nodes': 10, 'output_activation': 'softmax', 'loss': 'categorical_crossentropy'}
25-11-2019 23_57_29 MainThread DEBUG\ plain_mutate {'input_size': 784, 'batch_size': 80, 'nodes_layer_1': 500, 'do_layer_1': 0.4, 'activation_layer_1': 'sigmoid', 'lr': 0.0001, 'epochs': 3000, 'optimizer': 'adam', 'output_nodes': 10, 'output_activation': 'softmax', 'loss': 'categorical_crossentropy'}
25-11-2019 23_57_29 MainThread DEBUG\ Evaluating params:
{'input_size': 784, 'batch_size': 80, 'nodes_layer_1': 500, 'do_layer_1': 0.4, 'activation_layer_1': 'sigmoid', 'lr': 0.0001, 'epochs': 3000, 'optimizer': 'adam', 'output_nodes': 10, 'output_activation': 'softmax', 'loss': 'categorical_crossentropy'}
and
{'input_size': 784, 'batch_size': 80, 'nodes_layer_1': 500, 'do_layer_1': 0.4, 'activation_layer_1': 'sigmoid', 'lr': 0.0001, 'epochs': 3000, 'optimizer': 'adam', 'output_nodes': 10, 'output_activation': 'softmax', 'loss': 'categorical_crossentropy'}
25-11-2019 23_59_01 MainThread DEBUG\ train/val errors: 0.007459036752420833 0.07863585714742334
25-11-2019 23_59_01 MainThread DEBUG\ eval test keys: ['loss', 'accuracy']
25-11-2019 23_59_01 MainThread DEBUG\ eval test res: [0.08037607720135784, 0.9817000031471252]
26-11-2019 00_00_26 MainThread DEBUG\ train/val errors: 0.008977852248686498 0.0806466062925756
26-11-2019 00_00_26 MainThread DEBUG\ eval test keys: ['loss', 'accuracy']
26-11-2019 00_00_26 MainThread DEBUG\ eval test res: [0.08020645138641266, 0.9812999963760376]
26-11-2019 00_00_26 MainThread DEBUG\ fitness1 = 0.9817000031471252 and fitness2 = 0.9812999963760376
26-11-2019 00_00_26 MainThread DEBUG\ added child1 to 2 index
26-11-2019 00_00_26 MainThread DEBUG\ added child2 to 2 index
26-11-2019 00_00_26 MainThread DEBUG\ new best_score found: 0.9817000031471252
26-11-2019 00_00_26 MainThread DEBUG\ All scores [0.9818000197410583, 0.9818999767303467, 0.9812999963760376]
26-11-2019 00_00_26 MainThread DEBUG\ on_generation_end: best_score= 0.9817000031471252 generation_count= 4
26-11-2019 00_00_26 MainThread DEBUG\ history dumped...
26-11-2019 00_00_26 MainThread DEBUG\ Generation End: 4
26-11-2019 00_00_26 MainThread DEBUG\ Generation Start: 5
26-11-2019 00_00_32 MainThread DEBUG\ properties being crossed over: ['activation_layer_1', 'do_layer_1', 'epochs', 'loss']
26-11-2019 00_00_32 MainThread DEBUG\ post cross-over individual1 params {'input_size': 784, 'batch_size': 80, 'nodes_layer_1': 500, 'do_layer_1': 0.3, 'activation_layer_1': 'sigmoid', 'lr': 0.0001, 'epochs': 3000, 'optimizer': 'adam', 'output_nodes': 10, 'output_activation': 'softmax', 'loss': 'categorical_crossentropy'}
26-11-2019 00_00_32 MainThread DEBUG\ post cross-over individual2 params {'input_size': 784, 'batch_size': 100, 'nodes_layer_1': 500, 'do_layer_1': 0.4, 'activation_layer_1': 'sigmoid', 'lr': 0.001, 'epochs': 3000, 'optimizer': 'adam', 'output_nodes': 10, 'output_activation': 'softmax', 'loss': 'categorical_crossentropy', 'nodes_layer_2': 500, 'do_layer_2': 0.4, 'activation_layer_2': 'sigmoid', 'nodes_layer_3': 80, 'do_layer_3': 0.0, 'activation_layer_3': 'relu'}
26-11-2019 00_00_32 MainThread DEBUG\ Evaluating params:
{'input_size': 784, 'batch_size': 80, 'nodes_layer_1': 500, 'do_layer_1': 0.3, 'activation_layer_1': 'sigmoid', 'lr': 0.0001, 'epochs': 3000, 'optimizer': 'adam', 'output_nodes': 10, 'output_activation': 'softmax', 'loss': 'categorical_crossentropy'}
and
{'input_size': 784, 'batch_size': 100, 'nodes_layer_1': 500, 'do_layer_1': 0.4, 'activation_layer_1': 'sigmoid', 'lr': 0.001, 'epochs': 3000, 'optimizer': 'adam', 'output_nodes': 10, 'output_activation': 'softmax', 'loss': 'categorical_crossentropy', 'nodes_layer_2': 500, 'do_layer_2': 0.4, 'activation_layer_2': 'sigmoid', 'nodes_layer_3': 80, 'do_layer_3': 0.0, 'activation_layer_3': 'relu'}
26-11-2019 00_02_01 MainThread DEBUG\ train/val errors: 0.005091071652908188 0.08055024824415644
26-11-2019 00_02_01 MainThread DEBUG\ eval test keys: ['loss', 'accuracy']
26-11-2019 00_02_01 MainThread DEBUG\ eval test res: [0.07699106569040887, 0.9815000295639038]
26-11-2019 00_03_33 MainThread DEBUG\ train/val errors: 0.018404567943486785 0.08388217395210328
26-11-2019 00_03_34 MainThread DEBUG\ eval test keys: ['loss', 'accuracy']
26-11-2019 00_03_34 MainThread DEBUG\ eval test res: [0.0844276541826509, 0.9794999957084656]
26-11-2019 00_03_34 MainThread DEBUG\ fitness1 = 0.9815000295639038 and fitness2 = 0.9794999957084656
26-11-2019 00_03_34 MainThread DEBUG\ new best_score found: 0.9815000295639038
26-11-2019 00_03_34 MainThread DEBUG\ All scores [0.9818000197410583, 0.9818999767303467, 0.9812999963760376]
26-11-2019 00_03_34 MainThread DEBUG\ on_generation_end: best_score= 0.9815000295639038 generation_count= 5
26-11-2019 00_03_34 MainThread DEBUG\ history dumped...
26-11-2019 00_03_34 MainThread DEBUG\ Generation End: 5
26-11-2019 00_03_34 MainThread DEBUG\ Generation Start: 6
26-11-2019 00_03_40 MainThread DEBUG\ properties being crossed over: ['activation_layer_1', 'batch_size', 'optimizer', 'nodes_layer_1']
26-11-2019 00_03_40 MainThread DEBUG\ post cross-over individual1 params {'input_size': 784, 'batch_size': 80, 'nodes_layer_1': 500, 'do_layer_1': 0.4, 'activation_layer_1': 'sigmoid', 'lr': 0.0001, 'epochs': 3000, 'optimizer': 'adam', 'output_nodes': 10, 'output_activation': 'softmax', 'loss': 'categorical_crossentropy'}
26-11-2019 00_03_40 MainThread DEBUG\ post cross-over individual2 params {'input_size': 784, 'batch_size': 80, 'nodes_layer_1': 500, 'do_layer_1': 0.4, 'activation_layer_1': 'sigmoid', 'lr': 0.0001, 'epochs': 3000, 'optimizer': 'adam', 'output_nodes': 10, 'output_activation': 'softmax', 'loss': 'categorical_crossentropy'}
26-11-2019 00_03_40 MainThread DEBUG\ mutate_key loss
26-11-2019 00_03_40 MainThread DEBUG\ post mutation params {'input_size': 784, 'batch_size': 80, 'nodes_layer_1': 500, 'do_layer_1': 0.4, 'activation_layer_1': 'sigmoid', 'lr': 0.0001, 'epochs': 3000, 'optimizer': 'adam', 'output_nodes': 10, 'output_activation': 'softmax', 'loss': 'categorical_crossentropy'}
26-11-2019 00_03_40 MainThread DEBUG\ plain_mutate {'input_size': 784, 'batch_size': 80, 'nodes_layer_1': 500, 'do_layer_1': 0.4, 'activation_layer_1': 'sigmoid', 'lr': 0.0001, 'epochs': 3000, 'optimizer': 'adam', 'output_nodes': 10, 'output_activation': 'softmax', 'loss': 'categorical_crossentropy'}
26-11-2019 00_03_40 MainThread DEBUG\ mutate_key do_layer_1
26-11-2019 00_03_40 MainThread DEBUG\ complete_layer_mutate {'input_size': 784, 'batch_size': 100, 'nodes_layer_1': 60, 'do_layer_1': 0.0, 'activation_layer_1': 'sigmoid', 'lr': 0.001, 'epochs': 3000, 'optimizer': 'adam', 'output_nodes': 10, 'output_activation': 'softmax', 'loss': 'categorical_crossentropy', 'nodes_layer_2': 60, 'do_layer_2': 0.3, 'activation_layer_2': 'sigmoid', 'nodes_layer_3': 80, 'do_layer_3': 0.0, 'activation_layer_3': 'relu'}
26-11-2019 00_03_40 MainThread DEBUG\ Evaluating params:
{'input_size': 784, 'batch_size': 80, 'nodes_layer_1': 500, 'do_layer_1': 0.4, 'activation_layer_1': 'sigmoid', 'lr': 0.0001, 'epochs': 3000, 'optimizer': 'adam', 'output_nodes': 10, 'output_activation': 'softmax', 'loss': 'categorical_crossentropy'}
and
{'input_size': 784, 'batch_size': 100, 'nodes_layer_1': 60, 'do_layer_1': 0.0, 'activation_layer_1': 'sigmoid', 'lr': 0.001, 'epochs': 3000, 'optimizer': 'adam', 'output_nodes': 10, 'output_activation': 'softmax', 'loss': 'categorical_crossentropy', 'nodes_layer_2': 60, 'do_layer_2': 0.3, 'activation_layer_2': 'sigmoid', 'nodes_layer_3': 80, 'do_layer_3': 0.0, 'activation_layer_3': 'relu'}
26-11-2019 00_05_04 MainThread DEBUG\ train/val errors: 0.010872171051478722 0.08049276567193576
26-11-2019 00_05_05 MainThread DEBUG\ eval test keys: ['loss', 'accuracy']
26-11-2019 00_05_05 MainThread DEBUG\ eval test res: [0.0718732633267413, 0.9811999797821045]
26-11-2019 00_06_27 MainThread DEBUG\ train/val errors: 0.027455604952965153 0.12102519265608862
26-11-2019 00_06_28 MainThread DEBUG\ eval test keys: ['loss', 'accuracy']
26-11-2019 00_06_28 MainThread DEBUG\ eval test res: [0.13898945321835854, 0.9710000157356262]
26-11-2019 00_06_28 MainThread DEBUG\ fitness1 = 0.9811999797821045 and fitness2 = 0.9710000157356262
26-11-2019 00_06_28 MainThread DEBUG\ new best_score found: 0.9811999797821045
26-11-2019 00_06_28 MainThread DEBUG\ All scores [0.9818000197410583, 0.9818999767303467, 0.9812999963760376]
26-11-2019 00_06_28 MainThread DEBUG\ on_generation_end: best_score= 0.9811999797821045 generation_count= 6
26-11-2019 00_06_28 MainThread DEBUG\ history dumped...
26-11-2019 00_06_28 MainThread DEBUG\ Generation End: 6
26-11-2019 00_06_28 MainThread DEBUG\ Generation Start: 7
26-11-2019 00_06_35 MainThread DEBUG\ properties being crossed over: ['batch_size', 'loss', 'epochs']
26-11-2019 00_06_35 MainThread DEBUG\ post cross-over individual1 params {'input_size': 784, 'batch_size': 100, 'nodes_layer_1': 500, 'do_layer_1': 0.4, 'activation_layer_1': 'sigmoid', 'lr': 0.0001, 'epochs': 3000, 'optimizer': 'adam', 'output_nodes': 10, 'output_activation': 'softmax', 'loss': 'categorical_crossentropy'}
26-11-2019 00_06_35 MainThread DEBUG\ post cross-over individual2 params {'input_size': 784, 'batch_size': 80, 'nodes_layer_1': 500, 'do_layer_1': 0.3, 'activation_layer_1': 'sigmoid', 'lr': 0.001, 'epochs': 3000, 'optimizer': 'adam', 'output_nodes': 10, 'output_activation': 'softmax', 'loss': 'categorical_crossentropy', 'nodes_layer_2': 500, 'do_layer_2': 0.4, 'activation_layer_2': 'sigmoid', 'nodes_layer_3': 80, 'do_layer_3': 0.0, 'activation_layer_3': 'relu'}
26-11-2019 00_06_35 MainThread DEBUG\ Evaluating params:
{'input_size': 784, 'batch_size': 100, 'nodes_layer_1': 500, 'do_layer_1': 0.4, 'activation_layer_1': 'sigmoid', 'lr': 0.0001, 'epochs': 3000, 'optimizer': 'adam', 'output_nodes': 10, 'output_activation': 'softmax', 'loss': 'categorical_crossentropy'}
and
{'input_size': 784, 'batch_size': 80, 'nodes_layer_1': 500, 'do_layer_1': 0.3, 'activation_layer_1': 'sigmoid', 'lr': 0.001, 'epochs': 3000, 'optimizer': 'adam', 'output_nodes': 10, 'output_activation': 'softmax', 'loss': 'categorical_crossentropy', 'nodes_layer_2': 500, 'do_layer_2': 0.4, 'activation_layer_2': 'sigmoid', 'nodes_layer_3': 80, 'do_layer_3': 0.0, 'activation_layer_3': 'relu'}
26-11-2019 00_08_12 MainThread DEBUG\ train/val errors: 0.007846510088018562 0.08107083571044818
26-11-2019 00_08_12 MainThread DEBUG\ eval test keys: ['loss', 'accuracy']
26-11-2019 00_08_12 MainThread DEBUG\ eval test res: [0.08249677169176484, 0.9799000024795532]
26-11-2019 00_10_01 MainThread DEBUG\ train/val errors: 0.012086750986601969 0.08408414258822126
26-11-2019 00_10_02 MainThread DEBUG\ eval test keys: ['loss', 'accuracy']
26-11-2019 00_10_02 MainThread DEBUG\ eval test res: [0.09116557209829788, 0.9803000092506409]
26-11-2019 00_10_02 MainThread DEBUG\ fitness1 = 0.9799000024795532 and fitness2 = 0.9803000092506409
26-11-2019 00_10_02 MainThread DEBUG\ new best_score found: 0.9803000092506409
26-11-2019 00_10_02 MainThread DEBUG\ All scores [0.9818000197410583, 0.9818999767303467, 0.9812999963760376]
26-11-2019 00_10_02 MainThread DEBUG\ on_generation_end: best_score= 0.9803000092506409 generation_count= 7
26-11-2019 00_10_02 MainThread DEBUG\ history dumped...
26-11-2019 00_10_02 MainThread DEBUG\ Generation End: 7
26-11-2019 00_10_02 MainThread DEBUG\ Generation Start: 8
26-11-2019 00_10_10 MainThread DEBUG\ properties being crossed over: ['lr', 'nodes_layer_1', 'loss']
26-11-2019 00_10_10 MainThread DEBUG\ post cross-over individual1 params {'input_size': 784, 'batch_size': 80, 'nodes_layer_1': 500, 'do_layer_1': 0.4, 'activation_layer_1': 'sigmoid', 'lr': 0.001, 'epochs': 3000, 'optimizer': 'adam', 'output_nodes': 10, 'output_activation': 'softmax', 'loss': 'categorical_crossentropy'}
26-11-2019 00_10_10 MainThread DEBUG\ post cross-over individual2 params {'input_size': 784, 'batch_size': 100, 'nodes_layer_1': 500, 'do_layer_1': 0.3, 'activation_layer_1': 'sigmoid', 'lr': 0.0001, 'epochs': 3000, 'optimizer': 'adam', 'output_nodes': 10, 'output_activation': 'softmax', 'loss': 'categorical_crossentropy', 'nodes_layer_2': 500, 'do_layer_2': 0.4, 'activation_layer_2': 'sigmoid', 'nodes_layer_3': 80, 'do_layer_3': 0.0, 'activation_layer_3': 'relu'}
26-11-2019 00_10_10 MainThread DEBUG\ Evaluating params:
{'input_size': 784, 'batch_size': 80, 'nodes_layer_1': 500, 'do_layer_1': 0.4, 'activation_layer_1': 'sigmoid', 'lr': 0.001, 'epochs': 3000, 'optimizer': 'adam', 'output_nodes': 10, 'output_activation': 'softmax', 'loss': 'categorical_crossentropy'}
and
{'input_size': 784, 'batch_size': 100, 'nodes_layer_1': 500, 'do_layer_1': 0.3, 'activation_layer_1': 'sigmoid', 'lr': 0.0001, 'epochs': 3000, 'optimizer': 'adam', 'output_nodes': 10, 'output_activation': 'softmax', 'loss': 'categorical_crossentropy', 'nodes_layer_2': 500, 'do_layer_2': 0.4, 'activation_layer_2': 'sigmoid', 'nodes_layer_3': 80, 'do_layer_3': 0.0, 'activation_layer_3': 'relu'}
26-11-2019 00_11_43 MainThread DEBUG\ train/val errors: 0.009488985827968767 0.081061197384778
26-11-2019 00_11_44 MainThread DEBUG\ eval test keys: ['loss', 'accuracy']
26-11-2019 00_11_44 MainThread DEBUG\ eval test res: [0.077044014001709, 0.9819999933242798]
26-11-2019 00_13_07 MainThread DEBUG\ train/val errors: 0.01363119943905206 0.08438877240858145
26-11-2019 00_13_08 MainThread DEBUG\ eval test keys: ['loss', 'accuracy']
26-11-2019 00_13_08 MainThread DEBUG\ eval test res: [0.09674087435664906, 0.9800999760627747]
26-11-2019 00_13_08 MainThread DEBUG\ fitness1 = 0.9819999933242798 and fitness2 = 0.9800999760627747
26-11-2019 00_13_08 MainThread DEBUG\ added child1 to 2 index
26-11-2019 00_13_08 MainThread DEBUG\ new best_score found: 0.9819999933242798
26-11-2019 00_13_08 MainThread DEBUG\ All scores [0.9818000197410583, 0.9818999767303467, 0.9819999933242798]
26-11-2019 00_13_08 MainThread DEBUG\ on_generation_end: best_score= 0.9819999933242798 generation_count= 8
26-11-2019 00_13_08 MainThread DEBUG\ history dumped...
26-11-2019 00_13_08 MainThread DEBUG\ Generation End: 8
26-11-2019 00_13_08 MainThread DEBUG\ Generation Start: 9
26-11-2019 00_13_17 MainThread DEBUG\ properties being crossed over: ['batch_size', 'do_layer_1', 'nodes_layer_1']
26-11-2019 00_13_17 MainThread DEBUG\ post cross-over individual1 params {'input_size': 784, 'batch_size': 80, 'nodes_layer_1': 500, 'do_layer_1': 0.4, 'activation_layer_1': 'sigmoid', 'lr': 0.001, 'epochs': 3000, 'optimizer': 'adam', 'output_nodes': 10, 'output_activation': 'softmax', 'loss': 'categorical_crossentropy'}
26-11-2019 00_13_17 MainThread DEBUG\ post cross-over individual2 params {'input_size': 784, 'batch_size': 80, 'nodes_layer_1': 500, 'do_layer_1': 0.4, 'activation_layer_1': 'sigmoid', 'lr': 0.001, 'epochs': 3000, 'optimizer': 'adam', 'output_nodes': 10, 'output_activation': 'softmax', 'loss': 'categorical_crossentropy'}
26-11-2019 00_13_18 MainThread DEBUG\ Evaluating params:
{'input_size': 784, 'batch_size': 80, 'nodes_layer_1': 500, 'do_layer_1': 0.4, 'activation_layer_1': 'sigmoid', 'lr': 0.001, 'epochs': 3000, 'optimizer': 'adam', 'output_nodes': 10, 'output_activation': 'softmax', 'loss': 'categorical_crossentropy'}
and
{'input_size': 784, 'batch_size': 80, 'nodes_layer_1': 500, 'do_layer_1': 0.4, 'activation_layer_1': 'sigmoid', 'lr': 0.001, 'epochs': 3000, 'optimizer': 'adam', 'output_nodes': 10, 'output_activation': 'softmax', 'loss': 'categorical_crossentropy'}
26-11-2019 00_15_10 MainThread DEBUG\ train/val errors: 0.0070154865671481405 0.08025349359053911
26-11-2019 00_15_11 MainThread DEBUG\ eval test keys: ['loss', 'accuracy']
26-11-2019 00_15_11 MainThread DEBUG\ eval test res: [0.0823496056498081, 0.9811999797821045]
26-11-2019 00_16_57 MainThread DEBUG\ train/val errors: 0.00742331597629735 0.07964126038908338
26-11-2019 00_16_58 MainThread DEBUG\ eval test keys: ['loss', 'accuracy']
26-11-2019 00_16_58 MainThread DEBUG\ eval test res: [0.07749784086388718, 0.9817000031471252]
26-11-2019 00_16_58 MainThread DEBUG\ fitness1 = 0.9811999797821045 and fitness2 = 0.9817000031471252
26-11-2019 00_16_58 MainThread DEBUG\ new best_score found: 0.9817000031471252
26-11-2019 00_16_58 MainThread DEBUG\ All scores [0.9818000197410583, 0.9818999767303467, 0.9819999933242798]
26-11-2019 00_16_58 MainThread DEBUG\ on_generation_end: best_score= 0.9817000031471252 generation_count= 9
26-11-2019 00_16_58 MainThread DEBUG\ history dumped...
26-11-2019 00_16_58 MainThread DEBUG\ Generation End: 9
26-11-2019 00_16_58 MainThread DEBUG\ Generation Start: 10
26-11-2019 00_17_07 MainThread DEBUG\ properties being crossed over: ['lr', 'batch_size', 'nodes_layer_1', 'epochs', 'optimizer']
26-11-2019 00_17_07 MainThread DEBUG\ post cross-over individual1 params {'input_size': 784, 'batch_size': 80, 'nodes_layer_1': 500, 'do_layer_1': 0.4, 'activation_layer_1': 'sigmoid', 'lr': 0.0001, 'epochs': 3000, 'optimizer': 'adam', 'output_nodes': 10, 'output_activation': 'softmax', 'loss': 'categorical_crossentropy'}
26-11-2019 00_17_07 MainThread DEBUG\ post cross-over individual2 params {'input_size': 784, 'batch_size': 80, 'nodes_layer_1': 500, 'do_layer_1': 0.4, 'activation_layer_1': 'sigmoid', 'lr': 0.001, 'epochs': 3000, 'optimizer': 'adam', 'output_nodes': 10, 'output_activation': 'softmax', 'loss': 'categorical_crossentropy'}
26-11-2019 00_17_07 MainThread DEBUG\ Evaluating params:
{'input_size': 784, 'batch_size': 80, 'nodes_layer_1': 500, 'do_layer_1': 0.4, 'activation_layer_1': 'sigmoid', 'lr': 0.0001, 'epochs': 3000, 'optimizer': 'adam', 'output_nodes': 10, 'output_activation': 'softmax', 'loss': 'categorical_crossentropy'}
and
{'input_size': 784, 'batch_size': 80, 'nodes_layer_1': 500, 'do_layer_1': 0.4, 'activation_layer_1': 'sigmoid', 'lr': 0.001, 'epochs': 3000, 'optimizer': 'adam', 'output_nodes': 10, 'output_activation': 'softmax', 'loss': 'categorical_crossentropy'}
26-11-2019 00_18_53 MainThread DEBUG\ train/val errors: 0.008657648719866604 0.0814578931323356
26-11-2019 00_18_54 MainThread DEBUG\ eval test keys: ['loss', 'accuracy']
26-11-2019 00_18_54 MainThread DEBUG\ eval test res: [0.07765411675246287, 0.9814000129699707]
26-11-2019 00_20_56 MainThread DEBUG\ train/val errors: 0.0066120664813067945 0.0808458094089292
26-11-2019 00_20_57 MainThread DEBUG\ eval test keys: ['loss', 'accuracy']
26-11-2019 00_20_57 MainThread DEBUG\ eval test res: [0.08019866106853042, 0.9815999865531921]
26-11-2019 00_20_57 MainThread DEBUG\ fitness1 = 0.9814000129699707 and fitness2 = 0.9815999865531921
26-11-2019 00_20_57 MainThread DEBUG\ new best_score found: 0.9815999865531921
26-11-2019 00_20_57 MainThread DEBUG\ All scores [0.9818000197410583, 0.9818999767303467, 0.9819999933242798]
26-11-2019 00_20_57 MainThread DEBUG\ on_generation_end: best_score= 0.9815999865531921 generation_count= 10
26-11-2019 00_20_57 MainThread DEBUG\ history dumped...
26-11-2019 00_20_57 MainThread DEBUG\ Generation End: 10
26-11-2019 00_20_57 MainThread DEBUG\ Generation Start: 11
26-11-2019 00_21_07 MainThread DEBUG\ properties being crossed over: ['lr', 'nodes_layer_1', 'do_layer_1', 'optimizer', 'loss']
26-11-2019 00_21_07 MainThread DEBUG\ post cross-over individual1 params {'input_size': 784, 'batch_size': 80, 'nodes_layer_1': 500, 'do_layer_1': 0.4, 'activation_layer_1': 'sigmoid', 'lr': 0.001, 'epochs': 3000, 'optimizer': 'adam', 'output_nodes': 10, 'output_activation': 'softmax', 'loss': 'categorical_crossentropy'}
26-11-2019 00_21_07 MainThread DEBUG\ post cross-over individual2 params {'input_size': 784, 'batch_size': 80, 'nodes_layer_1': 500, 'do_layer_1': 0.4, 'activation_layer_1': 'sigmoid', 'lr': 0.001, 'epochs': 3000, 'optimizer': 'adam', 'output_nodes': 10, 'output_activation': 'softmax', 'loss': 'categorical_crossentropy'}
26-11-2019 00_21_07 MainThread DEBUG\ Evaluating params:
{'input_size': 784, 'batch_size': 80, 'nodes_layer_1': 500, 'do_layer_1': 0.4, 'activation_layer_1': 'sigmoid', 'lr': 0.001, 'epochs': 3000, 'optimizer': 'adam', 'output_nodes': 10, 'output_activation': 'softmax', 'loss': 'categorical_crossentropy'}
and
{'input_size': 784, 'batch_size': 80, 'nodes_layer_1': 500, 'do_layer_1': 0.4, 'activation_layer_1': 'sigmoid', 'lr': 0.001, 'epochs': 3000, 'optimizer': 'adam', 'output_nodes': 10, 'output_activation': 'softmax', 'loss': 'categorical_crossentropy'}
26-11-2019 00_22_46 MainThread DEBUG\ train/val errors: 0.009814622740433107 0.08218273968487565
26-11-2019 00_22_47 MainThread DEBUG\ eval test keys: ['loss', 'accuracy']
26-11-2019 00_22_47 MainThread DEBUG\ eval test res: [0.074944369088854, 0.9817000031471252]
26-11-2019 00_24_31 MainThread DEBUG\ train/val errors: 0.00920016668287904 0.0803667023860746
26-11-2019 00_24_31 MainThread DEBUG\ eval test keys: ['loss', 'accuracy']
26-11-2019 00_24_31 MainThread DEBUG\ eval test res: [0.07766629526817706, 0.9815000295639038]
26-11-2019 00_24_31 MainThread DEBUG\ fitness1 = 0.9817000031471252 and fitness2 = 0.9815000295639038
26-11-2019 00_24_31 MainThread DEBUG\ added child1 to 0 index
26-11-2019 00_24_31 MainThread DEBUG\ new best_score found: 0.9817000031471252
26-11-2019 00_24_31 MainThread DEBUG\ All scores [0.9817000031471252, 0.9818999767303467, 0.9819999933242798]
26-11-2019 00_24_31 MainThread DEBUG\ on_generation_end: best_score= 0.9817000031471252 generation_count= 11
26-11-2019 00_24_31 MainThread DEBUG\ history dumped...
26-11-2019 00_24_31 MainThread DEBUG\ Generation End: 11
26-11-2019 00_24_31 MainThread DEBUG\ Generation Start: 12
26-11-2019 00_24_42 MainThread DEBUG\ properties being crossed over: ['optimizer', 'batch_size', 'do_layer_1']
26-11-2019 00_24_42 MainThread DEBUG\ post cross-over individual1 params {'input_size': 784, 'batch_size': 80, 'nodes_layer_1': 500, 'do_layer_1': 0.4, 'activation_layer_1': 'sigmoid', 'lr': 0.001, 'epochs': 3000, 'optimizer': 'adam', 'output_nodes': 10, 'output_activation': 'softmax', 'loss': 'categorical_crossentropy'}
26-11-2019 00_24_42 MainThread DEBUG\ post cross-over individual2 params {'input_size': 784, 'batch_size': 80, 'nodes_layer_1': 500, 'do_layer_1': 0.4, 'activation_layer_1': 'sigmoid', 'lr': 0.001, 'epochs': 3000, 'optimizer': 'adam', 'output_nodes': 10, 'output_activation': 'softmax', 'loss': 'categorical_crossentropy'}
26-11-2019 00_24_42 MainThread DEBUG\ Evaluating params:
{'input_size': 784, 'batch_size': 80, 'nodes_layer_1': 500, 'do_layer_1': 0.4, 'activation_layer_1': 'sigmoid', 'lr': 0.001, 'epochs': 3000, 'optimizer': 'adam', 'output_nodes': 10, 'output_activation': 'softmax', 'loss': 'categorical_crossentropy'}
and
{'input_size': 784, 'batch_size': 80, 'nodes_layer_1': 500, 'do_layer_1': 0.4, 'activation_layer_1': 'sigmoid', 'lr': 0.001, 'epochs': 3000, 'optimizer': 'adam', 'output_nodes': 10, 'output_activation': 'softmax', 'loss': 'categorical_crossentropy'}
26-11-2019 00_26_32 MainThread DEBUG\ train/val errors: 0.008047177605497252 0.0782918289641384
26-11-2019 00_26_32 MainThread DEBUG\ eval test keys: ['loss', 'accuracy']
26-11-2019 00_26_32 MainThread DEBUG\ eval test res: [0.08125873215692118, 0.9799000024795532]
26-11-2019 00_28_55 MainThread DEBUG\ train/val errors: 0.007316309795271428 0.08239018108488785
26-11-2019 00_28_56 MainThread DEBUG\ eval test keys: ['loss', 'accuracy']
26-11-2019 00_28_56 MainThread DEBUG\ eval test res: [0.08160156746201683, 0.9811000227928162]
26-11-2019 00_28_56 MainThread DEBUG\ fitness1 = 0.9799000024795532 and fitness2 = 0.9811000227928162
26-11-2019 00_28_56 MainThread DEBUG\ new best_score found: 0.9811000227928162
26-11-2019 00_28_56 MainThread DEBUG\ All scores [0.9817000031471252, 0.9818999767303467, 0.9819999933242798]
26-11-2019 00_28_56 MainThread DEBUG\ on_generation_end: best_score= 0.9811000227928162 generation_count= 12
26-11-2019 00_28_56 MainThread DEBUG\ history dumped...
26-11-2019 00_28_56 MainThread DEBUG\ Generation End: 12
26-11-2019 00_28_56 MainThread DEBUG\ Generation Start: 13
26-11-2019 00_29_08 MainThread DEBUG\ properties being crossed over: ['lr', 'nodes_layer_1', 'do_layer_1', 'optimizer', 'loss']
26-11-2019 00_29_08 MainThread DEBUG\ post cross-over individual1 params {'input_size': 784, 'batch_size': 80, 'nodes_layer_1': 500, 'do_layer_1': 0.4, 'activation_layer_1': 'sigmoid', 'lr': 0.0001, 'epochs': 3000, 'optimizer': 'adam', 'output_nodes': 10, 'output_activation': 'softmax', 'loss': 'categorical_crossentropy'}
26-11-2019 00_29_08 MainThread DEBUG\ post cross-over individual2 params {'input_size': 784, 'batch_size': 80, 'nodes_layer_1': 500, 'do_layer_1': 0.4, 'activation_layer_1': 'sigmoid', 'lr': 0.001, 'epochs': 3000, 'optimizer': 'adam', 'output_nodes': 10, 'output_activation': 'softmax', 'loss': 'categorical_crossentropy'}
26-11-2019 00_29_08 MainThread DEBUG\ Evaluating params:
{'input_size': 784, 'batch_size': 80, 'nodes_layer_1': 500, 'do_layer_1': 0.4, 'activation_layer_1': 'sigmoid', 'lr': 0.0001, 'epochs': 3000, 'optimizer': 'adam', 'output_nodes': 10, 'output_activation': 'softmax', 'loss': 'categorical_crossentropy'}
and
{'input_size': 784, 'batch_size': 80, 'nodes_layer_1': 500, 'do_layer_1': 0.4, 'activation_layer_1': 'sigmoid', 'lr': 0.001, 'epochs': 3000, 'optimizer': 'adam', 'output_nodes': 10, 'output_activation': 'softmax', 'loss': 'categorical_crossentropy'}
26-11-2019 00_31_15 MainThread DEBUG\ train/val errors: 0.01131561041615593 0.08231773951142612
26-11-2019 00_31_16 MainThread DEBUG\ eval test keys: ['loss', 'accuracy']
26-11-2019 00_31_16 MainThread DEBUG\ eval test res: [0.07658003252030758, 0.9815999865531921]
26-11-2019 00_33_33 MainThread DEBUG\ train/val errors: 0.009472616691131234 0.08140073313248447
26-11-2019 00_33_34 MainThread DEBUG\ eval test keys: ['loss', 'accuracy']
26-11-2019 00_33_34 MainThread DEBUG\ eval test res: [0.07417609851097877, 0.9818999767303467]
26-11-2019 00_33_34 MainThread DEBUG\ fitness1 = 0.9815999865531921 and fitness2 = 0.9818999767303467
26-11-2019 00_33_34 MainThread DEBUG\ added child1 to 0 index
26-11-2019 00_33_34 MainThread DEBUG\ added child2 to 0 index
26-11-2019 00_33_34 MainThread DEBUG\ new best_score found: 0.9818999767303467
26-11-2019 00_33_34 MainThread DEBUG\ All scores [0.9818999767303467, 0.9818999767303467, 0.9819999933242798]
26-11-2019 00_33_34 MainThread DEBUG\ on_generation_end: best_score= 0.9818999767303467 generation_count= 13
26-11-2019 00_33_34 MainThread DEBUG\ history dumped...
26-11-2019 00_33_34 MainThread DEBUG\ Generation End: 13
26-11-2019 00_33_34 MainThread DEBUG\ Generation Start: 14
26-11-2019 00_33_47 MainThread DEBUG\ properties being crossed over: ['optimizer', 'activation_layer_1', 'batch_size', 'do_layer_1']
26-11-2019 00_33_47 MainThread DEBUG\ post cross-over individual1 params {'input_size': 784, 'batch_size': 80, 'nodes_layer_1': 500, 'do_layer_1': 0.4, 'activation_layer_1': 'sigmoid', 'lr': 0.001, 'epochs': 3000, 'optimizer': 'adam', 'output_nodes': 10, 'output_activation': 'softmax', 'loss': 'categorical_crossentropy'}
26-11-2019 00_33_47 MainThread DEBUG\ post cross-over individual2 params {'input_size': 784, 'batch_size': 80, 'nodes_layer_1': 500, 'do_layer_1': 0.4, 'activation_layer_1': 'sigmoid', 'lr': 0.001, 'epochs': 3000, 'optimizer': 'adam', 'output_nodes': 10, 'output_activation': 'softmax', 'loss': 'categorical_crossentropy'}
26-11-2019 00_33_47 MainThread DEBUG\ mutate_key epochs
26-11-2019 00_33_47 MainThread DEBUG\ post mutation params {'input_size': 784, 'batch_size': 80, 'nodes_layer_1': 500, 'do_layer_1': 0.4, 'activation_layer_1': 'sigmoid', 'lr': 0.001, 'epochs': 3000, 'optimizer': 'adam', 'output_nodes': 10, 'output_activation': 'softmax', 'loss': 'categorical_crossentropy'}
26-11-2019 00_33_47 MainThread DEBUG\ plain_mutate {'input_size': 784, 'batch_size': 80, 'nodes_layer_1': 500, 'do_layer_1': 0.4, 'activation_layer_1': 'sigmoid', 'lr': 0.001, 'epochs': 3000, 'optimizer': 'adam', 'output_nodes': 10, 'output_activation': 'softmax', 'loss': 'categorical_crossentropy'}
26-11-2019 00_33_47 MainThread DEBUG\ mutate_key nodes_layer_1
26-11-2019 00_33_47 MainThread DEBUG\ post mutation params {'input_size': 784, 'batch_size': 80, 'nodes_layer_1': 50, 'do_layer_1': 0.4, 'activation_layer_1': 'sigmoid', 'lr': 0.001, 'epochs': 3000, 'optimizer': 'adam', 'output_nodes': 10, 'output_activation': 'softmax', 'loss': 'categorical_crossentropy'}
26-11-2019 00_33_47 MainThread DEBUG\ plain_mutate {'input_size': 784, 'batch_size': 80, 'nodes_layer_1': 50, 'do_layer_1': 0.4, 'activation_layer_1': 'sigmoid', 'lr': 0.001, 'epochs': 3000, 'optimizer': 'adam', 'output_nodes': 10, 'output_activation': 'softmax', 'loss': 'categorical_crossentropy'}
26-11-2019 00_33_47 MainThread DEBUG\ Evaluating params:
{'input_size': 784, 'batch_size': 80, 'nodes_layer_1': 500, 'do_layer_1': 0.4, 'activation_layer_1': 'sigmoid', 'lr': 0.001, 'epochs': 3000, 'optimizer': 'adam', 'output_nodes': 10, 'output_activation': 'softmax', 'loss': 'categorical_crossentropy'}
and
{'input_size': 784, 'batch_size': 80, 'nodes_layer_1': 50, 'do_layer_1': 0.4, 'activation_layer_1': 'sigmoid', 'lr': 0.001, 'epochs': 3000, 'optimizer': 'adam', 'output_nodes': 10, 'output_activation': 'softmax', 'loss': 'categorical_crossentropy'}
26-11-2019 00_36_15 MainThread DEBUG\ train/val errors: 0.009853199601417319 0.07861012085884189
26-11-2019 00_36_16 MainThread DEBUG\ eval test keys: ['loss', 'accuracy']
26-11-2019 00_36_16 MainThread DEBUG\ eval test res: [0.07540354441362287, 0.9811000227928162]
26-11-2019 00_41_05 MainThread DEBUG\ train/val errors: 0.1298052453959272 0.1372583500813279
26-11-2019 00_41_06 MainThread DEBUG\ eval test keys: ['loss', 'accuracy']
26-11-2019 00_41_06 MainThread DEBUG\ eval test res: [0.13025570039306766, 0.9659000039100647]
26-11-2019 00_41_06 MainThread DEBUG\ fitness1 = 0.9811000227928162 and fitness2 = 0.9659000039100647
26-11-2019 00_41_06 MainThread DEBUG\ new best_score found: 0.9811000227928162
26-11-2019 00_41_06 MainThread DEBUG\ All scores [0.9818999767303467, 0.9818999767303467, 0.9819999933242798]
26-11-2019 00_41_06 MainThread DEBUG\ on_generation_end: best_score= 0.9811000227928162 generation_count= 14
26-11-2019 00_41_06 MainThread DEBUG\ history dumped...
26-11-2019 00_41_06 MainThread DEBUG\ Generation End: 14
26-11-2019 00_41_06 MainThread DEBUG\ Generation Start: 15
26-11-2019 00_41_20 MainThread DEBUG\ properties being crossed over: ['activation_layer_1', 'nodes_layer_1', 'do_layer_1', 'loss']
26-11-2019 00_41_20 MainThread DEBUG\ post cross-over individual1 params {'input_size': 784, 'batch_size': 80, 'nodes_layer_1': 500, 'do_layer_1': 0.4, 'activation_layer_1': 'sigmoid', 'lr': 0.001, 'epochs': 3000, 'optimizer': 'adam', 'output_nodes': 10, 'output_activation': 'softmax', 'loss': 'categorical_crossentropy'}
26-11-2019 00_41_20 MainThread DEBUG\ post cross-over individual2 params {'input_size': 784, 'batch_size': 80, 'nodes_layer_1': 500, 'do_layer_1': 0.4, 'activation_layer_1': 'sigmoid', 'lr': 0.001, 'epochs': 3000, 'optimizer': 'adam', 'output_nodes': 10, 'output_activation': 'softmax', 'loss': 'categorical_crossentropy'}
26-11-2019 00_41_20 MainThread DEBUG\ mutate_key activation_layer_1
26-11-2019 00_41_20 MainThread DEBUG\ complete_layer_mutate {'input_size': 784, 'batch_size': 100, 'nodes_layer_1': 10, 'do_layer_1': 0.4, 'activation_layer_1': 'sigmoid', 'lr': 0.001, 'epochs': 3000, 'optimizer': 'adam', 'output_nodes': 10, 'output_activation': 'softmax', 'loss': 'categorical_crossentropy', 'nodes_layer_2': 50, 'do_layer_2': 0.2, 'activation_layer_2': 'sigmoid', 'nodes_layer_3': 80, 'do_layer_3': 0.0, 'activation_layer_3': 'relu'}
26-11-2019 00_41_20 MainThread DEBUG\ mutate_key epochs
26-11-2019 00_41_20 MainThread DEBUG\ post mutation params {'input_size': 784, 'batch_size': 80, 'nodes_layer_1': 500, 'do_layer_1': 0.4, 'activation_layer_1': 'sigmoid', 'lr': 0.001, 'epochs': 3000, 'optimizer': 'adam', 'output_nodes': 10, 'output_activation': 'softmax', 'loss': 'categorical_crossentropy'}
26-11-2019 00_41_20 MainThread DEBUG\ plain_mutate {'input_size': 784, 'batch_size': 80, 'nodes_layer_1': 500, 'do_layer_1': 0.4, 'activation_layer_1': 'sigmoid', 'lr': 0.001, 'epochs': 3000, 'optimizer': 'adam', 'output_nodes': 10, 'output_activation': 'softmax', 'loss': 'categorical_crossentropy'}
26-11-2019 00_41_20 MainThread DEBUG\ Evaluating params:
{'input_size': 784, 'batch_size': 100, 'nodes_layer_1': 10, 'do_layer_1': 0.4, 'activation_layer_1': 'sigmoid', 'lr': 0.001, 'epochs': 3000, 'optimizer': 'adam', 'output_nodes': 10, 'output_activation': 'softmax', 'loss': 'categorical_crossentropy', 'nodes_layer_2': 50, 'do_layer_2': 0.2, 'activation_layer_2': 'sigmoid', 'nodes_layer_3': 80, 'do_layer_3': 0.0, 'activation_layer_3': 'relu'}
and
{'input_size': 784, 'batch_size': 80, 'nodes_layer_1': 500, 'do_layer_1': 0.4, 'activation_layer_1': 'sigmoid', 'lr': 0.001, 'epochs': 3000, 'optimizer': 'adam', 'output_nodes': 10, 'output_activation': 'softmax', 'loss': 'categorical_crossentropy'}
26-11-2019 00_44_02 MainThread DEBUG\ train/val errors: 0.7707686438446953 0.40933126558860145
26-11-2019 00_44_03 MainThread DEBUG\ eval test keys: ['loss', 'accuracy']
26-11-2019 00_44_03 MainThread DEBUG\ eval test res: [0.4382630082368851, 0.887499988079071]
26-11-2019 00_46_45 MainThread DEBUG\ train/val errors: 0.007591498346522539 0.07986101799586322
26-11-2019 00_46_46 MainThread DEBUG\ eval test keys: ['loss', 'accuracy']
26-11-2019 00_46_46 MainThread DEBUG\ eval test res: [0.08183612152112182, 0.9801999926567078]
26-11-2019 00_46_46 MainThread DEBUG\ fitness1 = 0.887499988079071 and fitness2 = 0.9801999926567078
26-11-2019 00_46_46 MainThread DEBUG\ new best_score found: 0.9801999926567078
26-11-2019 00_46_46 MainThread DEBUG\ All scores [0.9818999767303467, 0.9818999767303467, 0.9819999933242798]
