23-11-2019 23_30_15 MainThread INFO\ Initialized logging at path ./ga_23-11-2019_23_30_15.log
23-11-2019 23_31_10 MainThread DEBUG\ errors: 0.0015590244604806816 0.0836057701788377
23-11-2019 23_31_11 MainThread DEBUG\ test keys: ['loss', 'accuracy']
23-11-2019 23_31_11 MainThread DEBUG\ test res: [0.08211297506500778, 0.9804999828338623]
23-11-2019 23_31_53 MainThread DEBUG\ errors: 0.014990246559339409 0.08308302720193751
23-11-2019 23_31_53 MainThread DEBUG\ test keys: ['loss', 'accuracy']
23-11-2019 23_31_53 MainThread DEBUG\ test res: [0.07835196154848527, 0.9811999797821045]
23-11-2019 23_32_44 MainThread DEBUG\ errors: 0.009632631608214329 0.08185294631241252
23-11-2019 23_32_45 MainThread DEBUG\ test keys: ['loss', 'accuracy']
23-11-2019 23_32_45 MainThread DEBUG\ test res: [0.09558529395107841, 0.9811000227928162]
23-11-2019 23_32_45 MainThread DEBUG\ Generation number: 0
23-11-2019 23_32_45 MainThread DEBUG\ properties being crossed over: ['nodes_layer_2', 'lr', 'epochs', 'activation_layer_1', 'batch_size']
23-11-2019 23_33_28 MainThread DEBUG\ errors: 0.014860445913758928 0.08253291806322523
23-11-2019 23_33_28 MainThread DEBUG\ test keys: ['loss', 'accuracy']
23-11-2019 23_33_28 MainThread DEBUG\ test res: [0.08629302803236932, 0.9814000129699707]
23-11-2019 23_34_10 MainThread DEBUG\ errors: 0.008711143687661595 0.09643865609860465
23-11-2019 23_34_10 MainThread DEBUG\ test keys: ['loss', 'accuracy']
23-11-2019 23_34_10 MainThread DEBUG\ test res: [0.09053153501063539, 0.9828000068664551]
23-11-2019 23_34_10 MainThread DEBUG\ All scores [-0.08211297506500778, -0.07835196154848527, -0.09053153501063539]
23-11-2019 23_34_10 MainThread DEBUG\ on_generation_end: best_score= -0.08629302803236932 generation_count= 0
23-11-2019 23_34_10 MainThread DEBUG\ history dumped...
23-11-2019 23_34_10 MainThread DEBUG\ Generation End 1
23-11-2019 23_34_10 MainThread DEBUG\ Generation number: 1
23-11-2019 23_34_10 MainThread DEBUG\ properties being crossed over: ['lr', 'activation_layer_1', 'nodes_layer_1']
23-11-2019 23_35_14 MainThread DEBUG\ errors: 0.013860708410086643 0.09193664920108859
23-11-2019 23_35_14 MainThread DEBUG\ test keys: ['loss', 'accuracy']
23-11-2019 23_35_14 MainThread DEBUG\ test res: [0.08419631586152129, 0.9805999994277954]
23-11-2019 23_35_48 MainThread DEBUG\ errors: 0.002542111358603246 0.08183677757158875
23-11-2019 23_35_49 MainThread DEBUG\ test keys: ['loss', 'accuracy']
23-11-2019 23_35_49 MainThread DEBUG\ test res: [0.07929743595379582, 0.9821000099182129]
23-11-2019 23_35_49 MainThread DEBUG\ mutate_key activation_layer_1
23-11-2019 23_35_49 MainThread DEBUG\ plain_mutate {'input_size': 784, 'batch_size': 120, 'nodes_layer_1': 500, 'do_layer_1': 0.3, 'activation_layer_1': 'sigmoid', 'lr': 1e-05, 'epochs': 3000, 'optimizer': 'adam', 'output_nodes': 10, 'output_activation': 'softmax', 'loss': 'categorical_crossentropy', 'nodes_layer_2': 100, 'do_layer_2': 0.1, 'activation_layer_2': 'sigmoid', 'nodes_layer_3': 700, 'do_layer_3': 0.2, 'activation_layer_3': 'relu'}
23-11-2019 23_35_49 MainThread DEBUG\ mutate_key epochs
23-11-2019 23_35_49 MainThread DEBUG\ plain_mutate {'input_size': 784, 'batch_size': 120, 'nodes_layer_1': 500, 'do_layer_1': 0.1, 'activation_layer_1': 'relu', 'lr': 1e-05, 'epochs': 3000, 'optimizer': 'adam', 'output_nodes': 10, 'output_activation': 'softmax', 'loss': 'categorical_crossentropy'}
23-11-2019 23_36_49 MainThread DEBUG\ errors: 0.012652431441716284 0.08740510364295914
23-11-2019 23_36_50 MainThread DEBUG\ test keys: ['loss', 'accuracy']
23-11-2019 23_36_50 MainThread DEBUG\ test res: [0.10246177592253676, 0.9818000197410583]
23-11-2019 23_37_24 MainThread DEBUG\ errors: 0.002601531659207207 0.07953366477818538
23-11-2019 23_37_24 MainThread DEBUG\ test keys: ['loss', 'accuracy']
23-11-2019 23_37_24 MainThread DEBUG\ test res: [0.10471600453224551, 0.977400004863739]
23-11-2019 23_37_24 MainThread DEBUG\ All scores [-0.08211297506500778, -0.07835196154848527, -0.09053153501063539]
23-11-2019 23_37_24 MainThread DEBUG\ on_generation_end: best_score= -0.10246177592253676 generation_count= 1
23-11-2019 23_37_24 MainThread DEBUG\ history dumped...
23-11-2019 23_37_24 MainThread DEBUG\ Generation End 2
23-11-2019 23_37_24 MainThread DEBUG\ Generation number: 2
23-11-2019 23_37_24 MainThread DEBUG\ properties being crossed over: ['activation_layer_2', 'do_layer_3', 'epochs', 'batch_size']
23-11-2019 23_38_29 MainThread DEBUG\ errors: 0.012766671553254127 0.08725368964136578
23-11-2019 23_38_29 MainThread DEBUG\ test keys: ['loss', 'accuracy']
23-11-2019 23_38_29 MainThread DEBUG\ test res: [0.09756871823947395, 0.9814000129699707]
23-11-2019 23_39_28 MainThread DEBUG\ errors: 0.0057352755904893065 0.10561983960994742
23-11-2019 23_39_28 MainThread DEBUG\ test keys: ['loss', 'accuracy']
23-11-2019 23_39_28 MainThread DEBUG\ test res: [0.10676321596229828, 0.9825999736785889]
23-11-2019 23_39_28 MainThread DEBUG\ mutate_key epochs
23-11-2019 23_39_28 MainThread DEBUG\ plain_mutate {'input_size': 784, 'batch_size': 120, 'nodes_layer_1': 500, 'do_layer_1': 0.3, 'activation_layer_1': 'sigmoid', 'lr': 1e-05, 'epochs': 3000, 'optimizer': 'adam', 'output_nodes': 10, 'output_activation': 'softmax', 'loss': 'categorical_crossentropy', 'nodes_layer_2': 100, 'do_layer_2': 0.1, 'activation_layer_2': 'sigmoid', 'nodes_layer_3': 700, 'do_layer_3': 0.2, 'activation_layer_3': 'relu'}
23-11-2019 23_39_28 MainThread DEBUG\ mutate_key activation_layer_2
23-11-2019 23_39_28 MainThread DEBUG\ complete_layer_mutate {'input_size': 784, 'batch_size': 100, 'nodes_layer_1': 900, 'do_layer_1': 0.0, 'activation_layer_1': 'relu', 'lr': 1e-06, 'epochs': 3000, 'optimizer': 'adam', 'output_nodes': 10, 'output_activation': 'softmax', 'loss': 'categorical_crossentropy', 'nodes_layer_2': 100, 'do_layer_2': 0.1, 'activation_layer_2': 'sigmoid', 'nodes_layer_3': 700, 'do_layer_3': 0.2, 'activation_layer_3': 'relu'}
23-11-2019 23_40_19 MainThread DEBUG\ errors: 0.004623336077950821 0.08648426127345171
23-11-2019 23_40_20 MainThread DEBUG\ test keys: ['loss', 'accuracy']
23-11-2019 23_40_20 MainThread DEBUG\ test res: [0.10896093247014482, 0.980400025844574]
23-11-2019 23_41_07 MainThread DEBUG\ errors: 0.0011447223512702702 0.11718762394821579
23-11-2019 23_41_08 MainThread DEBUG\ test keys: ['loss', 'accuracy']
23-11-2019 23_41_08 MainThread DEBUG\ test res: [0.12859301269480944, 0.9819999933242798]
23-11-2019 23_41_08 MainThread DEBUG\ All scores [-0.08211297506500778, -0.07835196154848527, -0.09053153501063539]
23-11-2019 23_41_08 MainThread DEBUG\ on_generation_end: best_score= -0.10896093247014482 generation_count= 2
23-11-2019 23_41_08 MainThread DEBUG\ history dumped...
23-11-2019 23_41_08 MainThread DEBUG\ Generation End 3
23-11-2019 23_41_08 MainThread DEBUG\ Generation number: 3
23-11-2019 23_41_08 MainThread DEBUG\ properties being crossed over: ['activation_layer_3', 'do_layer_2', 'activation_layer_1', 'nodes_layer_1', 'batch_size']
23-11-2019 23_42_07 MainThread DEBUG\ errors: 0.0028412955909242923 0.0907450142615643
23-11-2019 23_42_07 MainThread DEBUG\ test keys: ['loss', 'accuracy']
23-11-2019 23_42_07 MainThread DEBUG\ test res: [0.09515960753162696, 0.9811000227928162]
23-11-2019 23_43_16 MainThread DEBUG\ errors: 0.00042206832671572516 0.1124868156001412
23-11-2019 23_43_16 MainThread DEBUG\ test keys: ['loss', 'accuracy']
23-11-2019 23_43_16 MainThread DEBUG\ test res: [0.1282107681396561, 0.98089998960495]
23-11-2019 23_43_16 MainThread DEBUG\ All scores [-0.08211297506500778, -0.07835196154848527, -0.09515960753162696]
23-11-2019 23_43_16 MainThread DEBUG\ on_generation_end: best_score= -0.09515960753162696 generation_count= 3
23-11-2019 23_43_16 MainThread DEBUG\ history dumped...
23-11-2019 23_43_16 MainThread DEBUG\ Generation End 4
23-11-2019 23_43_16 MainThread DEBUG\ Generation number: 4
23-11-2019 23_43_16 MainThread DEBUG\ properties being crossed over: ['do_layer_2', 'optimizer', 'do_layer_3', 'do_layer_1', 'batch_size']
23-11-2019 23_44_12 MainThread DEBUG\ errors: 0.003046959803453406 0.09725736698892433
23-11-2019 23_44_13 MainThread DEBUG\ test keys: ['loss', 'accuracy']
23-11-2019 23_44_13 MainThread DEBUG\ test res: [0.08986884718499778, 0.98089998960495]
23-11-2019 23_44_55 MainThread DEBUG\ errors: 0.0010897234179827549 0.11162581056183475
23-11-2019 23_44_55 MainThread DEBUG\ test keys: ['loss', 'accuracy']
23-11-2019 23_44_55 MainThread DEBUG\ test res: [0.11844413774041189, 0.9794999957084656]
23-11-2019 23_44_55 MainThread DEBUG\ mutate_key activation_layer_3
23-11-2019 23_44_55 MainThread DEBUG\ complete_layer_mutate {'input_size': 784, 'batch_size': 100, 'nodes_layer_1': 900, 'do_layer_1': 0.2, 'activation_layer_1': 'sigmoid', 'lr': 1e-06, 'epochs': 3000, 'optimizer': 'adam', 'output_nodes': 10, 'output_activation': 'softmax', 'loss': 'categorical_crossentropy', 'nodes_layer_2': 500, 'do_layer_2': 0.2, 'activation_layer_2': 'sigmoid', 'nodes_layer_3': 700, 'do_layer_3': 0.2, 'activation_layer_3': 'relu'}
23-11-2019 23_44_55 MainThread DEBUG\ mutate_key do_layer_1
23-11-2019 23_44_55 MainThread DEBUG\ plain_mutate {'input_size': 784, 'batch_size': 100, 'nodes_layer_1': 900, 'do_layer_1': 0.2, 'activation_layer_1': 'sigmoid', 'lr': 1e-06, 'epochs': 3000, 'optimizer': 'adam', 'output_nodes': 10, 'output_activation': 'softmax', 'loss': 'categorical_crossentropy', 'nodes_layer_2': 500, 'do_layer_2': 0.2, 'activation_layer_2': 'sigmoid', 'nodes_layer_3': 700, 'do_layer_3': 0.2, 'activation_layer_3': 'relu'}
23-11-2019 23_46_08 MainThread DEBUG\ errors: 0.009787844120520667 0.09109563730340192
23-11-2019 23_46_09 MainThread DEBUG\ test keys: ['loss', 'accuracy']
23-11-2019 23_46_09 MainThread DEBUG\ test res: [0.11284220926039414, 0.9807999730110168]
23-11-2019 23_46_56 MainThread DEBUG\ errors: 0.0048045589665107295 0.11966525553124888
23-11-2019 23_46_56 MainThread DEBUG\ test keys: ['loss', 'accuracy']
23-11-2019 23_46_56 MainThread DEBUG\ test res: [0.11677465751155978, 0.9825000166893005]
23-11-2019 23_46_56 MainThread DEBUG\ All scores [-0.08211297506500778, -0.07835196154848527, -0.09515960753162696]
23-11-2019 23_46_56 MainThread DEBUG\ on_generation_end: best_score= -0.11284220926039414 generation_count= 4
23-11-2019 23_46_56 MainThread DEBUG\ history dumped...
23-11-2019 23_46_56 MainThread DEBUG\ Generation End 5
23-11-2019 23_46_56 MainThread DEBUG\ Generation number: 5
23-11-2019 23_46_56 MainThread DEBUG\ properties being crossed over: ['do_layer_3', 'nodes_layer_2', 'do_layer_1', 'loss']
23-11-2019 23_48_20 MainThread DEBUG\ errors: 0.007962621466173828 0.09315998485738722
23-11-2019 23_48_21 MainThread DEBUG\ test keys: ['loss', 'accuracy']
23-11-2019 23_48_21 MainThread DEBUG\ test res: [0.10726966233187227, 0.9797999858856201]
23-11-2019 23_49_13 MainThread DEBUG\ errors: 0.004494661768886454 0.13630685866408687
23-11-2019 23_49_14 MainThread DEBUG\ test keys: ['loss', 'accuracy']
23-11-2019 23_49_14 MainThread DEBUG\ test res: [0.129388913559822, 0.9814000129699707]
23-11-2019 23_49_14 MainThread DEBUG\ All scores [-0.08211297506500778, -0.07835196154848527, -0.10726966233187227]
23-11-2019 23_49_14 MainThread DEBUG\ on_generation_end: best_score= -0.10726966233187227 generation_count= 5
23-11-2019 23_49_14 MainThread DEBUG\ history dumped...
23-11-2019 23_49_14 MainThread DEBUG\ Generation End 6
23-11-2019 23_49_14 MainThread DEBUG\ Generation number: 6
23-11-2019 23_49_14 MainThread DEBUG\ properties being crossed over: ['lr', 'epochs', 'batch_size']
23-11-2019 23_50_27 MainThread DEBUG\ errors: 0.008111073503397554 0.09385623682911197
23-11-2019 23_50_27 MainThread DEBUG\ test keys: ['loss', 'accuracy']
23-11-2019 23_50_27 MainThread DEBUG\ test res: [0.11620707349514055, 0.9812999963760376]
23-11-2019 23_51_15 MainThread DEBUG\ errors: 0.0028616745955419207 0.08201316080570299
23-11-2019 23_51_15 MainThread DEBUG\ test keys: ['loss', 'accuracy']
23-11-2019 23_51_15 MainThread DEBUG\ test res: [0.09004432421241093, 0.9821000099182129]
23-11-2019 23_51_15 MainThread DEBUG\ All scores [-0.08211297506500778, -0.07835196154848527, -0.09004432421241093]
23-11-2019 23_51_15 MainThread DEBUG\ on_generation_end: best_score= -0.09004432421241093 generation_count= 6
23-11-2019 23_51_15 MainThread DEBUG\ history dumped...
23-11-2019 23_51_15 MainThread DEBUG\ Generation End 7
23-11-2019 23_51_15 MainThread DEBUG\ Generation number: 7
23-11-2019 23_51_15 MainThread DEBUG\ properties being crossed over: ['activation_layer_1', 'optimizer']
23-11-2019 23_52_06 MainThread DEBUG\ errors: 0.00892746289725827 0.08421622021046157
23-11-2019 23_52_07 MainThread DEBUG\ test keys: ['loss', 'accuracy']
23-11-2019 23_52_07 MainThread DEBUG\ test res: [0.0968565037045924, 0.9821000099182129]
23-11-2019 23_53_12 MainThread DEBUG\ errors: 0.002429064954222191 0.08239639519177015
23-11-2019 23_53_13 MainThread DEBUG\ test keys: ['loss', 'accuracy']
23-11-2019 23_53_13 MainThread DEBUG\ test res: [0.08470759195321734, 0.9799000024795532]
23-11-2019 23_53_13 MainThread DEBUG\ mutate_key activation_layer_1
23-11-2019 23_53_13 MainThread DEBUG\ complete_layer_mutate {'input_size': 784, 'batch_size': 100, 'nodes_layer_1': 900, 'do_layer_1': 0.1, 'activation_layer_1': 'sigmoid', 'lr': 1e-06, 'epochs': 3000, 'optimizer': 'adam', 'output_nodes': 10, 'output_activation': 'softmax', 'loss': 'categorical_crossentropy', 'nodes_layer_2': 300, 'do_layer_2': 0.4, 'activation_layer_2': 'sigmoid', 'nodes_layer_3': 700, 'do_layer_3': 0.2, 'activation_layer_3': 'relu'}
23-11-2019 23_53_13 MainThread DEBUG\ mutate_key epochs
23-11-2019 23_53_13 MainThread DEBUG\ plain_mutate {'input_size': 784, 'batch_size': 100, 'nodes_layer_1': 500, 'do_layer_1': 0.1, 'activation_layer_1': 'sigmoid', 'lr': 1e-06, 'epochs': 3000, 'optimizer': 'adam', 'output_nodes': 10, 'output_activation': 'softmax', 'loss': 'categorical_crossentropy'}
23-11-2019 23_54_24 MainThread DEBUG\ errors: 0.009780641377117372 0.09699619817644513
23-11-2019 23_54_25 MainThread DEBUG\ test keys: ['loss', 'accuracy']
23-11-2019 23_54_25 MainThread DEBUG\ test res: [0.13315911153361829, 0.9794999957084656]
23-11-2019 23_55_29 MainThread DEBUG\ errors: 0.002536424646677915 0.08539207912852159
23-11-2019 23_55_29 MainThread DEBUG\ test keys: ['loss', 'accuracy']
23-11-2019 23_55_29 MainThread DEBUG\ test res: [0.08176214285241586, 0.9800999760627747]
23-11-2019 23_55_29 MainThread DEBUG\ All scores [-0.08211297506500778, -0.07835196154848527, -0.08176214285241586]
23-11-2019 23_55_29 MainThread DEBUG\ on_generation_end: best_score= -0.08176214285241586 generation_count= 7
23-11-2019 23_55_29 MainThread DEBUG\ history dumped...
23-11-2019 23_55_29 MainThread DEBUG\ Generation End 8
23-11-2019 23_55_29 MainThread DEBUG\ Generation number: 8
23-11-2019 23_55_29 MainThread DEBUG\ properties being crossed over: ['activation_layer_1']
23-11-2019 23_56_44 MainThread DEBUG\ errors: 0.01163625341032457 0.0915951271295651
23-11-2019 23_56_44 MainThread DEBUG\ test keys: ['loss', 'accuracy']
23-11-2019 23_56_44 MainThread DEBUG\ test res: [0.10221196730384605, 0.9811999797821045]
23-11-2019 23_57_53 MainThread DEBUG\ errors: 0.0014674057263099323 0.08304148753975621
23-11-2019 23_57_53 MainThread DEBUG\ test keys: ['loss', 'accuracy']
23-11-2019 23_57_53 MainThread DEBUG\ test res: [0.0806515368648681, 0.98089998960495]
23-11-2019 23_57_53 MainThread DEBUG\ mutate_key activation_layer_1
23-11-2019 23_57_53 MainThread DEBUG\ plain_mutate {'input_size': 784, 'batch_size': 100, 'nodes_layer_1': 900, 'do_layer_1': 0.1, 'activation_layer_1': 'relu', 'lr': 1e-06, 'epochs': 3000, 'optimizer': 'adam', 'output_nodes': 10, 'output_activation': 'softmax', 'loss': 'categorical_crossentropy', 'nodes_layer_2': 300, 'do_layer_2': 0.4, 'activation_layer_2': 'sigmoid', 'nodes_layer_3': 700, 'do_layer_3': 0.2, 'activation_layer_3': 'relu'}
23-11-2019 23_57_53 MainThread DEBUG\ mutate_key do_layer_1
23-11-2019 23_57_54 MainThread DEBUG\ complete_layer_mutate {'input_size': 784, 'batch_size': 100, 'nodes_layer_1': 200, 'do_layer_1': 0.4, 'activation_layer_1': 'relu', 'lr': 1e-06, 'epochs': 3000, 'optimizer': 'adam', 'output_nodes': 10, 'output_activation': 'softmax', 'loss': 'categorical_crossentropy', 'nodes_layer_2': 100, 'do_layer_2': 0.1, 'activation_layer_2': 'relu', 'nodes_layer_3': 700, 'do_layer_3': 0.2, 'activation_layer_3': 'relu'}
23-11-2019 23_58_55 MainThread DEBUG\ errors: 0.009184564086085412 0.08830055752251711
23-11-2019 23_58_55 MainThread DEBUG\ test keys: ['loss', 'accuracy']
23-11-2019 23_58_55 MainThread DEBUG\ test res: [0.09697528818513242, 0.9825000166893005]
24-11-2019 00_00_49 MainThread DEBUG\ errors: 0.031450981224701365 0.08706676558196907
24-11-2019 00_00_50 MainThread DEBUG\ test keys: ['loss', 'accuracy']
24-11-2019 00_00_50 MainThread DEBUG\ test res: [0.08797729348633175, 0.9804999828338623]
24-11-2019 00_00_50 MainThread DEBUG\ All scores [-0.08211297506500778, -0.07835196154848527, -0.08176214285241586]
24-11-2019 00_00_50 MainThread DEBUG\ on_generation_end: best_score= -0.08797729348633175 generation_count= 8
24-11-2019 00_00_50 MainThread DEBUG\ history dumped...
24-11-2019 00_00_50 MainThread DEBUG\ Generation End 9
24-11-2019 00_00_50 MainThread DEBUG\ Generation number: 9
24-11-2019 00_00_50 MainThread DEBUG\ properties being crossed over: ['activation_layer_2', 'do_layer_3', 'epochs', 'loss']
24-11-2019 00_02_05 MainThread DEBUG\ errors: 0.008290290094572854 0.08310494690619331
24-11-2019 00_02_05 MainThread DEBUG\ test keys: ['loss', 'accuracy']
24-11-2019 00_02_05 MainThread DEBUG\ test res: [0.1063841912147524, 0.98089998960495]
24-11-2019 00_02_59 MainThread DEBUG\ errors: 0.0030336774326952666 0.12498697246865262
24-11-2019 00_02_59 MainThread DEBUG\ test keys: ['loss', 'accuracy']
24-11-2019 00_02_59 MainThread DEBUG\ test res: [0.11611383158679728, 0.9811000227928162]
24-11-2019 00_02_59 MainThread DEBUG\ All scores [-0.08211297506500778, -0.07835196154848527, -0.08176214285241586]
24-11-2019 00_02_59 MainThread DEBUG\ on_generation_end: best_score= -0.1063841912147524 generation_count= 9
24-11-2019 00_02_59 MainThread DEBUG\ history dumped...
24-11-2019 00_02_59 MainThread DEBUG\ Generation End 10
24-11-2019 00_02_59 MainThread DEBUG\ Generation number: 10
24-11-2019 00_02_59 MainThread DEBUG\ properties being crossed over: ['lr', 'do_layer_2', 'optimizer', 'activation_layer_1', 'do_layer_1']
24-11-2019 00_04_06 MainThread DEBUG\ errors: 0.010341462586187672 0.08554365255258745
24-11-2019 00_04_07 MainThread DEBUG\ test keys: ['loss', 'accuracy']
24-11-2019 00_04_07 MainThread DEBUG\ test res: [0.10767711420295445, 0.9800000190734863]
24-11-2019 00_04_55 MainThread DEBUG\ errors: 0.004654476812173414 0.11628000720834532
24-11-2019 00_04_56 MainThread DEBUG\ test keys: ['loss', 'accuracy']
24-11-2019 00_04_56 MainThread DEBUG\ test res: [0.10573474452881042, 0.9817000031471252]
24-11-2019 00_04_56 MainThread DEBUG\ All scores [-0.10573474452881042, -0.07835196154848527, -0.08176214285241586]
24-11-2019 00_04_56 MainThread DEBUG\ on_generation_end: best_score= -0.10573474452881042 generation_count= 10
24-11-2019 00_04_56 MainThread DEBUG\ history dumped...
24-11-2019 00_04_56 MainThread DEBUG\ Generation End 11
24-11-2019 00_04_56 MainThread DEBUG\ Generation number: 11
24-11-2019 00_04_56 MainThread DEBUG\ properties being crossed over: ['lr', 'epochs', 'optimizer', 'batch_size']
24-11-2019 00_06_01 MainThread DEBUG\ errors: 0.008972896589550925 0.08661993942045633
24-11-2019 00_06_01 MainThread DEBUG\ test keys: ['loss', 'accuracy']
24-11-2019 00_06_01 MainThread DEBUG\ test res: [0.08999847272707315, 0.982200026512146]
24-11-2019 00_07_31 MainThread DEBUG\ errors: 0.003223806321989557 0.11993413884837435
24-11-2019 00_07_32 MainThread DEBUG\ test keys: ['loss', 'accuracy']
24-11-2019 00_07_32 MainThread DEBUG\ test res: [0.11745880348561832, 0.9848999977111816]
24-11-2019 00_07_32 MainThread DEBUG\ All scores [-0.08999847272707315, -0.07835196154848527, -0.08176214285241586]
24-11-2019 00_07_32 MainThread DEBUG\ on_generation_end: best_score= -0.08999847272707315 generation_count= 11
24-11-2019 00_07_32 MainThread DEBUG\ history dumped...
24-11-2019 00_07_32 MainThread DEBUG\ Generation End 12
24-11-2019 00_07_32 MainThread DEBUG\ Generation number: 12
24-11-2019 00_07_32 MainThread DEBUG\ properties being crossed over: ['lr', 'nodes_layer_2', 'do_layer_1', 'batch_size']
24-11-2019 00_08_56 MainThread DEBUG\ errors: 0.017410628256038764 0.08032223099891983
24-11-2019 00_08_57 MainThread DEBUG\ test keys: ['loss', 'accuracy']
24-11-2019 00_08_57 MainThread DEBUG\ test res: [0.07262300599073569, 0.9836999773979187]
24-11-2019 00_09_48 MainThread DEBUG\ errors: 0.01514860548746323 0.09805985619443365
