28-11-2019 10_02_31 MainThread INFO\ Initialized logging at path ./ga_28-11-2019_10_02_31.log
28-11-2019 10_02_33 MainThread DEBUG\ Initial population :
28-11-2019 10_02_33 MainThread DEBUG\ 0 => {'input_size': 784, 'batch_size': 100, 'nodes_layer_1': 500, 'do_layer_1': 0.3, 'activation_layer_1': 'sigmoid', 'lr': 0.0001, 'epochs': 3000, 'optimizer': 'rmsprop', 'output_nodes': 10, 'output_activation': 'softmax', 'loss': 'categorical_crossentropy'} 

28-11-2019 10_02_33 MainThread DEBUG\ 1 => {'input_size': 784, 'batch_size': 80, 'nodes_layer_1': 10, 'do_layer_1': 0.3, 'activation_layer_1': 'relu', 'lr': 0.01, 'epochs': 3000, 'optimizer': 'adam', 'output_nodes': 10, 'output_activation': 'softmax', 'loss': 'categorical_crossentropy', 'nodes_layer_2': 60, 'do_layer_2': 0.3, 'activation_layer_2': 'relu'} 

28-11-2019 10_02_33 MainThread DEBUG\ 2 => {'input_size': 784, 'batch_size': 80, 'nodes_layer_1': 60, 'do_layer_1': 0.3, 'activation_layer_1': 'sigmoid', 'lr': 0.0001, 'epochs': 3000, 'optimizer': 'sgd', 'output_nodes': 10, 'output_activation': 'softmax', 'loss': 'categorical_crossentropy', 'nodes_layer_2': 10, 'do_layer_2': 0.2, 'activation_layer_2': 'relu', 'nodes_layer_3': 80, 'do_layer_3': 0.1, 'activation_layer_3': 'relu'} 

28-11-2019 10_03_22 MainThread DEBUG\ train/val errors: 0.015583271264871915 0.0901139343057164
28-11-2019 10_03_22 MainThread DEBUG\ eval test keys: ['loss', 'accuracy']
28-11-2019 10_03_22 MainThread DEBUG\ eval test res: [0.07810988779581167, 0.9811999797821045]
28-11-2019 10_04_29 MainThread DEBUG\ train/val errors: 0.5822229242324829 0.34872975137498646
28-11-2019 10_04_30 MainThread DEBUG\ eval test keys: ['loss', 'accuracy']
28-11-2019 10_04_30 MainThread DEBUG\ eval test res: [0.35133572852611544, 0.9013000130653381]
28-11-2019 10_17_29 MainThread DEBUG\ train/val errors: 0.2602729973622731 0.16084590139488378
28-11-2019 10_17_30 MainThread DEBUG\ eval test keys: ['loss', 'accuracy']
28-11-2019 10_17_30 MainThread DEBUG\ eval test res: [0.15826691437810658, 0.9563999772071838]
28-11-2019 10_17_30 MainThread DEBUG\ initial population scores [0.9811999797821045, 0.9013000130653381, 0.9563999772071838]
28-11-2019 10_17_30 MainThread DEBUG\ Generation Start: 0
28-11-2019 10_17_30 MainThread DEBUG\ calling selection recursive 1 3
28-11-2019 10_17_30 MainThread DEBUG\ calling selection recursive 1 3
28-11-2019 10_17_32 MainThread DEBUG\ sorted params: []
28-11-2019 10_17_32 MainThread DEBUG\ properties being crossed over: ['activation_layer_1', 'optimizer', 'do_layer_1', 'loss']
28-11-2019 10_17_32 MainThread DEBUG\ post cross-over individual1 params {'input_size': 784, 'batch_size': 100, 'nodes_layer_1': 500, 'do_layer_1': 0.3, 'activation_layer_1': 'sigmoid', 'lr': 0.0001, 'epochs': 3000, 'optimizer': 'sgd', 'output_nodes': 10, 'output_activation': 'softmax', 'loss': 'categorical_crossentropy'}
28-11-2019 10_17_32 MainThread DEBUG\ post cross-over individual2 params {'input_size': 784, 'batch_size': 80, 'nodes_layer_1': 60, 'do_layer_1': 0.3, 'activation_layer_1': 'sigmoid', 'lr': 0.0001, 'epochs': 3000, 'optimizer': 'rmsprop', 'output_nodes': 10, 'output_activation': 'softmax', 'loss': 'categorical_crossentropy', 'nodes_layer_2': 10, 'do_layer_2': 0.2, 'activation_layer_2': 'relu', 'nodes_layer_3': 80, 'do_layer_3': 0.1, 'activation_layer_3': 'relu'}
28-11-2019 10_17_32 MainThread DEBUG\ Evaluating params:
{'input_size': 784, 'batch_size': 100, 'nodes_layer_1': 500, 'do_layer_1': 0.3, 'activation_layer_1': 'sigmoid', 'lr': 0.0001, 'epochs': 3000, 'optimizer': 'sgd', 'output_nodes': 10, 'output_activation': 'softmax', 'loss': 'categorical_crossentropy'}
and
{'input_size': 784, 'batch_size': 80, 'nodes_layer_1': 60, 'do_layer_1': 0.3, 'activation_layer_1': 'sigmoid', 'lr': 0.0001, 'epochs': 3000, 'optimizer': 'rmsprop', 'output_nodes': 10, 'output_activation': 'softmax', 'loss': 'categorical_crossentropy', 'nodes_layer_2': 10, 'do_layer_2': 0.2, 'activation_layer_2': 'relu', 'nodes_layer_3': 80, 'do_layer_3': 0.1, 'activation_layer_3': 'relu'}
28-11-2019 10_26_36 MainThread DEBUG\ train/val errors: 0.15515293511783793 0.1551054426572389
28-11-2019 10_26_37 MainThread DEBUG\ eval test keys: ['loss', 'accuracy']
28-11-2019 10_26_37 MainThread DEBUG\ eval test res: [0.14149188469797372, 0.9574999809265137]
28-11-2019 10_28_43 MainThread DEBUG\ train/val errors: 0.20249578120098227 0.15535825763725572
28-11-2019 10_28_44 MainThread DEBUG\ eval test keys: ['loss', 'accuracy']
28-11-2019 10_28_44 MainThread DEBUG\ eval test res: [0.14884376355595888, 0.9635000228881836]
28-11-2019 10_28_44 MainThread DEBUG\ fitness1 = 0.9574999809265137, fitness2 = 0.9635000228881836 and prev_best = 0.9811999797821045
28-11-2019 10_28_44 MainThread DEBUG\ current generation score: 0.9635000228881836
28-11-2019 10_28_44 MainThread DEBUG\ All scores [0.9811999797821045, 0.9013000130653381, 0.9563999772071838]
28-11-2019 10_28_44 MainThread DEBUG\ on_generation_end: best_score= 0.9635000228881836 generation_count= 0
28-11-2019 10_28_44 MainThread DEBUG\ history dumped...
28-11-2019 10_28_44 MainThread DEBUG\ current gen update params: {'activation_layer_1', 'optimizer', 'do_layer_1', 'loss'}
28-11-2019 10_28_44 MainThread DEBUG\ curr gen updated param after clear set()
28-11-2019 10_28_44 MainThread DEBUG\ Generation End: 0
28-11-2019 10_28_44 MainThread DEBUG\ Generation Start: 1
28-11-2019 10_28_44 MainThread DEBUG\ calling selection recursive 1 3
28-11-2019 10_28_46 MainThread DEBUG\ sorted params: [('activation_layer_1', -0.0176999568939209), ('optimizer', -0.0176999568939209), ('do_layer_1', -0.0176999568939209), ('loss', -0.0176999568939209)]
28-11-2019 10_28_46 MainThread DEBUG\ selected imp_params ['activation_layer_1', 'optimizer', 'do_layer_1']
28-11-2019 10_28_46 MainThread DEBUG\ properties being crossed over: ['activation_layer_1', 'optimizer', 'do_layer_1']
28-11-2019 10_28_46 MainThread DEBUG\ post cross-over individual1 params {'input_size': 784, 'batch_size': 100, 'nodes_layer_1': 500, 'do_layer_1': 0.3, 'activation_layer_1': 'relu', 'lr': 0.0001, 'epochs': 3000, 'optimizer': 'adam', 'output_nodes': 10, 'output_activation': 'softmax', 'loss': 'categorical_crossentropy'}
28-11-2019 10_28_46 MainThread DEBUG\ post cross-over individual2 params {'input_size': 784, 'batch_size': 80, 'nodes_layer_1': 10, 'do_layer_1': 0.3, 'activation_layer_1': 'sigmoid', 'lr': 0.01, 'epochs': 3000, 'optimizer': 'rmsprop', 'output_nodes': 10, 'output_activation': 'softmax', 'loss': 'categorical_crossentropy', 'nodes_layer_2': 60, 'do_layer_2': 0.3, 'activation_layer_2': 'relu'}
28-11-2019 10_28_46 MainThread DEBUG\ Evaluating params:
{'input_size': 784, 'batch_size': 100, 'nodes_layer_1': 500, 'do_layer_1': 0.3, 'activation_layer_1': 'relu', 'lr': 0.0001, 'epochs': 3000, 'optimizer': 'adam', 'output_nodes': 10, 'output_activation': 'softmax', 'loss': 'categorical_crossentropy'}
and
{'input_size': 784, 'batch_size': 80, 'nodes_layer_1': 10, 'do_layer_1': 0.3, 'activation_layer_1': 'sigmoid', 'lr': 0.01, 'epochs': 3000, 'optimizer': 'rmsprop', 'output_nodes': 10, 'output_activation': 'softmax', 'loss': 'categorical_crossentropy', 'nodes_layer_2': 60, 'do_layer_2': 0.3, 'activation_layer_2': 'relu'}
28-11-2019 10_29_31 MainThread DEBUG\ train/val errors: 0.0070475350075174074 0.08080639230675944
28-11-2019 10_29_31 MainThread DEBUG\ eval test keys: ['loss', 'accuracy']
28-11-2019 10_29_31 MainThread DEBUG\ eval test res: [0.08545709604134899, 0.9815000295639038]
28-11-2019 10_30_37 MainThread DEBUG\ train/val errors: 0.6336555119355519 0.3552597696913613
28-11-2019 10_30_38 MainThread DEBUG\ eval test keys: ['loss', 'accuracy']
28-11-2019 10_30_38 MainThread DEBUG\ eval test res: [0.3960923892736435, 0.8896999955177307]
28-11-2019 10_30_38 MainThread DEBUG\ fitness1 = 0.9815000295639038, fitness2 = 0.8896999955177307 and prev_best = 0.9811999797821045
28-11-2019 10_30_38 MainThread DEBUG\ added child1 to 1 index
28-11-2019 10_30_38 MainThread DEBUG\ current generation score: 0.9815000295639038
28-11-2019 10_30_38 MainThread DEBUG\ All scores [0.9811999797821045, 0.9815000295639038, 0.9563999772071838]
28-11-2019 10_30_38 MainThread DEBUG\ on_generation_end: best_score= 0.9815000295639038 generation_count= 1
28-11-2019 10_30_38 MainThread DEBUG\ history dumped...
28-11-2019 10_30_38 MainThread DEBUG\ current gen update params: {'activation_layer_1', 'optimizer', 'do_layer_1'}
28-11-2019 10_30_38 MainThread DEBUG\ curr gen updated param after clear set()
28-11-2019 10_30_38 MainThread DEBUG\ Generation End: 1
28-11-2019 10_30_38 MainThread DEBUG\ Generation Start: 2
28-11-2019 10_30_41 MainThread DEBUG\ sorted params: [('activation_layer_1', -0.017399907112121582), ('optimizer', -0.017399907112121582), ('do_layer_1', -0.017399907112121582), ('loss', -0.0176999568939209)]
28-11-2019 10_30_41 MainThread DEBUG\ selected imp_params ['activation_layer_1']
28-11-2019 10_30_41 MainThread DEBUG\ properties being crossed over: ['activation_layer_1']
28-11-2019 10_30_41 MainThread DEBUG\ post cross-over individual1 params {'input_size': 784, 'batch_size': 100, 'nodes_layer_1': 500, 'do_layer_1': 0.3, 'activation_layer_1': 'sigmoid', 'lr': 0.0001, 'epochs': 3000, 'optimizer': 'adam', 'output_nodes': 10, 'output_activation': 'softmax', 'loss': 'categorical_crossentropy'}
28-11-2019 10_30_41 MainThread DEBUG\ post cross-over individual2 params {'input_size': 784, 'batch_size': 80, 'nodes_layer_1': 60, 'do_layer_1': 0.3, 'activation_layer_1': 'relu', 'lr': 0.0001, 'epochs': 3000, 'optimizer': 'sgd', 'output_nodes': 10, 'output_activation': 'softmax', 'loss': 'categorical_crossentropy', 'nodes_layer_2': 10, 'do_layer_2': 0.2, 'activation_layer_2': 'relu', 'nodes_layer_3': 80, 'do_layer_3': 0.1, 'activation_layer_3': 'relu'}
28-11-2019 10_30_41 MainThread DEBUG\ Evaluating params:
{'input_size': 784, 'batch_size': 100, 'nodes_layer_1': 500, 'do_layer_1': 0.3, 'activation_layer_1': 'sigmoid', 'lr': 0.0001, 'epochs': 3000, 'optimizer': 'adam', 'output_nodes': 10, 'output_activation': 'softmax', 'loss': 'categorical_crossentropy'}
and
{'input_size': 784, 'batch_size': 80, 'nodes_layer_1': 60, 'do_layer_1': 0.3, 'activation_layer_1': 'relu', 'lr': 0.0001, 'epochs': 3000, 'optimizer': 'sgd', 'output_nodes': 10, 'output_activation': 'softmax', 'loss': 'categorical_crossentropy', 'nodes_layer_2': 10, 'do_layer_2': 0.2, 'activation_layer_2': 'relu', 'nodes_layer_3': 80, 'do_layer_3': 0.1, 'activation_layer_3': 'relu'}
28-11-2019 10_32_01 MainThread DEBUG\ train/val errors: 0.004447090888321067 0.08036282994305818
28-11-2019 10_32_02 MainThread DEBUG\ eval test keys: ['loss', 'accuracy']
28-11-2019 10_32_02 MainThread DEBUG\ eval test res: [0.08047890238773434, 0.9811000227928162]
28-11-2019 10_37_14 MainThread DEBUG\ train/val errors: 0.21372182970955259 0.13838481390227875
28-11-2019 10_37_14 MainThread DEBUG\ eval test keys: ['loss', 'accuracy']
28-11-2019 10_37_14 MainThread DEBUG\ eval test res: [0.13664847163297236, 0.965399980545044]
28-11-2019 10_37_14 MainThread DEBUG\ fitness1 = 0.9811000227928162, fitness2 = 0.965399980545044 and prev_best = 0.9815000295639038
28-11-2019 10_37_14 MainThread DEBUG\ current generation score: 0.9811000227928162
28-11-2019 10_37_14 MainThread DEBUG\ All scores [0.9811999797821045, 0.9815000295639038, 0.9563999772071838]
28-11-2019 10_37_14 MainThread DEBUG\ on_generation_end: best_score= 0.9811000227928162 generation_count= 2
28-11-2019 10_37_14 MainThread DEBUG\ history dumped...
28-11-2019 10_37_14 MainThread DEBUG\ current gen update params: {'activation_layer_1'}
28-11-2019 10_37_14 MainThread DEBUG\ curr gen updated param after clear set()
28-11-2019 10_37_14 MainThread DEBUG\ Generation End: 2
28-11-2019 10_37_14 MainThread DEBUG\ Generation Start: 3
28-11-2019 10_37_18 MainThread DEBUG\ sorted params: [('optimizer', -0.017399907112121582), ('do_layer_1', -0.017399907112121582), ('loss', -0.0176999568939209), ('activation_layer_1', -0.01779991388320923)]
28-11-2019 10_37_18 MainThread DEBUG\ selected imp_params ['optimizer', 'do_layer_1', 'loss']
28-11-2019 10_37_18 MainThread DEBUG\ properties being crossed over: ['optimizer', 'do_layer_1', 'loss']
28-11-2019 10_37_18 MainThread DEBUG\ post cross-over individual1 params {'input_size': 784, 'batch_size': 100, 'nodes_layer_1': 500, 'do_layer_1': 0.3, 'activation_layer_1': 'relu', 'lr': 0.0001, 'epochs': 3000, 'optimizer': 'rmsprop', 'output_nodes': 10, 'output_activation': 'softmax', 'loss': 'categorical_crossentropy'}
28-11-2019 10_37_18 MainThread DEBUG\ post cross-over individual2 params {'input_size': 784, 'batch_size': 100, 'nodes_layer_1': 500, 'do_layer_1': 0.3, 'activation_layer_1': 'sigmoid', 'lr': 0.0001, 'epochs': 3000, 'optimizer': 'adam', 'output_nodes': 10, 'output_activation': 'softmax', 'loss': 'categorical_crossentropy'}
28-11-2019 10_37_18 MainThread DEBUG\ Evaluating params:
{'input_size': 784, 'batch_size': 100, 'nodes_layer_1': 500, 'do_layer_1': 0.3, 'activation_layer_1': 'relu', 'lr': 0.0001, 'epochs': 3000, 'optimizer': 'rmsprop', 'output_nodes': 10, 'output_activation': 'softmax', 'loss': 'categorical_crossentropy'}
and
{'input_size': 784, 'batch_size': 100, 'nodes_layer_1': 500, 'do_layer_1': 0.3, 'activation_layer_1': 'sigmoid', 'lr': 0.0001, 'epochs': 3000, 'optimizer': 'adam', 'output_nodes': 10, 'output_activation': 'softmax', 'loss': 'categorical_crossentropy'}
28-11-2019 10_38_02 MainThread DEBUG\ train/val errors: 0.008348556307200418 0.08998148889222649
28-11-2019 10_38_03 MainThread DEBUG\ eval test keys: ['loss', 'accuracy']
28-11-2019 10_38_03 MainThread DEBUG\ eval test res: [0.1042565343240921, 0.9815999865531921]
28-11-2019 10_39_15 MainThread DEBUG\ train/val errors: 0.0055419114770692045 0.0790241768024215
28-11-2019 10_39_15 MainThread DEBUG\ eval test keys: ['loss', 'accuracy']
28-11-2019 10_39_15 MainThread DEBUG\ eval test res: [0.07636027840767638, 0.9807999730110168]
28-11-2019 10_39_15 MainThread DEBUG\ fitness1 = 0.9815999865531921, fitness2 = 0.9807999730110168 and prev_best = 0.9815000295639038
28-11-2019 10_39_15 MainThread DEBUG\ added child1 to 2 index
28-11-2019 10_39_15 MainThread DEBUG\ current generation score: 0.9815999865531921
28-11-2019 10_39_15 MainThread DEBUG\ All scores [0.9811999797821045, 0.9815000295639038, 0.9815999865531921]
28-11-2019 10_39_15 MainThread DEBUG\ on_generation_end: best_score= 0.9815999865531921 generation_count= 3
28-11-2019 10_39_15 MainThread DEBUG\ history dumped...
28-11-2019 10_39_15 MainThread DEBUG\ current gen update params: {'loss', 'optimizer', 'do_layer_1'}
28-11-2019 10_39_15 MainThread DEBUG\ curr gen updated param after clear set()
28-11-2019 10_39_15 MainThread DEBUG\ Generation End: 3
28-11-2019 10_39_15 MainThread DEBUG\ Generation Start: 4
28-11-2019 10_39_20 MainThread DEBUG\ sorted params: [('optimizer', -0.017299950122833252), ('do_layer_1', -0.017299950122833252), ('loss', -0.01759999990463257), ('activation_layer_1', -0.01779991388320923)]
28-11-2019 10_39_20 MainThread DEBUG\ selected imp_params ['optimizer', 'do_layer_1']
28-11-2019 10_39_20 MainThread DEBUG\ properties being crossed over: ['optimizer', 'do_layer_1']
28-11-2019 10_39_20 MainThread DEBUG\ post cross-over individual1 params {'input_size': 784, 'batch_size': 100, 'nodes_layer_1': 500, 'do_layer_1': 0.3, 'activation_layer_1': 'relu', 'lr': 0.0001, 'epochs': 3000, 'optimizer': 'adam', 'output_nodes': 10, 'output_activation': 'softmax', 'loss': 'categorical_crossentropy'}
28-11-2019 10_39_20 MainThread DEBUG\ post cross-over individual2 params {'input_size': 784, 'batch_size': 100, 'nodes_layer_1': 500, 'do_layer_1': 0.3, 'activation_layer_1': 'relu', 'lr': 0.0001, 'epochs': 3000, 'optimizer': 'rmsprop', 'output_nodes': 10, 'output_activation': 'softmax', 'loss': 'categorical_crossentropy'}
28-11-2019 10_39_20 MainThread DEBUG\ Evaluating params:
{'input_size': 784, 'batch_size': 100, 'nodes_layer_1': 500, 'do_layer_1': 0.3, 'activation_layer_1': 'relu', 'lr': 0.0001, 'epochs': 3000, 'optimizer': 'adam', 'output_nodes': 10, 'output_activation': 'softmax', 'loss': 'categorical_crossentropy'}
and
{'input_size': 784, 'batch_size': 100, 'nodes_layer_1': 500, 'do_layer_1': 0.3, 'activation_layer_1': 'relu', 'lr': 0.0001, 'epochs': 3000, 'optimizer': 'rmsprop', 'output_nodes': 10, 'output_activation': 'softmax', 'loss': 'categorical_crossentropy'}
28-11-2019 10_40_10 MainThread DEBUG\ train/val errors: 0.007802512408861297 0.07957457416859041
28-11-2019 10_40_11 MainThread DEBUG\ eval test keys: ['loss', 'accuracy']
28-11-2019 10_40_11 MainThread DEBUG\ eval test res: [0.08112775698323046, 0.9828000068664551]
28-11-2019 10_41_00 MainThread DEBUG\ train/val errors: 0.007214278794912215 0.0937872425619086
28-11-2019 10_41_01 MainThread DEBUG\ eval test keys: ['loss', 'accuracy']
28-11-2019 10_41_01 MainThread DEBUG\ eval test res: [0.11555482762050953, 0.9811000227928162]
28-11-2019 10_41_01 MainThread DEBUG\ fitness1 = 0.9828000068664551, fitness2 = 0.9811000227928162 and prev_best = 0.9815999865531921
28-11-2019 10_41_01 MainThread DEBUG\ added child1 to 0 index
28-11-2019 10_41_01 MainThread DEBUG\ current generation score: 0.9828000068664551
28-11-2019 10_41_01 MainThread DEBUG\ All scores [0.9828000068664551, 0.9815000295639038, 0.9815999865531921]
28-11-2019 10_41_01 MainThread DEBUG\ on_generation_end: best_score= 0.9828000068664551 generation_count= 4
28-11-2019 10_41_01 MainThread DEBUG\ history dumped...
28-11-2019 10_41_01 MainThread DEBUG\ current gen update params: {'optimizer', 'do_layer_1'}
28-11-2019 10_41_01 MainThread DEBUG\ curr gen updated param after clear set()
28-11-2019 10_41_01 MainThread DEBUG\ Generation End: 4
28-11-2019 10_41_01 MainThread DEBUG\ Generation Start: 5
28-11-2019 10_41_07 MainThread DEBUG\ sorted params: [('optimizer', -0.016099929809570312), ('do_layer_1', -0.016099929809570312), ('loss', -0.01759999990463257), ('activation_layer_1', -0.01779991388320923)]
28-11-2019 10_41_07 MainThread DEBUG\ selected imp_params ['optimizer', 'do_layer_1', 'loss', 'activation_layer_1']
28-11-2019 10_41_07 MainThread DEBUG\ properties being crossed over: ['optimizer', 'do_layer_1', 'loss', 'activation_layer_1']
28-11-2019 10_41_07 MainThread DEBUG\ post cross-over individual1 params {'input_size': 784, 'batch_size': 100, 'nodes_layer_1': 500, 'do_layer_1': 0.3, 'activation_layer_1': 'relu', 'lr': 0.0001, 'epochs': 3000, 'optimizer': 'adam', 'output_nodes': 10, 'output_activation': 'softmax', 'loss': 'categorical_crossentropy'}
28-11-2019 10_41_07 MainThread DEBUG\ post cross-over individual2 params {'input_size': 784, 'batch_size': 100, 'nodes_layer_1': 500, 'do_layer_1': 0.3, 'activation_layer_1': 'relu', 'lr': 0.0001, 'epochs': 3000, 'optimizer': 'adam', 'output_nodes': 10, 'output_activation': 'softmax', 'loss': 'categorical_crossentropy'}
28-11-2019 10_41_07 MainThread DEBUG\ Evaluating params:
{'input_size': 784, 'batch_size': 100, 'nodes_layer_1': 500, 'do_layer_1': 0.3, 'activation_layer_1': 'relu', 'lr': 0.0001, 'epochs': 3000, 'optimizer': 'adam', 'output_nodes': 10, 'output_activation': 'softmax', 'loss': 'categorical_crossentropy'}
and
{'input_size': 784, 'batch_size': 100, 'nodes_layer_1': 500, 'do_layer_1': 0.3, 'activation_layer_1': 'relu', 'lr': 0.0001, 'epochs': 3000, 'optimizer': 'adam', 'output_nodes': 10, 'output_activation': 'softmax', 'loss': 'categorical_crossentropy'}
28-11-2019 10_42_04 MainThread DEBUG\ train/val errors: 0.007311852725840817 0.07809341686790705
28-11-2019 10_42_04 MainThread DEBUG\ eval test keys: ['loss', 'accuracy']
28-11-2019 10_42_04 MainThread DEBUG\ eval test res: [0.0842815307324576, 0.9829000234603882]
28-11-2019 10_42_57 MainThread DEBUG\ train/val errors: 0.007241513972569789 0.07707173643704866
28-11-2019 10_42_57 MainThread DEBUG\ eval test keys: ['loss', 'accuracy']
28-11-2019 10_42_57 MainThread DEBUG\ eval test res: [0.08372838736602572, 0.9805999994277954]
28-11-2019 10_42_57 MainThread DEBUG\ fitness1 = 0.9829000234603882, fitness2 = 0.9805999994277954 and prev_best = 0.9828000068664551
28-11-2019 10_42_57 MainThread DEBUG\ added child1 to 1 index
28-11-2019 10_42_57 MainThread DEBUG\ current generation score: 0.9829000234603882
28-11-2019 10_42_57 MainThread DEBUG\ All scores [0.9828000068664551, 0.9829000234603882, 0.9815999865531921]
28-11-2019 10_42_57 MainThread DEBUG\ on_generation_end: best_score= 0.9829000234603882 generation_count= 5
28-11-2019 10_42_57 MainThread DEBUG\ history dumped...
28-11-2019 10_42_57 MainThread DEBUG\ current gen update params: {'activation_layer_1', 'loss', 'optimizer', 'do_layer_1'}
28-11-2019 10_42_57 MainThread DEBUG\ curr gen updated param after clear set()
28-11-2019 10_42_57 MainThread DEBUG\ Generation End: 5
28-11-2019 10_42_57 MainThread DEBUG\ Generation Start: 6
28-11-2019 10_43_03 MainThread DEBUG\ sorted params: [('optimizer', -0.015999913215637207), ('do_layer_1', -0.015999913215637207), ('loss', -0.017499983310699463), ('activation_layer_1', -0.017699897289276123)]
28-11-2019 10_43_03 MainThread DEBUG\ selected imp_params ['optimizer', 'do_layer_1']
28-11-2019 10_43_03 MainThread DEBUG\ properties being crossed over: ['optimizer', 'do_layer_1']
28-11-2019 10_43_03 MainThread DEBUG\ post cross-over individual1 params {'input_size': 784, 'batch_size': 100, 'nodes_layer_1': 500, 'do_layer_1': 0.3, 'activation_layer_1': 'relu', 'lr': 0.0001, 'epochs': 3000, 'optimizer': 'rmsprop', 'output_nodes': 10, 'output_activation': 'softmax', 'loss': 'categorical_crossentropy'}
28-11-2019 10_43_03 MainThread DEBUG\ post cross-over individual2 params {'input_size': 784, 'batch_size': 100, 'nodes_layer_1': 500, 'do_layer_1': 0.3, 'activation_layer_1': 'relu', 'lr': 0.0001, 'epochs': 3000, 'optimizer': 'adam', 'output_nodes': 10, 'output_activation': 'softmax', 'loss': 'categorical_crossentropy'}
28-11-2019 10_43_04 MainThread DEBUG\ Evaluating params:
{'input_size': 784, 'batch_size': 100, 'nodes_layer_1': 500, 'do_layer_1': 0.3, 'activation_layer_1': 'relu', 'lr': 0.0001, 'epochs': 3000, 'optimizer': 'rmsprop', 'output_nodes': 10, 'output_activation': 'softmax', 'loss': 'categorical_crossentropy'}
and
{'input_size': 784, 'batch_size': 100, 'nodes_layer_1': 500, 'do_layer_1': 0.3, 'activation_layer_1': 'relu', 'lr': 0.0001, 'epochs': 3000, 'optimizer': 'adam', 'output_nodes': 10, 'output_activation': 'softmax', 'loss': 'categorical_crossentropy'}
28-11-2019 10_43_49 MainThread DEBUG\ train/val errors: 0.009000542144128433 0.0868741581559233
28-11-2019 10_43_49 MainThread DEBUG\ eval test keys: ['loss', 'accuracy']
28-11-2019 10_43_49 MainThread DEBUG\ eval test res: [0.0995468211165618, 0.9812999963760376]
28-11-2019 10_44_43 MainThread DEBUG\ train/val errors: 0.008484525011867628 0.07945699284545198
28-11-2019 10_44_44 MainThread DEBUG\ eval test keys: ['loss', 'accuracy']
28-11-2019 10_44_44 MainThread DEBUG\ eval test res: [0.07815253259763903, 0.9818000197410583]
28-11-2019 10_44_44 MainThread DEBUG\ fitness1 = 0.9812999963760376, fitness2 = 0.9818000197410583 and prev_best = 0.9829000234603882
28-11-2019 10_44_44 MainThread DEBUG\ current generation score: 0.9818000197410583
28-11-2019 10_44_44 MainThread DEBUG\ All scores [0.9828000068664551, 0.9829000234603882, 0.9815999865531921]
28-11-2019 10_44_44 MainThread DEBUG\ on_generation_end: best_score= 0.9818000197410583 generation_count= 6
28-11-2019 10_44_44 MainThread DEBUG\ history dumped...
28-11-2019 10_44_44 MainThread DEBUG\ current gen update params: {'optimizer', 'do_layer_1'}
28-11-2019 10_44_44 MainThread DEBUG\ curr gen updated param after clear set()
28-11-2019 10_44_44 MainThread DEBUG\ Generation End: 6
28-11-2019 10_44_44 MainThread DEBUG\ Generation Start: 7
28-11-2019 10_44_50 MainThread DEBUG\ sorted params: [('optimizer', -0.01709991693496704), ('do_layer_1', -0.01709991693496704), ('loss', -0.017499983310699463), ('activation_layer_1', -0.017699897289276123)]
28-11-2019 10_44_50 MainThread DEBUG\ selected imp_params ['optimizer', 'do_layer_1']
28-11-2019 10_44_50 MainThread DEBUG\ properties being crossed over: ['optimizer', 'do_layer_1']
28-11-2019 10_44_50 MainThread DEBUG\ post cross-over individual1 params {'input_size': 784, 'batch_size': 100, 'nodes_layer_1': 500, 'do_layer_1': 0.3, 'activation_layer_1': 'relu', 'lr': 0.0001, 'epochs': 3000, 'optimizer': 'adam', 'output_nodes': 10, 'output_activation': 'softmax', 'loss': 'categorical_crossentropy'}
28-11-2019 10_44_50 MainThread DEBUG\ post cross-over individual2 params {'input_size': 784, 'batch_size': 100, 'nodes_layer_1': 500, 'do_layer_1': 0.3, 'activation_layer_1': 'relu', 'lr': 0.0001, 'epochs': 3000, 'optimizer': 'adam', 'output_nodes': 10, 'output_activation': 'softmax', 'loss': 'categorical_crossentropy'}
28-11-2019 10_44_50 MainThread DEBUG\ Evaluating params:
{'input_size': 784, 'batch_size': 100, 'nodes_layer_1': 500, 'do_layer_1': 0.3, 'activation_layer_1': 'relu', 'lr': 0.0001, 'epochs': 3000, 'optimizer': 'adam', 'output_nodes': 10, 'output_activation': 'softmax', 'loss': 'categorical_crossentropy'}
and
{'input_size': 784, 'batch_size': 100, 'nodes_layer_1': 500, 'do_layer_1': 0.3, 'activation_layer_1': 'relu', 'lr': 0.0001, 'epochs': 3000, 'optimizer': 'adam', 'output_nodes': 10, 'output_activation': 'softmax', 'loss': 'categorical_crossentropy'}
28-11-2019 10_45_48 MainThread DEBUG\ train/val errors: 0.008330964183811115 0.07914427625041248
28-11-2019 10_45_49 MainThread DEBUG\ eval test keys: ['loss', 'accuracy']
28-11-2019 10_45_49 MainThread DEBUG\ eval test res: [0.0828253852569257, 0.9830999970436096]
28-11-2019 10_46_47 MainThread DEBUG\ train/val errors: 0.007494784788771843 0.07882691075792536
28-11-2019 10_46_48 MainThread DEBUG\ eval test keys: ['loss', 'accuracy']
28-11-2019 10_46_48 MainThread DEBUG\ eval test res: [0.07925964278277206, 0.9829999804496765]
28-11-2019 10_46_48 MainThread DEBUG\ fitness1 = 0.9830999970436096, fitness2 = 0.9829999804496765 and prev_best = 0.9829000234603882
28-11-2019 10_46_48 MainThread DEBUG\ added child1 to 2 index
28-11-2019 10_46_48 MainThread DEBUG\ added child2 to 0 index
28-11-2019 10_46_48 MainThread DEBUG\ current generation score: 0.9830999970436096
28-11-2019 10_46_48 MainThread DEBUG\ All scores [0.9829999804496765, 0.9829000234603882, 0.9830999970436096]
28-11-2019 10_46_48 MainThread DEBUG\ on_generation_end: best_score= 0.9830999970436096 generation_count= 7
28-11-2019 10_46_48 MainThread DEBUG\ history dumped...
28-11-2019 10_46_48 MainThread DEBUG\ current gen update params: {'optimizer', 'do_layer_1'}
28-11-2019 10_46_48 MainThread DEBUG\ curr gen updated param after clear set()
28-11-2019 10_46_48 MainThread DEBUG\ Generation End: 7
28-11-2019 10_46_48 MainThread DEBUG\ Generation Start: 8
28-11-2019 10_46_48 MainThread DEBUG\ calling selection recursive 1 3
28-11-2019 10_46_48 MainThread DEBUG\ calling selection recursive 1 3
28-11-2019 10_46_55 MainThread DEBUG\ sorted params: [('optimizer', -0.016899943351745605), ('do_layer_1', -0.016899943351745605), ('loss', -0.017499983310699463), ('activation_layer_1', -0.017699897289276123)]
28-11-2019 10_46_55 MainThread DEBUG\ selected imp_params ['optimizer', 'do_layer_1', 'loss', 'activation_layer_1']
28-11-2019 10_46_55 MainThread DEBUG\ properties being crossed over: ['optimizer', 'do_layer_1', 'loss', 'activation_layer_1']
28-11-2019 10_46_55 MainThread DEBUG\ post cross-over individual1 params {'input_size': 784, 'batch_size': 100, 'nodes_layer_1': 500, 'do_layer_1': 0.3, 'activation_layer_1': 'relu', 'lr': 0.0001, 'epochs': 3000, 'optimizer': 'adam', 'output_nodes': 10, 'output_activation': 'softmax', 'loss': 'categorical_crossentropy'}
28-11-2019 10_46_55 MainThread DEBUG\ post cross-over individual2 params {'input_size': 784, 'batch_size': 100, 'nodes_layer_1': 500, 'do_layer_1': 0.3, 'activation_layer_1': 'relu', 'lr': 0.0001, 'epochs': 3000, 'optimizer': 'adam', 'output_nodes': 10, 'output_activation': 'softmax', 'loss': 'categorical_crossentropy'}
28-11-2019 10_46_56 MainThread DEBUG\ Evaluating params:
{'input_size': 784, 'batch_size': 100, 'nodes_layer_1': 500, 'do_layer_1': 0.3, 'activation_layer_1': 'relu', 'lr': 0.0001, 'epochs': 3000, 'optimizer': 'adam', 'output_nodes': 10, 'output_activation': 'softmax', 'loss': 'categorical_crossentropy'}
and
{'input_size': 784, 'batch_size': 100, 'nodes_layer_1': 500, 'do_layer_1': 0.3, 'activation_layer_1': 'relu', 'lr': 0.0001, 'epochs': 3000, 'optimizer': 'adam', 'output_nodes': 10, 'output_activation': 'softmax', 'loss': 'categorical_crossentropy'}
28-11-2019 10_47_52 MainThread DEBUG\ train/val errors: 0.008230178381459804 0.07840078037503796
28-11-2019 10_47_53 MainThread DEBUG\ eval test keys: ['loss', 'accuracy']
28-11-2019 10_47_53 MainThread DEBUG\ eval test res: [0.07689179061103223, 0.982200026512146]
28-11-2019 10_48_46 MainThread DEBUG\ train/val errors: 0.008277146342810566 0.08045682461945236
28-11-2019 10_48_46 MainThread DEBUG\ eval test keys: ['loss', 'accuracy']
28-11-2019 10_48_46 MainThread DEBUG\ eval test res: [0.07736671608561908, 0.9829999804496765]
28-11-2019 10_48_46 MainThread DEBUG\ fitness1 = 0.982200026512146, fitness2 = 0.9829999804496765 and prev_best = 0.9830999970436096
28-11-2019 10_48_46 MainThread DEBUG\ current generation score: 0.9829999804496765
28-11-2019 10_48_46 MainThread DEBUG\ All scores [0.9829999804496765, 0.9829000234603882, 0.9830999970436096]
28-11-2019 10_48_46 MainThread DEBUG\ on_generation_end: best_score= 0.9829999804496765 generation_count= 8
28-11-2019 10_48_46 MainThread DEBUG\ history dumped...
28-11-2019 10_48_46 MainThread DEBUG\ current gen update params: {'activation_layer_1', 'loss', 'optimizer', 'do_layer_1'}
28-11-2019 10_48_46 MainThread DEBUG\ curr gen updated param after clear set()
28-11-2019 10_48_46 MainThread DEBUG\ Generation End: 8
28-11-2019 10_48_46 MainThread DEBUG\ Generation Start: 9
28-11-2019 10_48_55 MainThread DEBUG\ sorted params: [('optimizer', -0.01699995994567871), ('do_layer_1', -0.01699995994567871), ('loss', -0.01759999990463257), ('activation_layer_1', -0.01779991388320923)]
28-11-2019 10_48_55 MainThread DEBUG\ selected imp_params ['optimizer', 'do_layer_1']
28-11-2019 10_48_55 MainThread DEBUG\ properties being crossed over: ['optimizer', 'do_layer_1']
28-11-2019 10_48_55 MainThread DEBUG\ post cross-over individual1 params {'input_size': 784, 'batch_size': 100, 'nodes_layer_1': 500, 'do_layer_1': 0.3, 'activation_layer_1': 'relu', 'lr': 0.0001, 'epochs': 3000, 'optimizer': 'adam', 'output_nodes': 10, 'output_activation': 'softmax', 'loss': 'categorical_crossentropy'}
28-11-2019 10_48_55 MainThread DEBUG\ post cross-over individual2 params {'input_size': 784, 'batch_size': 100, 'nodes_layer_1': 500, 'do_layer_1': 0.3, 'activation_layer_1': 'relu', 'lr': 0.0001, 'epochs': 3000, 'optimizer': 'adam', 'output_nodes': 10, 'output_activation': 'softmax', 'loss': 'categorical_crossentropy'}
28-11-2019 10_48_55 MainThread DEBUG\ Evaluating params:
{'input_size': 784, 'batch_size': 100, 'nodes_layer_1': 500, 'do_layer_1': 0.3, 'activation_layer_1': 'relu', 'lr': 0.0001, 'epochs': 3000, 'optimizer': 'adam', 'output_nodes': 10, 'output_activation': 'softmax', 'loss': 'categorical_crossentropy'}
and
{'input_size': 784, 'batch_size': 100, 'nodes_layer_1': 500, 'do_layer_1': 0.3, 'activation_layer_1': 'relu', 'lr': 0.0001, 'epochs': 3000, 'optimizer': 'adam', 'output_nodes': 10, 'output_activation': 'softmax', 'loss': 'categorical_crossentropy'}
28-11-2019 10_49_55 MainThread DEBUG\ train/val errors: 0.006868712130415675 0.07782948028454686
28-11-2019 10_49_55 MainThread DEBUG\ eval test keys: ['loss', 'accuracy']
28-11-2019 10_49_55 MainThread DEBUG\ eval test res: [0.08506586206000884, 0.9817000031471252]
28-11-2019 10_51_05 MainThread DEBUG\ train/val errors: 0.006926652402935793 0.07939625932631315
28-11-2019 10_51_06 MainThread DEBUG\ eval test keys: ['loss', 'accuracy']
28-11-2019 10_51_06 MainThread DEBUG\ eval test res: [0.09127517487830727, 0.9821000099182129]
28-11-2019 10_51_06 MainThread DEBUG\ fitness1 = 0.9817000031471252, fitness2 = 0.9821000099182129 and prev_best = 0.9830999970436096
28-11-2019 10_51_06 MainThread DEBUG\ current generation score: 0.9821000099182129
28-11-2019 10_51_06 MainThread DEBUG\ All scores [0.9829999804496765, 0.9829000234603882, 0.9830999970436096]
28-11-2019 10_51_06 MainThread DEBUG\ on_generation_end: best_score= 0.9821000099182129 generation_count= 9
28-11-2019 10_51_06 MainThread DEBUG\ history dumped...
28-11-2019 10_51_06 MainThread DEBUG\ current gen update params: {'optimizer', 'do_layer_1'}
28-11-2019 10_51_06 MainThread DEBUG\ curr gen updated param after clear set()
28-11-2019 10_51_06 MainThread DEBUG\ Generation End: 9
28-11-2019 10_51_06 MainThread DEBUG\ Generation Start: 10
28-11-2019 10_51_14 MainThread DEBUG\ sorted params: [('loss', -0.01759999990463257), ('activation_layer_1', -0.01779991388320923), ('optimizer', -0.01799994707107544), ('do_layer_1', -0.01799994707107544)]
28-11-2019 10_51_14 MainThread DEBUG\ selected imp_params ['loss', 'activation_layer_1']
28-11-2019 10_51_14 MainThread DEBUG\ properties being crossed over: ['loss', 'activation_layer_1']
28-11-2019 10_51_14 MainThread DEBUG\ post cross-over individual1 params {'input_size': 784, 'batch_size': 100, 'nodes_layer_1': 500, 'do_layer_1': 0.3, 'activation_layer_1': 'relu', 'lr': 0.0001, 'epochs': 3000, 'optimizer': 'adam', 'output_nodes': 10, 'output_activation': 'softmax', 'loss': 'categorical_crossentropy'}
28-11-2019 10_51_14 MainThread DEBUG\ post cross-over individual2 params {'input_size': 784, 'batch_size': 100, 'nodes_layer_1': 500, 'do_layer_1': 0.3, 'activation_layer_1': 'relu', 'lr': 0.0001, 'epochs': 3000, 'optimizer': 'adam', 'output_nodes': 10, 'output_activation': 'softmax', 'loss': 'categorical_crossentropy'}
28-11-2019 10_51_15 MainThread DEBUG\ Evaluating params:
{'input_size': 784, 'batch_size': 100, 'nodes_layer_1': 500, 'do_layer_1': 0.3, 'activation_layer_1': 'relu', 'lr': 0.0001, 'epochs': 3000, 'optimizer': 'adam', 'output_nodes': 10, 'output_activation': 'softmax', 'loss': 'categorical_crossentropy'}
and
{'input_size': 784, 'batch_size': 100, 'nodes_layer_1': 500, 'do_layer_1': 0.3, 'activation_layer_1': 'relu', 'lr': 0.0001, 'epochs': 3000, 'optimizer': 'adam', 'output_nodes': 10, 'output_activation': 'softmax', 'loss': 'categorical_crossentropy'}
28-11-2019 10_52_15 MainThread DEBUG\ train/val errors: 0.00780652420485456 0.07676580521219875
28-11-2019 10_52_15 MainThread DEBUG\ eval test keys: ['loss', 'accuracy']
28-11-2019 10_52_15 MainThread DEBUG\ eval test res: [0.0757339578330495, 0.9825000166893005]
28-11-2019 10_53_18 MainThread DEBUG\ train/val errors: 0.007679218113740457 0.07704072195014709
28-11-2019 10_53_18 MainThread DEBUG\ eval test keys: ['loss', 'accuracy']
28-11-2019 10_53_18 MainThread DEBUG\ eval test res: [0.08457000754873997, 0.9815000295639038]
28-11-2019 10_53_18 MainThread DEBUG\ fitness1 = 0.9825000166893005, fitness2 = 0.9815000295639038 and prev_best = 0.9830999970436096
28-11-2019 10_53_18 MainThread DEBUG\ current generation score: 0.9825000166893005
28-11-2019 10_53_18 MainThread DEBUG\ All scores [0.9829999804496765, 0.9829000234603882, 0.9830999970436096]
28-11-2019 10_53_18 MainThread DEBUG\ on_generation_end: best_score= 0.9825000166893005 generation_count= 10
28-11-2019 10_53_18 MainThread DEBUG\ history dumped...
28-11-2019 10_53_18 MainThread DEBUG\ current gen update params: {'activation_layer_1', 'loss'}
28-11-2019 10_53_18 MainThread DEBUG\ curr gen updated param after clear set()
28-11-2019 10_53_18 MainThread DEBUG\ Generation End: 10
28-11-2019 10_53_18 MainThread DEBUG\ Generation Start: 11
28-11-2019 10_53_27 MainThread DEBUG\ sorted params: [('optimizer', -0.01799994707107544), ('do_layer_1', -0.01799994707107544), ('loss', -0.01819998025894165), ('activation_layer_1', -0.01839989423751831)]
28-11-2019 10_53_27 MainThread DEBUG\ selected imp_params ['optimizer', 'do_layer_1', 'loss']
28-11-2019 10_53_27 MainThread DEBUG\ properties being crossed over: ['optimizer', 'do_layer_1', 'loss']
28-11-2019 10_53_27 MainThread DEBUG\ post cross-over individual1 params {'input_size': 784, 'batch_size': 100, 'nodes_layer_1': 500, 'do_layer_1': 0.3, 'activation_layer_1': 'relu', 'lr': 0.0001, 'epochs': 3000, 'optimizer': 'adam', 'output_nodes': 10, 'output_activation': 'softmax', 'loss': 'categorical_crossentropy'}
28-11-2019 10_53_27 MainThread DEBUG\ post cross-over individual2 params {'input_size': 784, 'batch_size': 100, 'nodes_layer_1': 500, 'do_layer_1': 0.3, 'activation_layer_1': 'relu', 'lr': 0.0001, 'epochs': 3000, 'optimizer': 'adam', 'output_nodes': 10, 'output_activation': 'softmax', 'loss': 'categorical_crossentropy'}
28-11-2019 10_53_27 MainThread DEBUG\ mutate_key activation_layer_1
28-11-2019 10_53_27 MainThread DEBUG\ complete_layer_mutate {'input_size': 784, 'batch_size': 80, 'nodes_layer_1': 50, 'do_layer_1': 0.0, 'activation_layer_1': 'sigmoid', 'lr': 0.0001, 'epochs': 3000, 'optimizer': 'sgd', 'output_nodes': 10, 'output_activation': 'softmax', 'loss': 'categorical_crossentropy', 'nodes_layer_2': 60, 'do_layer_2': 0.2, 'activation_layer_2': 'relu', 'nodes_layer_3': 80, 'do_layer_3': 0.1, 'activation_layer_3': 'relu'}
28-11-2019 10_53_27 MainThread DEBUG\ mutate_key batch_size
28-11-2019 10_53_27 MainThread DEBUG\ post mutation params {'input_size': 784, 'batch_size': 120, 'nodes_layer_1': 500, 'do_layer_1': 0.3, 'activation_layer_1': 'relu', 'lr': 0.0001, 'epochs': 3000, 'optimizer': 'adam', 'output_nodes': 10, 'output_activation': 'softmax', 'loss': 'categorical_crossentropy'}
28-11-2019 10_53_27 MainThread DEBUG\ Evaluating params:
{'input_size': 784, 'batch_size': 80, 'nodes_layer_1': 50, 'do_layer_1': 0.0, 'activation_layer_1': 'sigmoid', 'lr': 0.0001, 'epochs': 3000, 'optimizer': 'sgd', 'output_nodes': 10, 'output_activation': 'softmax', 'loss': 'categorical_crossentropy', 'nodes_layer_2': 60, 'do_layer_2': 0.2, 'activation_layer_2': 'relu', 'nodes_layer_3': 80, 'do_layer_3': 0.1, 'activation_layer_3': 'relu'}
and
{'input_size': 784, 'batch_size': 120, 'nodes_layer_1': 500, 'do_layer_1': 0.3, 'activation_layer_1': 'relu', 'lr': 0.0001, 'epochs': 3000, 'optimizer': 'adam', 'output_nodes': 10, 'output_activation': 'softmax', 'loss': 'categorical_crossentropy'}
28-11-2019 11_02_29 MainThread DEBUG\ train/val errors: 0.05989971661674125 0.11608064110132141
28-11-2019 11_02_29 MainThread DEBUG\ eval test keys: ['loss', 'accuracy']
28-11-2019 11_02_29 MainThread DEBUG\ eval test res: [0.1003287718813168, 0.9708999991416931]
28-11-2019 11_03_18 MainThread DEBUG\ train/val errors: 0.006420679255430254 0.0776845326963424
28-11-2019 11_03_19 MainThread DEBUG\ eval test keys: ['loss', 'accuracy']
28-11-2019 11_03_19 MainThread DEBUG\ eval test res: [0.08435097232620765, 0.9805999994277954]
28-11-2019 11_03_19 MainThread DEBUG\ fitness1 = 0.9708999991416931, fitness2 = 0.9805999994277954 and prev_best = 0.9830999970436096
28-11-2019 11_03_19 MainThread DEBUG\ current generation score: 0.9805999994277954
28-11-2019 11_03_19 MainThread DEBUG\ All scores [0.9829999804496765, 0.9829000234603882, 0.9830999970436096]
28-11-2019 11_03_19 MainThread DEBUG\ on_generation_end: best_score= 0.9805999994277954 generation_count= 11
28-11-2019 11_03_19 MainThread DEBUG\ history dumped...
28-11-2019 11_03_19 MainThread DEBUG\ current gen update params: {'output_nodes', 'nodes_layer_2', 'epochs', 'do_layer_3', 'nodes_layer_1', 'nodes_layer_3', 'loss', 'activation_layer_1', 'output_activation', 'batch_size', 'activation_layer_2', 'input_size', 'do_layer_1', 'do_layer_2', 'optimizer', 'activation_layer_3', 'lr'}
28-11-2019 11_03_19 MainThread DEBUG\ curr gen updated param after clear set()
28-11-2019 11_03_19 MainThread DEBUG\ Generation End: 11
28-11-2019 11_03_19 MainThread DEBUG\ Generation Start: 12
28-11-2019 11_03_28 MainThread DEBUG\ sorted params: [('output_nodes', -0.002499997615814209), ('nodes_layer_2', -0.002499997615814209), ('epochs', -0.002499997615814209), ('do_layer_3', -0.002499997615814209), ('nodes_layer_1', -0.002499997615814209), ('nodes_layer_3', -0.002499997615814209), ('output_activation', -0.002499997615814209), ('batch_size', -0.002499997615814209), ('activation_layer_2', -0.002499997615814209), ('input_size', -0.002499997615814209), ('do_layer_2', -0.002499997615814209), ('activation_layer_3', -0.002499997615814209), ('lr', -0.002499997615814209), ('optimizer', -0.02049994468688965), ('do_layer_1', -0.02049994468688965), ('loss', -0.02069997787475586), ('activation_layer_1', -0.02089989185333252)]
28-11-2019 11_03_28 MainThread DEBUG\ selected imp_params ['epochs', 'nodes_layer_1', 'batch_size', 'lr']
28-11-2019 11_03_28 MainThread DEBUG\ properties being crossed over: ['epochs', 'nodes_layer_1', 'batch_size', 'lr']
28-11-2019 11_03_28 MainThread DEBUG\ post cross-over individual1 params {'input_size': 784, 'batch_size': 100, 'nodes_layer_1': 500, 'do_layer_1': 0.3, 'activation_layer_1': 'relu', 'lr': 0.0001, 'epochs': 3000, 'optimizer': 'adam', 'output_nodes': 10, 'output_activation': 'softmax', 'loss': 'categorical_crossentropy'}
28-11-2019 11_03_28 MainThread DEBUG\ post cross-over individual2 params {'input_size': 784, 'batch_size': 100, 'nodes_layer_1': 500, 'do_layer_1': 0.3, 'activation_layer_1': 'relu', 'lr': 0.0001, 'epochs': 3000, 'optimizer': 'adam', 'output_nodes': 10, 'output_activation': 'softmax', 'loss': 'categorical_crossentropy'}
28-11-2019 11_03_28 MainThread DEBUG\ mutate_key activation_layer_1
28-11-2019 11_03_28 MainThread DEBUG\ complete_layer_mutate {'input_size': 784, 'batch_size': 80, 'nodes_layer_1': 60, 'do_layer_1': 0.4, 'activation_layer_1': 'relu', 'lr': 0.0001, 'epochs': 3000, 'optimizer': 'sgd', 'output_nodes': 10, 'output_activation': 'softmax', 'loss': 'categorical_crossentropy', 'nodes_layer_2': 10, 'do_layer_2': 0.3, 'activation_layer_2': 'sigmoid', 'nodes_layer_3': 10, 'do_layer_3': 0.1, 'activation_layer_3': 'relu'}
28-11-2019 11_03_28 MainThread DEBUG\ mutate_key nodes_layer_1
