28-11-2019 00_51_11 MainThread INFO\ Initialized logging at path ./ga_28-11-2019_00_51_11.log
28-11-2019 00_51_13 MainThread DEBUG\ Initial population :
28-11-2019 00_51_13 MainThread DEBUG\ 0 => {'input_size': 784, 'batch_size': 80, 'nodes_layer_1': 50, 'do_layer_1': 0.1, 'activation_layer_1': 'sigmoid', 'nodes_layer_2': 60, 'do_layer_2': 0.1, 'activation_layer_2': 'sigmoid', 'lr': 0.01, 'epochs': 3000, 'optimizer': 'rmsprop', 'output_nodes': 10, 'output_activation': 'softmax', 'loss': 'categorical_crossentropy'} 

28-11-2019 00_51_13 MainThread DEBUG\ 1 => {'input_size': 784, 'batch_size': 80, 'nodes_layer_1': 50, 'do_layer_1': 0.3, 'activation_layer_1': 'sigmoid', 'nodes_layer_2': 80, 'do_layer_2': 0.2, 'activation_layer_2': 'relu', 'lr': 0.0001, 'epochs': 3000, 'optimizer': 'sgd', 'output_nodes': 10, 'output_activation': 'softmax', 'loss': 'categorical_crossentropy', 'nodes_layer_3': 10, 'do_layer_3': 0.0, 'activation_layer_3': 'sigmoid'} 

28-11-2019 00_51_13 MainThread DEBUG\ 2 => {'input_size': 784, 'batch_size': 80, 'nodes_layer_1': 500, 'do_layer_1': 0.2, 'activation_layer_1': 'sigmoid', 'nodes_layer_2': 500, 'do_layer_2': 0.1, 'activation_layer_2': 'sigmoid', 'lr': 0.0001, 'epochs': 3000, 'optimizer': 'rmsprop', 'output_nodes': 10, 'output_activation': 'softmax', 'loss': 'categorical_crossentropy', 'nodes_layer_3': 60, 'do_layer_3': 0.1, 'activation_layer_3': 'sigmoid'} 

28-11-2019 00_52_47 MainThread DEBUG\ train/val errors: 0.05852519814412863 0.11488555004354567
28-11-2019 00_52_48 MainThread DEBUG\ eval test keys: ['loss', 'accuracy']
28-11-2019 00_52_48 MainThread DEBUG\ eval test res: [0.11166320186943049, 0.972100019454956]
28-11-2019 01_05_18 MainThread DEBUG\ train/val errors: 0.1791154413280033 0.13848005953348344
28-11-2019 01_05_18 MainThread DEBUG\ eval test keys: ['loss', 'accuracy']
28-11-2019 01_05_18 MainThread DEBUG\ eval test res: [0.13764393739551306, 0.9603999853134155]
28-11-2019 01_06_31 MainThread DEBUG\ train/val errors: 0.012758914119573698 0.09755745003873016
28-11-2019 01_06_31 MainThread DEBUG\ eval test keys: ['loss', 'accuracy']
28-11-2019 01_06_31 MainThread DEBUG\ eval test res: [0.09300694673070484, 0.9819999933242798]
28-11-2019 01_06_31 MainThread DEBUG\ initial population scores [0.972100019454956, 0.9603999853134155, 0.9819999933242798]
28-11-2019 01_06_31 MainThread DEBUG\ Generation Start: 0
28-11-2019 01_06_33 MainThread DEBUG\ sorted params: []
28-11-2019 01_06_33 MainThread DEBUG\ properties being crossed over: ['epochs', 'batch_size', 'loss', 'nodes_layer_1']
28-11-2019 01_06_33 MainThread DEBUG\ post cross-over individual1 params {'input_size': 784, 'batch_size': 80, 'nodes_layer_1': 50, 'do_layer_1': 0.2, 'activation_layer_1': 'sigmoid', 'nodes_layer_2': 500, 'do_layer_2': 0.1, 'activation_layer_2': 'sigmoid', 'lr': 0.0001, 'epochs': 3000, 'optimizer': 'rmsprop', 'output_nodes': 10, 'output_activation': 'softmax', 'loss': 'categorical_crossentropy', 'nodes_layer_3': 60, 'do_layer_3': 0.1, 'activation_layer_3': 'sigmoid'}
28-11-2019 01_06_33 MainThread DEBUG\ post cross-over individual2 params {'input_size': 784, 'batch_size': 80, 'nodes_layer_1': 500, 'do_layer_1': 0.1, 'activation_layer_1': 'sigmoid', 'nodes_layer_2': 60, 'do_layer_2': 0.1, 'activation_layer_2': 'sigmoid', 'lr': 0.01, 'epochs': 3000, 'optimizer': 'rmsprop', 'output_nodes': 10, 'output_activation': 'softmax', 'loss': 'categorical_crossentropy'}
28-11-2019 01_06_33 MainThread DEBUG\ Evaluating params:
{'input_size': 784, 'batch_size': 80, 'nodes_layer_1': 50, 'do_layer_1': 0.2, 'activation_layer_1': 'sigmoid', 'nodes_layer_2': 500, 'do_layer_2': 0.1, 'activation_layer_2': 'sigmoid', 'lr': 0.0001, 'epochs': 3000, 'optimizer': 'rmsprop', 'output_nodes': 10, 'output_activation': 'softmax', 'loss': 'categorical_crossentropy', 'nodes_layer_3': 60, 'do_layer_3': 0.1, 'activation_layer_3': 'sigmoid'}
and
{'input_size': 784, 'batch_size': 80, 'nodes_layer_1': 500, 'do_layer_1': 0.1, 'activation_layer_1': 'sigmoid', 'nodes_layer_2': 60, 'do_layer_2': 0.1, 'activation_layer_2': 'sigmoid', 'lr': 0.01, 'epochs': 3000, 'optimizer': 'rmsprop', 'output_nodes': 10, 'output_activation': 'softmax', 'loss': 'categorical_crossentropy'}
28-11-2019 01_08_27 MainThread DEBUG\ train/val errors: 0.08827840832549902 0.11668218262183169
28-11-2019 01_08_28 MainThread DEBUG\ eval test keys: ['loss', 'accuracy']
28-11-2019 01_08_28 MainThread DEBUG\ eval test res: [0.11237718707856256, 0.97079998254776]
28-11-2019 01_09_32 MainThread DEBUG\ train/val errors: 0.005197779114886154 0.08839806270009527
28-11-2019 01_09_32 MainThread DEBUG\ eval test keys: ['loss', 'accuracy']
28-11-2019 01_09_32 MainThread DEBUG\ eval test res: [0.08672733498054977, 0.9810000061988831]
28-11-2019 01_09_32 MainThread DEBUG\ fitness1 = 0.97079998254776, fitness2 = 0.9810000061988831 and prev_best = 0.9819999933242798
28-11-2019 01_09_32 MainThread DEBUG\ current generation score: 0.9810000061988831
28-11-2019 01_09_32 MainThread DEBUG\ All scores [0.972100019454956, 0.9603999853134155, 0.9819999933242798]
28-11-2019 01_09_32 MainThread DEBUG\ on_generation_end: best_score= 0.9810000061988831 generation_count= 0
28-11-2019 01_09_32 MainThread DEBUG\ history dumped...
28-11-2019 01_09_32 MainThread DEBUG\ current gen update params: {'epochs', 'batch_size', 'loss', 'nodes_layer_1'}
28-11-2019 01_09_32 MainThread DEBUG\ curr gen updated param after clear set()
28-11-2019 01_09_32 MainThread DEBUG\ Generation End: 0
28-11-2019 01_09_32 MainThread DEBUG\ Generation Start: 1
28-11-2019 01_09_35 MainThread DEBUG\ sorted params: [('epochs', -0.0009999871253967285), ('batch_size', -0.0009999871253967285), ('loss', -0.0009999871253967285), ('nodes_layer_1', -0.0009999871253967285)]
28-11-2019 01_09_35 MainThread DEBUG\ selected imp_params ['epochs', 'batch_size', 'loss']
28-11-2019 01_09_35 MainThread DEBUG\ properties being crossed over: ['epochs', 'batch_size', 'loss']
28-11-2019 01_09_35 MainThread DEBUG\ post cross-over individual1 params {'input_size': 784, 'batch_size': 80, 'nodes_layer_1': 500, 'do_layer_1': 0.2, 'activation_layer_1': 'sigmoid', 'nodes_layer_2': 500, 'do_layer_2': 0.1, 'activation_layer_2': 'sigmoid', 'lr': 0.0001, 'epochs': 3000, 'optimizer': 'rmsprop', 'output_nodes': 10, 'output_activation': 'softmax', 'loss': 'categorical_crossentropy', 'nodes_layer_3': 60, 'do_layer_3': 0.1, 'activation_layer_3': 'sigmoid'}
28-11-2019 01_09_35 MainThread DEBUG\ post cross-over individual2 params {'input_size': 784, 'batch_size': 80, 'nodes_layer_1': 50, 'do_layer_1': 0.3, 'activation_layer_1': 'sigmoid', 'nodes_layer_2': 80, 'do_layer_2': 0.2, 'activation_layer_2': 'relu', 'lr': 0.0001, 'epochs': 3000, 'optimizer': 'sgd', 'output_nodes': 10, 'output_activation': 'softmax', 'loss': 'categorical_crossentropy', 'nodes_layer_3': 10, 'do_layer_3': 0.0, 'activation_layer_3': 'sigmoid'}
28-11-2019 01_09_35 MainThread DEBUG\ Evaluating params:
{'input_size': 784, 'batch_size': 80, 'nodes_layer_1': 500, 'do_layer_1': 0.2, 'activation_layer_1': 'sigmoid', 'nodes_layer_2': 500, 'do_layer_2': 0.1, 'activation_layer_2': 'sigmoid', 'lr': 0.0001, 'epochs': 3000, 'optimizer': 'rmsprop', 'output_nodes': 10, 'output_activation': 'softmax', 'loss': 'categorical_crossentropy', 'nodes_layer_3': 60, 'do_layer_3': 0.1, 'activation_layer_3': 'sigmoid'}
and
{'input_size': 784, 'batch_size': 80, 'nodes_layer_1': 50, 'do_layer_1': 0.3, 'activation_layer_1': 'sigmoid', 'nodes_layer_2': 80, 'do_layer_2': 0.2, 'activation_layer_2': 'relu', 'lr': 0.0001, 'epochs': 3000, 'optimizer': 'sgd', 'output_nodes': 10, 'output_activation': 'softmax', 'loss': 'categorical_crossentropy', 'nodes_layer_3': 10, 'do_layer_3': 0.0, 'activation_layer_3': 'sigmoid'}
28-11-2019 01_10_49 MainThread DEBUG\ train/val errors: 0.014040398482005306 0.09237271098517037
28-11-2019 01_10_49 MainThread DEBUG\ eval test keys: ['loss', 'accuracy']
28-11-2019 01_10_49 MainThread DEBUG\ eval test res: [0.09828770393156801, 0.9815999865531921]
28-11-2019 01_24_36 MainThread DEBUG\ train/val errors: 0.17908222478770075 0.14009406117515433
28-11-2019 01_24_37 MainThread DEBUG\ eval test keys: ['loss', 'accuracy']
28-11-2019 01_24_37 MainThread DEBUG\ eval test res: [0.13329387308210133, 0.9610000252723694]
28-11-2019 01_24_37 MainThread DEBUG\ fitness1 = 0.9815999865531921, fitness2 = 0.9610000252723694 and prev_best = 0.9819999933242798
28-11-2019 01_24_37 MainThread DEBUG\ current generation score: 0.9815999865531921
28-11-2019 01_24_37 MainThread DEBUG\ All scores [0.972100019454956, 0.9603999853134155, 0.9819999933242798]
28-11-2019 01_24_37 MainThread DEBUG\ on_generation_end: best_score= 0.9815999865531921 generation_count= 1
28-11-2019 01_24_37 MainThread DEBUG\ history dumped...
28-11-2019 01_24_37 MainThread DEBUG\ current gen update params: {'epochs', 'batch_size', 'loss'}
28-11-2019 01_24_37 MainThread DEBUG\ curr gen updated param after clear set()
28-11-2019 01_24_37 MainThread DEBUG\ Generation End: 1
28-11-2019 01_24_37 MainThread DEBUG\ Generation Start: 2
28-11-2019 01_24_40 MainThread DEBUG\ sorted params: [('nodes_layer_1', -0.0009999871253967285), ('epochs', -0.001399993896484375), ('batch_size', -0.001399993896484375), ('loss', -0.001399993896484375)]
28-11-2019 01_24_40 MainThread DEBUG\ selected imp_params ['nodes_layer_1', 'epochs', 'batch_size', 'loss']
28-11-2019 01_24_40 MainThread DEBUG\ properties being crossed over: ['nodes_layer_1', 'epochs', 'batch_size', 'loss']
28-11-2019 01_24_40 MainThread DEBUG\ post cross-over individual1 params {'input_size': 784, 'batch_size': 80, 'nodes_layer_1': 50, 'do_layer_1': 0.2, 'activation_layer_1': 'sigmoid', 'nodes_layer_2': 500, 'do_layer_2': 0.1, 'activation_layer_2': 'sigmoid', 'lr': 0.0001, 'epochs': 3000, 'optimizer': 'rmsprop', 'output_nodes': 10, 'output_activation': 'softmax', 'loss': 'categorical_crossentropy', 'nodes_layer_3': 60, 'do_layer_3': 0.1, 'activation_layer_3': 'sigmoid'}
28-11-2019 01_24_40 MainThread DEBUG\ post cross-over individual2 params {'input_size': 784, 'batch_size': 80, 'nodes_layer_1': 500, 'do_layer_1': 0.3, 'activation_layer_1': 'sigmoid', 'nodes_layer_2': 80, 'do_layer_2': 0.2, 'activation_layer_2': 'relu', 'lr': 0.0001, 'epochs': 3000, 'optimizer': 'sgd', 'output_nodes': 10, 'output_activation': 'softmax', 'loss': 'categorical_crossentropy', 'nodes_layer_3': 10, 'do_layer_3': 0.0, 'activation_layer_3': 'sigmoid'}
28-11-2019 01_24_40 MainThread DEBUG\ mutate_key do_layer_1
28-11-2019 01_24_40 MainThread DEBUG\ complete_layer_mutate {'input_size': 784, 'batch_size': 80, 'nodes_layer_1': 60, 'do_layer_1': 0.1, 'activation_layer_1': 'sigmoid', 'nodes_layer_2': 50, 'do_layer_2': 0.3, 'activation_layer_2': 'sigmoid', 'lr': 0.0001, 'epochs': 3000, 'optimizer': 'rmsprop', 'output_nodes': 10, 'output_activation': 'softmax', 'loss': 'categorical_crossentropy', 'nodes_layer_3': 60, 'do_layer_3': 0.4, 'activation_layer_3': 'relu'}
28-11-2019 01_24_40 MainThread DEBUG\ mutate_key nodes_layer_1
28-11-2019 01_24_40 MainThread DEBUG\ post mutation params {'input_size': 784, 'batch_size': 80, 'nodes_layer_1': 500, 'do_layer_1': 0.3, 'activation_layer_1': 'sigmoid', 'nodes_layer_2': 80, 'do_layer_2': 0.2, 'activation_layer_2': 'relu', 'lr': 0.0001, 'epochs': 3000, 'optimizer': 'sgd', 'output_nodes': 10, 'output_activation': 'softmax', 'loss': 'categorical_crossentropy', 'nodes_layer_3': 10, 'do_layer_3': 0.0, 'activation_layer_3': 'sigmoid'}
28-11-2019 01_24_41 MainThread DEBUG\ Evaluating params:
{'input_size': 784, 'batch_size': 80, 'nodes_layer_1': 60, 'do_layer_1': 0.1, 'activation_layer_1': 'sigmoid', 'nodes_layer_2': 50, 'do_layer_2': 0.3, 'activation_layer_2': 'sigmoid', 'lr': 0.0001, 'epochs': 3000, 'optimizer': 'rmsprop', 'output_nodes': 10, 'output_activation': 'softmax', 'loss': 'categorical_crossentropy', 'nodes_layer_3': 60, 'do_layer_3': 0.4, 'activation_layer_3': 'relu'}
and
{'input_size': 784, 'batch_size': 80, 'nodes_layer_1': 500, 'do_layer_1': 0.3, 'activation_layer_1': 'sigmoid', 'nodes_layer_2': 80, 'do_layer_2': 0.2, 'activation_layer_2': 'relu', 'lr': 0.0001, 'epochs': 3000, 'optimizer': 'sgd', 'output_nodes': 10, 'output_activation': 'softmax', 'loss': 'categorical_crossentropy', 'nodes_layer_3': 10, 'do_layer_3': 0.0, 'activation_layer_3': 'sigmoid'}
28-11-2019 01_26_15 MainThread DEBUG\ train/val errors: 0.13119463363839756 0.15029175936140948
28-11-2019 01_26_16 MainThread DEBUG\ eval test keys: ['loss', 'accuracy']
28-11-2019 01_26_16 MainThread DEBUG\ eval test res: [0.13813820504625038, 0.968500018119812]
28-11-2019 01_42_34 MainThread DEBUG\ train/val errors: 0.11137194116378114 0.10586665410548449
28-11-2019 01_42_35 MainThread DEBUG\ eval test keys: ['loss', 'accuracy']
28-11-2019 01_42_35 MainThread DEBUG\ eval test res: [0.0989534725368023, 0.97079998254776]
28-11-2019 01_42_35 MainThread DEBUG\ fitness1 = 0.968500018119812, fitness2 = 0.97079998254776 and prev_best = 0.9819999933242798
28-11-2019 01_42_35 MainThread DEBUG\ current generation score: 0.97079998254776
28-11-2019 01_42_35 MainThread DEBUG\ All scores [0.972100019454956, 0.9603999853134155, 0.9819999933242798]
28-11-2019 01_42_35 MainThread DEBUG\ on_generation_end: best_score= 0.97079998254776 generation_count= 2
28-11-2019 01_42_35 MainThread DEBUG\ history dumped...
28-11-2019 01_42_35 MainThread DEBUG\ current gen update params: {'activation_layer_2', 'do_layer_3', 'nodes_layer_3', 'output_activation', 'loss', 'activation_layer_3', 'lr', 'output_nodes', 'batch_size', 'activation_layer_1', 'nodes_layer_1', 'nodes_layer_2', 'epochs', 'do_layer_2', 'optimizer', 'do_layer_1', 'input_size'}
28-11-2019 01_42_35 MainThread DEBUG\ curr gen updated param after clear set()
