28-11-2019 20_42_49 MainThread INFO\ Initialized logging at path ./ga_28-11-2019_20_42_49.log
28-11-2019 20_42_53 MainThread DEBUG\ Initial population :
28-11-2019 20_42_53 MainThread DEBUG\ 0 => {'input_size': 784, 'batch_size': 100, 'nodes_layer_1': 10, 'do_layer_1': 0.0, 'activation_layer_1': 'sigmoid', 'lr': 0.01, 'epochs': 3000, 'optimizer': 'adam', 'output_nodes': 10, 'output_activation': 'softmax', 'loss': 'categorical_crossentropy'} 

28-11-2019 20_42_53 MainThread DEBUG\ 1 => {'input_size': 784, 'batch_size': 100, 'nodes_layer_1': 80, 'do_layer_1': 0.3, 'activation_layer_1': 'relu', 'lr': 0.0001, 'epochs': 3000, 'optimizer': 'adam', 'output_nodes': 10, 'output_activation': 'softmax', 'loss': 'categorical_crossentropy'} 

28-11-2019 20_42_53 MainThread DEBUG\ 2 => {'input_size': 784, 'batch_size': 80, 'nodes_layer_1': 60, 'do_layer_1': 0.2, 'activation_layer_1': 'relu', 'lr': 0.01, 'epochs': 3000, 'optimizer': 'rmsprop', 'output_nodes': 10, 'output_activation': 'softmax', 'loss': 'categorical_crossentropy'} 

28-11-2019 20_44_34 MainThread DEBUG\ train/val errors: 0.1731755162278811 0.2608734952285886
28-11-2019 20_44_34 MainThread DEBUG\ eval test keys: ['loss', 'accuracy']
28-11-2019 20_44_34 MainThread DEBUG\ eval test res: [0.2571890053659677, 0.9271000027656555]
28-11-2019 20_45_34 MainThread DEBUG\ train/val errors: 0.04099474255372548 0.10019833870529611
28-11-2019 20_45_35 MainThread DEBUG\ eval test keys: ['loss', 'accuracy']
28-11-2019 20_45_35 MainThread DEBUG\ eval test res: [0.10061112987262605, 0.9763000011444092]
28-11-2019 20_46_28 MainThread DEBUG\ train/val errors: 0.06667842862994543 0.12301628767202298
28-11-2019 20_46_28 MainThread DEBUG\ eval test keys: ['loss', 'accuracy']
28-11-2019 20_46_28 MainThread DEBUG\ eval test res: [0.12792462301902416, 0.9729999899864197]
28-11-2019 20_46_28 MainThread DEBUG\ initial population scores [0.9271000027656555, 0.9763000011444092, 0.9729999899864197]
28-11-2019 20_46_28 MainThread DEBUG\ Generation Start: 0
28-11-2019 20_46_30 MainThread DEBUG\ sorted params: []
28-11-2019 20_46_30 MainThread DEBUG\ properties being crossed over: ['epochs', 'optimizer', 'loss', 'nodes_layer_1', 'activation_layer_1']
28-11-2019 20_46_30 MainThread DEBUG\ post cross-over individual1 params {'input_size': 784, 'batch_size': 100, 'nodes_layer_1': 60, 'do_layer_1': 0.3, 'activation_layer_1': 'relu', 'lr': 0.0001, 'epochs': 3000, 'optimizer': 'rmsprop', 'output_nodes': 10, 'output_activation': 'softmax', 'loss': 'categorical_crossentropy'}
28-11-2019 20_46_30 MainThread DEBUG\ post cross-over individual2 params {'input_size': 784, 'batch_size': 80, 'nodes_layer_1': 80, 'do_layer_1': 0.2, 'activation_layer_1': 'relu', 'lr': 0.01, 'epochs': 3000, 'optimizer': 'adam', 'output_nodes': 10, 'output_activation': 'softmax', 'loss': 'categorical_crossentropy'}
28-11-2019 20_46_30 MainThread DEBUG\ mutate_key activation_layer_1
28-11-2019 20_46_30 MainThread DEBUG\ complete_layer_mutate {'input_size': 784, 'batch_size': 80, 'nodes_layer_1': 60, 'do_layer_1': 0.2, 'activation_layer_1': 'relu', 'lr': 0.01, 'epochs': 3000, 'optimizer': 'rmsprop', 'output_nodes': 10, 'output_activation': 'softmax', 'loss': 'categorical_crossentropy'}
28-11-2019 20_46_30 MainThread DEBUG\ mutate_key batch_size
28-11-2019 20_46_30 MainThread DEBUG\ post mutation params {'input_size': 784, 'batch_size': 80, 'nodes_layer_1': 80, 'do_layer_1': 0.2, 'activation_layer_1': 'relu', 'lr': 0.01, 'epochs': 3000, 'optimizer': 'adam', 'output_nodes': 10, 'output_activation': 'softmax', 'loss': 'categorical_crossentropy'}
28-11-2019 20_46_30 MainThread DEBUG\ Evaluating params:
{'input_size': 784, 'batch_size': 80, 'nodes_layer_1': 60, 'do_layer_1': 0.2, 'activation_layer_1': 'relu', 'lr': 0.01, 'epochs': 3000, 'optimizer': 'rmsprop', 'output_nodes': 10, 'output_activation': 'softmax', 'loss': 'categorical_crossentropy'}
and
{'input_size': 784, 'batch_size': 80, 'nodes_layer_1': 80, 'do_layer_1': 0.2, 'activation_layer_1': 'relu', 'lr': 0.01, 'epochs': 3000, 'optimizer': 'adam', 'output_nodes': 10, 'output_activation': 'softmax', 'loss': 'categorical_crossentropy'}
28-11-2019 20_47_17 MainThread DEBUG\ train/val errors: 0.06778317201394765 0.11692572528806826
28-11-2019 20_47_18 MainThread DEBUG\ eval test keys: ['loss', 'accuracy']
28-11-2019 20_47_18 MainThread DEBUG\ eval test res: [0.11723888909874368, 0.9725000262260437]
28-11-2019 20_48_18 MainThread DEBUG\ train/val errors: 0.027170445646070653 0.0946065292471192
28-11-2019 20_48_19 MainThread DEBUG\ eval test keys: ['loss', 'accuracy']
28-11-2019 20_48_19 MainThread DEBUG\ eval test res: [0.10127132652762266, 0.9754999876022339]
28-11-2019 20_48_19 MainThread DEBUG\ fitness1 = 0.9725000262260437, fitness2 = 0.9754999876022339 and prev_best = 0.9763000011444092
28-11-2019 20_48_19 MainThread DEBUG\ current generation score: 0.9754999876022339
28-11-2019 20_48_19 MainThread DEBUG\ All scores [0.9271000027656555, 0.9763000011444092, 0.9729999899864197]
28-11-2019 20_48_19 MainThread DEBUG\ on_generation_end: best_score= 0.9754999876022339 generation_count= 0
28-11-2019 20_48_19 MainThread DEBUG\ history dumped...
28-11-2019 20_48_19 MainThread DEBUG\ current gen update params: {'do_layer_1', 'epochs', 'optimizer', 'lr', 'input_size', 'loss', 'nodes_layer_1', 'output_activation', 'output_nodes', 'batch_size', 'activation_layer_1'}
28-11-2019 20_48_19 MainThread DEBUG\ curr gen updated param after clear set()
28-11-2019 20_48_19 MainThread DEBUG\ Generation End: 0
28-11-2019 20_48_19 MainThread DEBUG\ Generation Start: 1
28-11-2019 20_48_21 MainThread DEBUG\ sorted params: [('do_layer_1', -0.000800013542175293), ('epochs', -0.000800013542175293), ('optimizer', -0.000800013542175293), ('lr', -0.000800013542175293), ('input_size', -0.000800013542175293), ('loss', -0.000800013542175293), ('nodes_layer_1', -0.000800013542175293), ('output_activation', -0.000800013542175293), ('output_nodes', -0.000800013542175293), ('batch_size', -0.000800013542175293), ('activation_layer_1', -0.000800013542175293)]
28-11-2019 20_48_21 MainThread DEBUG\ selected imp_params ['do_layer_1', 'epochs', 'optimizer']
28-11-2019 20_48_21 MainThread DEBUG\ properties being crossed over: ['do_layer_1', 'epochs', 'optimizer']
28-11-2019 20_48_21 MainThread DEBUG\ post cross-over individual1 params {'input_size': 784, 'batch_size': 100, 'nodes_layer_1': 80, 'do_layer_1': 0.2, 'activation_layer_1': 'relu', 'lr': 0.0001, 'epochs': 3000, 'optimizer': 'rmsprop', 'output_nodes': 10, 'output_activation': 'softmax', 'loss': 'categorical_crossentropy'}
28-11-2019 20_48_21 MainThread DEBUG\ post cross-over individual2 params {'input_size': 784, 'batch_size': 80, 'nodes_layer_1': 60, 'do_layer_1': 0.3, 'activation_layer_1': 'relu', 'lr': 0.01, 'epochs': 3000, 'optimizer': 'adam', 'output_nodes': 10, 'output_activation': 'softmax', 'loss': 'categorical_crossentropy'}
28-11-2019 20_48_21 MainThread DEBUG\ Evaluating params:
{'input_size': 784, 'batch_size': 100, 'nodes_layer_1': 80, 'do_layer_1': 0.2, 'activation_layer_1': 'relu', 'lr': 0.0001, 'epochs': 3000, 'optimizer': 'rmsprop', 'output_nodes': 10, 'output_activation': 'softmax', 'loss': 'categorical_crossentropy'}
and
{'input_size': 784, 'batch_size': 80, 'nodes_layer_1': 60, 'do_layer_1': 0.3, 'activation_layer_1': 'relu', 'lr': 0.01, 'epochs': 3000, 'optimizer': 'adam', 'output_nodes': 10, 'output_activation': 'softmax', 'loss': 'categorical_crossentropy'}
28-11-2019 20_49_14 MainThread DEBUG\ train/val errors: 0.040503149898722765 0.10573324868423192
28-11-2019 20_49_14 MainThread DEBUG\ eval test keys: ['loss', 'accuracy']
28-11-2019 20_49_14 MainThread DEBUG\ eval test res: [0.11651963826297797, 0.975600004196167]
28-11-2019 20_50_23 MainThread DEBUG\ train/val errors: 0.07173964249058848 0.1135056961617536
28-11-2019 20_50_23 MainThread DEBUG\ eval test keys: ['loss', 'accuracy']
28-11-2019 20_50_23 MainThread DEBUG\ eval test res: [0.10400268530275207, 0.9733999967575073]
28-11-2019 20_50_23 MainThread DEBUG\ fitness1 = 0.975600004196167, fitness2 = 0.9733999967575073 and prev_best = 0.9763000011444092
28-11-2019 20_50_23 MainThread DEBUG\ current generation score: 0.975600004196167
28-11-2019 20_50_23 MainThread DEBUG\ All scores [0.9271000027656555, 0.9763000011444092, 0.9729999899864197]
28-11-2019 20_50_23 MainThread DEBUG\ on_generation_end: best_score= 0.975600004196167 generation_count= 1
28-11-2019 20_50_23 MainThread DEBUG\ history dumped...
28-11-2019 20_50_23 MainThread DEBUG\ current gen update params: {'epochs', 'do_layer_1', 'optimizer'}
28-11-2019 20_50_23 MainThread DEBUG\ curr gen updated param after clear set()
28-11-2019 20_50_23 MainThread DEBUG\ Generation End: 1
28-11-2019 20_50_23 MainThread DEBUG\ Generation Start: 2
28-11-2019 20_50_23 MainThread DEBUG\ calling selection recursive 1 3
28-11-2019 20_50_26 MainThread DEBUG\ sorted params: [('lr', -0.000800013542175293), ('input_size', -0.000800013542175293), ('loss', -0.000800013542175293), ('nodes_layer_1', -0.000800013542175293), ('output_activation', -0.000800013542175293), ('output_nodes', -0.000800013542175293), ('batch_size', -0.000800013542175293), ('activation_layer_1', -0.000800013542175293), ('do_layer_1', -0.0015000104904174805), ('epochs', -0.0015000104904174805), ('optimizer', -0.0015000104904174805)]
28-11-2019 20_50_26 MainThread DEBUG\ selected imp_params ['lr', 'loss', 'nodes_layer_1', 'batch_size']
28-11-2019 20_50_26 MainThread DEBUG\ properties being crossed over: ['lr', 'loss', 'nodes_layer_1', 'batch_size']
28-11-2019 20_50_26 MainThread DEBUG\ post cross-over individual1 params {'input_size': 784, 'batch_size': 100, 'nodes_layer_1': 10, 'do_layer_1': 0.3, 'activation_layer_1': 'relu', 'lr': 0.01, 'epochs': 3000, 'optimizer': 'adam', 'output_nodes': 10, 'output_activation': 'softmax', 'loss': 'categorical_crossentropy'}
28-11-2019 20_50_26 MainThread DEBUG\ post cross-over individual2 params {'input_size': 784, 'batch_size': 100, 'nodes_layer_1': 80, 'do_layer_1': 0.0, 'activation_layer_1': 'sigmoid', 'lr': 0.0001, 'epochs': 3000, 'optimizer': 'adam', 'output_nodes': 10, 'output_activation': 'softmax', 'loss': 'categorical_crossentropy'}
28-11-2019 20_50_26 MainThread DEBUG\ mutate_key optimizer
28-11-2019 20_50_26 MainThread DEBUG\ post mutation params {'input_size': 784, 'batch_size': 100, 'nodes_layer_1': 10, 'do_layer_1': 0.3, 'activation_layer_1': 'relu', 'lr': 0.01, 'epochs': 3000, 'optimizer': 'sgd', 'output_nodes': 10, 'output_activation': 'softmax', 'loss': 'categorical_crossentropy'}
28-11-2019 20_50_26 MainThread DEBUG\ mutate_key loss
28-11-2019 20_50_26 MainThread DEBUG\ post mutation params {'input_size': 784, 'batch_size': 100, 'nodes_layer_1': 80, 'do_layer_1': 0.0, 'activation_layer_1': 'sigmoid', 'lr': 0.0001, 'epochs': 3000, 'optimizer': 'adam', 'output_nodes': 10, 'output_activation': 'softmax', 'loss': 'categorical_crossentropy'}
28-11-2019 20_50_26 MainThread DEBUG\ Evaluating params:
{'input_size': 784, 'batch_size': 100, 'nodes_layer_1': 10, 'do_layer_1': 0.3, 'activation_layer_1': 'relu', 'lr': 0.01, 'epochs': 3000, 'optimizer': 'sgd', 'output_nodes': 10, 'output_activation': 'softmax', 'loss': 'categorical_crossentropy'}
and
{'input_size': 784, 'batch_size': 100, 'nodes_layer_1': 80, 'do_layer_1': 0.0, 'activation_layer_1': 'sigmoid', 'lr': 0.0001, 'epochs': 3000, 'optimizer': 'adam', 'output_nodes': 10, 'output_activation': 'softmax', 'loss': 'categorical_crossentropy'}
28-11-2019 20_55_42 MainThread DEBUG\ train/val errors: 0.6937791257387116 0.3609220489859581
28-11-2019 20_55_42 MainThread DEBUG\ eval test keys: ['loss', 'accuracy']
28-11-2019 20_55_42 MainThread DEBUG\ eval test res: [0.3681876018881798, 0.904699981212616]
28-11-2019 20_56_50 MainThread DEBUG\ train/val errors: 0.003951587426126934 0.10163992520990885
28-11-2019 20_56_50 MainThread DEBUG\ eval test keys: ['loss', 'accuracy']
28-11-2019 20_56_50 MainThread DEBUG\ eval test res: [0.10023723977364134, 0.9726999998092651]
28-11-2019 20_56_50 MainThread DEBUG\ fitness1 = 0.904699981212616, fitness2 = 0.9726999998092651 and prev_best = 0.9763000011444092
28-11-2019 20_56_50 MainThread DEBUG\ current generation score: 0.9726999998092651
28-11-2019 20_56_50 MainThread DEBUG\ All scores [0.9271000027656555, 0.9763000011444092, 0.9729999899864197]
28-11-2019 20_56_50 MainThread DEBUG\ on_generation_end: best_score= 0.9726999998092651 generation_count= 2
28-11-2019 20_56_50 MainThread DEBUG\ history dumped...
28-11-2019 20_56_50 MainThread DEBUG\ current gen update params: {'optimizer', 'lr', 'loss', 'nodes_layer_1', 'batch_size'}
28-11-2019 20_56_50 MainThread DEBUG\ curr gen updated param after clear set()
28-11-2019 20_56_50 MainThread DEBUG\ Generation End: 2
28-11-2019 20_56_50 MainThread DEBUG\ Generation Start: 3
28-11-2019 20_56_50 MainThread DEBUG\ calling selection recursive 1 3
28-11-2019 20_56_50 MainThread DEBUG\ calling selection recursive 1 3
28-11-2019 20_56_53 MainThread DEBUG\ sorted params: [('input_size', -0.000800013542175293), ('output_activation', -0.000800013542175293), ('output_nodes', -0.000800013542175293), ('activation_layer_1', -0.000800013542175293), ('do_layer_1', -0.0015000104904174805), ('epochs', -0.0015000104904174805), ('lr', -0.004400014877319336), ('loss', -0.004400014877319336), ('nodes_layer_1', -0.004400014877319336), ('batch_size', -0.004400014877319336), ('optimizer', -0.0051000118255615234)]
28-11-2019 20_56_53 MainThread DEBUG\ selected imp_params ['activation_layer_1']
28-11-2019 20_56_53 MainThread DEBUG\ properties being crossed over: ['activation_layer_1']
28-11-2019 20_56_53 MainThread DEBUG\ post cross-over individual1 params {'input_size': 784, 'batch_size': 100, 'nodes_layer_1': 80, 'do_layer_1': 0.3, 'activation_layer_1': 'sigmoid', 'lr': 0.0001, 'epochs': 3000, 'optimizer': 'adam', 'output_nodes': 10, 'output_activation': 'softmax', 'loss': 'categorical_crossentropy'}
28-11-2019 20_56_53 MainThread DEBUG\ post cross-over individual2 params {'input_size': 784, 'batch_size': 100, 'nodes_layer_1': 10, 'do_layer_1': 0.0, 'activation_layer_1': 'relu', 'lr': 0.01, 'epochs': 3000, 'optimizer': 'adam', 'output_nodes': 10, 'output_activation': 'softmax', 'loss': 'categorical_crossentropy'}
28-11-2019 20_56_54 MainThread DEBUG\ Evaluating params:
{'input_size': 784, 'batch_size': 100, 'nodes_layer_1': 80, 'do_layer_1': 0.3, 'activation_layer_1': 'sigmoid', 'lr': 0.0001, 'epochs': 3000, 'optimizer': 'adam', 'output_nodes': 10, 'output_activation': 'softmax', 'loss': 'categorical_crossentropy'}
and
{'input_size': 784, 'batch_size': 100, 'nodes_layer_1': 10, 'do_layer_1': 0.0, 'activation_layer_1': 'relu', 'lr': 0.01, 'epochs': 3000, 'optimizer': 'adam', 'output_nodes': 10, 'output_activation': 'softmax', 'loss': 'categorical_crossentropy'}
28-11-2019 20_58_27 MainThread DEBUG\ train/val errors: 0.05321546333198923 0.10388365488163093
28-11-2019 20_58_28 MainThread DEBUG\ eval test keys: ['loss', 'accuracy']
28-11-2019 20_58_28 MainThread DEBUG\ eval test res: [0.0932192055124673, 0.9747999906539917]
28-11-2019 20_59_47 MainThread DEBUG\ train/val errors: 0.15540682238837084 0.2325556094861693
28-11-2019 20_59_48 MainThread DEBUG\ eval test keys: ['loss', 'accuracy']
28-11-2019 20_59_48 MainThread DEBUG\ eval test res: [0.23549381707161665, 0.9365000128746033]
28-11-2019 20_59_48 MainThread DEBUG\ fitness1 = 0.9747999906539917, fitness2 = 0.9365000128746033 and prev_best = 0.9763000011444092
28-11-2019 20_59_48 MainThread DEBUG\ current generation score: 0.9747999906539917
28-11-2019 20_59_48 MainThread DEBUG\ All scores [0.9271000027656555, 0.9763000011444092, 0.9729999899864197]
28-11-2019 20_59_48 MainThread DEBUG\ on_generation_end: best_score= 0.9747999906539917 generation_count= 3
28-11-2019 20_59_48 MainThread DEBUG\ history dumped...
28-11-2019 20_59_48 MainThread DEBUG\ current gen update params: {'activation_layer_1'}
28-11-2019 20_59_48 MainThread DEBUG\ curr gen updated param after clear set()
28-11-2019 20_59_48 MainThread DEBUG\ Generation End: 3
28-11-2019 20_59_48 MainThread DEBUG\ Generation Start: 4
28-11-2019 20_59_51 MainThread DEBUG\ sorted params: [('input_size', -0.000800013542175293), ('output_activation', -0.000800013542175293), ('output_nodes', -0.000800013542175293), ('do_layer_1', -0.0015000104904174805), ('epochs', -0.0015000104904174805), ('activation_layer_1', -0.0023000240325927734), ('lr', -0.004400014877319336), ('loss', -0.004400014877319336), ('nodes_layer_1', -0.004400014877319336), ('batch_size', -0.004400014877319336), ('optimizer', -0.0051000118255615234)]
28-11-2019 20_59_51 MainThread DEBUG\ selected imp_params ['do_layer_1', 'epochs', 'activation_layer_1', 'lr']
28-11-2019 20_59_51 MainThread DEBUG\ properties being crossed over: ['do_layer_1', 'epochs', 'activation_layer_1', 'lr']
28-11-2019 20_59_51 MainThread DEBUG\ post cross-over individual1 params {'input_size': 784, 'batch_size': 100, 'nodes_layer_1': 80, 'do_layer_1': 0.0, 'activation_layer_1': 'sigmoid', 'lr': 0.01, 'epochs': 3000, 'optimizer': 'adam', 'output_nodes': 10, 'output_activation': 'softmax', 'loss': 'categorical_crossentropy'}
28-11-2019 20_59_51 MainThread DEBUG\ post cross-over individual2 params {'input_size': 784, 'batch_size': 100, 'nodes_layer_1': 10, 'do_layer_1': 0.3, 'activation_layer_1': 'relu', 'lr': 0.0001, 'epochs': 3000, 'optimizer': 'adam', 'output_nodes': 10, 'output_activation': 'softmax', 'loss': 'categorical_crossentropy'}
28-11-2019 20_59_51 MainThread DEBUG\ Evaluating params:
{'input_size': 784, 'batch_size': 100, 'nodes_layer_1': 80, 'do_layer_1': 0.0, 'activation_layer_1': 'sigmoid', 'lr': 0.01, 'epochs': 3000, 'optimizer': 'adam', 'output_nodes': 10, 'output_activation': 'softmax', 'loss': 'categorical_crossentropy'}
and
{'input_size': 784, 'batch_size': 100, 'nodes_layer_1': 10, 'do_layer_1': 0.3, 'activation_layer_1': 'relu', 'lr': 0.0001, 'epochs': 3000, 'optimizer': 'adam', 'output_nodes': 10, 'output_activation': 'softmax', 'loss': 'categorical_crossentropy'}
28-11-2019 21_00_58 MainThread DEBUG\ train/val errors: 0.0057030822606369234 0.10703951358381245
28-11-2019 21_00_59 MainThread DEBUG\ eval test keys: ['loss', 'accuracy']
28-11-2019 21_00_59 MainThread DEBUG\ eval test res: [0.10115523834414199, 0.9740999937057495]
28-11-2019 21_02_55 MainThread DEBUG\ train/val errors: 0.6175205305928275 0.3252768762202726
28-11-2019 21_02_56 MainThread DEBUG\ eval test keys: ['loss', 'accuracy']
28-11-2019 21_02_56 MainThread DEBUG\ eval test res: [0.3279424535989761, 0.9090999960899353]
28-11-2019 21_02_56 MainThread DEBUG\ fitness1 = 0.9740999937057495, fitness2 = 0.9090999960899353 and prev_best = 0.9763000011444092
28-11-2019 21_02_56 MainThread DEBUG\ current generation score: 0.9740999937057495
28-11-2019 21_02_56 MainThread DEBUG\ All scores [0.9271000027656555, 0.9763000011444092, 0.9729999899864197]
28-11-2019 21_02_56 MainThread DEBUG\ on_generation_end: best_score= 0.9740999937057495 generation_count= 4
28-11-2019 21_02_56 MainThread DEBUG\ history dumped...
28-11-2019 21_02_56 MainThread DEBUG\ current gen update params: {'epochs', 'do_layer_1', 'lr', 'activation_layer_1'}
28-11-2019 21_02_56 MainThread DEBUG\ curr gen updated param after clear set()
28-11-2019 21_02_56 MainThread DEBUG\ Generation End: 4
28-11-2019 21_02_56 MainThread DEBUG\ Generation Start: 5
28-11-2019 21_03_00 MainThread DEBUG\ sorted params: [('input_size', -0.000800013542175293), ('output_activation', -0.000800013542175293), ('output_nodes', -0.000800013542175293), ('do_layer_1', -0.0037000179290771484), ('epochs', -0.0037000179290771484), ('loss', -0.004400014877319336), ('nodes_layer_1', -0.004400014877319336), ('batch_size', -0.004400014877319336), ('activation_layer_1', -0.004500031471252441), ('optimizer', -0.0051000118255615234), ('lr', -0.006600022315979004)]
28-11-2019 21_03_00 MainThread DEBUG\ selected imp_params ['do_layer_1', 'epochs', 'loss', 'nodes_layer_1']
28-11-2019 21_03_00 MainThread DEBUG\ properties being crossed over: ['do_layer_1', 'epochs', 'loss', 'nodes_layer_1']
28-11-2019 21_03_00 MainThread DEBUG\ post cross-over individual1 params {'input_size': 784, 'batch_size': 100, 'nodes_layer_1': 60, 'do_layer_1': 0.2, 'activation_layer_1': 'relu', 'lr': 0.0001, 'epochs': 3000, 'optimizer': 'adam', 'output_nodes': 10, 'output_activation': 'softmax', 'loss': 'categorical_crossentropy'}
28-11-2019 21_03_00 MainThread DEBUG\ post cross-over individual2 params {'input_size': 784, 'batch_size': 80, 'nodes_layer_1': 80, 'do_layer_1': 0.3, 'activation_layer_1': 'relu', 'lr': 0.01, 'epochs': 3000, 'optimizer': 'rmsprop', 'output_nodes': 10, 'output_activation': 'softmax', 'loss': 'categorical_crossentropy'}
28-11-2019 21_03_00 MainThread DEBUG\ Evaluating params:
{'input_size': 784, 'batch_size': 100, 'nodes_layer_1': 60, 'do_layer_1': 0.2, 'activation_layer_1': 'relu', 'lr': 0.0001, 'epochs': 3000, 'optimizer': 'adam', 'output_nodes': 10, 'output_activation': 'softmax', 'loss': 'categorical_crossentropy'}
and
{'input_size': 784, 'batch_size': 80, 'nodes_layer_1': 80, 'do_layer_1': 0.3, 'activation_layer_1': 'relu', 'lr': 0.01, 'epochs': 3000, 'optimizer': 'rmsprop', 'output_nodes': 10, 'output_activation': 'softmax', 'loss': 'categorical_crossentropy'}
28-11-2019 21_04_03 MainThread DEBUG\ train/val errors: 0.04470411101799636 0.10381153021913228
28-11-2019 21_04_03 MainThread DEBUG\ eval test keys: ['loss', 'accuracy']
28-11-2019 21_04_03 MainThread DEBUG\ eval test res: [0.09820251672539744, 0.9757000207901001]
28-11-2019 21_04_59 MainThread DEBUG\ train/val errors: 0.08154962634756452 0.12226622717972431
28-11-2019 21_04_59 MainThread DEBUG\ eval test keys: ['loss', 'accuracy']
28-11-2019 21_04_59 MainThread DEBUG\ eval test res: [0.10664344981862814, 0.9753000140190125]
28-11-2019 21_04_59 MainThread DEBUG\ fitness1 = 0.9757000207901001, fitness2 = 0.9753000140190125 and prev_best = 0.9763000011444092
28-11-2019 21_04_59 MainThread DEBUG\ current generation score: 0.9757000207901001
28-11-2019 21_04_59 MainThread DEBUG\ All scores [0.9271000027656555, 0.9763000011444092, 0.9729999899864197]
28-11-2019 21_04_59 MainThread DEBUG\ on_generation_end: best_score= 0.9757000207901001 generation_count= 5
28-11-2019 21_04_59 MainThread DEBUG\ history dumped...
28-11-2019 21_04_59 MainThread DEBUG\ current gen update params: {'epochs', 'do_layer_1', 'loss', 'nodes_layer_1'}
28-11-2019 21_04_59 MainThread DEBUG\ curr gen updated param after clear set()
28-11-2019 21_04_59 MainThread DEBUG\ Generation End: 5
28-11-2019 21_04_59 MainThread DEBUG\ Generation Start: 6
28-11-2019 21_04_59 MainThread DEBUG\ calling selection recursive 1 3
28-11-2019 21_05_04 MainThread DEBUG\ sorted params: [('input_size', -0.000800013542175293), ('output_activation', -0.000800013542175293), ('output_nodes', -0.000800013542175293), ('do_layer_1', -0.0042999982833862305), ('epochs', -0.0042999982833862305), ('batch_size', -0.004400014877319336), ('activation_layer_1', -0.004500031471252441), ('loss', -0.004999995231628418), ('nodes_layer_1', -0.004999995231628418), ('optimizer', -0.0051000118255615234), ('lr', -0.006600022315979004)]
28-11-2019 21_05_04 MainThread DEBUG\ selected imp_params ['do_layer_1', 'epochs']
28-11-2019 21_05_04 MainThread DEBUG\ properties being crossed over: ['do_layer_1', 'epochs']
28-11-2019 21_05_04 MainThread DEBUG\ post cross-over individual1 params {'input_size': 784, 'batch_size': 100, 'nodes_layer_1': 80, 'do_layer_1': 0.2, 'activation_layer_1': 'relu', 'lr': 0.0001, 'epochs': 3000, 'optimizer': 'adam', 'output_nodes': 10, 'output_activation': 'softmax', 'loss': 'categorical_crossentropy'}
28-11-2019 21_05_04 MainThread DEBUG\ post cross-over individual2 params {'input_size': 784, 'batch_size': 80, 'nodes_layer_1': 60, 'do_layer_1': 0.3, 'activation_layer_1': 'relu', 'lr': 0.01, 'epochs': 3000, 'optimizer': 'rmsprop', 'output_nodes': 10, 'output_activation': 'softmax', 'loss': 'categorical_crossentropy'}
28-11-2019 21_05_04 MainThread DEBUG\ Evaluating params:
{'input_size': 784, 'batch_size': 100, 'nodes_layer_1': 80, 'do_layer_1': 0.2, 'activation_layer_1': 'relu', 'lr': 0.0001, 'epochs': 3000, 'optimizer': 'adam', 'output_nodes': 10, 'output_activation': 'softmax', 'loss': 'categorical_crossentropy'}
and
{'input_size': 784, 'batch_size': 80, 'nodes_layer_1': 60, 'do_layer_1': 0.3, 'activation_layer_1': 'relu', 'lr': 0.01, 'epochs': 3000, 'optimizer': 'rmsprop', 'output_nodes': 10, 'output_activation': 'softmax', 'loss': 'categorical_crossentropy'}
28-11-2019 21_06_00 MainThread DEBUG\ train/val errors: 0.02963627040319677 0.0983354326751497
28-11-2019 21_06_00 MainThread DEBUG\ eval test keys: ['loss', 'accuracy']
28-11-2019 21_06_00 MainThread DEBUG\ eval test res: [0.0918756473224974, 0.9746999740600586]
28-11-2019 21_06_59 MainThread DEBUG\ train/val errors: 0.10879420474881217 0.12959532386933764
28-11-2019 21_06_59 MainThread DEBUG\ eval test keys: ['loss', 'accuracy']
28-11-2019 21_06_59 MainThread DEBUG\ eval test res: [0.12938833010408562, 0.9713000059127808]
28-11-2019 21_06_59 MainThread DEBUG\ fitness1 = 0.9746999740600586, fitness2 = 0.9713000059127808 and prev_best = 0.9763000011444092
28-11-2019 21_06_59 MainThread DEBUG\ current generation score: 0.9746999740600586
28-11-2019 21_06_59 MainThread DEBUG\ All scores [0.9271000027656555, 0.9763000011444092, 0.9729999899864197]
28-11-2019 21_06_59 MainThread DEBUG\ on_generation_end: best_score= 0.9746999740600586 generation_count= 6
28-11-2019 21_06_59 MainThread DEBUG\ history dumped...
28-11-2019 21_06_59 MainThread DEBUG\ current gen update params: {'epochs', 'do_layer_1'}
28-11-2019 21_06_59 MainThread DEBUG\ curr gen updated param after clear set()
28-11-2019 21_06_59 MainThread DEBUG\ Generation End: 6
28-11-2019 21_06_59 MainThread DEBUG\ Generation Start: 7
28-11-2019 21_07_05 MainThread DEBUG\ sorted params: [('input_size', -0.000800013542175293), ('output_activation', -0.000800013542175293), ('output_nodes', -0.000800013542175293), ('batch_size', -0.004400014877319336), ('activation_layer_1', -0.004500031471252441), ('loss', -0.004999995231628418), ('nodes_layer_1', -0.004999995231628418), ('optimizer', -0.0051000118255615234), ('do_layer_1', -0.005900025367736816), ('epochs', -0.005900025367736816), ('lr', -0.006600022315979004)]
28-11-2019 21_07_05 MainThread DEBUG\ selected imp_params ['batch_size']
28-11-2019 21_07_05 MainThread DEBUG\ properties being crossed over: ['batch_size']
28-11-2019 21_07_05 MainThread DEBUG\ post cross-over individual1 params {'input_size': 784, 'batch_size': 80, 'nodes_layer_1': 80, 'do_layer_1': 0.3, 'activation_layer_1': 'relu', 'lr': 0.0001, 'epochs': 3000, 'optimizer': 'adam', 'output_nodes': 10, 'output_activation': 'softmax', 'loss': 'categorical_crossentropy'}
28-11-2019 21_07_05 MainThread DEBUG\ post cross-over individual2 params {'input_size': 784, 'batch_size': 100, 'nodes_layer_1': 60, 'do_layer_1': 0.2, 'activation_layer_1': 'relu', 'lr': 0.01, 'epochs': 3000, 'optimizer': 'rmsprop', 'output_nodes': 10, 'output_activation': 'softmax', 'loss': 'categorical_crossentropy'}
28-11-2019 21_07_05 MainThread DEBUG\ Evaluating params:
{'input_size': 784, 'batch_size': 80, 'nodes_layer_1': 80, 'do_layer_1': 0.3, 'activation_layer_1': 'relu', 'lr': 0.0001, 'epochs': 3000, 'optimizer': 'adam', 'output_nodes': 10, 'output_activation': 'softmax', 'loss': 'categorical_crossentropy'}
and
{'input_size': 784, 'batch_size': 100, 'nodes_layer_1': 60, 'do_layer_1': 0.2, 'activation_layer_1': 'relu', 'lr': 0.01, 'epochs': 3000, 'optimizer': 'rmsprop', 'output_nodes': 10, 'output_activation': 'softmax', 'loss': 'categorical_crossentropy'}
28-11-2019 21_08_17 MainThread DEBUG\ train/val errors: 0.04580787807569972 0.09947416545512776
28-11-2019 21_08_18 MainThread DEBUG\ eval test keys: ['loss', 'accuracy']
28-11-2019 21_08_18 MainThread DEBUG\ eval test res: [0.09672916355058551, 0.9739000201225281]
28-11-2019 21_09_15 MainThread DEBUG\ train/val errors: 0.0637800561347311 0.11871439908605276
28-11-2019 21_09_16 MainThread DEBUG\ eval test keys: ['loss', 'accuracy']
28-11-2019 21_09_16 MainThread DEBUG\ eval test res: [0.12257376574379741, 0.9739999771118164]
28-11-2019 21_09_16 MainThread DEBUG\ fitness1 = 0.9739000201225281, fitness2 = 0.9739999771118164 and prev_best = 0.9763000011444092
28-11-2019 21_09_16 MainThread DEBUG\ current generation score: 0.9739999771118164
28-11-2019 21_09_16 MainThread DEBUG\ All scores [0.9271000027656555, 0.9763000011444092, 0.9729999899864197]
28-11-2019 21_09_16 MainThread DEBUG\ on_generation_end: best_score= 0.9739999771118164 generation_count= 7
28-11-2019 21_09_16 MainThread DEBUG\ history dumped...
28-11-2019 21_09_16 MainThread DEBUG\ current gen update params: {'batch_size'}
28-11-2019 21_09_16 MainThread DEBUG\ curr gen updated param after clear set()
28-11-2019 21_09_16 MainThread DEBUG\ Generation End: 7
28-11-2019 21_09_16 MainThread DEBUG\ Generation Start: 8
28-11-2019 21_09_16 MainThread DEBUG\ calling selection recursive 1 3
28-11-2019 21_09_22 MainThread DEBUG\ sorted params: [('input_size', -0.000800013542175293), ('output_activation', -0.000800013542175293), ('output_nodes', -0.000800013542175293), ('activation_layer_1', -0.004500031471252441), ('loss', -0.004999995231628418), ('nodes_layer_1', -0.004999995231628418), ('optimizer', -0.0051000118255615234), ('do_layer_1', -0.005900025367736816), ('epochs', -0.005900025367736816), ('lr', -0.006600022315979004), ('batch_size', -0.006700038909912109)]
28-11-2019 21_09_22 MainThread DEBUG\ selected imp_params ['activation_layer_1', 'loss']
28-11-2019 21_09_22 MainThread DEBUG\ properties being crossed over: ['activation_layer_1', 'loss']
28-11-2019 21_09_22 MainThread DEBUG\ post cross-over individual1 params {'input_size': 784, 'batch_size': 100, 'nodes_layer_1': 80, 'do_layer_1': 0.3, 'activation_layer_1': 'relu', 'lr': 0.0001, 'epochs': 3000, 'optimizer': 'adam', 'output_nodes': 10, 'output_activation': 'softmax', 'loss': 'categorical_crossentropy'}
28-11-2019 21_09_22 MainThread DEBUG\ post cross-over individual2 params {'input_size': 784, 'batch_size': 80, 'nodes_layer_1': 60, 'do_layer_1': 0.2, 'activation_layer_1': 'relu', 'lr': 0.01, 'epochs': 3000, 'optimizer': 'rmsprop', 'output_nodes': 10, 'output_activation': 'softmax', 'loss': 'categorical_crossentropy'}
28-11-2019 21_09_22 MainThread DEBUG\ Evaluating params:
{'input_size': 784, 'batch_size': 100, 'nodes_layer_1': 80, 'do_layer_1': 0.3, 'activation_layer_1': 'relu', 'lr': 0.0001, 'epochs': 3000, 'optimizer': 'adam', 'output_nodes': 10, 'output_activation': 'softmax', 'loss': 'categorical_crossentropy'}
and
{'input_size': 784, 'batch_size': 80, 'nodes_layer_1': 60, 'do_layer_1': 0.2, 'activation_layer_1': 'relu', 'lr': 0.01, 'epochs': 3000, 'optimizer': 'rmsprop', 'output_nodes': 10, 'output_activation': 'softmax', 'loss': 'categorical_crossentropy'}
28-11-2019 21_10_33 MainThread DEBUG\ train/val errors: 0.041261380206837894 0.09760413467851727
28-11-2019 21_10_33 MainThread DEBUG\ eval test keys: ['loss', 'accuracy']
28-11-2019 21_10_33 MainThread DEBUG\ eval test res: [0.09733882151312427, 0.9765999913215637]
28-11-2019 21_11_35 MainThread DEBUG\ train/val errors: 0.07055284774285697 0.1257635241234675
28-11-2019 21_11_35 MainThread DEBUG\ eval test keys: ['loss', 'accuracy']
28-11-2019 21_11_35 MainThread DEBUG\ eval test res: [0.13671116871301783, 0.9715999960899353]
28-11-2019 21_11_35 MainThread DEBUG\ fitness1 = 0.9765999913215637, fitness2 = 0.9715999960899353 and prev_best = 0.9763000011444092
28-11-2019 21_11_35 MainThread DEBUG\ added child1 to 0 index
28-11-2019 21_11_35 MainThread DEBUG\ current generation score: 0.9765999913215637
28-11-2019 21_11_35 MainThread DEBUG\ All scores [0.9765999913215637, 0.9763000011444092, 0.9729999899864197]
28-11-2019 21_11_35 MainThread DEBUG\ on_generation_end: best_score= 0.9765999913215637 generation_count= 8
28-11-2019 21_11_35 MainThread DEBUG\ history dumped...
28-11-2019 21_11_35 MainThread DEBUG\ current gen update params: {'loss', 'activation_layer_1'}
28-11-2019 21_11_35 MainThread DEBUG\ curr gen updated param after clear set()
28-11-2019 21_11_35 MainThread DEBUG\ Generation End: 8
28-11-2019 21_11_35 MainThread DEBUG\ Generation Start: 9
28-11-2019 21_11_35 MainThread DEBUG\ calling selection recursive 1 3
28-11-2019 21_11_42 MainThread DEBUG\ sorted params: [('input_size', -0.000800013542175293), ('output_activation', -0.000800013542175293), ('output_nodes', -0.000800013542175293), ('activation_layer_1', -0.0042000412940979), ('loss', -0.004700005054473877), ('nodes_layer_1', -0.004999995231628418), ('optimizer', -0.0051000118255615234), ('do_layer_1', -0.005900025367736816), ('epochs', -0.005900025367736816), ('lr', -0.006600022315979004), ('batch_size', -0.006700038909912109)]
28-11-2019 21_11_42 MainThread DEBUG\ selected imp_params ['activation_layer_1', 'loss', 'nodes_layer_1']
28-11-2019 21_11_42 MainThread DEBUG\ properties being crossed over: ['activation_layer_1', 'loss', 'nodes_layer_1']
28-11-2019 21_11_42 MainThread DEBUG\ post cross-over individual1 params {'input_size': 784, 'batch_size': 100, 'nodes_layer_1': 60, 'do_layer_1': 0.3, 'activation_layer_1': 'relu', 'lr': 0.0001, 'epochs': 3000, 'optimizer': 'adam', 'output_nodes': 10, 'output_activation': 'softmax', 'loss': 'categorical_crossentropy'}
28-11-2019 21_11_42 MainThread DEBUG\ post cross-over individual2 params {'input_size': 784, 'batch_size': 80, 'nodes_layer_1': 80, 'do_layer_1': 0.2, 'activation_layer_1': 'relu', 'lr': 0.01, 'epochs': 3000, 'optimizer': 'rmsprop', 'output_nodes': 10, 'output_activation': 'softmax', 'loss': 'categorical_crossentropy'}
28-11-2019 21_11_43 MainThread DEBUG\ mutate_key activation_layer_1
28-11-2019 21_11_43 MainThread DEBUG\ post mutation params {'input_size': 784, 'batch_size': 100, 'nodes_layer_1': 60, 'do_layer_1': 0.3, 'activation_layer_1': 'sigmoid', 'lr': 0.0001, 'epochs': 3000, 'optimizer': 'adam', 'output_nodes': 10, 'output_activation': 'softmax', 'loss': 'categorical_crossentropy'}
28-11-2019 21_11_43 MainThread DEBUG\ mutate_key loss
28-11-2019 21_11_43 MainThread DEBUG\ post mutation params {'input_size': 784, 'batch_size': 80, 'nodes_layer_1': 80, 'do_layer_1': 0.2, 'activation_layer_1': 'relu', 'lr': 0.01, 'epochs': 3000, 'optimizer': 'rmsprop', 'output_nodes': 10, 'output_activation': 'softmax', 'loss': 'categorical_crossentropy'}
28-11-2019 21_11_43 MainThread DEBUG\ Evaluating params:
{'input_size': 784, 'batch_size': 100, 'nodes_layer_1': 60, 'do_layer_1': 0.3, 'activation_layer_1': 'sigmoid', 'lr': 0.0001, 'epochs': 3000, 'optimizer': 'adam', 'output_nodes': 10, 'output_activation': 'softmax', 'loss': 'categorical_crossentropy'}
and
{'input_size': 784, 'batch_size': 80, 'nodes_layer_1': 80, 'do_layer_1': 0.2, 'activation_layer_1': 'relu', 'lr': 0.01, 'epochs': 3000, 'optimizer': 'rmsprop', 'output_nodes': 10, 'output_activation': 'softmax', 'loss': 'categorical_crossentropy'}
28-11-2019 21_13_27 MainThread DEBUG\ train/val errors: 0.08079188642579885 0.12335889919712725
28-11-2019 21_13_27 MainThread DEBUG\ eval test keys: ['loss', 'accuracy']
28-11-2019 21_13_27 MainThread DEBUG\ eval test res: [0.11618731214776636, 0.9693999886512756]
28-11-2019 21_14_19 MainThread DEBUG\ train/val errors: 0.04913230148692881 0.11169659356483155
28-11-2019 21_14_19 MainThread DEBUG\ eval test keys: ['loss', 'accuracy']
28-11-2019 21_14_19 MainThread DEBUG\ eval test res: [0.10997863863485109, 0.9772999882698059]
28-11-2019 21_14_19 MainThread DEBUG\ fitness1 = 0.9693999886512756, fitness2 = 0.9772999882698059 and prev_best = 0.9765999913215637
28-11-2019 21_14_19 MainThread DEBUG\ added child2 to 2 index
28-11-2019 21_14_19 MainThread DEBUG\ current generation score: 0.9772999882698059
28-11-2019 21_14_19 MainThread DEBUG\ All scores [0.9765999913215637, 0.9763000011444092, 0.9772999882698059]
28-11-2019 21_14_19 MainThread DEBUG\ on_generation_end: best_score= 0.9772999882698059 generation_count= 9
28-11-2019 21_14_19 MainThread DEBUG\ history dumped...
28-11-2019 21_14_19 MainThread DEBUG\ current gen update params: {'loss', 'nodes_layer_1', 'activation_layer_1'}
28-11-2019 21_14_19 MainThread DEBUG\ curr gen updated param after clear set()
28-11-2019 21_14_19 MainThread DEBUG\ Generation End: 9
28-11-2019 21_14_19 MainThread DEBUG\ Generation Start: 10
28-11-2019 21_14_19 MainThread DEBUG\ calling selection recursive 1 3
28-11-2019 21_14_27 MainThread DEBUG\ sorted params: [('input_size', -0.000800013542175293), ('output_activation', -0.000800013542175293), ('output_nodes', -0.000800013542175293), ('activation_layer_1', -0.003500044345855713), ('loss', -0.0040000081062316895), ('nodes_layer_1', -0.0042999982833862305), ('optimizer', -0.0051000118255615234), ('do_layer_1', -0.005900025367736816), ('epochs', -0.005900025367736816), ('lr', -0.006600022315979004), ('batch_size', -0.006700038909912109)]
28-11-2019 21_14_27 MainThread DEBUG\ selected imp_params ['activation_layer_1', 'loss']
28-11-2019 21_14_27 MainThread DEBUG\ properties being crossed over: ['activation_layer_1', 'loss']
28-11-2019 21_14_27 MainThread DEBUG\ post cross-over individual1 params {'input_size': 784, 'batch_size': 80, 'nodes_layer_1': 80, 'do_layer_1': 0.2, 'activation_layer_1': 'relu', 'lr': 0.01, 'epochs': 3000, 'optimizer': 'rmsprop', 'output_nodes': 10, 'output_activation': 'softmax', 'loss': 'categorical_crossentropy'}
28-11-2019 21_14_27 MainThread DEBUG\ post cross-over individual2 params {'input_size': 784, 'batch_size': 100, 'nodes_layer_1': 80, 'do_layer_1': 0.3, 'activation_layer_1': 'relu', 'lr': 0.0001, 'epochs': 3000, 'optimizer': 'adam', 'output_nodes': 10, 'output_activation': 'softmax', 'loss': 'categorical_crossentropy'}
28-11-2019 21_14_28 MainThread DEBUG\ mutate_key batch_size
28-11-2019 21_14_28 MainThread DEBUG\ post mutation params {'input_size': 784, 'batch_size': 80, 'nodes_layer_1': 80, 'do_layer_1': 0.2, 'activation_layer_1': 'relu', 'lr': 0.01, 'epochs': 3000, 'optimizer': 'rmsprop', 'output_nodes': 10, 'output_activation': 'softmax', 'loss': 'categorical_crossentropy'}
28-11-2019 21_14_28 MainThread DEBUG\ mutate_key nodes_layer_1
28-11-2019 21_14_28 MainThread DEBUG\ post mutation params {'input_size': 784, 'batch_size': 100, 'nodes_layer_1': 50, 'do_layer_1': 0.3, 'activation_layer_1': 'relu', 'lr': 0.0001, 'epochs': 3000, 'optimizer': 'adam', 'output_nodes': 10, 'output_activation': 'softmax', 'loss': 'categorical_crossentropy'}
28-11-2019 21_14_28 MainThread DEBUG\ Evaluating params:
{'input_size': 784, 'batch_size': 80, 'nodes_layer_1': 80, 'do_layer_1': 0.2, 'activation_layer_1': 'relu', 'lr': 0.01, 'epochs': 3000, 'optimizer': 'rmsprop', 'output_nodes': 10, 'output_activation': 'softmax', 'loss': 'categorical_crossentropy'}
and
{'input_size': 784, 'batch_size': 100, 'nodes_layer_1': 50, 'do_layer_1': 0.3, 'activation_layer_1': 'relu', 'lr': 0.0001, 'epochs': 3000, 'optimizer': 'adam', 'output_nodes': 10, 'output_activation': 'softmax', 'loss': 'categorical_crossentropy'}
28-11-2019 21_15_40 MainThread DEBUG\ train/val errors: 0.04753422134223261 0.11309868377736873
28-11-2019 21_15_40 MainThread DEBUG\ eval test keys: ['loss', 'accuracy']
28-11-2019 21_15_40 MainThread DEBUG\ eval test res: [0.11828738631020387, 0.9757999777793884]
28-11-2019 21_16_44 MainThread DEBUG\ train/val errors: 0.1000302303848522 0.12436882478391958
28-11-2019 21_16_45 MainThread DEBUG\ eval test keys: ['loss', 'accuracy']
28-11-2019 21_16_45 MainThread DEBUG\ eval test res: [0.11623103719938081, 0.9684000015258789]
28-11-2019 21_16_45 MainThread DEBUG\ fitness1 = 0.9757999777793884, fitness2 = 0.9684000015258789 and prev_best = 0.9772999882698059
28-11-2019 21_16_45 MainThread DEBUG\ current generation score: 0.9757999777793884
28-11-2019 21_16_45 MainThread DEBUG\ All scores [0.9765999913215637, 0.9763000011444092, 0.9772999882698059]
28-11-2019 21_16_45 MainThread DEBUG\ on_generation_end: best_score= 0.9757999777793884 generation_count= 10
28-11-2019 21_16_45 MainThread DEBUG\ history dumped...
28-11-2019 21_16_45 MainThread DEBUG\ current gen update params: {'batch_size', 'loss', 'nodes_layer_1', 'activation_layer_1'}
28-11-2019 21_16_45 MainThread DEBUG\ curr gen updated param after clear set()
28-11-2019 21_16_45 MainThread DEBUG\ Generation End: 10
28-11-2019 21_16_45 MainThread DEBUG\ Generation Start: 11
28-11-2019 21_16_45 MainThread DEBUG\ calling selection recursive 1 3
28-11-2019 21_16_45 MainThread DEBUG\ calling selection recursive 1 3
28-11-2019 21_16_52 MainThread DEBUG\ sorted params: [('input_size', -0.000800013542175293), ('output_activation', -0.000800013542175293), ('output_nodes', -0.000800013542175293), ('activation_layer_1', -0.005000054836273193), ('optimizer', -0.0051000118255615234), ('loss', -0.00550001859664917), ('nodes_layer_1', -0.005800008773803711), ('do_layer_1', -0.005900025367736816), ('epochs', -0.005900025367736816), ('lr', -0.006600022315979004), ('batch_size', -0.00820004940032959)]
28-11-2019 21_16_52 MainThread DEBUG\ selected imp_params ['activation_layer_1']
28-11-2019 21_16_52 MainThread DEBUG\ properties being crossed over: ['activation_layer_1']
28-11-2019 21_16_52 MainThread DEBUG\ post cross-over individual1 params {'input_size': 784, 'batch_size': 80, 'nodes_layer_1': 80, 'do_layer_1': 0.2, 'activation_layer_1': 'relu', 'lr': 0.01, 'epochs': 3000, 'optimizer': 'rmsprop', 'output_nodes': 10, 'output_activation': 'softmax', 'loss': 'categorical_crossentropy'}
28-11-2019 21_16_52 MainThread DEBUG\ post cross-over individual2 params {'input_size': 784, 'batch_size': 100, 'nodes_layer_1': 80, 'do_layer_1': 0.3, 'activation_layer_1': 'relu', 'lr': 0.0001, 'epochs': 3000, 'optimizer': 'adam', 'output_nodes': 10, 'output_activation': 'softmax', 'loss': 'categorical_crossentropy'}
28-11-2019 21_16_53 MainThread DEBUG\ Evaluating params:
{'input_size': 784, 'batch_size': 80, 'nodes_layer_1': 80, 'do_layer_1': 0.2, 'activation_layer_1': 'relu', 'lr': 0.01, 'epochs': 3000, 'optimizer': 'rmsprop', 'output_nodes': 10, 'output_activation': 'softmax', 'loss': 'categorical_crossentropy'}
and
{'input_size': 784, 'batch_size': 100, 'nodes_layer_1': 80, 'do_layer_1': 0.3, 'activation_layer_1': 'relu', 'lr': 0.0001, 'epochs': 3000, 'optimizer': 'adam', 'output_nodes': 10, 'output_activation': 'softmax', 'loss': 'categorical_crossentropy'}
28-11-2019 21_17_59 MainThread DEBUG\ train/val errors: 0.05022688729167428 0.1113291058052952
28-11-2019 21_18_00 MainThread DEBUG\ eval test keys: ['loss', 'accuracy']
28-11-2019 21_18_00 MainThread DEBUG\ eval test res: [0.10761434391774383, 0.9793000221252441]
28-11-2019 21_19_07 MainThread DEBUG\ train/val errors: 0.04817712135790359 0.10006250011372483
28-11-2019 21_19_08 MainThread DEBUG\ eval test keys: ['loss', 'accuracy']
28-11-2019 21_19_08 MainThread DEBUG\ eval test res: [0.09941329782611866, 0.9743000268936157]
28-11-2019 21_19_08 MainThread DEBUG\ fitness1 = 0.9793000221252441, fitness2 = 0.9743000268936157 and prev_best = 0.9772999882698059
28-11-2019 21_19_08 MainThread DEBUG\ added child1 to 1 index
28-11-2019 21_19_08 MainThread DEBUG\ current generation score: 0.9793000221252441
28-11-2019 21_19_08 MainThread DEBUG\ All scores [0.9765999913215637, 0.9793000221252441, 0.9772999882698059]
28-11-2019 21_19_08 MainThread DEBUG\ on_generation_end: best_score= 0.9793000221252441 generation_count= 11
28-11-2019 21_19_08 MainThread DEBUG\ history dumped...
28-11-2019 21_19_08 MainThread DEBUG\ current gen update params: {'activation_layer_1'}
28-11-2019 21_19_08 MainThread DEBUG\ curr gen updated param after clear set()
28-11-2019 21_19_08 MainThread DEBUG\ Generation End: 11
28-11-2019 21_19_08 MainThread DEBUG\ Generation Start: 12
28-11-2019 21_19_17 MainThread DEBUG\ sorted params: [('input_size', -0.000800013542175293), ('output_activation', -0.000800013542175293), ('output_nodes', -0.000800013542175293), ('activation_layer_1', -0.003000020980834961), ('optimizer', -0.0051000118255615234), ('loss', -0.00550001859664917), ('nodes_layer_1', -0.005800008773803711), ('do_layer_1', -0.005900025367736816), ('epochs', -0.005900025367736816), ('lr', -0.006600022315979004), ('batch_size', -0.00820004940032959)]
28-11-2019 21_19_17 MainThread DEBUG\ selected imp_params ['activation_layer_1', 'optimizer', 'loss']
28-11-2019 21_19_17 MainThread DEBUG\ properties being crossed over: ['activation_layer_1', 'optimizer', 'loss']
28-11-2019 21_19_17 MainThread DEBUG\ post cross-over individual1 params {'input_size': 784, 'batch_size': 80, 'nodes_layer_1': 80, 'do_layer_1': 0.2, 'activation_layer_1': 'relu', 'lr': 0.01, 'epochs': 3000, 'optimizer': 'rmsprop', 'output_nodes': 10, 'output_activation': 'softmax', 'loss': 'categorical_crossentropy'}
28-11-2019 21_19_17 MainThread DEBUG\ post cross-over individual2 params {'input_size': 784, 'batch_size': 80, 'nodes_layer_1': 80, 'do_layer_1': 0.2, 'activation_layer_1': 'relu', 'lr': 0.01, 'epochs': 3000, 'optimizer': 'rmsprop', 'output_nodes': 10, 'output_activation': 'softmax', 'loss': 'categorical_crossentropy'}
28-11-2019 21_19_17 MainThread DEBUG\ Evaluating params:
{'input_size': 784, 'batch_size': 80, 'nodes_layer_1': 80, 'do_layer_1': 0.2, 'activation_layer_1': 'relu', 'lr': 0.01, 'epochs': 3000, 'optimizer': 'rmsprop', 'output_nodes': 10, 'output_activation': 'softmax', 'loss': 'categorical_crossentropy'}
and
{'input_size': 784, 'batch_size': 80, 'nodes_layer_1': 80, 'do_layer_1': 0.2, 'activation_layer_1': 'relu', 'lr': 0.01, 'epochs': 3000, 'optimizer': 'rmsprop', 'output_nodes': 10, 'output_activation': 'softmax', 'loss': 'categorical_crossentropy'}
28-11-2019 21_20_28 MainThread DEBUG\ train/val errors: 0.04869608274516871 0.11210330188895265
28-11-2019 21_20_29 MainThread DEBUG\ eval test keys: ['loss', 'accuracy']
28-11-2019 21_20_29 MainThread DEBUG\ eval test res: [0.12478387633018137, 0.9754999876022339]
28-11-2019 21_21_33 MainThread DEBUG\ train/val errors: 0.05173725047969215 0.11386852596989937
28-11-2019 21_21_33 MainThread DEBUG\ eval test keys: ['loss', 'accuracy']
28-11-2019 21_21_33 MainThread DEBUG\ eval test res: [0.10596063702978718, 0.9758999943733215]
28-11-2019 21_21_33 MainThread DEBUG\ fitness1 = 0.9754999876022339, fitness2 = 0.9758999943733215 and prev_best = 0.9793000221252441
28-11-2019 21_21_33 MainThread DEBUG\ current generation score: 0.9758999943733215
28-11-2019 21_21_33 MainThread DEBUG\ All scores [0.9765999913215637, 0.9793000221252441, 0.9772999882698059]
28-11-2019 21_21_33 MainThread DEBUG\ on_generation_end: best_score= 0.9758999943733215 generation_count= 12
28-11-2019 21_21_33 MainThread DEBUG\ history dumped...
28-11-2019 21_21_33 MainThread DEBUG\ current gen update params: {'optimizer', 'loss', 'activation_layer_1'}
28-11-2019 21_21_33 MainThread DEBUG\ curr gen updated param after clear set()
28-11-2019 21_21_33 MainThread DEBUG\ Generation End: 12
28-11-2019 21_21_33 MainThread DEBUG\ Generation Start: 13
28-11-2019 21_21_33 MainThread DEBUG\ calling selection recursive 1 3
28-11-2019 21_21_42 MainThread DEBUG\ sorted params: [('input_size', -0.000800013542175293), ('output_activation', -0.000800013542175293), ('output_nodes', -0.000800013542175293), ('nodes_layer_1', -0.005800008773803711), ('do_layer_1', -0.005900025367736816), ('epochs', -0.005900025367736816), ('activation_layer_1', -0.006400048732757568), ('lr', -0.006600022315979004), ('batch_size', -0.00820004940032959), ('optimizer', -0.00850003957748413), ('loss', -0.008900046348571777)]
28-11-2019 21_21_42 MainThread DEBUG\ selected imp_params ['nodes_layer_1']
28-11-2019 21_21_42 MainThread DEBUG\ properties being crossed over: ['nodes_layer_1']
28-11-2019 21_21_42 MainThread DEBUG\ post cross-over individual1 params {'input_size': 784, 'batch_size': 80, 'nodes_layer_1': 80, 'do_layer_1': 0.2, 'activation_layer_1': 'relu', 'lr': 0.01, 'epochs': 3000, 'optimizer': 'rmsprop', 'output_nodes': 10, 'output_activation': 'softmax', 'loss': 'categorical_crossentropy'}
28-11-2019 21_21_42 MainThread DEBUG\ post cross-over individual2 params {'input_size': 784, 'batch_size': 100, 'nodes_layer_1': 80, 'do_layer_1': 0.3, 'activation_layer_1': 'relu', 'lr': 0.0001, 'epochs': 3000, 'optimizer': 'adam', 'output_nodes': 10, 'output_activation': 'softmax', 'loss': 'categorical_crossentropy'}
28-11-2019 21_21_42 MainThread DEBUG\ mutate_key nodes_layer_1
28-11-2019 21_21_42 MainThread DEBUG\ complete_layer_mutate {'input_size': 784, 'batch_size': 80, 'nodes_layer_1': 500, 'do_layer_1': 0.2, 'activation_layer_1': 'sigmoid', 'lr': 0.01, 'epochs': 3000, 'optimizer': 'rmsprop', 'output_nodes': 10, 'output_activation': 'softmax', 'loss': 'categorical_crossentropy', 'nodes_layer_2': 10, 'do_layer_2': 0.1, 'activation_layer_2': 'sigmoid', 'nodes_layer_3': 50, 'do_layer_3': 0.4, 'activation_layer_3': 'relu'}
28-11-2019 21_21_42 MainThread DEBUG\ mutate_key lr
28-11-2019 21_21_42 MainThread DEBUG\ post mutation params {'input_size': 784, 'batch_size': 100, 'nodes_layer_1': 80, 'do_layer_1': 0.3, 'activation_layer_1': 'relu', 'lr': 0.01, 'epochs': 3000, 'optimizer': 'adam', 'output_nodes': 10, 'output_activation': 'softmax', 'loss': 'categorical_crossentropy'}
28-11-2019 21_21_42 MainThread DEBUG\ Evaluating params:
{'input_size': 784, 'batch_size': 80, 'nodes_layer_1': 500, 'do_layer_1': 0.2, 'activation_layer_1': 'sigmoid', 'lr': 0.01, 'epochs': 3000, 'optimizer': 'rmsprop', 'output_nodes': 10, 'output_activation': 'softmax', 'loss': 'categorical_crossentropy', 'nodes_layer_2': 10, 'do_layer_2': 0.1, 'activation_layer_2': 'sigmoid', 'nodes_layer_3': 50, 'do_layer_3': 0.4, 'activation_layer_3': 'relu'}
and
{'input_size': 784, 'batch_size': 100, 'nodes_layer_1': 80, 'do_layer_1': 0.3, 'activation_layer_1': 'relu', 'lr': 0.01, 'epochs': 3000, 'optimizer': 'adam', 'output_nodes': 10, 'output_activation': 'softmax', 'loss': 'categorical_crossentropy'}
28-11-2019 21_23_12 MainThread DEBUG\ train/val errors: 0.09698534010953846 0.12205729087814689
28-11-2019 21_23_13 MainThread DEBUG\ eval test keys: ['loss', 'accuracy']
28-11-2019 21_23_13 MainThread DEBUG\ eval test res: [0.14288809719905257, 0.9785000085830688]
28-11-2019 21_24_30 MainThread DEBUG\ train/val errors: 0.04467000496695705 0.09796570316700834
28-11-2019 21_24_31 MainThread DEBUG\ eval test keys: ['loss', 'accuracy']
28-11-2019 21_24_31 MainThread DEBUG\ eval test res: [0.10269090266872082, 0.9750000238418579]
28-11-2019 21_24_31 MainThread DEBUG\ fitness1 = 0.9785000085830688, fitness2 = 0.9750000238418579 and prev_best = 0.9793000221252441
28-11-2019 21_24_31 MainThread DEBUG\ current generation score: 0.9785000085830688
28-11-2019 21_24_31 MainThread DEBUG\ All scores [0.9765999913215637, 0.9793000221252441, 0.9772999882698059]
28-11-2019 21_24_31 MainThread DEBUG\ on_generation_end: best_score= 0.9785000085830688 generation_count= 13
28-11-2019 21_24_31 MainThread DEBUG\ history dumped...
28-11-2019 21_24_31 MainThread DEBUG\ current gen update params: {'do_layer_1', 'activation_layer_1', 'epochs', 'optimizer', 'lr', 'do_layer_3', 'nodes_layer_2', 'nodes_layer_3', 'activation_layer_2', 'loss', 'nodes_layer_1', 'output_activation', 'output_nodes', 'activation_layer_3', 'do_layer_2', 'batch_size', 'input_size'}
28-11-2019 21_24_31 MainThread DEBUG\ curr gen updated param after clear set()
28-11-2019 21_24_31 MainThread DEBUG\ Generation End: 13
28-11-2019 21_24_31 MainThread DEBUG\ Generation Start: 14
28-11-2019 21_24_41 MainThread DEBUG\ sorted params: [('do_layer_3', -0.000800013542175293), ('nodes_layer_2', -0.000800013542175293), ('nodes_layer_3', -0.000800013542175293), ('activation_layer_2', -0.000800013542175293), ('activation_layer_3', -0.000800013542175293), ('do_layer_2', -0.000800013542175293), ('input_size', -0.001600027084350586), ('output_activation', -0.001600027084350586), ('output_nodes', -0.001600027084350586), ('nodes_layer_1', -0.006600022315979004), ('do_layer_1', -0.006700038909912109), ('epochs', -0.006700038909912109), ('activation_layer_1', -0.007200062274932861), ('lr', -0.007400035858154297), ('batch_size', -0.009000062942504883), ('optimizer', -0.009300053119659424), ('loss', -0.00970005989074707)]
28-11-2019 21_24_41 MainThread DEBUG\ selected imp_params ['nodes_layer_1', 'do_layer_1']
28-11-2019 21_24_41 MainThread DEBUG\ properties being crossed over: ['nodes_layer_1', 'do_layer_1']
28-11-2019 21_24_41 MainThread DEBUG\ post cross-over individual1 params {'input_size': 784, 'batch_size': 80, 'nodes_layer_1': 80, 'do_layer_1': 0.3, 'activation_layer_1': 'relu', 'lr': 0.01, 'epochs': 3000, 'optimizer': 'rmsprop', 'output_nodes': 10, 'output_activation': 'softmax', 'loss': 'categorical_crossentropy'}
28-11-2019 21_24_41 MainThread DEBUG\ post cross-over individual2 params {'input_size': 784, 'batch_size': 100, 'nodes_layer_1': 80, 'do_layer_1': 0.2, 'activation_layer_1': 'relu', 'lr': 0.0001, 'epochs': 3000, 'optimizer': 'adam', 'output_nodes': 10, 'output_activation': 'softmax', 'loss': 'categorical_crossentropy'}
28-11-2019 21_24_41 MainThread DEBUG\ Evaluating params:
{'input_size': 784, 'batch_size': 80, 'nodes_layer_1': 80, 'do_layer_1': 0.3, 'activation_layer_1': 'relu', 'lr': 0.01, 'epochs': 3000, 'optimizer': 'rmsprop', 'output_nodes': 10, 'output_activation': 'softmax', 'loss': 'categorical_crossentropy'}
and
{'input_size': 784, 'batch_size': 100, 'nodes_layer_1': 80, 'do_layer_1': 0.2, 'activation_layer_1': 'relu', 'lr': 0.0001, 'epochs': 3000, 'optimizer': 'adam', 'output_nodes': 10, 'output_activation': 'softmax', 'loss': 'categorical_crossentropy'}
28-11-2019 21_25_45 MainThread DEBUG\ train/val errors: 0.08550055566110781 0.12241516543552279
28-11-2019 21_25_46 MainThread DEBUG\ eval test keys: ['loss', 'accuracy']
28-11-2019 21_25_46 MainThread DEBUG\ eval test res: [0.12452033711016411, 0.9728000164031982]
28-11-2019 21_27_18 MainThread DEBUG\ train/val errors: 0.023617390439834535 0.09262399185293664
28-11-2019 21_27_18 MainThread DEBUG\ eval test keys: ['loss', 'accuracy']
28-11-2019 21_27_18 MainThread DEBUG\ eval test res: [0.1003382618770862, 0.9761999845504761]
28-11-2019 21_27_18 MainThread DEBUG\ fitness1 = 0.9728000164031982, fitness2 = 0.9761999845504761 and prev_best = 0.9793000221252441
28-11-2019 21_27_18 MainThread DEBUG\ current generation score: 0.9761999845504761
28-11-2019 21_27_18 MainThread DEBUG\ All scores [0.9765999913215637, 0.9793000221252441, 0.9772999882698059]
28-11-2019 21_27_18 MainThread DEBUG\ on_generation_end: best_score= 0.9761999845504761 generation_count= 14
28-11-2019 21_27_18 MainThread DEBUG\ history dumped...
28-11-2019 21_27_18 MainThread DEBUG\ current gen update params: {'do_layer_1', 'nodes_layer_1'}
28-11-2019 21_27_18 MainThread DEBUG\ curr gen updated param after clear set()
28-11-2019 21_27_18 MainThread DEBUG\ Generation End: 14
28-11-2019 21_27_18 MainThread DEBUG\ Generation Start: 15
28-11-2019 21_27_29 MainThread DEBUG\ sorted params: [('do_layer_3', -0.000800013542175293), ('nodes_layer_2', -0.000800013542175293), ('nodes_layer_3', -0.000800013542175293), ('activation_layer_2', -0.000800013542175293), ('activation_layer_3', -0.000800013542175293), ('do_layer_2', -0.000800013542175293), ('input_size', -0.001600027084350586), ('output_activation', -0.001600027084350586), ('output_nodes', -0.001600027084350586), ('epochs', -0.006700038909912109), ('activation_layer_1', -0.007200062274932861), ('lr', -0.007400035858154297), ('batch_size', -0.009000062942504883), ('optimizer', -0.009300053119659424), ('loss', -0.00970005989074707), ('nodes_layer_1', -0.00970005989074707), ('do_layer_1', -0.009800076484680176)]
28-11-2019 21_27_29 MainThread DEBUG\ selected imp_params ['epochs']
28-11-2019 21_27_29 MainThread DEBUG\ properties being crossed over: ['epochs']
28-11-2019 21_27_29 MainThread DEBUG\ post cross-over individual1 params {'input_size': 784, 'batch_size': 80, 'nodes_layer_1': 80, 'do_layer_1': 0.2, 'activation_layer_1': 'relu', 'lr': 0.01, 'epochs': 3000, 'optimizer': 'rmsprop', 'output_nodes': 10, 'output_activation': 'softmax', 'loss': 'categorical_crossentropy'}
28-11-2019 21_27_29 MainThread DEBUG\ post cross-over individual2 params {'input_size': 784, 'batch_size': 80, 'nodes_layer_1': 80, 'do_layer_1': 0.2, 'activation_layer_1': 'relu', 'lr': 0.01, 'epochs': 3000, 'optimizer': 'rmsprop', 'output_nodes': 10, 'output_activation': 'softmax', 'loss': 'categorical_crossentropy'}
28-11-2019 21_27_29 MainThread DEBUG\ Evaluating params:
{'input_size': 784, 'batch_size': 80, 'nodes_layer_1': 80, 'do_layer_1': 0.2, 'activation_layer_1': 'relu', 'lr': 0.01, 'epochs': 3000, 'optimizer': 'rmsprop', 'output_nodes': 10, 'output_activation': 'softmax', 'loss': 'categorical_crossentropy'}
and
{'input_size': 784, 'batch_size': 80, 'nodes_layer_1': 80, 'do_layer_1': 0.2, 'activation_layer_1': 'relu', 'lr': 0.01, 'epochs': 3000, 'optimizer': 'rmsprop', 'output_nodes': 10, 'output_activation': 'softmax', 'loss': 'categorical_crossentropy'}
28-11-2019 21_28_51 MainThread DEBUG\ train/val errors: 0.04841845780078854 0.11193295751801795
28-11-2019 21_28_52 MainThread DEBUG\ eval test keys: ['loss', 'accuracy']
28-11-2019 21_28_52 MainThread DEBUG\ eval test res: [0.12290661679808108, 0.9758999943733215]
28-11-2019 21_30_04 MainThread DEBUG\ train/val errors: 0.04841401026584208 0.1102481850464311
28-11-2019 21_30_05 MainThread DEBUG\ eval test keys: ['loss', 'accuracy']
28-11-2019 21_30_05 MainThread DEBUG\ eval test res: [0.11090115265187923, 0.9749000072479248]
28-11-2019 21_30_05 MainThread DEBUG\ fitness1 = 0.9758999943733215, fitness2 = 0.9749000072479248 and prev_best = 0.9793000221252441
28-11-2019 21_30_05 MainThread DEBUG\ current generation score: 0.9758999943733215
28-11-2019 21_30_05 MainThread DEBUG\ All scores [0.9765999913215637, 0.9793000221252441, 0.9772999882698059]
28-11-2019 21_30_05 MainThread DEBUG\ on_generation_end: best_score= 0.9758999943733215 generation_count= 15
28-11-2019 21_30_05 MainThread DEBUG\ history dumped...
28-11-2019 21_30_05 MainThread DEBUG\ current gen update params: {'epochs'}
28-11-2019 21_30_05 MainThread DEBUG\ curr gen updated param after clear set()
28-11-2019 21_30_05 MainThread DEBUG\ Generation End: 15
28-11-2019 21_30_05 MainThread DEBUG\ Generation Start: 16
28-11-2019 21_30_05 MainThread DEBUG\ calling selection recursive 1 3
28-11-2019 21_30_16 MainThread DEBUG\ sorted params: [('do_layer_3', -0.000800013542175293), ('nodes_layer_2', -0.000800013542175293), ('nodes_layer_3', -0.000800013542175293), ('activation_layer_2', -0.000800013542175293), ('activation_layer_3', -0.000800013542175293), ('do_layer_2', -0.000800013542175293), ('input_size', -0.001600027084350586), ('output_activation', -0.001600027084350586), ('output_nodes', -0.001600027084350586), ('activation_layer_1', -0.007200062274932861), ('lr', -0.007400035858154297), ('batch_size', -0.009000062942504883), ('optimizer', -0.009300053119659424), ('loss', -0.00970005989074707), ('nodes_layer_1', -0.00970005989074707), ('do_layer_1', -0.009800076484680176), ('epochs', -0.010100066661834717)]
28-11-2019 21_30_16 MainThread DEBUG\ selected imp_params ['activation_layer_1', 'lr', 'batch_size', 'optimizer']
28-11-2019 21_30_16 MainThread DEBUG\ properties being crossed over: ['activation_layer_1', 'lr', 'batch_size', 'optimizer']
28-11-2019 21_30_16 MainThread DEBUG\ post cross-over individual1 params {'input_size': 784, 'batch_size': 80, 'nodes_layer_1': 80, 'do_layer_1': 0.2, 'activation_layer_1': 'relu', 'lr': 0.01, 'epochs': 3000, 'optimizer': 'rmsprop', 'output_nodes': 10, 'output_activation': 'softmax', 'loss': 'categorical_crossentropy'}
28-11-2019 21_30_16 MainThread DEBUG\ post cross-over individual2 params {'input_size': 784, 'batch_size': 80, 'nodes_layer_1': 80, 'do_layer_1': 0.2, 'activation_layer_1': 'relu', 'lr': 0.01, 'epochs': 3000, 'optimizer': 'rmsprop', 'output_nodes': 10, 'output_activation': 'softmax', 'loss': 'categorical_crossentropy'}
28-11-2019 21_30_16 MainThread DEBUG\ Evaluating params:
{'input_size': 784, 'batch_size': 80, 'nodes_layer_1': 80, 'do_layer_1': 0.2, 'activation_layer_1': 'relu', 'lr': 0.01, 'epochs': 3000, 'optimizer': 'rmsprop', 'output_nodes': 10, 'output_activation': 'softmax', 'loss': 'categorical_crossentropy'}
and
{'input_size': 784, 'batch_size': 80, 'nodes_layer_1': 80, 'do_layer_1': 0.2, 'activation_layer_1': 'relu', 'lr': 0.01, 'epochs': 3000, 'optimizer': 'rmsprop', 'output_nodes': 10, 'output_activation': 'softmax', 'loss': 'categorical_crossentropy'}
28-11-2019 21_31_40 MainThread DEBUG\ train/val errors: 0.04770089637421604 0.10845566023296366
28-11-2019 21_31_41 MainThread DEBUG\ eval test keys: ['loss', 'accuracy']
28-11-2019 21_31_41 MainThread DEBUG\ eval test res: [0.1153653666988379, 0.9750999808311462]
28-11-2019 21_32_54 MainThread DEBUG\ train/val errors: 0.05169857572453718 0.11217763541783723
28-11-2019 21_32_55 MainThread DEBUG\ eval test keys: ['loss', 'accuracy']
28-11-2019 21_32_55 MainThread DEBUG\ eval test res: [0.1158332903370072, 0.9753000140190125]
28-11-2019 21_32_55 MainThread DEBUG\ fitness1 = 0.9750999808311462, fitness2 = 0.9753000140190125 and prev_best = 0.9793000221252441
28-11-2019 21_32_55 MainThread DEBUG\ current generation score: 0.9753000140190125
28-11-2019 21_32_55 MainThread DEBUG\ All scores [0.9765999913215637, 0.9793000221252441, 0.9772999882698059]
28-11-2019 21_32_55 MainThread DEBUG\ on_generation_end: best_score= 0.9753000140190125 generation_count= 16
28-11-2019 21_32_55 MainThread DEBUG\ history dumped...
28-11-2019 21_32_55 MainThread DEBUG\ current gen update params: {'batch_size', 'optimizer', 'lr', 'activation_layer_1'}
28-11-2019 21_32_55 MainThread DEBUG\ curr gen updated param after clear set()
28-11-2019 21_32_55 MainThread DEBUG\ Generation End: 16
28-11-2019 21_32_55 MainThread DEBUG\ Generation Start: 17
28-11-2019 21_33_05 MainThread DEBUG\ sorted params: [('do_layer_3', -0.000800013542175293), ('nodes_layer_2', -0.000800013542175293), ('nodes_layer_3', -0.000800013542175293), ('activation_layer_2', -0.000800013542175293), ('activation_layer_3', -0.000800013542175293), ('do_layer_2', -0.000800013542175293), ('input_size', -0.001600027084350586), ('output_activation', -0.001600027084350586), ('output_nodes', -0.001600027084350586), ('loss', -0.00970005989074707), ('nodes_layer_1', -0.00970005989074707), ('do_layer_1', -0.009800076484680176), ('epochs', -0.010100066661834717), ('activation_layer_1', -0.01120007038116455), ('lr', -0.011400043964385986), ('batch_size', -0.013000071048736572), ('optimizer', -0.013300061225891113)]
28-11-2019 21_33_05 MainThread DEBUG\ selected imp_params ['loss']
28-11-2019 21_33_05 MainThread DEBUG\ properties being crossed over: ['loss']
28-11-2019 21_33_05 MainThread DEBUG\ post cross-over individual1 params {'input_size': 784, 'batch_size': 80, 'nodes_layer_1': 80, 'do_layer_1': 0.2, 'activation_layer_1': 'relu', 'lr': 0.01, 'epochs': 3000, 'optimizer': 'rmsprop', 'output_nodes': 10, 'output_activation': 'softmax', 'loss': 'categorical_crossentropy'}
28-11-2019 21_33_05 MainThread DEBUG\ post cross-over individual2 params {'input_size': 784, 'batch_size': 80, 'nodes_layer_1': 80, 'do_layer_1': 0.2, 'activation_layer_1': 'relu', 'lr': 0.01, 'epochs': 3000, 'optimizer': 'rmsprop', 'output_nodes': 10, 'output_activation': 'softmax', 'loss': 'categorical_crossentropy'}
28-11-2019 21_33_06 MainThread DEBUG\ Evaluating params:
{'input_size': 784, 'batch_size': 80, 'nodes_layer_1': 80, 'do_layer_1': 0.2, 'activation_layer_1': 'relu', 'lr': 0.01, 'epochs': 3000, 'optimizer': 'rmsprop', 'output_nodes': 10, 'output_activation': 'softmax', 'loss': 'categorical_crossentropy'}
and
{'input_size': 784, 'batch_size': 80, 'nodes_layer_1': 80, 'do_layer_1': 0.2, 'activation_layer_1': 'relu', 'lr': 0.01, 'epochs': 3000, 'optimizer': 'rmsprop', 'output_nodes': 10, 'output_activation': 'softmax', 'loss': 'categorical_crossentropy'}
28-11-2019 21_34_15 MainThread DEBUG\ train/val errors: 0.050062672119765055 0.1115791175648984
28-11-2019 21_34_16 MainThread DEBUG\ eval test keys: ['loss', 'accuracy']
28-11-2019 21_34_16 MainThread DEBUG\ eval test res: [0.10930750867951719, 0.9749000072479248]
28-11-2019 21_35_31 MainThread DEBUG\ train/val errors: 0.05111819807440043 0.10916941120185786
28-11-2019 21_35_32 MainThread DEBUG\ eval test keys: ['loss', 'accuracy']
28-11-2019 21_35_32 MainThread DEBUG\ eval test res: [0.1162484211156334, 0.9736999869346619]
28-11-2019 21_35_32 MainThread DEBUG\ fitness1 = 0.9749000072479248, fitness2 = 0.9736999869346619 and prev_best = 0.9793000221252441
28-11-2019 21_35_32 MainThread DEBUG\ current generation score: 0.9749000072479248
28-11-2019 21_35_32 MainThread DEBUG\ All scores [0.9765999913215637, 0.9793000221252441, 0.9772999882698059]
28-11-2019 21_35_32 MainThread DEBUG\ on_generation_end: best_score= 0.9749000072479248 generation_count= 17
28-11-2019 21_35_32 MainThread DEBUG\ history dumped...
28-11-2019 21_35_32 MainThread DEBUG\ current gen update params: {'loss'}
28-11-2019 21_35_32 MainThread DEBUG\ curr gen updated param after clear set()
28-11-2019 21_35_32 MainThread DEBUG\ Generation End: 17
28-11-2019 21_35_32 MainThread DEBUG\ Generation Start: 18
28-11-2019 21_35_32 MainThread DEBUG\ calling selection recursive 1 3
28-11-2019 21_35_43 MainThread DEBUG\ sorted params: [('do_layer_3', -0.000800013542175293), ('nodes_layer_2', -0.000800013542175293), ('nodes_layer_3', -0.000800013542175293), ('activation_layer_2', -0.000800013542175293), ('activation_layer_3', -0.000800013542175293), ('do_layer_2', -0.000800013542175293), ('input_size', -0.001600027084350586), ('output_activation', -0.001600027084350586), ('output_nodes', -0.001600027084350586), ('nodes_layer_1', -0.00970005989074707), ('do_layer_1', -0.009800076484680176), ('epochs', -0.010100066661834717), ('activation_layer_1', -0.01120007038116455), ('lr', -0.011400043964385986), ('batch_size', -0.013000071048736572), ('optimizer', -0.013300061225891113), ('loss', -0.014100074768066406)]
28-11-2019 21_35_43 MainThread DEBUG\ selected imp_params ['nodes_layer_1', 'do_layer_1', 'epochs', 'activation_layer_1']
28-11-2019 21_35_43 MainThread DEBUG\ properties being crossed over: ['nodes_layer_1', 'do_layer_1', 'epochs', 'activation_layer_1']
28-11-2019 21_35_43 MainThread DEBUG\ post cross-over individual1 params {'input_size': 784, 'batch_size': 80, 'nodes_layer_1': 80, 'do_layer_1': 0.2, 'activation_layer_1': 'relu', 'lr': 0.01, 'epochs': 3000, 'optimizer': 'rmsprop', 'output_nodes': 10, 'output_activation': 'softmax', 'loss': 'categorical_crossentropy'}
28-11-2019 21_35_43 MainThread DEBUG\ post cross-over individual2 params {'input_size': 784, 'batch_size': 80, 'nodes_layer_1': 80, 'do_layer_1': 0.2, 'activation_layer_1': 'relu', 'lr': 0.01, 'epochs': 3000, 'optimizer': 'rmsprop', 'output_nodes': 10, 'output_activation': 'softmax', 'loss': 'categorical_crossentropy'}
28-11-2019 21_35_43 MainThread DEBUG\ Evaluating params:
{'input_size': 784, 'batch_size': 80, 'nodes_layer_1': 80, 'do_layer_1': 0.2, 'activation_layer_1': 'relu', 'lr': 0.01, 'epochs': 3000, 'optimizer': 'rmsprop', 'output_nodes': 10, 'output_activation': 'softmax', 'loss': 'categorical_crossentropy'}
and
{'input_size': 784, 'batch_size': 80, 'nodes_layer_1': 80, 'do_layer_1': 0.2, 'activation_layer_1': 'relu', 'lr': 0.01, 'epochs': 3000, 'optimizer': 'rmsprop', 'output_nodes': 10, 'output_activation': 'softmax', 'loss': 'categorical_crossentropy'}
28-11-2019 21_36_55 MainThread DEBUG\ train/val errors: 0.05169107762963644 0.1120032075766681
28-11-2019 21_36_56 MainThread DEBUG\ eval test keys: ['loss', 'accuracy']
28-11-2019 21_36_56 MainThread DEBUG\ eval test res: [0.11467206943349229, 0.9749000072479248]
28-11-2019 21_38_10 MainThread DEBUG\ train/val errors: 0.04801440658979118 0.10503309523660896
28-11-2019 21_38_11 MainThread DEBUG\ eval test keys: ['loss', 'accuracy']
28-11-2019 21_38_11 MainThread DEBUG\ eval test res: [0.10765362295995655, 0.9754999876022339]
28-11-2019 21_38_11 MainThread DEBUG\ fitness1 = 0.9749000072479248, fitness2 = 0.9754999876022339 and prev_best = 0.9793000221252441
28-11-2019 21_38_11 MainThread DEBUG\ current generation score: 0.9754999876022339
28-11-2019 21_38_11 MainThread DEBUG\ All scores [0.9765999913215637, 0.9793000221252441, 0.9772999882698059]
28-11-2019 21_38_11 MainThread DEBUG\ on_generation_end: best_score= 0.9754999876022339 generation_count= 18
28-11-2019 21_38_11 MainThread DEBUG\ history dumped...
28-11-2019 21_38_11 MainThread DEBUG\ current gen update params: {'epochs', 'do_layer_1', 'nodes_layer_1', 'activation_layer_1'}
28-11-2019 21_38_11 MainThread DEBUG\ curr gen updated param after clear set()
28-11-2019 21_38_11 MainThread DEBUG\ Generation End: 18
28-11-2019 21_38_11 MainThread DEBUG\ Generation Start: 19
28-11-2019 21_38_23 MainThread DEBUG\ sorted params: [('do_layer_3', -0.000800013542175293), ('nodes_layer_2', -0.000800013542175293), ('nodes_layer_3', -0.000800013542175293), ('activation_layer_2', -0.000800013542175293), ('activation_layer_3', -0.000800013542175293), ('do_layer_2', -0.000800013542175293), ('input_size', -0.001600027084350586), ('output_activation', -0.001600027084350586), ('output_nodes', -0.001600027084350586), ('lr', -0.011400043964385986), ('batch_size', -0.013000071048736572), ('optimizer', -0.013300061225891113), ('nodes_layer_1', -0.013500094413757324), ('do_layer_1', -0.01360011100769043), ('epochs', -0.01390010118484497), ('loss', -0.014100074768066406), ('activation_layer_1', -0.015000104904174805)]
28-11-2019 21_38_23 MainThread DEBUG\ selected imp_params ['lr', 'batch_size']
28-11-2019 21_38_23 MainThread DEBUG\ properties being crossed over: ['lr', 'batch_size']
28-11-2019 21_38_23 MainThread DEBUG\ post cross-over individual1 params {'input_size': 784, 'batch_size': 100, 'nodes_layer_1': 80, 'do_layer_1': 0.2, 'activation_layer_1': 'relu', 'lr': 0.0001, 'epochs': 3000, 'optimizer': 'rmsprop', 'output_nodes': 10, 'output_activation': 'softmax', 'loss': 'categorical_crossentropy'}
28-11-2019 21_38_23 MainThread DEBUG\ post cross-over individual2 params {'input_size': 784, 'batch_size': 80, 'nodes_layer_1': 80, 'do_layer_1': 0.3, 'activation_layer_1': 'relu', 'lr': 0.01, 'epochs': 3000, 'optimizer': 'adam', 'output_nodes': 10, 'output_activation': 'softmax', 'loss': 'categorical_crossentropy'}
28-11-2019 21_38_23 MainThread DEBUG\ Evaluating params:
{'input_size': 784, 'batch_size': 100, 'nodes_layer_1': 80, 'do_layer_1': 0.2, 'activation_layer_1': 'relu', 'lr': 0.0001, 'epochs': 3000, 'optimizer': 'rmsprop', 'output_nodes': 10, 'output_activation': 'softmax', 'loss': 'categorical_crossentropy'}
and
{'input_size': 784, 'batch_size': 80, 'nodes_layer_1': 80, 'do_layer_1': 0.3, 'activation_layer_1': 'relu', 'lr': 0.01, 'epochs': 3000, 'optimizer': 'adam', 'output_nodes': 10, 'output_activation': 'softmax', 'loss': 'categorical_crossentropy'}
28-11-2019 21_39_38 MainThread DEBUG\ train/val errors: 0.043686646281553075 0.10382783724182648
28-11-2019 21_39_39 MainThread DEBUG\ eval test keys: ['loss', 'accuracy']
28-11-2019 21_39_39 MainThread DEBUG\ eval test res: [0.11782382995319277, 0.9749000072479248]
28-11-2019 21_41_29 MainThread DEBUG\ train/val errors: 0.04327743147788126 0.10287669258088701
28-11-2019 21_41_29 MainThread DEBUG\ eval test keys: ['loss', 'accuracy']
28-11-2019 21_41_29 MainThread DEBUG\ eval test res: [0.1031446915930137, 0.9754999876022339]
28-11-2019 21_41_29 MainThread DEBUG\ fitness1 = 0.9749000072479248, fitness2 = 0.9754999876022339 and prev_best = 0.9793000221252441
28-11-2019 21_41_29 MainThread DEBUG\ current generation score: 0.9754999876022339
28-11-2019 21_41_29 MainThread DEBUG\ All scores [0.9765999913215637, 0.9793000221252441, 0.9772999882698059]
28-11-2019 21_41_29 MainThread DEBUG\ on_generation_end: best_score= 0.9754999876022339 generation_count= 19
28-11-2019 21_41_29 MainThread DEBUG\ history dumped...
28-11-2019 21_41_29 MainThread DEBUG\ current gen update params: {'batch_size', 'lr'}
28-11-2019 21_41_29 MainThread DEBUG\ curr gen updated param after clear set()
28-11-2019 21_41_29 MainThread DEBUG\ Generation End: 19
28-11-2019 21_41_29 MainThread DEBUG\ Generation Start: 20
28-11-2019 21_41_42 MainThread DEBUG\ sorted params: [('do_layer_3', -0.000800013542175293), ('nodes_layer_2', -0.000800013542175293), ('nodes_layer_3', -0.000800013542175293), ('activation_layer_2', -0.000800013542175293), ('activation_layer_3', -0.000800013542175293), ('do_layer_2', -0.000800013542175293), ('input_size', -0.001600027084350586), ('output_activation', -0.001600027084350586), ('output_nodes', -0.001600027084350586), ('optimizer', -0.013300061225891113), ('nodes_layer_1', -0.013500094413757324), ('do_layer_1', -0.01360011100769043), ('epochs', -0.01390010118484497), ('loss', -0.014100074768066406), ('activation_layer_1', -0.015000104904174805), ('lr', -0.01520007848739624), ('batch_size', -0.016800105571746826)]
28-11-2019 21_41_42 MainThread DEBUG\ selected imp_params ['optimizer', 'nodes_layer_1', 'do_layer_1', 'epochs']
28-11-2019 21_41_42 MainThread DEBUG\ properties being crossed over: ['optimizer', 'nodes_layer_1', 'do_layer_1', 'epochs']
28-11-2019 21_41_42 MainThread DEBUG\ post cross-over individual1 params {'input_size': 784, 'batch_size': 80, 'nodes_layer_1': 80, 'do_layer_1': 0.2, 'activation_layer_1': 'relu', 'lr': 0.01, 'epochs': 3000, 'optimizer': 'rmsprop', 'output_nodes': 10, 'output_activation': 'softmax', 'loss': 'categorical_crossentropy'}
28-11-2019 21_41_42 MainThread DEBUG\ post cross-over individual2 params {'input_size': 784, 'batch_size': 80, 'nodes_layer_1': 80, 'do_layer_1': 0.2, 'activation_layer_1': 'relu', 'lr': 0.01, 'epochs': 3000, 'optimizer': 'rmsprop', 'output_nodes': 10, 'output_activation': 'softmax', 'loss': 'categorical_crossentropy'}
28-11-2019 21_41_42 MainThread DEBUG\ Evaluating params:
{'input_size': 784, 'batch_size': 80, 'nodes_layer_1': 80, 'do_layer_1': 0.2, 'activation_layer_1': 'relu', 'lr': 0.01, 'epochs': 3000, 'optimizer': 'rmsprop', 'output_nodes': 10, 'output_activation': 'softmax', 'loss': 'categorical_crossentropy'}
and
{'input_size': 784, 'batch_size': 80, 'nodes_layer_1': 80, 'do_layer_1': 0.2, 'activation_layer_1': 'relu', 'lr': 0.01, 'epochs': 3000, 'optimizer': 'rmsprop', 'output_nodes': 10, 'output_activation': 'softmax', 'loss': 'categorical_crossentropy'}
28-11-2019 21_43_06 MainThread DEBUG\ train/val errors: 0.04692994992182191 0.11215739843435585
28-11-2019 21_43_06 MainThread DEBUG\ eval test keys: ['loss', 'accuracy']
28-11-2019 21_43_06 MainThread DEBUG\ eval test res: [0.11363236884592624, 0.9753000140190125]
28-11-2019 21_44_28 MainThread DEBUG\ train/val errors: 0.05068966777418696 0.11182800019496224
28-11-2019 21_44_29 MainThread DEBUG\ eval test keys: ['loss', 'accuracy']
28-11-2019 21_44_29 MainThread DEBUG\ eval test res: [0.12069735956584264, 0.9767000079154968]
28-11-2019 21_44_29 MainThread DEBUG\ fitness1 = 0.9753000140190125, fitness2 = 0.9767000079154968 and prev_best = 0.9793000221252441
28-11-2019 21_44_29 MainThread DEBUG\ current generation score: 0.9767000079154968
28-11-2019 21_44_29 MainThread DEBUG\ All scores [0.9765999913215637, 0.9793000221252441, 0.9772999882698059]
28-11-2019 21_44_29 MainThread DEBUG\ on_generation_end: best_score= 0.9767000079154968 generation_count= 20
28-11-2019 21_44_29 MainThread DEBUG\ history dumped...
28-11-2019 21_44_29 MainThread DEBUG\ current gen update params: {'epochs', 'optimizer', 'nodes_layer_1', 'do_layer_1'}
28-11-2019 21_44_29 MainThread DEBUG\ curr gen updated param after clear set()
28-11-2019 21_44_29 MainThread DEBUG\ Generation End: 20
28-11-2019 21_44_29 MainThread DEBUG\ Generation Start: 21
28-11-2019 21_44_42 MainThread DEBUG\ sorted params: [('do_layer_3', -0.000800013542175293), ('nodes_layer_2', -0.000800013542175293), ('nodes_layer_3', -0.000800013542175293), ('activation_layer_2', -0.000800013542175293), ('activation_layer_3', -0.000800013542175293), ('do_layer_2', -0.000800013542175293), ('input_size', -0.001600027084350586), ('output_activation', -0.001600027084350586), ('output_nodes', -0.001600027084350586), ('loss', -0.014100074768066406), ('activation_layer_1', -0.015000104904174805), ('lr', -0.01520007848739624), ('optimizer', -0.015900075435638428), ('nodes_layer_1', -0.01610010862350464), ('do_layer_1', -0.016200125217437744), ('epochs', -0.016500115394592285), ('batch_size', -0.016800105571746826)]
28-11-2019 21_44_42 MainThread DEBUG\ selected imp_params ['loss', 'activation_layer_1', 'lr']
28-11-2019 21_44_42 MainThread DEBUG\ properties being crossed over: ['loss', 'activation_layer_1', 'lr']
28-11-2019 21_44_42 MainThread DEBUG\ post cross-over individual1 params {'input_size': 784, 'batch_size': 80, 'nodes_layer_1': 80, 'do_layer_1': 0.2, 'activation_layer_1': 'relu', 'lr': 0.01, 'epochs': 3000, 'optimizer': 'rmsprop', 'output_nodes': 10, 'output_activation': 'softmax', 'loss': 'categorical_crossentropy'}
28-11-2019 21_44_42 MainThread DEBUG\ post cross-over individual2 params {'input_size': 784, 'batch_size': 80, 'nodes_layer_1': 80, 'do_layer_1': 0.2, 'activation_layer_1': 'relu', 'lr': 0.01, 'epochs': 3000, 'optimizer': 'rmsprop', 'output_nodes': 10, 'output_activation': 'softmax', 'loss': 'categorical_crossentropy'}
28-11-2019 21_44_42 MainThread DEBUG\ Evaluating params:
{'input_size': 784, 'batch_size': 80, 'nodes_layer_1': 80, 'do_layer_1': 0.2, 'activation_layer_1': 'relu', 'lr': 0.01, 'epochs': 3000, 'optimizer': 'rmsprop', 'output_nodes': 10, 'output_activation': 'softmax', 'loss': 'categorical_crossentropy'}
and
{'input_size': 784, 'batch_size': 80, 'nodes_layer_1': 80, 'do_layer_1': 0.2, 'activation_layer_1': 'relu', 'lr': 0.01, 'epochs': 3000, 'optimizer': 'rmsprop', 'output_nodes': 10, 'output_activation': 'softmax', 'loss': 'categorical_crossentropy'}
28-11-2019 21_46_04 MainThread DEBUG\ train/val errors: 0.050645510635915256 0.10994191223445038
28-11-2019 21_46_05 MainThread DEBUG\ eval test keys: ['loss', 'accuracy']
28-11-2019 21_46_05 MainThread DEBUG\ eval test res: [0.11489584489386107, 0.9753999710083008]
28-11-2019 21_47_18 MainThread DEBUG\ train/val errors: 0.05372661247627721 0.11160082344276209
28-11-2019 21_47_19 MainThread DEBUG\ eval test keys: ['loss', 'accuracy']
28-11-2019 21_47_19 MainThread DEBUG\ eval test res: [0.11269587480981064, 0.9743000268936157]
28-11-2019 21_47_19 MainThread DEBUG\ fitness1 = 0.9753999710083008, fitness2 = 0.9743000268936157 and prev_best = 0.9793000221252441
28-11-2019 21_47_19 MainThread DEBUG\ current generation score: 0.9753999710083008
28-11-2019 21_47_19 MainThread DEBUG\ All scores [0.9765999913215637, 0.9793000221252441, 0.9772999882698059]
28-11-2019 21_47_19 MainThread DEBUG\ on_generation_end: best_score= 0.9753999710083008 generation_count= 21
28-11-2019 21_47_19 MainThread DEBUG\ history dumped...
28-11-2019 21_47_19 MainThread DEBUG\ current gen update params: {'lr', 'loss', 'activation_layer_1'}
28-11-2019 21_47_19 MainThread DEBUG\ curr gen updated param after clear set()
