24-11-2019 12_33_22 MainThread INFO\ Initialized logging at path ./ga_24-11-2019_12_33_22.log
24-11-2019 12_34_28 MainThread DEBUG\ train/val errors: 0.008029597631994524 0.09958850608854038
24-11-2019 12_34_28 MainThread DEBUG\ eval test keys: ['loss', 'accuracy']
24-11-2019 12_34_28 MainThread DEBUG\ eval test res: [0.1607823982912705, 0.9793000221252441]
24-11-2019 12_44_19 MainThread DEBUG\ train/val errors: 0.05948377374293549 0.10151313114600877
24-11-2019 12_44_20 MainThread DEBUG\ eval test keys: ['loss', 'accuracy']
24-11-2019 12_44_20 MainThread DEBUG\ eval test res: [0.0914516677283682, 0.9718000292778015]
24-11-2019 12_45_13 MainThread DEBUG\ train/val errors: 0.010243003208424419 0.08972018342917888
24-11-2019 12_45_14 MainThread DEBUG\ eval test keys: ['loss', 'accuracy']
24-11-2019 12_45_14 MainThread DEBUG\ eval test res: [0.08855263991001994, 0.9804999828338623]
24-11-2019 12_45_14 MainThread DEBUG\ initial population scores [-0.1607823982912705, -0.0914516677283682, -0.08855263991001994]
24-11-2019 12_45_14 MainThread DEBUG\ Generation number: 0
24-11-2019 12_45_14 MainThread DEBUG\ properties being crossed over: ['optimizer', 'do_layer_2', 'do_layer_3', 'nodes_layer_1']
24-11-2019 12_50_38 MainThread DEBUG\ train/val errors: 0.026214437535963954 0.08246614481322467
24-11-2019 12_50_38 MainThread DEBUG\ eval test keys: ['loss', 'accuracy']
24-11-2019 12_50_38 MainThread DEBUG\ eval test res: [0.06889707654495723, 0.9797999858856201]
24-11-2019 12_51_25 MainThread DEBUG\ train/val errors: 0.004753239057931101 0.09401261025263617
24-11-2019 12_51_26 MainThread DEBUG\ eval test keys: ['loss', 'accuracy']
24-11-2019 12_51_26 MainThread DEBUG\ eval test res: [0.11106695616983779, 0.9776999950408936]
24-11-2019 12_51_26 MainThread DEBUG\ All scores [-0.06889707654495723, -0.11106695616983779, -0.08855263991001994]
24-11-2019 12_51_26 MainThread DEBUG\ on_generation_end: best_score= -0.06889707654495723 generation_count= 0
24-11-2019 12_51_26 MainThread DEBUG\ history dumped...
24-11-2019 12_51_26 MainThread DEBUG\ Generation End 1
24-11-2019 12_51_26 MainThread DEBUG\ Generation number: 1
24-11-2019 12_51_26 MainThread DEBUG\ properties being crossed over: ['activation_layer_3', 'do_layer_3', 'batch_size', 'activation_layer_1']
24-11-2019 12_58_02 MainThread DEBUG\ train/val errors: 0.017298819769972138 0.08035985884554167
24-11-2019 12_58_03 MainThread DEBUG\ eval test keys: ['loss', 'accuracy']
24-11-2019 12_58_03 MainThread DEBUG\ eval test res: [0.06508856794488384, 0.980400025844574]
24-11-2019 12_58_39 MainThread DEBUG\ train/val errors: 0.014849031713259008 0.08033292319871382
24-11-2019 12_58_39 MainThread DEBUG\ eval test keys: ['loss', 'accuracy']
24-11-2019 12_58_39 MainThread DEBUG\ eval test res: [0.06587775311566657, 0.9810000061988831]
24-11-2019 12_58_39 MainThread DEBUG\ All scores [-0.06889707654495723, -0.06508856794488384, -0.06587775311566657]
24-11-2019 12_58_39 MainThread DEBUG\ on_generation_end: best_score= -0.06508856794488384 generation_count= 1
24-11-2019 12_58_39 MainThread DEBUG\ history dumped...
24-11-2019 12_58_39 MainThread DEBUG\ Generation End 2
24-11-2019 12_58_39 MainThread DEBUG\ Generation number: 2
24-11-2019 12_58_39 MainThread DEBUG\ properties being crossed over: ['do_layer_1', 'activation_layer_3', 'nodes_layer_1', 'loss', 'optimizer']
24-11-2019 13_04_36 MainThread DEBUG\ train/val errors: 0.021327714661934546 0.08386951108631265
24-11-2019 13_04_37 MainThread DEBUG\ eval test keys: ['loss', 'accuracy']
24-11-2019 13_04_37 MainThread DEBUG\ eval test res: [0.06728120497297496, 0.9800999760627747]
24-11-2019 13_05_20 MainThread DEBUG\ train/val errors: 0.017172091323161675 0.08369985336062705
24-11-2019 13_05_20 MainThread DEBUG\ eval test keys: ['loss', 'accuracy']
24-11-2019 13_05_20 MainThread DEBUG\ eval test res: [0.06654232313624817, 0.9800000190734863]
24-11-2019 13_05_20 MainThread DEBUG\ All scores [-0.06889707654495723, -0.06508856794488384, -0.06587775311566657]
24-11-2019 13_05_20 MainThread DEBUG\ on_generation_end: best_score= -0.06654232313624817 generation_count= 2
24-11-2019 13_05_20 MainThread DEBUG\ history dumped...
24-11-2019 13_05_20 MainThread DEBUG\ Generation End 3
24-11-2019 13_05_20 MainThread DEBUG\ Generation number: 3
24-11-2019 13_05_20 MainThread DEBUG\ properties being crossed over: ['batch_size', 'activation_layer_1', 'nodes_layer_1', 'loss']
24-11-2019 13_05_21 MainThread DEBUG\ mutate_key nodes_layer_2
24-11-2019 13_05_21 MainThread DEBUG\ plain_mutate {'input_size': 784, 'batch_size': 100, 'nodes_layer_1': 300, 'do_layer_1': 0.1, 'activation_layer_1': 'relu', 'nodes_layer_2': 700, 'do_layer_2': 0.3, 'activation_layer_2': 'relu', 'nodes_layer_3': 100, 'do_layer_3': 0.0, 'activation_layer_3': 'sigmoid', 'lr': 1e-06, 'epochs': 3000, 'optimizer': 'sgd', 'output_nodes': 10, 'output_activation': 'softmax', 'loss': 'categorical_crossentropy'}
24-11-2019 13_05_21 MainThread DEBUG\ mutate_key activation_layer_2
24-11-2019 13_05_21 MainThread DEBUG\ complete_layer_mutate {'input_size': 784, 'batch_size': 100, 'nodes_layer_1': 900, 'do_layer_1': 0.1, 'activation_layer_1': 'sigmoid', 'nodes_layer_2': 900, 'do_layer_2': 0.3, 'activation_layer_2': 'relu', 'nodes_layer_3': 100, 'do_layer_3': 0.1, 'activation_layer_3': 'relu', 'lr': 1e-06, 'epochs': 3000, 'optimizer': 'adam', 'output_nodes': 10, 'output_activation': 'softmax', 'loss': 'categorical_crossentropy'}
24-11-2019 13_06_23 MainThread DEBUG\ train/val errors: 0.008979389658513052 0.08721305969779172
24-11-2019 13_06_23 MainThread DEBUG\ eval test keys: ['loss', 'accuracy']
24-11-2019 13_06_23 MainThread DEBUG\ eval test res: [0.09893700712507005, 0.9807000160217285]
24-11-2019 13_07_11 MainThread DEBUG\ train/val errors: 0.003843917034041157 0.1320392487878918
24-11-2019 13_07_11 MainThread DEBUG\ eval test keys: ['loss', 'accuracy']
24-11-2019 13_07_11 MainThread DEBUG\ eval test res: [0.13560644222216175, 0.9825999736785889]
24-11-2019 13_07_11 MainThread DEBUG\ All scores [-0.06889707654495723, -0.06508856794488384, -0.06587775311566657]
24-11-2019 13_07_11 MainThread DEBUG\ on_generation_end: best_score= -0.09893700712507005 generation_count= 3
24-11-2019 13_07_11 MainThread DEBUG\ history dumped...
24-11-2019 13_07_11 MainThread DEBUG\ Generation End 4
24-11-2019 13_07_11 MainThread DEBUG\ Generation number: 4
24-11-2019 13_07_11 MainThread DEBUG\ properties being crossed over: ['do_layer_2', 'batch_size', 'activation_layer_1']
24-11-2019 13_08_20 MainThread DEBUG\ train/val errors: 0.007509557442441898 0.09544084788519992
24-11-2019 13_08_20 MainThread DEBUG\ eval test keys: ['loss', 'accuracy']
24-11-2019 13_08_20 MainThread DEBUG\ eval test res: [0.12188764744559617, 0.9810000061988831]
24-11-2019 13_09_16 MainThread DEBUG\ train/val errors: 0.0017916449899347852 0.1265892739712096
24-11-2019 13_09_16 MainThread DEBUG\ eval test keys: ['loss', 'accuracy']
24-11-2019 13_09_16 MainThread DEBUG\ eval test res: [0.15273675859512406, 0.98089998960495]
24-11-2019 13_09_17 MainThread DEBUG\ All scores [-0.06889707654495723, -0.06508856794488384, -0.06587775311566657]
24-11-2019 13_09_17 MainThread DEBUG\ on_generation_end: best_score= -0.12188764744559617 generation_count= 4
24-11-2019 13_09_17 MainThread DEBUG\ history dumped...
24-11-2019 13_09_17 MainThread DEBUG\ Generation End 5
24-11-2019 13_09_17 MainThread DEBUG\ Generation number: 5
24-11-2019 13_09_17 MainThread DEBUG\ properties being crossed over: ['do_layer_1', 'do_layer_2', 'activation_layer_1', 'batch_size', 'nodes_layer_3']
24-11-2019 13_09_17 MainThread DEBUG\ mutate_key nodes_layer_2
24-11-2019 13_09_17 MainThread DEBUG\ plain_mutate {'input_size': 784, 'batch_size': 100, 'nodes_layer_1': 900, 'do_layer_1': 0.1, 'activation_layer_1': 'sigmoid', 'nodes_layer_2': 300, 'do_layer_2': 0.3, 'activation_layer_2': 'relu', 'nodes_layer_3': 100, 'do_layer_3': 0.1, 'activation_layer_3': 'relu', 'lr': 1e-06, 'epochs': 3000, 'optimizer': 'adam', 'output_nodes': 10, 'output_activation': 'softmax', 'loss': 'categorical_crossentropy'}
24-11-2019 13_09_17 MainThread DEBUG\ mutate_key activation_layer_1
24-11-2019 13_09_17 MainThread DEBUG\ plain_mutate {'input_size': 784, 'batch_size': 100, 'nodes_layer_1': 900, 'do_layer_1': 0.1, 'activation_layer_1': 'relu', 'nodes_layer_2': 300, 'do_layer_2': 0.3, 'activation_layer_2': 'relu', 'nodes_layer_3': 100, 'do_layer_3': 0.1, 'activation_layer_3': 'relu', 'lr': 1e-06, 'epochs': 3000, 'optimizer': 'adam', 'output_nodes': 10, 'output_activation': 'softmax', 'loss': 'categorical_crossentropy'}
24-11-2019 13_10_13 MainThread DEBUG\ train/val errors: 0.009331106517020956 0.09203398284476458
24-11-2019 13_10_13 MainThread DEBUG\ eval test keys: ['loss', 'accuracy']
24-11-2019 13_10_13 MainThread DEBUG\ eval test res: [0.10634920847522558, 0.9793999791145325]
24-11-2019 13_10_57 MainThread DEBUG\ train/val errors: 0.006036627484840145 0.10679495199125819
24-11-2019 13_10_57 MainThread DEBUG\ eval test keys: ['loss', 'accuracy']
24-11-2019 13_10_57 MainThread DEBUG\ eval test res: [0.11149750991284188, 0.9825999736785889]
24-11-2019 13_10_57 MainThread DEBUG\ All scores [-0.11149750991284188, -0.06508856794488384, -0.06587775311566657]
24-11-2019 13_10_57 MainThread DEBUG\ on_generation_end: best_score= -0.10634920847522558 generation_count= 5
24-11-2019 13_10_57 MainThread DEBUG\ history dumped...
24-11-2019 13_10_57 MainThread DEBUG\ Generation End 6
24-11-2019 13_10_57 MainThread DEBUG\ Generation number: 6
24-11-2019 13_10_57 MainThread DEBUG\ properties being crossed over: ['do_layer_2', 'activation_layer_3', 'epochs', 'optimizer', 'nodes_layer_3']
24-11-2019 13_12_01 MainThread DEBUG\ train/val errors: 0.005856868612898411 0.09773020988973763
24-11-2019 13_12_01 MainThread DEBUG\ eval test keys: ['loss', 'accuracy']
24-11-2019 13_12_01 MainThread DEBUG\ eval test res: [0.11247913671287163, 0.9810000061988831]
24-11-2019 13_12_56 MainThread DEBUG\ train/val errors: 0.005486958602772334 0.11603573389670505
24-11-2019 13_12_57 MainThread DEBUG\ eval test keys: ['loss', 'accuracy']
24-11-2019 13_12_57 MainThread DEBUG\ eval test res: [0.12215991576329056, 0.9836000204086304]
24-11-2019 13_12_57 MainThread DEBUG\ All scores [-0.11149750991284188, -0.06508856794488384, -0.06587775311566657]
24-11-2019 13_12_57 MainThread DEBUG\ on_generation_end: best_score= -0.11247913671287163 generation_count= 6
24-11-2019 13_12_57 MainThread DEBUG\ history dumped...
24-11-2019 13_12_57 MainThread DEBUG\ Generation End 7
24-11-2019 13_12_57 MainThread DEBUG\ Generation number: 7
24-11-2019 13_12_57 MainThread DEBUG\ properties being crossed over: ['epochs', 'do_layer_3', 'nodes_layer_3']
24-11-2019 13_13_56 MainThread DEBUG\ train/val errors: 0.011439886326055177 0.09062185095034592
24-11-2019 13_13_57 MainThread DEBUG\ eval test keys: ['loss', 'accuracy']
24-11-2019 13_13_57 MainThread DEBUG\ eval test res: [0.09383630791092647, 0.9817000031471252]
24-11-2019 13_15_05 MainThread DEBUG\ train/val errors: 0.00463361843736937 0.11211223705149173
24-11-2019 13_15_05 MainThread DEBUG\ eval test keys: ['loss', 'accuracy']
24-11-2019 13_15_05 MainThread DEBUG\ eval test res: [0.11790478415558116, 0.984000027179718]
24-11-2019 13_15_05 MainThread DEBUG\ All scores [-0.09383630791092647, -0.06508856794488384, -0.06587775311566657]
24-11-2019 13_15_05 MainThread DEBUG\ on_generation_end: best_score= -0.09383630791092647 generation_count= 7
24-11-2019 13_15_05 MainThread DEBUG\ history dumped...
24-11-2019 13_15_05 MainThread DEBUG\ Generation End 8
24-11-2019 13_15_05 MainThread DEBUG\ Generation number: 8
24-11-2019 13_15_05 MainThread DEBUG\ properties being crossed over: ['do_layer_1', 'do_layer_3', 'nodes_layer_2', 'epochs', 'optimizer']
24-11-2019 13_16_10 MainThread DEBUG\ train/val errors: 0.009944425266742959 0.09426081092929559
24-11-2019 13_16_10 MainThread DEBUG\ eval test keys: ['loss', 'accuracy']
24-11-2019 13_16_10 MainThread DEBUG\ eval test res: [0.09924340312884204, 0.9810000061988831]
24-11-2019 13_17_17 MainThread DEBUG\ train/val errors: 0.00384184768066567 0.12105551152942554
24-11-2019 13_17_17 MainThread DEBUG\ eval test keys: ['loss', 'accuracy']
24-11-2019 13_17_17 MainThread DEBUG\ eval test res: [0.15571690160424578, 0.9815000295639038]
24-11-2019 13_17_17 MainThread DEBUG\ All scores [-0.09383630791092647, -0.06508856794488384, -0.06587775311566657]
24-11-2019 13_17_17 MainThread DEBUG\ on_generation_end: best_score= -0.09924340312884204 generation_count= 8
24-11-2019 13_17_17 MainThread DEBUG\ history dumped...
24-11-2019 13_17_17 MainThread DEBUG\ Generation End 9
24-11-2019 13_17_17 MainThread DEBUG\ Generation number: 9
24-11-2019 13_17_17 MainThread DEBUG\ properties being crossed over: ['do_layer_2', 'batch_size', 'lr', 'loss', 'nodes_layer_3']
24-11-2019 13_18_13 MainThread DEBUG\ train/val errors: 0.01013683504059459 0.09269707533336866
24-11-2019 13_18_14 MainThread DEBUG\ eval test keys: ['loss', 'accuracy']
24-11-2019 13_18_14 MainThread DEBUG\ eval test res: [0.09965433290316277, 0.98089998960495]
24-11-2019 13_19_19 MainThread DEBUG\ train/val errors: 0.0053943157743105985 0.12149790489395147
24-11-2019 13_19_19 MainThread DEBUG\ eval test keys: ['loss', 'accuracy']
24-11-2019 13_19_19 MainThread DEBUG\ eval test res: [0.12086051701944216, 0.9824000000953674]
24-11-2019 13_19_19 MainThread DEBUG\ All scores [-0.09383630791092647, -0.06508856794488384, -0.06587775311566657]
24-11-2019 13_19_19 MainThread DEBUG\ on_generation_end: best_score= -0.09965433290316277 generation_count= 9
24-11-2019 13_19_19 MainThread DEBUG\ history dumped...
24-11-2019 13_19_19 MainThread DEBUG\ Generation End 10
24-11-2019 13_19_19 MainThread DEBUG\ Generation number: 10
24-11-2019 13_19_19 MainThread DEBUG\ properties being crossed over: ['activation_layer_3', 'epochs', 'do_layer_2', 'nodes_layer_2']
24-11-2019 13_20_10 MainThread DEBUG\ train/val errors: 0.010845021717936798 0.09717456099784208
24-11-2019 13_20_10 MainThread DEBUG\ eval test keys: ['loss', 'accuracy']
24-11-2019 13_20_10 MainThread DEBUG\ eval test res: [0.09062347871583012, 0.9812999963760376]
24-11-2019 13_21_02 MainThread DEBUG\ train/val errors: 0.004455620633802869 0.10958866772233604
24-11-2019 13_21_02 MainThread DEBUG\ eval test keys: ['loss', 'accuracy']
24-11-2019 13_21_02 MainThread DEBUG\ eval test res: [0.1392958512749095, 0.9804999828338623]
24-11-2019 13_21_02 MainThread DEBUG\ All scores [-0.09062347871583012, -0.06508856794488384, -0.06587775311566657]
24-11-2019 13_21_02 MainThread DEBUG\ on_generation_end: best_score= -0.09062347871583012 generation_count= 10
24-11-2019 13_21_02 MainThread DEBUG\ history dumped...
24-11-2019 13_21_02 MainThread DEBUG\ Generation End 11
24-11-2019 13_21_02 MainThread DEBUG\ Generation number: 11
24-11-2019 13_21_02 MainThread DEBUG\ properties being crossed over: ['do_layer_2', 'nodes_layer_3', 'activation_layer_2', 'nodes_layer_2']
24-11-2019 13_22_08 MainThread DEBUG\ train/val errors: 0.009170925881196688 0.09353811674077911
24-11-2019 13_22_09 MainThread DEBUG\ eval test keys: ['loss', 'accuracy']
24-11-2019 13_22_09 MainThread DEBUG\ eval test res: [0.12781226317517147, 0.9789999723434448]
24-11-2019 13_22_53 MainThread DEBUG\ train/val errors: 0.004903769987421383 0.12306533743898268
24-11-2019 13_22_53 MainThread DEBUG\ eval test keys: ['loss', 'accuracy']
24-11-2019 13_22_53 MainThread DEBUG\ eval test res: [0.1288240486081054, 0.9815999865531921]
24-11-2019 13_22_53 MainThread DEBUG\ All scores [-0.09062347871583012, -0.06508856794488384, -0.06587775311566657]
24-11-2019 13_22_54 MainThread DEBUG\ on_generation_end: best_score= -0.12781226317517147 generation_count= 11
24-11-2019 13_22_54 MainThread DEBUG\ history dumped...
24-11-2019 13_22_54 MainThread DEBUG\ Generation End 12
24-11-2019 13_22_54 MainThread DEBUG\ Generation number: 12
24-11-2019 13_22_54 MainThread DEBUG\ properties being crossed over: ['do_layer_1', 'activation_layer_1', 'batch_size', 'lr', 'nodes_layer_3']
24-11-2019 13_23_47 MainThread DEBUG\ train/val errors: 0.00982601182435506 0.10053606079309248
24-11-2019 13_23_47 MainThread DEBUG\ eval test keys: ['loss', 'accuracy']
24-11-2019 13_23_47 MainThread DEBUG\ eval test res: [0.10900919929616751, 0.9799000024795532]
24-11-2019 13_24_32 MainThread DEBUG\ train/val errors: 0.007085331332988668 0.11272631407392864
24-11-2019 13_24_33 MainThread DEBUG\ eval test keys: ['loss', 'accuracy']
24-11-2019 13_24_33 MainThread DEBUG\ eval test res: [0.11159571986173894, 0.9817000031471252]
24-11-2019 13_24_33 MainThread DEBUG\ All scores [-0.11159571986173894, -0.06508856794488384, -0.06587775311566657]
24-11-2019 13_24_33 MainThread DEBUG\ on_generation_end: best_score= -0.10900919929616751 generation_count= 12
24-11-2019 13_24_33 MainThread DEBUG\ history dumped...
24-11-2019 13_24_33 MainThread DEBUG\ Generation End 13
24-11-2019 13_24_33 MainThread DEBUG\ Generation number: 13
24-11-2019 13_24_33 MainThread DEBUG\ properties being crossed over: ['activation_layer_1', 'do_layer_3', 'nodes_layer_2', 'optimizer', 'activation_layer_2']
24-11-2019 13_25_24 MainThread DEBUG\ train/val errors: 0.012695133883560283 0.08952034039603961
24-11-2019 13_25_25 MainThread DEBUG\ eval test keys: ['loss', 'accuracy']
24-11-2019 13_25_25 MainThread DEBUG\ eval test res: [0.08295470398183873, 0.983299970626831]
24-11-2019 13_26_09 MainThread DEBUG\ train/val errors: 0.006150806224148179 0.12553429641864872
24-11-2019 13_26_10 MainThread DEBUG\ eval test keys: ['loss', 'accuracy']
24-11-2019 13_26_10 MainThread DEBUG\ eval test res: [0.12388138119770724, 0.980400025844574]
24-11-2019 13_26_10 MainThread DEBUG\ All scores [-0.08295470398183873, -0.06508856794488384, -0.06587775311566657]
24-11-2019 13_26_10 MainThread DEBUG\ on_generation_end: best_score= -0.08295470398183873 generation_count= 13
24-11-2019 13_26_10 MainThread DEBUG\ history dumped...
24-11-2019 13_26_10 MainThread DEBUG\ Generation End 14
24-11-2019 13_26_10 MainThread DEBUG\ Generation number: 14
24-11-2019 13_26_10 MainThread DEBUG\ properties being crossed over: ['epochs', 'nodes_layer_2', 'nodes_layer_1', 'lr']
24-11-2019 13_27_10 MainThread DEBUG\ train/val errors: 0.009273853762797877 0.09562212262664818
24-11-2019 13_27_10 MainThread DEBUG\ eval test keys: ['loss', 'accuracy']
24-11-2019 13_27_10 MainThread DEBUG\ eval test res: [0.1109124836874103, 0.9807000160217285]
24-11-2019 13_28_10 MainThread DEBUG\ train/val errors: 0.0061246905240153636 0.11726362488648066
24-11-2019 13_28_11 MainThread DEBUG\ eval test keys: ['loss', 'accuracy']
24-11-2019 13_28_11 MainThread DEBUG\ eval test res: [0.12026546595879686, 0.983299970626831]
24-11-2019 13_28_11 MainThread DEBUG\ All scores [-0.08295470398183873, -0.06508856794488384, -0.06587775311566657]
24-11-2019 13_28_11 MainThread DEBUG\ on_generation_end: best_score= -0.1109124836874103 generation_count= 14
24-11-2019 13_28_11 MainThread DEBUG\ history dumped...
24-11-2019 13_28_11 MainThread DEBUG\ Generation End 15
24-11-2019 13_28_11 MainThread DEBUG\ Generation number: 15
24-11-2019 13_28_11 MainThread DEBUG\ properties being crossed over: ['do_layer_1', 'do_layer_2', 'activation_layer_3', 'nodes_layer_1', 'loss']
24-11-2019 13_29_04 MainThread DEBUG\ train/val errors: 0.011362106194731799 0.09508882495704003
24-11-2019 13_29_04 MainThread DEBUG\ eval test keys: ['loss', 'accuracy']
24-11-2019 13_29_04 MainThread DEBUG\ eval test res: [0.11554186213944385, 0.9767000079154968]
24-11-2019 13_29_51 MainThread DEBUG\ train/val errors: 0.006698580063941337 0.11084169901675725
24-11-2019 13_29_52 MainThread DEBUG\ eval test keys: ['loss', 'accuracy']
24-11-2019 13_29_52 MainThread DEBUG\ eval test res: [0.11062017704908601, 0.9817000031471252]
24-11-2019 13_29_52 MainThread DEBUG\ All scores [-0.11062017704908601, -0.06508856794488384, -0.06587775311566657]
24-11-2019 13_29_52 MainThread DEBUG\ on_generation_end: best_score= -0.11062017704908601 generation_count= 15
24-11-2019 13_29_52 MainThread DEBUG\ history dumped...
24-11-2019 13_29_52 MainThread DEBUG\ Generation End 16
24-11-2019 13_29_52 MainThread DEBUG\ Generation number: 16
24-11-2019 13_29_52 MainThread DEBUG\ properties being crossed over: ['activation_layer_3', 'do_layer_2', 'loss', 'lr']
24-11-2019 13_31_02 MainThread DEBUG\ train/val errors: 0.009686131773824378 0.09665345718801999
24-11-2019 13_31_02 MainThread DEBUG\ eval test keys: ['loss', 'accuracy']
24-11-2019 13_31_02 MainThread DEBUG\ eval test res: [0.09679263887475163, 0.9832000136375427]
24-11-2019 13_31_56 MainThread DEBUG\ train/val errors: 0.004683496496443748 0.12231277592745755
24-11-2019 13_31_57 MainThread DEBUG\ eval test keys: ['loss', 'accuracy']
24-11-2019 13_31_57 MainThread DEBUG\ eval test res: [0.10918301893777138, 0.9829000234603882]
24-11-2019 13_31_57 MainThread DEBUG\ All scores [-0.10918301893777138, -0.06508856794488384, -0.06587775311566657]
24-11-2019 13_31_57 MainThread DEBUG\ on_generation_end: best_score= -0.09679263887475163 generation_count= 16
24-11-2019 13_31_57 MainThread DEBUG\ history dumped...
24-11-2019 13_31_57 MainThread DEBUG\ Generation End 17
24-11-2019 13_31_57 MainThread DEBUG\ Generation number: 17
24-11-2019 13_31_57 MainThread DEBUG\ properties being crossed over: ['batch_size', 'activation_layer_3', 'nodes_layer_1', 'loss', 'nodes_layer_3']
24-11-2019 13_32_52 MainThread DEBUG\ train/val errors: 0.009998177207186624 0.0918525407401224
24-11-2019 13_32_53 MainThread DEBUG\ eval test keys: ['loss', 'accuracy']
24-11-2019 13_32_53 MainThread DEBUG\ eval test res: [0.10841941409899937, 0.9804999828338623]
24-11-2019 13_33_49 MainThread DEBUG\ train/val errors: 0.006368561590616218 0.11661435867245018
24-11-2019 13_33_50 MainThread DEBUG\ eval test keys: ['loss', 'accuracy']
24-11-2019 13_33_50 MainThread DEBUG\ eval test res: [0.12471750183976237, 0.9807999730110168]
24-11-2019 13_33_50 MainThread DEBUG\ All scores [-0.10918301893777138, -0.06508856794488384, -0.06587775311566657]
24-11-2019 13_33_50 MainThread DEBUG\ on_generation_end: best_score= -0.10841941409899937 generation_count= 17
24-11-2019 13_33_50 MainThread DEBUG\ history dumped...
24-11-2019 13_33_50 MainThread DEBUG\ Generation End 18
24-11-2019 13_33_50 MainThread DEBUG\ Generation number: 18
24-11-2019 13_33_50 MainThread DEBUG\ properties being crossed over: ['lr', 'activation_layer_3', 'nodes_layer_2', 'nodes_layer_1', 'activation_layer_2']
24-11-2019 13_34_55 MainThread DEBUG\ train/val errors: 0.009751447415185664 0.09500072382539251
24-11-2019 13_34_55 MainThread DEBUG\ eval test keys: ['loss', 'accuracy']
24-11-2019 13_34_55 MainThread DEBUG\ eval test res: [0.10830612685246474, 0.98089998960495]
24-11-2019 13_35_55 MainThread DEBUG\ train/val errors: 0.006040897474705768 0.11913421804216442
24-11-2019 13_35_56 MainThread DEBUG\ eval test keys: ['loss', 'accuracy']
24-11-2019 13_35_56 MainThread DEBUG\ eval test res: [0.11182845441727896, 0.9812999963760376]
24-11-2019 13_35_56 MainThread DEBUG\ All scores [-0.10830612685246474, -0.06508856794488384, -0.06587775311566657]
24-11-2019 13_35_56 MainThread DEBUG\ on_generation_end: best_score= -0.10830612685246474 generation_count= 18
24-11-2019 13_35_56 MainThread DEBUG\ history dumped...
24-11-2019 13_35_56 MainThread DEBUG\ Generation End 19
24-11-2019 13_35_56 MainThread DEBUG\ Generation number: 19
24-11-2019 13_35_56 MainThread DEBUG\ properties being crossed over: ['do_layer_2', 'do_layer_3', 'nodes_layer_2', 'nodes_layer_1', 'activation_layer_2']
24-11-2019 13_36_57 MainThread DEBUG\ train/val errors: 0.010056567562898116 0.08548497927468916
24-11-2019 13_36_58 MainThread DEBUG\ eval test keys: ['loss', 'accuracy']
24-11-2019 13_36_58 MainThread DEBUG\ eval test res: [0.09775095345478407, 0.9822999835014343]
24-11-2019 13_37_47 MainThread DEBUG\ train/val errors: 0.0057587234648378526 0.11978669045855463
24-11-2019 13_37_47 MainThread DEBUG\ eval test keys: ['loss', 'accuracy']
24-11-2019 13_37_47 MainThread DEBUG\ eval test res: [0.13844405862744408, 0.9818000197410583]
24-11-2019 13_37_47 MainThread DEBUG\ All scores [-0.09775095345478407, -0.06508856794488384, -0.06587775311566657]
24-11-2019 13_37_47 MainThread DEBUG\ on_generation_end: best_score= -0.09775095345478407 generation_count= 19
24-11-2019 13_37_47 MainThread DEBUG\ history dumped...
24-11-2019 13_37_47 MainThread DEBUG\ Generation End 20
24-11-2019 13_37_47 MainThread DEBUG\ Generation number: 20
24-11-2019 13_37_47 MainThread DEBUG\ properties being crossed over: ['activation_layer_1', 'lr', 'do_layer_3', 'loss', 'optimizer']
24-11-2019 13_37_48 MainThread DEBUG\ mutate_key do_layer_1
24-11-2019 13_37_48 MainThread DEBUG\ plain_mutate {'input_size': 784, 'batch_size': 100, 'nodes_layer_1': 900, 'do_layer_1': 0.3, 'activation_layer_1': 'relu', 'nodes_layer_2': 300, 'do_layer_2': 0.3, 'activation_layer_2': 'relu', 'nodes_layer_3': 100, 'do_layer_3': 0.1, 'activation_layer_3': 'relu', 'lr': 1e-06, 'epochs': 3000, 'optimizer': 'adam', 'output_nodes': 10, 'output_activation': 'softmax', 'loss': 'categorical_crossentropy'}
24-11-2019 13_37_48 MainThread DEBUG\ mutate_key optimizer
24-11-2019 13_37_48 MainThread DEBUG\ plain_mutate {'input_size': 784, 'batch_size': 100, 'nodes_layer_1': 900, 'do_layer_1': 0.3, 'activation_layer_1': 'relu', 'nodes_layer_2': 300, 'do_layer_2': 0.3, 'activation_layer_2': 'relu', 'nodes_layer_3': 100, 'do_layer_3': 0.1, 'activation_layer_3': 'relu', 'lr': 1e-06, 'epochs': 3000, 'optimizer': 'adam', 'output_nodes': 10, 'output_activation': 'softmax', 'loss': 'categorical_crossentropy'}
24-11-2019 13_38_51 MainThread DEBUG\ train/val errors: 0.018157112121133693 0.08585584428834005
24-11-2019 13_38_51 MainThread DEBUG\ eval test keys: ['loss', 'accuracy']
24-11-2019 13_38_51 MainThread DEBUG\ eval test res: [0.08826084419910107, 0.982200026512146]
24-11-2019 13_39_41 MainThread DEBUG\ train/val errors: 0.010113890567282353 0.1068137270466208
24-11-2019 13_39_42 MainThread DEBUG\ eval test keys: ['loss', 'accuracy']
24-11-2019 13_39_42 MainThread DEBUG\ eval test res: [0.10722492887156987, 0.9812999963760376]
24-11-2019 13_39_42 MainThread DEBUG\ All scores [-0.08826084419910107, -0.06508856794488384, -0.06587775311566657]
24-11-2019 13_39_42 MainThread DEBUG\ on_generation_end: best_score= -0.08826084419910107 generation_count= 20
24-11-2019 13_39_42 MainThread DEBUG\ history dumped...
24-11-2019 13_39_42 MainThread DEBUG\ Generation End 21
24-11-2019 13_39_42 MainThread DEBUG\ Generation number: 21
24-11-2019 13_39_42 MainThread DEBUG\ properties being crossed over: ['activation_layer_3', 'epochs', 'activation_layer_2', 'lr']
24-11-2019 13_39_42 MainThread DEBUG\ mutate_key nodes_layer_3
24-11-2019 13_39_42 MainThread DEBUG\ plain_mutate {'input_size': 784, 'batch_size': 100, 'nodes_layer_1': 900, 'do_layer_1': 0.3, 'activation_layer_1': 'relu', 'nodes_layer_2': 300, 'do_layer_2': 0.3, 'activation_layer_2': 'relu', 'nodes_layer_3': 100, 'do_layer_3': 0.1, 'activation_layer_3': 'relu', 'lr': 1e-06, 'epochs': 3000, 'optimizer': 'adam', 'output_nodes': 10, 'output_activation': 'softmax', 'loss': 'categorical_crossentropy'}
24-11-2019 13_39_42 MainThread DEBUG\ mutate_key nodes_layer_1
24-11-2019 13_39_42 MainThread DEBUG\ plain_mutate {'input_size': 784, 'batch_size': 100, 'nodes_layer_1': 200, 'do_layer_1': 0.3, 'activation_layer_1': 'relu', 'nodes_layer_2': 300, 'do_layer_2': 0.3, 'activation_layer_2': 'relu', 'nodes_layer_3': 100, 'do_layer_3': 0.1, 'activation_layer_3': 'relu', 'lr': 1e-06, 'epochs': 3000, 'optimizer': 'adam', 'output_nodes': 10, 'output_activation': 'softmax', 'loss': 'categorical_crossentropy'}
24-11-2019 13_41_00 MainThread DEBUG\ train/val errors: 0.026956824065806965 0.08460336189964437
24-11-2019 13_41_00 MainThread DEBUG\ eval test keys: ['loss', 'accuracy']
24-11-2019 13_41_00 MainThread DEBUG\ eval test res: [0.0760225711339187, 0.9811000227928162]
24-11-2019 13_41_52 MainThread DEBUG\ train/val errors: 0.020275260298183724 0.09077448413661639
24-11-2019 13_41_53 MainThread DEBUG\ eval test keys: ['loss', 'accuracy']
24-11-2019 13_41_53 MainThread DEBUG\ eval test res: [0.09729623229274857, 0.9804999828338623]
24-11-2019 13_41_53 MainThread DEBUG\ All scores [-0.0760225711339187, -0.06508856794488384, -0.06587775311566657]
24-11-2019 13_41_53 MainThread DEBUG\ on_generation_end: best_score= -0.0760225711339187 generation_count= 21
24-11-2019 13_41_53 MainThread DEBUG\ history dumped...
24-11-2019 13_41_53 MainThread DEBUG\ Generation End 22
24-11-2019 13_41_53 MainThread DEBUG\ Generation number: 22
24-11-2019 13_41_53 MainThread DEBUG\ properties being crossed over: ['do_layer_1', 'optimizer', 'do_layer_3']
24-11-2019 13_43_08 MainThread DEBUG\ train/val errors: 0.030138087322536325 0.08741769410068324
24-11-2019 13_43_08 MainThread DEBUG\ eval test keys: ['loss', 'accuracy']
24-11-2019 13_43_08 MainThread DEBUG\ eval test res: [0.08115509011969939, 0.9807999730110168]
24-11-2019 13_44_31 MainThread DEBUG\ train/val errors: 0.0173993031731481 0.09138765724116335
24-11-2019 13_44_32 MainThread DEBUG\ eval test keys: ['loss', 'accuracy']
24-11-2019 13_44_32 MainThread DEBUG\ eval test res: [0.08743930621972294, 0.982200026512146]
24-11-2019 13_44_32 MainThread DEBUG\ All scores [-0.0760225711339187, -0.06508856794488384, -0.06587775311566657]
24-11-2019 13_44_32 MainThread DEBUG\ on_generation_end: best_score= -0.08115509011969939 generation_count= 22
24-11-2019 13_44_32 MainThread DEBUG\ history dumped...
24-11-2019 13_44_32 MainThread DEBUG\ Generation End 23
24-11-2019 13_44_32 MainThread DEBUG\ Generation number: 23
24-11-2019 13_44_32 MainThread DEBUG\ properties being crossed over: ['do_layer_2', 'lr', 'activation_layer_3', 'epochs', 'optimizer']
24-11-2019 13_45_43 MainThread DEBUG\ train/val errors: 0.028737856480819616 0.08820310077895152
24-11-2019 13_45_44 MainThread DEBUG\ eval test keys: ['loss', 'accuracy']
24-11-2019 13_45_44 MainThread DEBUG\ eval test res: [0.07530445191687522, 0.9811999797821045]
24-11-2019 13_46_39 MainThread DEBUG\ train/val errors: 0.017709117069006467 0.09197174251118365
24-11-2019 13_46_39 MainThread DEBUG\ eval test keys: ['loss', 'accuracy']
24-11-2019 13_46_39 MainThread DEBUG\ eval test res: [0.09428581855270098, 0.9817000031471252]
24-11-2019 13_46_39 MainThread DEBUG\ All scores [-0.07530445191687522, -0.06508856794488384, -0.06587775311566657]
24-11-2019 13_46_39 MainThread DEBUG\ on_generation_end: best_score= -0.07530445191687522 generation_count= 23
24-11-2019 13_46_39 MainThread DEBUG\ history dumped...
24-11-2019 13_46_39 MainThread DEBUG\ Generation End 24
24-11-2019 13_46_39 MainThread DEBUG\ Generation number: 24
24-11-2019 13_46_39 MainThread DEBUG\ properties being crossed over: ['activation_layer_1', 'do_layer_3', 'nodes_layer_2', 'nodes_layer_1', 'activation_layer_2']
24-11-2019 13_47_44 MainThread DEBUG\ train/val errors: 0.030287225825235336 0.08579403245239518
24-11-2019 13_47_45 MainThread DEBUG\ eval test keys: ['loss', 'accuracy']
24-11-2019 13_47_45 MainThread DEBUG\ eval test res: [0.0723017269956401, 0.9824000000953674]
24-11-2019 13_48_32 MainThread DEBUG\ train/val errors: 0.02175429803014378 0.08972202083728512
24-11-2019 13_48_32 MainThread DEBUG\ eval test keys: ['loss', 'accuracy']
24-11-2019 13_48_32 MainThread DEBUG\ eval test res: [0.0839067422378739, 0.9828000068664551]
24-11-2019 13_48_32 MainThread DEBUG\ All scores [-0.0723017269956401, -0.06508856794488384, -0.06587775311566657]
24-11-2019 13_48_32 MainThread DEBUG\ on_generation_end: best_score= -0.0723017269956401 generation_count= 24
24-11-2019 13_48_32 MainThread DEBUG\ history dumped...
24-11-2019 13_48_32 MainThread DEBUG\ Generation End 25
24-11-2019 13_48_32 MainThread DEBUG\ Generation number: 25
24-11-2019 13_48_32 MainThread DEBUG\ properties being crossed over: ['do_layer_1', 'optimizer', 'nodes_layer_2', 'nodes_layer_1']
24-11-2019 13_49_54 MainThread DEBUG\ train/val errors: 0.02671503422059773 0.08294528398384703
24-11-2019 13_49_55 MainThread DEBUG\ eval test keys: ['loss', 'accuracy']
24-11-2019 13_49_55 MainThread DEBUG\ eval test res: [0.08074554330048618, 0.9818999767303467]
24-11-2019 13_50_51 MainThread DEBUG\ train/val errors: 0.01798281023837349 0.0874689035615625
24-11-2019 13_50_52 MainThread DEBUG\ eval test keys: ['loss', 'accuracy']
24-11-2019 13_50_52 MainThread DEBUG\ eval test res: [0.0969366638837666, 0.9829000234603882]
24-11-2019 13_50_52 MainThread DEBUG\ All scores [-0.0723017269956401, -0.06508856794488384, -0.06587775311566657]
24-11-2019 13_50_52 MainThread DEBUG\ on_generation_end: best_score= -0.08074554330048618 generation_count= 25
24-11-2019 13_50_52 MainThread DEBUG\ history dumped...
24-11-2019 13_50_52 MainThread DEBUG\ Generation End 26
24-11-2019 13_50_52 MainThread DEBUG\ Generation number: 26
24-11-2019 13_50_52 MainThread DEBUG\ properties being crossed over: ['do_layer_2', 'lr', 'nodes_layer_2', 'loss', 'activation_layer_2']
24-11-2019 13_50_52 MainThread DEBUG\ mutate_key activation_layer_2
24-11-2019 13_50_52 MainThread DEBUG\ plain_mutate {'input_size': 784, 'batch_size': 100, 'nodes_layer_1': 200, 'do_layer_1': 0.3, 'activation_layer_1': 'relu', 'nodes_layer_2': 300, 'do_layer_2': 0.3, 'activation_layer_2': 'relu', 'nodes_layer_3': 100, 'do_layer_3': 0.1, 'activation_layer_3': 'relu', 'lr': 1e-06, 'epochs': 3000, 'optimizer': 'adam', 'output_nodes': 10, 'output_activation': 'softmax', 'loss': 'categorical_crossentropy'}
24-11-2019 13_50_52 MainThread DEBUG\ mutate_key do_layer_3
24-11-2019 13_50_52 MainThread DEBUG\ plain_mutate {'input_size': 784, 'batch_size': 100, 'nodes_layer_1': 200, 'do_layer_1': 0.3, 'activation_layer_1': 'relu', 'nodes_layer_2': 300, 'do_layer_2': 0.3, 'activation_layer_2': 'relu', 'nodes_layer_3': 100, 'do_layer_3': 0.3, 'activation_layer_3': 'relu', 'lr': 1e-06, 'epochs': 3000, 'optimizer': 'adam', 'output_nodes': 10, 'output_activation': 'softmax', 'loss': 'categorical_crossentropy'}
24-11-2019 13_52_29 MainThread DEBUG\ train/val errors: 0.03075654509455143 0.08656299817553695
24-11-2019 13_52_30 MainThread DEBUG\ eval test keys: ['loss', 'accuracy']
24-11-2019 13_52_30 MainThread DEBUG\ eval test res: [0.07960787228830639, 0.9815000295639038]
24-11-2019 13_53_42 MainThread DEBUG\ train/val errors: 0.02130507981265033 0.09608626013980484
24-11-2019 13_53_43 MainThread DEBUG\ eval test keys: ['loss', 'accuracy']
24-11-2019 13_53_43 MainThread DEBUG\ eval test res: [0.09974699186823302, 0.980400025844574]
24-11-2019 13_53_43 MainThread DEBUG\ All scores [-0.07960787228830639, -0.06508856794488384, -0.06587775311566657]
24-11-2019 13_53_43 MainThread DEBUG\ on_generation_end: best_score= -0.07960787228830639 generation_count= 26
24-11-2019 13_53_43 MainThread DEBUG\ history dumped...
24-11-2019 13_53_43 MainThread DEBUG\ Generation End 27
24-11-2019 13_53_43 MainThread DEBUG\ Generation number: 27
24-11-2019 13_53_43 MainThread DEBUG\ properties being crossed over: ['activation_layer_3', 'do_layer_3', 'batch_size', 'loss']
24-11-2019 13_55_13 MainThread DEBUG\ train/val errors: 0.03171638682217149 0.08815337759927691
24-11-2019 13_55_14 MainThread DEBUG\ eval test keys: ['loss', 'accuracy']
24-11-2019 13_55_14 MainThread DEBUG\ eval test res: [0.08934008589997733, 0.9804999828338623]
