24-11-2019 17_55_08 MainThread INFO\ Initialized logging at path ./ga_24-11-2019_17_55_08.log
24-11-2019 17_56_31 MainThread DEBUG\ train/val errors: 0.007773852279808905 0.08061462390715153
24-11-2019 17_56_31 MainThread DEBUG\ eval test keys: ['loss', 'accuracy']
24-11-2019 17_56_31 MainThread DEBUG\ eval test res: [0.07796123756180605, 0.9801999926567078]
24-11-2019 17_57_08 MainThread DEBUG\ train/val errors: 0.012974015425807011 0.10544497676736986
24-11-2019 17_57_08 MainThread DEBUG\ eval test keys: ['loss', 'accuracy']
24-11-2019 17_57_08 MainThread DEBUG\ eval test res: [0.14066893355895627, 0.9818999767303467]
24-11-2019 18_07_02 MainThread DEBUG\ train/val errors: 0.07040436058172157 0.09915519870972882
24-11-2019 18_07_03 MainThread DEBUG\ eval test keys: ['loss', 'accuracy']
24-11-2019 18_07_03 MainThread DEBUG\ eval test res: [0.08012696710433811, 0.9765999913215637]
24-11-2019 18_07_51 MainThread DEBUG\ train/val errors: 0.01249810623383025 0.11399850887091209
24-11-2019 18_07_52 MainThread DEBUG\ eval test keys: ['loss', 'accuracy']
24-11-2019 18_07_52 MainThread DEBUG\ eval test res: [0.1595282271099472, 0.9754999876022339]
24-11-2019 18_24_39 MainThread DEBUG\ train/val errors: 0.15892732226777645 0.16092083954562744
24-11-2019 18_24_39 MainThread DEBUG\ eval test keys: ['loss', 'accuracy']
24-11-2019 18_24_39 MainThread DEBUG\ eval test res: [0.1497078280724585, 0.955299973487854]
24-11-2019 18_24_39 MainThread DEBUG\ initial population scores [-0.9801999926567078, -0.9818999767303467, -0.9765999913215637, -0.9754999876022339, -0.955299973487854]
24-11-2019 18_24_39 MainThread DEBUG\ Generation number: 0
24-11-2019 18_24_39 MainThread DEBUG\ properties being crossed over: ['loss', 'nodes_layer_2', 'activation_layer_1', 'lr']
24-11-2019 18_41_11 MainThread DEBUG\ train/val errors: 0.1599311118750345 0.16011578717165523
24-11-2019 18_41_12 MainThread DEBUG\ eval test keys: ['loss', 'accuracy']
24-11-2019 18_41_12 MainThread DEBUG\ eval test res: [0.14977645680606366, 0.9556999802589417]
24-11-2019 18_42_03 MainThread DEBUG\ train/val errors: 0.012520529165724709 0.10994987624542167
24-11-2019 18_42_03 MainThread DEBUG\ eval test keys: ['loss', 'accuracy']
24-11-2019 18_42_03 MainThread DEBUG\ eval test res: [0.14786069956197156, 0.9775999784469604]
24-11-2019 18_42_03 MainThread DEBUG\ All scores [-0.9775999784469604, -0.9556999802589417, -0.9765999913215637, -0.9754999876022339, -0.955299973487854]
24-11-2019 18_42_03 MainThread DEBUG\ on_generation_end: best_score= -0.9556999802589417 generation_count= 0
24-11-2019 18_42_03 MainThread DEBUG\ history dumped...
24-11-2019 18_42_03 MainThread DEBUG\ Generation End 1
24-11-2019 18_42_03 MainThread DEBUG\ Generation number: 1
