24-11-2019 15_52_37 MainThread INFO\ Initialized logging at path ./ga_24-11-2019_15_52_37.log
24-11-2019 15_53_49 MainThread DEBUG\ train/val errors: 0.04063431426132611 0.10841352431155327
24-11-2019 15_53_49 MainThread DEBUG\ eval test keys: ['loss', 'accuracy']
24-11-2019 15_53_49 MainThread DEBUG\ eval test res: [0.1556974203228815, 0.9803000092506409]
24-11-2019 15_54_58 MainThread DEBUG\ train/val errors: 0.030815499474992975 0.08465340637175056
24-11-2019 15_54_59 MainThread DEBUG\ eval test keys: ['loss', 'accuracy']
24-11-2019 15_54_59 MainThread DEBUG\ eval test res: [0.08139480573150831, 0.9818999767303467]
24-11-2019 15_57_28 MainThread DEBUG\ train/val errors: 0.022020967772030938 0.08699000756566723
24-11-2019 15_57_29 MainThread DEBUG\ eval test keys: ['loss', 'accuracy']
24-11-2019 15_57_29 MainThread DEBUG\ eval test res: [0.07166781687187322, 0.9789000153541565]
24-11-2019 16_12_50 MainThread DEBUG\ train/val errors: 0.06664573202087055 0.07830073091046263
24-11-2019 16_12_51 MainThread DEBUG\ eval test keys: ['loss', 'accuracy']
24-11-2019 16_12_51 MainThread DEBUG\ eval test res: [0.06708543055519695, 0.9789999723434448]
24-11-2019 16_13_53 MainThread DEBUG\ train/val errors: 0.011950765587564438 0.08934783867540924
24-11-2019 16_13_53 MainThread DEBUG\ eval test keys: ['loss', 'accuracy']
24-11-2019 16_13_53 MainThread DEBUG\ eval test res: [0.11214136674387487, 0.9789999723434448]
24-11-2019 16_13_53 MainThread DEBUG\ initial population scores [-0.1556974203228815, -0.08139480573150831, -0.07166781687187322, -0.06708543055519695, -0.11214136674387487]
24-11-2019 16_13_53 MainThread DEBUG\ Generation number: 0
24-11-2019 16_13_53 MainThread DEBUG\ properties being crossed over: ['do_layer_1', 'batch_size', 'activation_layer_2']
24-11-2019 16_26_55 MainThread DEBUG\ train/val errors: 0.05519354215135709 0.07304115150925806
24-11-2019 16_26_56 MainThread DEBUG\ eval test keys: ['loss', 'accuracy']
24-11-2019 16_26_56 MainThread DEBUG\ eval test res: [0.06529876972165075, 0.9807999730110168]
24-11-2019 16_28_24 MainThread DEBUG\ train/val errors: 0.017228497001612726 0.08494945238202085
24-11-2019 16_28_24 MainThread DEBUG\ eval test keys: ['loss', 'accuracy']
24-11-2019 16_28_24 MainThread DEBUG\ eval test res: [0.0852445570216881, 0.9829999804496765]
24-11-2019 16_28_24 MainThread DEBUG\ All scores [-0.06529876972165075, -0.08139480573150831, -0.07166781687187322, -0.06708543055519695, -0.0852445570216881]
24-11-2019 16_28_24 MainThread DEBUG\ on_generation_end: best_score= -0.06529876972165075 generation_count= 0
24-11-2019 16_28_24 MainThread DEBUG\ history dumped...
24-11-2019 16_28_24 MainThread DEBUG\ Best individual is -0.06529876972165075 and target is -0.0852445570216881; generations = 0
24-11-2019 16_28_24 MainThread DEBUG\ Best parameter:  {'input_size': 784, 'batch_size': 100, 'nodes_layer_1': 900, 'do_layer_1': 0.2, 'activation_layer_1': 'sigmoid', 'nodes_layer_2': 300, 'do_layer_2': 0.2, 'activation_layer_2': 'relu', 'nodes_layer_3': 300, 'do_layer_3': 0.1, 'activation_layer_3': 'relu', 'lr': 0.0001, 'epochs': 3000, 'optimizer': 'sgd', 'output_nodes': 10, 'output_activation': 'softmax', 'loss': 'categorical_crossentropy'} 
 {'input_size': 784, 'batch_size': 80, 'nodes_layer_1': 900, 'do_layer_1': 0.4, 'activation_layer_1': 'sigmoid', 'nodes_layer_2': 300, 'do_layer_2': 0.2, 'activation_layer_2': 'relu', 'nodes_layer_3': 300, 'do_layer_3': 0.1, 'activation_layer_3': 'relu', 'lr': 0.001, 'epochs': 3000, 'optimizer': 'adam', 'output_nodes': 10, 'output_activation': 'softmax', 'loss': 'categorical_crossentropy'}
24-11-2019 16_28_24 MainThread DEBUG\ Total run duration: 14.0 minutes 31.0 seconds
