28-11-2019 00_26_05 MainThread INFO\ Initialized logging at path ./ga_28-11-2019_00_26_05.log
28-11-2019 00_26_08 MainThread DEBUG\ Initial population :
28-11-2019 00_26_08 MainThread DEBUG\ 0 => {'input_size': 784, 'batch_size': 80, 'nodes_layer_1': 60, 'do_layer_1': 0.1, 'activation_layer_1': 'relu', 'nodes_layer_2': 50, 'do_layer_2': 0.4, 'activation_layer_2': 'relu', 'lr': 0.01, 'epochs': 3000, 'optimizer': 'rmsprop', 'output_nodes': 10, 'output_activation': 'softmax', 'loss': 'categorical_crossentropy'} 

28-11-2019 00_26_08 MainThread DEBUG\ 1 => {'input_size': 784, 'batch_size': 80, 'nodes_layer_1': 500, 'do_layer_1': 0.0, 'activation_layer_1': 'relu', 'nodes_layer_2': 50, 'do_layer_2': 0.2, 'activation_layer_2': 'relu', 'lr': 0.001, 'epochs': 3000, 'optimizer': 'rmsprop', 'output_nodes': 10, 'output_activation': 'softmax', 'loss': 'categorical_crossentropy', 'nodes_layer_3': 50, 'do_layer_3': 0.3, 'activation_layer_3': 'relu'} 

28-11-2019 00_26_08 MainThread DEBUG\ 2 => {'input_size': 784, 'batch_size': 120, 'nodes_layer_1': 80, 'do_layer_1': 0.3, 'activation_layer_1': 'relu', 'nodes_layer_2': 50, 'do_layer_2': 0.2, 'activation_layer_2': 'relu', 'lr': 0.0001, 'epochs': 3000, 'optimizer': 'rmsprop', 'output_nodes': 10, 'output_activation': 'softmax', 'loss': 'categorical_crossentropy', 'nodes_layer_3': 50, 'do_layer_3': 0.3, 'activation_layer_3': 'relu'} 

28-11-2019 00_26_53 MainThread DEBUG\ train/val errors: 0.09426034174105596 0.12667655964537214
28-11-2019 00_26_53 MainThread DEBUG\ eval test keys: ['loss', 'accuracy']
28-11-2019 00_26_53 MainThread DEBUG\ eval test res: [0.1545237769043414, 0.9714999794960022]
28-11-2019 00_27_37 MainThread DEBUG\ train/val errors: 0.02642666591742909 0.11159973864560016
28-11-2019 00_27_38 MainThread DEBUG\ eval test keys: ['loss', 'accuracy']
28-11-2019 00_27_38 MainThread DEBUG\ eval test res: [0.19480322470460376, 0.9782000184059143]
28-11-2019 00_28_30 MainThread DEBUG\ train/val errors: 0.10643645206732409 0.12856744563944328
28-11-2019 00_28_30 MainThread DEBUG\ eval test keys: ['loss', 'accuracy']
28-11-2019 00_28_30 MainThread DEBUG\ eval test res: [0.14560861212153467, 0.9722999930381775]
28-11-2019 00_28_30 MainThread DEBUG\ initial population scores [0.9714999794960022, 0.9782000184059143, 0.9722999930381775]
28-11-2019 00_28_30 MainThread DEBUG\ Generation Start: 0
28-11-2019 00_28_32 MainThread DEBUG\ sorted params: []
28-11-2019 00_28_32 MainThread DEBUG\ properties being crossed over: ['nodes_layer_1', 'activation_layer_2', 'optimizer']
28-11-2019 00_28_32 MainThread DEBUG\ post cross-over individual1 params {'input_size': 784, 'batch_size': 80, 'nodes_layer_1': 60, 'do_layer_1': 0.0, 'activation_layer_1': 'relu', 'nodes_layer_2': 50, 'do_layer_2': 0.2, 'activation_layer_2': 'relu', 'lr': 0.001, 'epochs': 3000, 'optimizer': 'rmsprop', 'output_nodes': 10, 'output_activation': 'softmax', 'loss': 'categorical_crossentropy', 'nodes_layer_3': 50, 'do_layer_3': 0.3, 'activation_layer_3': 'relu'}
28-11-2019 00_28_32 MainThread DEBUG\ post cross-over individual2 params {'input_size': 784, 'batch_size': 80, 'nodes_layer_1': 500, 'do_layer_1': 0.1, 'activation_layer_1': 'relu', 'nodes_layer_2': 50, 'do_layer_2': 0.4, 'activation_layer_2': 'relu', 'lr': 0.01, 'epochs': 3000, 'optimizer': 'rmsprop', 'output_nodes': 10, 'output_activation': 'softmax', 'loss': 'categorical_crossentropy'}
28-11-2019 00_28_33 MainThread DEBUG\ Evaluating params:
{'input_size': 784, 'batch_size': 80, 'nodes_layer_1': 60, 'do_layer_1': 0.0, 'activation_layer_1': 'relu', 'nodes_layer_2': 50, 'do_layer_2': 0.2, 'activation_layer_2': 'relu', 'lr': 0.001, 'epochs': 3000, 'optimizer': 'rmsprop', 'output_nodes': 10, 'output_activation': 'softmax', 'loss': 'categorical_crossentropy', 'nodes_layer_3': 50, 'do_layer_3': 0.3, 'activation_layer_3': 'relu'}
and
{'input_size': 784, 'batch_size': 80, 'nodes_layer_1': 500, 'do_layer_1': 0.1, 'activation_layer_1': 'relu', 'nodes_layer_2': 50, 'do_layer_2': 0.4, 'activation_layer_2': 'relu', 'lr': 0.01, 'epochs': 3000, 'optimizer': 'rmsprop', 'output_nodes': 10, 'output_activation': 'softmax', 'loss': 'categorical_crossentropy'}
28-11-2019 00_29_23 MainThread DEBUG\ train/val errors: 0.052849507347370185 0.13495790858132145
28-11-2019 00_29_24 MainThread DEBUG\ eval test keys: ['loss', 'accuracy']
28-11-2019 00_29_24 MainThread DEBUG\ eval test res: [0.19659177050521065, 0.9710999727249146]
28-11-2019 00_30_05 MainThread DEBUG\ train/val errors: 0.03618837570988208 0.11222603912620495
28-11-2019 00_30_05 MainThread DEBUG\ eval test keys: ['loss', 'accuracy']
28-11-2019 00_30_05 MainThread DEBUG\ eval test res: [0.1687266730086109, 0.9801999926567078]
28-11-2019 00_30_05 MainThread DEBUG\ fitness1 = 0.9710999727249146, fitness2 = 0.9801999926567078 and prev_best = 0.9782000184059143
28-11-2019 00_30_05 MainThread DEBUG\ added child2 to 0 index
28-11-2019 00_30_05 MainThread DEBUG\ current generation score: 0.9801999926567078
28-11-2019 00_30_05 MainThread DEBUG\ All scores [0.9801999926567078, 0.9782000184059143, 0.9722999930381775]
28-11-2019 00_30_05 MainThread DEBUG\ on_generation_end: best_score= 0.9801999926567078 generation_count= 0
28-11-2019 00_30_05 MainThread DEBUG\ history dumped...
28-11-2019 00_30_05 MainThread DEBUG\ current gen update params: {'nodes_layer_1', 'activation_layer_2', 'optimizer'}
28-11-2019 00_30_05 MainThread DEBUG\ Generation End: 0
28-11-2019 00_30_05 MainThread DEBUG\ Generation Start: 1
28-11-2019 00_30_05 MainThread DEBUG\ calling selection recursive 1 3
28-11-2019 00_30_08 MainThread DEBUG\ sorted params: [('nodes_layer_1', 0.001999974250793457), ('activation_layer_2', 0.001999974250793457), ('optimizer', 0.001999974250793457)]
28-11-2019 00_30_08 MainThread DEBUG\ selected imp_params ['nodes_layer_1', 'activation_layer_2']
28-11-2019 00_30_08 MainThread DEBUG\ properties being crossed over: ['nodes_layer_1', 'activation_layer_2']
28-11-2019 00_30_08 MainThread DEBUG\ post cross-over individual1 params {'input_size': 784, 'batch_size': 80, 'nodes_layer_1': 500, 'do_layer_1': 0.1, 'activation_layer_1': 'relu', 'nodes_layer_2': 50, 'do_layer_2': 0.4, 'activation_layer_2': 'relu', 'lr': 0.01, 'epochs': 3000, 'optimizer': 'rmsprop', 'output_nodes': 10, 'output_activation': 'softmax', 'loss': 'categorical_crossentropy'}
28-11-2019 00_30_08 MainThread DEBUG\ post cross-over individual2 params {'input_size': 784, 'batch_size': 80, 'nodes_layer_1': 500, 'do_layer_1': 0.0, 'activation_layer_1': 'relu', 'nodes_layer_2': 50, 'do_layer_2': 0.2, 'activation_layer_2': 'relu', 'lr': 0.001, 'epochs': 3000, 'optimizer': 'rmsprop', 'output_nodes': 10, 'output_activation': 'softmax', 'loss': 'categorical_crossentropy', 'nodes_layer_3': 50, 'do_layer_3': 0.3, 'activation_layer_3': 'relu'}
28-11-2019 00_30_08 MainThread DEBUG\ mutate_key do_layer_2
28-11-2019 00_30_08 MainThread DEBUG\ complete_layer_mutate {'input_size': 784, 'batch_size': 120, 'nodes_layer_1': 10, 'do_layer_1': 0.1, 'activation_layer_1': 'sigmoid', 'nodes_layer_2': 60, 'do_layer_2': 0.0, 'activation_layer_2': 'sigmoid', 'lr': 0.0001, 'epochs': 3000, 'optimizer': 'rmsprop', 'output_nodes': 10, 'output_activation': 'softmax', 'loss': 'categorical_crossentropy', 'nodes_layer_3': 50, 'do_layer_3': 0.3, 'activation_layer_3': 'relu'}
28-11-2019 00_30_08 MainThread DEBUG\ mutate_key optimizer
28-11-2019 00_30_08 MainThread DEBUG\ post mutation params {'input_size': 784, 'batch_size': 80, 'nodes_layer_1': 500, 'do_layer_1': 0.0, 'activation_layer_1': 'relu', 'nodes_layer_2': 50, 'do_layer_2': 0.2, 'activation_layer_2': 'relu', 'lr': 0.001, 'epochs': 3000, 'optimizer': 'sgd', 'output_nodes': 10, 'output_activation': 'softmax', 'loss': 'categorical_crossentropy', 'nodes_layer_3': 50, 'do_layer_3': 0.3, 'activation_layer_3': 'relu'}
28-11-2019 00_30_08 MainThread DEBUG\ Evaluating params:
{'input_size': 784, 'batch_size': 120, 'nodes_layer_1': 10, 'do_layer_1': 0.1, 'activation_layer_1': 'sigmoid', 'nodes_layer_2': 60, 'do_layer_2': 0.0, 'activation_layer_2': 'sigmoid', 'lr': 0.0001, 'epochs': 3000, 'optimizer': 'rmsprop', 'output_nodes': 10, 'output_activation': 'softmax', 'loss': 'categorical_crossentropy', 'nodes_layer_3': 50, 'do_layer_3': 0.3, 'activation_layer_3': 'relu'}
and
{'input_size': 784, 'batch_size': 80, 'nodes_layer_1': 500, 'do_layer_1': 0.0, 'activation_layer_1': 'relu', 'nodes_layer_2': 50, 'do_layer_2': 0.2, 'activation_layer_2': 'relu', 'lr': 0.001, 'epochs': 3000, 'optimizer': 'sgd', 'output_nodes': 10, 'output_activation': 'softmax', 'loss': 'categorical_crossentropy', 'nodes_layer_3': 50, 'do_layer_3': 0.3, 'activation_layer_3': 'relu'}
28-11-2019 00_32_08 MainThread DEBUG\ train/val errors: 0.3615046641230583 0.26544346076746783
28-11-2019 00_32_09 MainThread DEBUG\ eval test keys: ['loss', 'accuracy']
28-11-2019 00_32_09 MainThread DEBUG\ eval test res: [0.27739581290781495, 0.9236000180244446]
28-11-2019 00_34_43 MainThread DEBUG\ train/val errors: 0.025786801338683635 0.09579495693712185
28-11-2019 00_34_44 MainThread DEBUG\ eval test keys: ['loss', 'accuracy']
28-11-2019 00_34_44 MainThread DEBUG\ eval test res: [0.08238779906779455, 0.9796000123023987]
28-11-2019 00_34_44 MainThread DEBUG\ fitness1 = 0.9236000180244446, fitness2 = 0.9796000123023987 and prev_best = 0.9801999926567078
28-11-2019 00_34_44 MainThread DEBUG\ current generation score: 0.9796000123023987
28-11-2019 00_34_44 MainThread DEBUG\ All scores [0.9801999926567078, 0.9782000184059143, 0.9722999930381775]
28-11-2019 00_34_44 MainThread DEBUG\ on_generation_end: best_score= 0.9796000123023987 generation_count= 1
28-11-2019 00_34_44 MainThread DEBUG\ history dumped...
28-11-2019 00_34_44 MainThread DEBUG\ current gen update params: {'loss', 'activation_layer_2', 'nodes_layer_3', 'activation_layer_3', 'do_layer_2', 'nodes_layer_1', 'output_nodes', 'output_activation', 'nodes_layer_2', 'do_layer_3', 'batch_size', 'input_size', 'lr', 'do_layer_1', 'activation_layer_1', 'epochs', 'optimizer'}
28-11-2019 00_34_44 MainThread DEBUG\ Generation End: 1
28-11-2019 00_34_44 MainThread DEBUG\ Generation Start: 2
28-11-2019 00_34_44 MainThread DEBUG\ calling selection recursive 1 3
28-11-2019 00_34_47 MainThread DEBUG\ sorted params: [('nodes_layer_1', 0.001399993896484375), ('activation_layer_2', 0.001399993896484375), ('optimizer', 0.001399993896484375), ('loss', -0.000599980354309082), ('nodes_layer_3', -0.000599980354309082), ('activation_layer_3', -0.000599980354309082), ('do_layer_2', -0.000599980354309082), ('output_nodes', -0.000599980354309082), ('output_activation', -0.000599980354309082), ('nodes_layer_2', -0.000599980354309082), ('do_layer_3', -0.000599980354309082), ('batch_size', -0.000599980354309082), ('input_size', -0.000599980354309082), ('lr', -0.000599980354309082), ('do_layer_1', -0.000599980354309082), ('activation_layer_1', -0.000599980354309082), ('epochs', -0.000599980354309082)]
28-11-2019 00_34_47 MainThread DEBUG\ selected imp_params ['nodes_layer_1', 'activation_layer_2', 'optimizer', 'loss']
28-11-2019 00_34_47 MainThread DEBUG\ properties being crossed over: ['nodes_layer_1', 'activation_layer_2', 'optimizer', 'loss']
28-11-2019 00_34_47 MainThread DEBUG\ post cross-over individual1 params {'input_size': 784, 'batch_size': 80, 'nodes_layer_1': 80, 'do_layer_1': 0.1, 'activation_layer_1': 'relu', 'nodes_layer_2': 50, 'do_layer_2': 0.4, 'activation_layer_2': 'relu', 'lr': 0.01, 'epochs': 3000, 'optimizer': 'rmsprop', 'output_nodes': 10, 'output_activation': 'softmax', 'loss': 'categorical_crossentropy'}
28-11-2019 00_34_47 MainThread DEBUG\ post cross-over individual2 params {'input_size': 784, 'batch_size': 120, 'nodes_layer_1': 500, 'do_layer_1': 0.3, 'activation_layer_1': 'relu', 'nodes_layer_2': 50, 'do_layer_2': 0.2, 'activation_layer_2': 'relu', 'lr': 0.0001, 'epochs': 3000, 'optimizer': 'rmsprop', 'output_nodes': 10, 'output_activation': 'softmax', 'loss': 'categorical_crossentropy', 'nodes_layer_3': 50, 'do_layer_3': 0.3, 'activation_layer_3': 'relu'}
28-11-2019 00_34_48 MainThread DEBUG\ Evaluating params:
{'input_size': 784, 'batch_size': 80, 'nodes_layer_1': 80, 'do_layer_1': 0.1, 'activation_layer_1': 'relu', 'nodes_layer_2': 50, 'do_layer_2': 0.4, 'activation_layer_2': 'relu', 'lr': 0.01, 'epochs': 3000, 'optimizer': 'rmsprop', 'output_nodes': 10, 'output_activation': 'softmax', 'loss': 'categorical_crossentropy'}
and
{'input_size': 784, 'batch_size': 120, 'nodes_layer_1': 500, 'do_layer_1': 0.3, 'activation_layer_1': 'relu', 'nodes_layer_2': 50, 'do_layer_2': 0.2, 'activation_layer_2': 'relu', 'lr': 0.0001, 'epochs': 3000, 'optimizer': 'rmsprop', 'output_nodes': 10, 'output_activation': 'softmax', 'loss': 'categorical_crossentropy', 'nodes_layer_3': 50, 'do_layer_3': 0.3, 'activation_layer_3': 'relu'}
28-11-2019 00_35_41 MainThread DEBUG\ train/val errors: 0.06737186414322682 0.1236976031924779
28-11-2019 00_35_42 MainThread DEBUG\ eval test keys: ['loss', 'accuracy']
28-11-2019 00_35_42 MainThread DEBUG\ eval test res: [0.1650199608830116, 0.9743000268936157]
28-11-2019 00_36_18 MainThread DEBUG\ train/val errors: 0.03899812020469524 0.10741328282941444
28-11-2019 00_36_18 MainThread DEBUG\ eval test keys: ['loss', 'accuracy']
28-11-2019 00_36_18 MainThread DEBUG\ eval test res: [0.1399796582668379, 0.9815000295639038]
28-11-2019 00_36_18 MainThread DEBUG\ fitness1 = 0.9743000268936157, fitness2 = 0.9815000295639038 and prev_best = 0.9801999926567078
28-11-2019 00_36_18 MainThread DEBUG\ added child2 to 2 index
28-11-2019 00_36_18 MainThread DEBUG\ current generation score: 0.9815000295639038
28-11-2019 00_36_18 MainThread DEBUG\ All scores [0.9801999926567078, 0.9782000184059143, 0.9815000295639038]
28-11-2019 00_36_18 MainThread DEBUG\ on_generation_end: best_score= 0.9815000295639038 generation_count= 2
28-11-2019 00_36_18 MainThread DEBUG\ history dumped...
28-11-2019 00_36_18 MainThread DEBUG\ current gen update params: {'nodes_layer_1', 'activation_layer_2', 'loss', 'optimizer'}
28-11-2019 00_36_18 MainThread DEBUG\ Generation End: 2
28-11-2019 00_36_18 MainThread DEBUG\ Generation Start: 3
28-11-2019 00_36_23 MainThread DEBUG\ sorted params: [('nodes_layer_1', 0.00270003080368042), ('activation_layer_2', 0.00270003080368042), ('optimizer', 0.00270003080368042), ('loss', 0.0007000565528869629), ('nodes_layer_3', -0.000599980354309082), ('activation_layer_3', -0.000599980354309082), ('do_layer_2', -0.000599980354309082), ('output_nodes', -0.000599980354309082), ('output_activation', -0.000599980354309082), ('nodes_layer_2', -0.000599980354309082), ('do_layer_3', -0.000599980354309082), ('batch_size', -0.000599980354309082), ('input_size', -0.000599980354309082), ('lr', -0.000599980354309082), ('do_layer_1', -0.000599980354309082), ('activation_layer_1', -0.000599980354309082), ('epochs', -0.000599980354309082)]
28-11-2019 00_36_23 MainThread DEBUG\ selected imp_params ['nodes_layer_1', 'activation_layer_2']
28-11-2019 00_36_23 MainThread DEBUG\ properties being crossed over: ['nodes_layer_1', 'activation_layer_2']
28-11-2019 00_36_23 MainThread DEBUG\ post cross-over individual1 params {'input_size': 784, 'batch_size': 120, 'nodes_layer_1': 500, 'do_layer_1': 0.3, 'activation_layer_1': 'relu', 'nodes_layer_2': 50, 'do_layer_2': 0.2, 'activation_layer_2': 'relu', 'lr': 0.0001, 'epochs': 3000, 'optimizer': 'rmsprop', 'output_nodes': 10, 'output_activation': 'softmax', 'loss': 'categorical_crossentropy', 'nodes_layer_3': 50, 'do_layer_3': 0.3, 'activation_layer_3': 'relu'}
28-11-2019 00_36_23 MainThread DEBUG\ post cross-over individual2 params {'input_size': 784, 'batch_size': 80, 'nodes_layer_1': 500, 'do_layer_1': 0.0, 'activation_layer_1': 'relu', 'nodes_layer_2': 50, 'do_layer_2': 0.2, 'activation_layer_2': 'relu', 'lr': 0.001, 'epochs': 3000, 'optimizer': 'rmsprop', 'output_nodes': 10, 'output_activation': 'softmax', 'loss': 'categorical_crossentropy', 'nodes_layer_3': 50, 'do_layer_3': 0.3, 'activation_layer_3': 'relu'}
28-11-2019 00_36_23 MainThread DEBUG\ Evaluating params:
{'input_size': 784, 'batch_size': 120, 'nodes_layer_1': 500, 'do_layer_1': 0.3, 'activation_layer_1': 'relu', 'nodes_layer_2': 50, 'do_layer_2': 0.2, 'activation_layer_2': 'relu', 'lr': 0.0001, 'epochs': 3000, 'optimizer': 'rmsprop', 'output_nodes': 10, 'output_activation': 'softmax', 'loss': 'categorical_crossentropy', 'nodes_layer_3': 50, 'do_layer_3': 0.3, 'activation_layer_3': 'relu'}
and
{'input_size': 784, 'batch_size': 80, 'nodes_layer_1': 500, 'do_layer_1': 0.0, 'activation_layer_1': 'relu', 'nodes_layer_2': 50, 'do_layer_2': 0.2, 'activation_layer_2': 'relu', 'lr': 0.001, 'epochs': 3000, 'optimizer': 'rmsprop', 'output_nodes': 10, 'output_activation': 'softmax', 'loss': 'categorical_crossentropy', 'nodes_layer_3': 50, 'do_layer_3': 0.3, 'activation_layer_3': 'relu'}
28-11-2019 00_37_03 MainThread DEBUG\ train/val errors: 0.03441525094818124 0.11159650257012496
28-11-2019 00_37_04 MainThread DEBUG\ eval test keys: ['loss', 'accuracy']
28-11-2019 00_37_04 MainThread DEBUG\ eval test res: [0.1183137183224753, 0.9814000129699707]
28-11-2019 00_38_00 MainThread DEBUG\ train/val errors: 0.0333633092950205 0.11837710515715621
28-11-2019 00_38_00 MainThread DEBUG\ eval test keys: ['loss', 'accuracy']
28-11-2019 00_38_00 MainThread DEBUG\ eval test res: [0.19608360928775406, 0.9789999723434448]
28-11-2019 00_38_00 MainThread DEBUG\ fitness1 = 0.9814000129699707, fitness2 = 0.9789999723434448 and prev_best = 0.9815000295639038
28-11-2019 00_38_00 MainThread DEBUG\ current generation score: 0.9814000129699707
28-11-2019 00_38_00 MainThread DEBUG\ All scores [0.9801999926567078, 0.9782000184059143, 0.9815000295639038]
28-11-2019 00_38_00 MainThread DEBUG\ on_generation_end: best_score= 0.9814000129699707 generation_count= 3
28-11-2019 00_38_00 MainThread DEBUG\ history dumped...
28-11-2019 00_38_00 MainThread DEBUG\ current gen update params: {'nodes_layer_1', 'activation_layer_2'}
28-11-2019 00_38_00 MainThread DEBUG\ Generation End: 3
28-11-2019 00_38_00 MainThread DEBUG\ Generation Start: 4
28-11-2019 00_38_00 MainThread DEBUG\ calling selection recursive 1 3
28-11-2019 00_38_05 MainThread DEBUG\ sorted params: [('optimizer', 0.00270003080368042), ('nodes_layer_1', 0.0026000142097473145), ('activation_layer_2', 0.0026000142097473145), ('loss', 0.0007000565528869629), ('nodes_layer_3', -0.000599980354309082), ('activation_layer_3', -0.000599980354309082), ('do_layer_2', -0.000599980354309082), ('output_nodes', -0.000599980354309082), ('output_activation', -0.000599980354309082), ('nodes_layer_2', -0.000599980354309082), ('do_layer_3', -0.000599980354309082), ('batch_size', -0.000599980354309082), ('input_size', -0.000599980354309082), ('lr', -0.000599980354309082), ('do_layer_1', -0.000599980354309082), ('activation_layer_1', -0.000599980354309082), ('epochs', -0.000599980354309082)]
28-11-2019 00_38_05 MainThread DEBUG\ selected imp_params ['optimizer', 'nodes_layer_1', 'activation_layer_2']
28-11-2019 00_38_05 MainThread DEBUG\ properties being crossed over: ['optimizer', 'nodes_layer_1', 'activation_layer_2']
28-11-2019 00_38_05 MainThread DEBUG\ post cross-over individual1 params {'input_size': 784, 'batch_size': 120, 'nodes_layer_1': 500, 'do_layer_1': 0.3, 'activation_layer_1': 'relu', 'nodes_layer_2': 50, 'do_layer_2': 0.2, 'activation_layer_2': 'relu', 'lr': 0.0001, 'epochs': 3000, 'optimizer': 'rmsprop', 'output_nodes': 10, 'output_activation': 'softmax', 'loss': 'categorical_crossentropy', 'nodes_layer_3': 50, 'do_layer_3': 0.3, 'activation_layer_3': 'relu'}
28-11-2019 00_38_05 MainThread DEBUG\ post cross-over individual2 params {'input_size': 784, 'batch_size': 80, 'nodes_layer_1': 500, 'do_layer_1': 0.0, 'activation_layer_1': 'relu', 'nodes_layer_2': 50, 'do_layer_2': 0.2, 'activation_layer_2': 'relu', 'lr': 0.001, 'epochs': 3000, 'optimizer': 'rmsprop', 'output_nodes': 10, 'output_activation': 'softmax', 'loss': 'categorical_crossentropy', 'nodes_layer_3': 50, 'do_layer_3': 0.3, 'activation_layer_3': 'relu'}
28-11-2019 00_38_06 MainThread DEBUG\ Evaluating params:
{'input_size': 784, 'batch_size': 120, 'nodes_layer_1': 500, 'do_layer_1': 0.3, 'activation_layer_1': 'relu', 'nodes_layer_2': 50, 'do_layer_2': 0.2, 'activation_layer_2': 'relu', 'lr': 0.0001, 'epochs': 3000, 'optimizer': 'rmsprop', 'output_nodes': 10, 'output_activation': 'softmax', 'loss': 'categorical_crossentropy', 'nodes_layer_3': 50, 'do_layer_3': 0.3, 'activation_layer_3': 'relu'}
and
{'input_size': 784, 'batch_size': 80, 'nodes_layer_1': 500, 'do_layer_1': 0.0, 'activation_layer_1': 'relu', 'nodes_layer_2': 50, 'do_layer_2': 0.2, 'activation_layer_2': 'relu', 'lr': 0.001, 'epochs': 3000, 'optimizer': 'rmsprop', 'output_nodes': 10, 'output_activation': 'softmax', 'loss': 'categorical_crossentropy', 'nodes_layer_3': 50, 'do_layer_3': 0.3, 'activation_layer_3': 'relu'}
28-11-2019 00_38_48 MainThread DEBUG\ train/val errors: 0.03697669703363707 0.1129187270537174
28-11-2019 00_38_49 MainThread DEBUG\ eval test keys: ['loss', 'accuracy']
28-11-2019 00_38_49 MainThread DEBUG\ eval test res: [0.14240662948699243, 0.9803000092506409]
28-11-2019 00_39_39 MainThread DEBUG\ train/val errors: 0.02773530600012147 0.12301299171541662
28-11-2019 00_39_39 MainThread DEBUG\ eval test keys: ['loss', 'accuracy']
28-11-2019 00_39_39 MainThread DEBUG\ eval test res: [0.21838683779268148, 0.9793000221252441]
28-11-2019 00_39_39 MainThread DEBUG\ fitness1 = 0.9803000092506409, fitness2 = 0.9793000221252441 and prev_best = 0.9815000295639038
28-11-2019 00_39_39 MainThread DEBUG\ current generation score: 0.9803000092506409
28-11-2019 00_39_39 MainThread DEBUG\ All scores [0.9801999926567078, 0.9782000184059143, 0.9815000295639038]
28-11-2019 00_39_39 MainThread DEBUG\ on_generation_end: best_score= 0.9803000092506409 generation_count= 4
28-11-2019 00_39_39 MainThread DEBUG\ history dumped...
28-11-2019 00_39_39 MainThread DEBUG\ current gen update params: {'nodes_layer_1', 'activation_layer_2', 'optimizer'}
28-11-2019 00_39_39 MainThread DEBUG\ Generation End: 4
28-11-2019 00_39_39 MainThread DEBUG\ Generation Start: 5
28-11-2019 00_39_39 MainThread DEBUG\ calling selection recursive 1 3
28-11-2019 00_39_39 MainThread DEBUG\ calling selection recursive 1 3
28-11-2019 00_39_45 MainThread DEBUG\ sorted params: [('optimizer', 0.0015000104904174805), ('nodes_layer_1', 0.001399993896484375), ('activation_layer_2', 0.001399993896484375), ('loss', 0.0007000565528869629), ('nodes_layer_3', -0.000599980354309082), ('activation_layer_3', -0.000599980354309082), ('do_layer_2', -0.000599980354309082), ('output_nodes', -0.000599980354309082), ('output_activation', -0.000599980354309082), ('nodes_layer_2', -0.000599980354309082), ('do_layer_3', -0.000599980354309082), ('batch_size', -0.000599980354309082), ('input_size', -0.000599980354309082), ('lr', -0.000599980354309082), ('do_layer_1', -0.000599980354309082), ('activation_layer_1', -0.000599980354309082), ('epochs', -0.000599980354309082)]
28-11-2019 00_39_45 MainThread DEBUG\ selected imp_params ['optimizer', 'nodes_layer_1', 'activation_layer_2', 'loss']
28-11-2019 00_39_45 MainThread DEBUG\ properties being crossed over: ['optimizer', 'nodes_layer_1', 'activation_layer_2', 'loss']
28-11-2019 00_39_45 MainThread DEBUG\ post cross-over individual1 params {'input_size': 784, 'batch_size': 120, 'nodes_layer_1': 500, 'do_layer_1': 0.3, 'activation_layer_1': 'relu', 'nodes_layer_2': 50, 'do_layer_2': 0.2, 'activation_layer_2': 'relu', 'lr': 0.0001, 'epochs': 3000, 'optimizer': 'rmsprop', 'output_nodes': 10, 'output_activation': 'softmax', 'loss': 'categorical_crossentropy', 'nodes_layer_3': 50, 'do_layer_3': 0.3, 'activation_layer_3': 'relu'}
28-11-2019 00_39_45 MainThread DEBUG\ post cross-over individual2 params {'input_size': 784, 'batch_size': 80, 'nodes_layer_1': 500, 'do_layer_1': 0.0, 'activation_layer_1': 'relu', 'nodes_layer_2': 50, 'do_layer_2': 0.2, 'activation_layer_2': 'relu', 'lr': 0.001, 'epochs': 3000, 'optimizer': 'rmsprop', 'output_nodes': 10, 'output_activation': 'softmax', 'loss': 'categorical_crossentropy', 'nodes_layer_3': 50, 'do_layer_3': 0.3, 'activation_layer_3': 'relu'}
28-11-2019 00_39_45 MainThread DEBUG\ Evaluating params:
{'input_size': 784, 'batch_size': 120, 'nodes_layer_1': 500, 'do_layer_1': 0.3, 'activation_layer_1': 'relu', 'nodes_layer_2': 50, 'do_layer_2': 0.2, 'activation_layer_2': 'relu', 'lr': 0.0001, 'epochs': 3000, 'optimizer': 'rmsprop', 'output_nodes': 10, 'output_activation': 'softmax', 'loss': 'categorical_crossentropy', 'nodes_layer_3': 50, 'do_layer_3': 0.3, 'activation_layer_3': 'relu'}
and
{'input_size': 784, 'batch_size': 80, 'nodes_layer_1': 500, 'do_layer_1': 0.0, 'activation_layer_1': 'relu', 'nodes_layer_2': 50, 'do_layer_2': 0.2, 'activation_layer_2': 'relu', 'lr': 0.001, 'epochs': 3000, 'optimizer': 'rmsprop', 'output_nodes': 10, 'output_activation': 'softmax', 'loss': 'categorical_crossentropy', 'nodes_layer_3': 50, 'do_layer_3': 0.3, 'activation_layer_3': 'relu'}
28-11-2019 00_40_29 MainThread DEBUG\ train/val errors: 0.03375204003008548 0.10533896430114206
28-11-2019 00_40_29 MainThread DEBUG\ eval test keys: ['loss', 'accuracy']
28-11-2019 00_40_29 MainThread DEBUG\ eval test res: [0.15220344353569382, 0.9804999828338623]
28-11-2019 00_41_23 MainThread DEBUG\ train/val errors: 0.02815178543476068 0.11464340128625433
28-11-2019 00_41_24 MainThread DEBUG\ eval test keys: ['loss', 'accuracy']
28-11-2019 00_41_24 MainThread DEBUG\ eval test res: [0.21025319307276819, 0.979200005531311]
28-11-2019 00_41_24 MainThread DEBUG\ fitness1 = 0.9804999828338623, fitness2 = 0.979200005531311 and prev_best = 0.9815000295639038
28-11-2019 00_41_24 MainThread DEBUG\ current generation score: 0.9804999828338623
28-11-2019 00_41_24 MainThread DEBUG\ All scores [0.9801999926567078, 0.9782000184059143, 0.9815000295639038]
28-11-2019 00_41_24 MainThread DEBUG\ on_generation_end: best_score= 0.9804999828338623 generation_count= 5
28-11-2019 00_41_24 MainThread DEBUG\ history dumped...
28-11-2019 00_41_24 MainThread DEBUG\ current gen update params: {'nodes_layer_1', 'activation_layer_2', 'loss', 'optimizer'}
28-11-2019 00_41_24 MainThread DEBUG\ Generation End: 5
28-11-2019 00_41_24 MainThread DEBUG\ Generation Start: 6
28-11-2019 00_41_24 MainThread DEBUG\ calling selection recursive 1 3
28-11-2019 00_41_24 MainThread DEBUG\ calling selection recursive 1 3
28-11-2019 00_41_30 MainThread DEBUG\ sorted params: [('optimizer', 0.0004999637603759766), ('nodes_layer_1', 0.0003999471664428711), ('activation_layer_2', 0.0003999471664428711), ('loss', -0.000299990177154541), ('nodes_layer_3', -0.000599980354309082), ('activation_layer_3', -0.000599980354309082), ('do_layer_2', -0.000599980354309082), ('output_nodes', -0.000599980354309082), ('output_activation', -0.000599980354309082), ('nodes_layer_2', -0.000599980354309082), ('do_layer_3', -0.000599980354309082), ('batch_size', -0.000599980354309082), ('input_size', -0.000599980354309082), ('lr', -0.000599980354309082), ('do_layer_1', -0.000599980354309082), ('activation_layer_1', -0.000599980354309082), ('epochs', -0.000599980354309082)]
28-11-2019 00_41_30 MainThread DEBUG\ selected imp_params ['optimizer', 'nodes_layer_1']
28-11-2019 00_41_30 MainThread DEBUG\ properties being crossed over: ['optimizer', 'nodes_layer_1']
28-11-2019 00_41_30 MainThread DEBUG\ post cross-over individual1 params {'input_size': 784, 'batch_size': 120, 'nodes_layer_1': 500, 'do_layer_1': 0.3, 'activation_layer_1': 'relu', 'nodes_layer_2': 50, 'do_layer_2': 0.2, 'activation_layer_2': 'relu', 'lr': 0.0001, 'epochs': 3000, 'optimizer': 'rmsprop', 'output_nodes': 10, 'output_activation': 'softmax', 'loss': 'categorical_crossentropy', 'nodes_layer_3': 50, 'do_layer_3': 0.3, 'activation_layer_3': 'relu'}
28-11-2019 00_41_30 MainThread DEBUG\ post cross-over individual2 params {'input_size': 784, 'batch_size': 80, 'nodes_layer_1': 500, 'do_layer_1': 0.1, 'activation_layer_1': 'relu', 'nodes_layer_2': 50, 'do_layer_2': 0.4, 'activation_layer_2': 'relu', 'lr': 0.01, 'epochs': 3000, 'optimizer': 'rmsprop', 'output_nodes': 10, 'output_activation': 'softmax', 'loss': 'categorical_crossentropy'}
28-11-2019 00_41_30 MainThread DEBUG\ Evaluating params:
{'input_size': 784, 'batch_size': 120, 'nodes_layer_1': 500, 'do_layer_1': 0.3, 'activation_layer_1': 'relu', 'nodes_layer_2': 50, 'do_layer_2': 0.2, 'activation_layer_2': 'relu', 'lr': 0.0001, 'epochs': 3000, 'optimizer': 'rmsprop', 'output_nodes': 10, 'output_activation': 'softmax', 'loss': 'categorical_crossentropy', 'nodes_layer_3': 50, 'do_layer_3': 0.3, 'activation_layer_3': 'relu'}
and
{'input_size': 784, 'batch_size': 80, 'nodes_layer_1': 500, 'do_layer_1': 0.1, 'activation_layer_1': 'relu', 'nodes_layer_2': 50, 'do_layer_2': 0.4, 'activation_layer_2': 'relu', 'lr': 0.01, 'epochs': 3000, 'optimizer': 'rmsprop', 'output_nodes': 10, 'output_activation': 'softmax', 'loss': 'categorical_crossentropy'}
28-11-2019 00_42_16 MainThread DEBUG\ train/val errors: 0.03941348247333995 0.11175598192649583
28-11-2019 00_42_17 MainThread DEBUG\ eval test keys: ['loss', 'accuracy']
28-11-2019 00_42_17 MainThread DEBUG\ eval test res: [0.13393570400626426, 0.9807999730110168]
28-11-2019 00_43_09 MainThread DEBUG\ train/val errors: 0.03498866238282062 0.10468501756924929
28-11-2019 00_43_09 MainThread DEBUG\ eval test keys: ['loss', 'accuracy']
28-11-2019 00_43_09 MainThread DEBUG\ eval test res: [0.1843549602008937, 0.9789999723434448]
28-11-2019 00_43_09 MainThread DEBUG\ fitness1 = 0.9807999730110168, fitness2 = 0.9789999723434448 and prev_best = 0.9815000295639038
28-11-2019 00_43_09 MainThread DEBUG\ current generation score: 0.9807999730110168
28-11-2019 00_43_09 MainThread DEBUG\ All scores [0.9801999926567078, 0.9782000184059143, 0.9815000295639038]
28-11-2019 00_43_09 MainThread DEBUG\ on_generation_end: best_score= 0.9807999730110168 generation_count= 6
28-11-2019 00_43_09 MainThread DEBUG\ history dumped...
28-11-2019 00_43_09 MainThread DEBUG\ current gen update params: {'nodes_layer_1', 'optimizer'}
28-11-2019 00_43_09 MainThread DEBUG\ Generation End: 6
28-11-2019 00_43_09 MainThread DEBUG\ Generation Start: 7
28-11-2019 00_43_16 MainThread DEBUG\ sorted params: [('activation_layer_2', 0.0003999471664428711), ('optimizer', -0.00020009279251098633), ('loss', -0.000299990177154541), ('nodes_layer_1', -0.0003001093864440918), ('nodes_layer_3', -0.000599980354309082), ('activation_layer_3', -0.000599980354309082), ('do_layer_2', -0.000599980354309082), ('output_nodes', -0.000599980354309082), ('output_activation', -0.000599980354309082), ('nodes_layer_2', -0.000599980354309082), ('do_layer_3', -0.000599980354309082), ('batch_size', -0.000599980354309082), ('input_size', -0.000599980354309082), ('lr', -0.000599980354309082), ('do_layer_1', -0.000599980354309082), ('activation_layer_1', -0.000599980354309082), ('epochs', -0.000599980354309082)]
28-11-2019 00_43_16 MainThread DEBUG\ selected imp_params ['activation_layer_2']
28-11-2019 00_43_16 MainThread DEBUG\ properties being crossed over: ['activation_layer_2']
28-11-2019 00_43_16 MainThread DEBUG\ post cross-over individual1 params {'input_size': 784, 'batch_size': 120, 'nodes_layer_1': 500, 'do_layer_1': 0.3, 'activation_layer_1': 'relu', 'nodes_layer_2': 50, 'do_layer_2': 0.2, 'activation_layer_2': 'relu', 'lr': 0.0001, 'epochs': 3000, 'optimizer': 'rmsprop', 'output_nodes': 10, 'output_activation': 'softmax', 'loss': 'categorical_crossentropy', 'nodes_layer_3': 50, 'do_layer_3': 0.3, 'activation_layer_3': 'relu'}
28-11-2019 00_43_16 MainThread DEBUG\ post cross-over individual2 params {'input_size': 784, 'batch_size': 80, 'nodes_layer_1': 500, 'do_layer_1': 0.0, 'activation_layer_1': 'relu', 'nodes_layer_2': 50, 'do_layer_2': 0.2, 'activation_layer_2': 'relu', 'lr': 0.001, 'epochs': 3000, 'optimizer': 'rmsprop', 'output_nodes': 10, 'output_activation': 'softmax', 'loss': 'categorical_crossentropy', 'nodes_layer_3': 50, 'do_layer_3': 0.3, 'activation_layer_3': 'relu'}
28-11-2019 00_43_17 MainThread DEBUG\ Evaluating params:
{'input_size': 784, 'batch_size': 120, 'nodes_layer_1': 500, 'do_layer_1': 0.3, 'activation_layer_1': 'relu', 'nodes_layer_2': 50, 'do_layer_2': 0.2, 'activation_layer_2': 'relu', 'lr': 0.0001, 'epochs': 3000, 'optimizer': 'rmsprop', 'output_nodes': 10, 'output_activation': 'softmax', 'loss': 'categorical_crossentropy', 'nodes_layer_3': 50, 'do_layer_3': 0.3, 'activation_layer_3': 'relu'}
and
{'input_size': 784, 'batch_size': 80, 'nodes_layer_1': 500, 'do_layer_1': 0.0, 'activation_layer_1': 'relu', 'nodes_layer_2': 50, 'do_layer_2': 0.2, 'activation_layer_2': 'relu', 'lr': 0.001, 'epochs': 3000, 'optimizer': 'rmsprop', 'output_nodes': 10, 'output_activation': 'softmax', 'loss': 'categorical_crossentropy', 'nodes_layer_3': 50, 'do_layer_3': 0.3, 'activation_layer_3': 'relu'}
28-11-2019 00_44_02 MainThread DEBUG\ train/val errors: 0.03464139309695124 0.1052860023942776
28-11-2019 00_44_02 MainThread DEBUG\ eval test keys: ['loss', 'accuracy']
28-11-2019 00_44_02 MainThread DEBUG\ eval test res: [0.13180184273682835, 0.9815999865531921]
28-11-2019 00_44_59 MainThread DEBUG\ train/val errors: 0.028383792487713458 0.1133733242447488
28-11-2019 00_45_00 MainThread DEBUG\ eval test keys: ['loss', 'accuracy']
28-11-2019 00_45_00 MainThread DEBUG\ eval test res: [0.2024690870086323, 0.9811999797821045]
28-11-2019 00_45_00 MainThread DEBUG\ fitness1 = 0.9815999865531921, fitness2 = 0.9811999797821045 and prev_best = 0.9815000295639038
28-11-2019 00_45_00 MainThread DEBUG\ added child1 to 1 index
28-11-2019 00_45_00 MainThread DEBUG\ current generation score: 0.9815999865531921
28-11-2019 00_45_00 MainThread DEBUG\ All scores [0.9801999926567078, 0.9815999865531921, 0.9815000295639038]
28-11-2019 00_45_00 MainThread DEBUG\ on_generation_end: best_score= 0.9815999865531921 generation_count= 7
28-11-2019 00_45_00 MainThread DEBUG\ history dumped...
28-11-2019 00_45_00 MainThread DEBUG\ current gen update params: {'activation_layer_2'}
28-11-2019 00_45_00 MainThread DEBUG\ Generation End: 7
28-11-2019 00_45_00 MainThread DEBUG\ Generation Start: 8
28-11-2019 00_45_09 MainThread DEBUG\ sorted params: [('activation_layer_2', 0.0004999041557312012), ('optimizer', -0.00020009279251098633), ('loss', -0.000299990177154541), ('nodes_layer_1', -0.0003001093864440918), ('nodes_layer_3', -0.000599980354309082), ('activation_layer_3', -0.000599980354309082), ('do_layer_2', -0.000599980354309082), ('output_nodes', -0.000599980354309082), ('output_activation', -0.000599980354309082), ('nodes_layer_2', -0.000599980354309082), ('do_layer_3', -0.000599980354309082), ('batch_size', -0.000599980354309082), ('input_size', -0.000599980354309082), ('lr', -0.000599980354309082), ('do_layer_1', -0.000599980354309082), ('activation_layer_1', -0.000599980354309082), ('epochs', -0.000599980354309082)]
28-11-2019 00_45_09 MainThread DEBUG\ selected imp_params ['activation_layer_2', 'optimizer', 'loss']
28-11-2019 00_45_09 MainThread DEBUG\ properties being crossed over: ['activation_layer_2', 'optimizer', 'loss']
28-11-2019 00_45_09 MainThread DEBUG\ post cross-over individual1 params {'input_size': 784, 'batch_size': 120, 'nodes_layer_1': 500, 'do_layer_1': 0.3, 'activation_layer_1': 'relu', 'nodes_layer_2': 50, 'do_layer_2': 0.2, 'activation_layer_2': 'relu', 'lr': 0.0001, 'epochs': 3000, 'optimizer': 'rmsprop', 'output_nodes': 10, 'output_activation': 'softmax', 'loss': 'categorical_crossentropy', 'nodes_layer_3': 50, 'do_layer_3': 0.3, 'activation_layer_3': 'relu'}
28-11-2019 00_45_09 MainThread DEBUG\ post cross-over individual2 params {'input_size': 784, 'batch_size': 80, 'nodes_layer_1': 500, 'do_layer_1': 0.1, 'activation_layer_1': 'relu', 'nodes_layer_2': 50, 'do_layer_2': 0.4, 'activation_layer_2': 'relu', 'lr': 0.01, 'epochs': 3000, 'optimizer': 'rmsprop', 'output_nodes': 10, 'output_activation': 'softmax', 'loss': 'categorical_crossentropy'}
28-11-2019 00_45_09 MainThread DEBUG\ Evaluating params:
{'input_size': 784, 'batch_size': 120, 'nodes_layer_1': 500, 'do_layer_1': 0.3, 'activation_layer_1': 'relu', 'nodes_layer_2': 50, 'do_layer_2': 0.2, 'activation_layer_2': 'relu', 'lr': 0.0001, 'epochs': 3000, 'optimizer': 'rmsprop', 'output_nodes': 10, 'output_activation': 'softmax', 'loss': 'categorical_crossentropy', 'nodes_layer_3': 50, 'do_layer_3': 0.3, 'activation_layer_3': 'relu'}
and
{'input_size': 784, 'batch_size': 80, 'nodes_layer_1': 500, 'do_layer_1': 0.1, 'activation_layer_1': 'relu', 'nodes_layer_2': 50, 'do_layer_2': 0.4, 'activation_layer_2': 'relu', 'lr': 0.01, 'epochs': 3000, 'optimizer': 'rmsprop', 'output_nodes': 10, 'output_activation': 'softmax', 'loss': 'categorical_crossentropy'}
28-11-2019 00_45_54 MainThread DEBUG\ train/val errors: 0.03429145276195154 0.1107679804895694
28-11-2019 00_45_54 MainThread DEBUG\ eval test keys: ['loss', 'accuracy']
28-11-2019 00_45_54 MainThread DEBUG\ eval test res: [0.13565999817812546, 0.9815000295639038]
28-11-2019 00_46_48 MainThread DEBUG\ train/val errors: 0.0347814048672167 0.107116308729423
28-11-2019 00_46_48 MainThread DEBUG\ eval test keys: ['loss', 'accuracy']
28-11-2019 00_46_48 MainThread DEBUG\ eval test res: [0.1913999855204152, 0.9797000288963318]
28-11-2019 00_46_48 MainThread DEBUG\ fitness1 = 0.9815000295639038, fitness2 = 0.9797000288963318 and prev_best = 0.9815999865531921
28-11-2019 00_46_48 MainThread DEBUG\ current generation score: 0.9815000295639038
28-11-2019 00_46_48 MainThread DEBUG\ All scores [0.9801999926567078, 0.9815999865531921, 0.9815000295639038]
28-11-2019 00_46_48 MainThread DEBUG\ on_generation_end: best_score= 0.9815000295639038 generation_count= 8
28-11-2019 00_46_48 MainThread DEBUG\ history dumped...
28-11-2019 00_46_48 MainThread DEBUG\ current gen update params: {'loss', 'activation_layer_2', 'optimizer'}
28-11-2019 00_46_48 MainThread DEBUG\ Generation End: 8
28-11-2019 00_46_48 MainThread DEBUG\ Generation Start: 9
28-11-2019 00_46_57 MainThread DEBUG\ sorted params: [('activation_layer_2', 0.0003999471664428711), ('optimizer', -0.0003000497817993164), ('nodes_layer_1', -0.0003001093864440918), ('loss', -0.0003999471664428711), ('nodes_layer_3', -0.000599980354309082), ('activation_layer_3', -0.000599980354309082), ('do_layer_2', -0.000599980354309082), ('output_nodes', -0.000599980354309082), ('output_activation', -0.000599980354309082), ('nodes_layer_2', -0.000599980354309082), ('do_layer_3', -0.000599980354309082), ('batch_size', -0.000599980354309082), ('input_size', -0.000599980354309082), ('lr', -0.000599980354309082), ('do_layer_1', -0.000599980354309082), ('activation_layer_1', -0.000599980354309082), ('epochs', -0.000599980354309082)]
28-11-2019 00_46_57 MainThread DEBUG\ selected imp_params ['activation_layer_2', 'optimizer', 'nodes_layer_1', 'loss']
28-11-2019 00_46_57 MainThread DEBUG\ properties being crossed over: ['activation_layer_2', 'optimizer', 'nodes_layer_1', 'loss']
28-11-2019 00_46_57 MainThread DEBUG\ post cross-over individual1 params {'input_size': 784, 'batch_size': 120, 'nodes_layer_1': 500, 'do_layer_1': 0.3, 'activation_layer_1': 'relu', 'nodes_layer_2': 50, 'do_layer_2': 0.2, 'activation_layer_2': 'relu', 'lr': 0.0001, 'epochs': 3000, 'optimizer': 'rmsprop', 'output_nodes': 10, 'output_activation': 'softmax', 'loss': 'categorical_crossentropy', 'nodes_layer_3': 50, 'do_layer_3': 0.3, 'activation_layer_3': 'relu'}
28-11-2019 00_46_57 MainThread DEBUG\ post cross-over individual2 params {'input_size': 784, 'batch_size': 120, 'nodes_layer_1': 500, 'do_layer_1': 0.3, 'activation_layer_1': 'relu', 'nodes_layer_2': 50, 'do_layer_2': 0.2, 'activation_layer_2': 'relu', 'lr': 0.0001, 'epochs': 3000, 'optimizer': 'rmsprop', 'output_nodes': 10, 'output_activation': 'softmax', 'loss': 'categorical_crossentropy', 'nodes_layer_3': 50, 'do_layer_3': 0.3, 'activation_layer_3': 'relu'}
28-11-2019 00_46_57 MainThread DEBUG\ mutate_key lr
28-11-2019 00_46_57 MainThread DEBUG\ post mutation params {'input_size': 784, 'batch_size': 120, 'nodes_layer_1': 500, 'do_layer_1': 0.3, 'activation_layer_1': 'relu', 'nodes_layer_2': 50, 'do_layer_2': 0.2, 'activation_layer_2': 'relu', 'lr': 0.0001, 'epochs': 3000, 'optimizer': 'rmsprop', 'output_nodes': 10, 'output_activation': 'softmax', 'loss': 'categorical_crossentropy', 'nodes_layer_3': 50, 'do_layer_3': 0.3, 'activation_layer_3': 'relu'}
28-11-2019 00_46_57 MainThread DEBUG\ mutate_key activation_layer_2
28-11-2019 00_46_57 MainThread DEBUG\ post mutation params {'input_size': 784, 'batch_size': 120, 'nodes_layer_1': 500, 'do_layer_1': 0.3, 'activation_layer_1': 'relu', 'nodes_layer_2': 50, 'do_layer_2': 0.2, 'activation_layer_2': 'relu', 'lr': 0.0001, 'epochs': 3000, 'optimizer': 'rmsprop', 'output_nodes': 10, 'output_activation': 'softmax', 'loss': 'categorical_crossentropy', 'nodes_layer_3': 50, 'do_layer_3': 0.3, 'activation_layer_3': 'relu'}
28-11-2019 00_46_57 MainThread DEBUG\ Evaluating params:
{'input_size': 784, 'batch_size': 120, 'nodes_layer_1': 500, 'do_layer_1': 0.3, 'activation_layer_1': 'relu', 'nodes_layer_2': 50, 'do_layer_2': 0.2, 'activation_layer_2': 'relu', 'lr': 0.0001, 'epochs': 3000, 'optimizer': 'rmsprop', 'output_nodes': 10, 'output_activation': 'softmax', 'loss': 'categorical_crossentropy', 'nodes_layer_3': 50, 'do_layer_3': 0.3, 'activation_layer_3': 'relu'}
and
{'input_size': 784, 'batch_size': 120, 'nodes_layer_1': 500, 'do_layer_1': 0.3, 'activation_layer_1': 'relu', 'nodes_layer_2': 50, 'do_layer_2': 0.2, 'activation_layer_2': 'relu', 'lr': 0.0001, 'epochs': 3000, 'optimizer': 'rmsprop', 'output_nodes': 10, 'output_activation': 'softmax', 'loss': 'categorical_crossentropy', 'nodes_layer_3': 50, 'do_layer_3': 0.3, 'activation_layer_3': 'relu'}
28-11-2019 00_47_46 MainThread DEBUG\ train/val errors: 0.03437435131278887 0.10499638565258161
28-11-2019 00_47_46 MainThread DEBUG\ eval test keys: ['loss', 'accuracy']
28-11-2019 00_47_46 MainThread DEBUG\ eval test res: [0.1207035164142995, 0.9825000166893005]
28-11-2019 00_48_27 MainThread DEBUG\ train/val errors: 0.03847561259887048 0.10937955077427129
28-11-2019 00_48_27 MainThread DEBUG\ eval test keys: ['loss', 'accuracy']
28-11-2019 00_48_27 MainThread DEBUG\ eval test res: [0.11955731852547406, 0.98089998960495]
28-11-2019 00_48_27 MainThread DEBUG\ fitness1 = 0.9825000166893005, fitness2 = 0.98089998960495 and prev_best = 0.9815999865531921
28-11-2019 00_48_27 MainThread DEBUG\ added child1 to 0 index
28-11-2019 00_48_27 MainThread DEBUG\ current generation score: 0.9825000166893005
28-11-2019 00_48_27 MainThread DEBUG\ All scores [0.9825000166893005, 0.9815999865531921, 0.9815000295639038]
28-11-2019 00_48_27 MainThread DEBUG\ on_generation_end: best_score= 0.9825000166893005 generation_count= 9
28-11-2019 00_48_27 MainThread DEBUG\ history dumped...
28-11-2019 00_48_27 MainThread DEBUG\ current gen update params: {'loss', 'activation_layer_2', 'nodes_layer_1', 'lr', 'optimizer'}
28-11-2019 00_48_27 MainThread DEBUG\ Generation End: 9
28-11-2019 00_48_27 MainThread DEBUG\ Generation Start: 10
28-11-2019 00_48_39 MainThread DEBUG\ sorted params: [('activation_layer_2', 0.0012999773025512695), ('optimizer', 0.000599980354309082), ('nodes_layer_1', 0.0005999207496643066), ('loss', 0.0005000829696655273), ('lr', 0.0003000497817993164), ('nodes_layer_3', -0.000599980354309082), ('activation_layer_3', -0.000599980354309082), ('do_layer_2', -0.000599980354309082), ('output_nodes', -0.000599980354309082), ('output_activation', -0.000599980354309082), ('nodes_layer_2', -0.000599980354309082), ('do_layer_3', -0.000599980354309082), ('batch_size', -0.000599980354309082), ('input_size', -0.000599980354309082), ('do_layer_1', -0.000599980354309082), ('activation_layer_1', -0.000599980354309082), ('epochs', -0.000599980354309082)]
28-11-2019 00_48_39 MainThread DEBUG\ selected imp_params ['activation_layer_2', 'optimizer', 'nodes_layer_1', 'loss']
28-11-2019 00_48_39 MainThread DEBUG\ properties being crossed over: ['activation_layer_2', 'optimizer', 'nodes_layer_1', 'loss']
28-11-2019 00_48_39 MainThread DEBUG\ post cross-over individual1 params {'input_size': 784, 'batch_size': 120, 'nodes_layer_1': 500, 'do_layer_1': 0.3, 'activation_layer_1': 'relu', 'nodes_layer_2': 50, 'do_layer_2': 0.2, 'activation_layer_2': 'relu', 'lr': 0.0001, 'epochs': 3000, 'optimizer': 'rmsprop', 'output_nodes': 10, 'output_activation': 'softmax', 'loss': 'categorical_crossentropy', 'nodes_layer_3': 50, 'do_layer_3': 0.3, 'activation_layer_3': 'relu'}
28-11-2019 00_48_39 MainThread DEBUG\ post cross-over individual2 params {'input_size': 784, 'batch_size': 120, 'nodes_layer_1': 500, 'do_layer_1': 0.3, 'activation_layer_1': 'relu', 'nodes_layer_2': 50, 'do_layer_2': 0.2, 'activation_layer_2': 'relu', 'lr': 0.0001, 'epochs': 3000, 'optimizer': 'rmsprop', 'output_nodes': 10, 'output_activation': 'softmax', 'loss': 'categorical_crossentropy', 'nodes_layer_3': 50, 'do_layer_3': 0.3, 'activation_layer_3': 'relu'}
28-11-2019 00_48_39 MainThread DEBUG\ Evaluating params:
{'input_size': 784, 'batch_size': 120, 'nodes_layer_1': 500, 'do_layer_1': 0.3, 'activation_layer_1': 'relu', 'nodes_layer_2': 50, 'do_layer_2': 0.2, 'activation_layer_2': 'relu', 'lr': 0.0001, 'epochs': 3000, 'optimizer': 'rmsprop', 'output_nodes': 10, 'output_activation': 'softmax', 'loss': 'categorical_crossentropy', 'nodes_layer_3': 50, 'do_layer_3': 0.3, 'activation_layer_3': 'relu'}
and
{'input_size': 784, 'batch_size': 120, 'nodes_layer_1': 500, 'do_layer_1': 0.3, 'activation_layer_1': 'relu', 'nodes_layer_2': 50, 'do_layer_2': 0.2, 'activation_layer_2': 'relu', 'lr': 0.0001, 'epochs': 3000, 'optimizer': 'rmsprop', 'output_nodes': 10, 'output_activation': 'softmax', 'loss': 'categorical_crossentropy', 'nodes_layer_3': 50, 'do_layer_3': 0.3, 'activation_layer_3': 'relu'}
28-11-2019 00_49_27 MainThread DEBUG\ train/val errors: 0.04050461586390156 0.10663550234671372
28-11-2019 00_49_28 MainThread DEBUG\ eval test keys: ['loss', 'accuracy']
28-11-2019 00_49_28 MainThread DEBUG\ eval test res: [0.12285998087908388, 0.982200026512146]
28-11-2019 00_50_15 MainThread DEBUG\ train/val errors: 0.03791815867281652 0.10850505509064533
28-11-2019 00_50_15 MainThread DEBUG\ eval test keys: ['loss', 'accuracy']
28-11-2019 00_50_15 MainThread DEBUG\ eval test res: [0.13123764814805858, 0.980400025844574]
28-11-2019 00_50_15 MainThread DEBUG\ fitness1 = 0.982200026512146, fitness2 = 0.980400025844574 and prev_best = 0.9825000166893005
28-11-2019 00_50_15 MainThread DEBUG\ current generation score: 0.982200026512146
28-11-2019 00_50_15 MainThread DEBUG\ All scores [0.9825000166893005, 0.9815999865531921, 0.9815000295639038]
28-11-2019 00_50_15 MainThread DEBUG\ on_generation_end: best_score= 0.982200026512146 generation_count= 10
28-11-2019 00_50_15 MainThread DEBUG\ history dumped...
28-11-2019 00_50_15 MainThread DEBUG\ current gen update params: {'nodes_layer_1', 'activation_layer_2', 'loss', 'optimizer'}
28-11-2019 00_50_15 MainThread DEBUG\ Generation End: 10
28-11-2019 00_50_15 MainThread DEBUG\ Generation Start: 11
28-11-2019 00_50_26 MainThread DEBUG\ sorted params: [('activation_layer_2', 0.0009999871253967285), ('lr', 0.0003000497817993164), ('optimizer', 0.000299990177154541), ('nodes_layer_1', 0.0002999305725097656), ('loss', 0.00020009279251098633), ('nodes_layer_3', -0.000599980354309082), ('activation_layer_3', -0.000599980354309082), ('do_layer_2', -0.000599980354309082), ('output_nodes', -0.000599980354309082), ('output_activation', -0.000599980354309082), ('nodes_layer_2', -0.000599980354309082), ('do_layer_3', -0.000599980354309082), ('batch_size', -0.000599980354309082), ('input_size', -0.000599980354309082), ('do_layer_1', -0.000599980354309082), ('activation_layer_1', -0.000599980354309082), ('epochs', -0.000599980354309082)]
28-11-2019 00_50_26 MainThread DEBUG\ selected imp_params ['activation_layer_2', 'lr']
28-11-2019 00_50_26 MainThread DEBUG\ properties being crossed over: ['activation_layer_2', 'lr']
28-11-2019 00_50_26 MainThread DEBUG\ post cross-over individual1 params {'input_size': 784, 'batch_size': 120, 'nodes_layer_1': 500, 'do_layer_1': 0.3, 'activation_layer_1': 'relu', 'nodes_layer_2': 50, 'do_layer_2': 0.2, 'activation_layer_2': 'relu', 'lr': 0.0001, 'epochs': 3000, 'optimizer': 'rmsprop', 'output_nodes': 10, 'output_activation': 'softmax', 'loss': 'categorical_crossentropy', 'nodes_layer_3': 50, 'do_layer_3': 0.3, 'activation_layer_3': 'relu'}
28-11-2019 00_50_26 MainThread DEBUG\ post cross-over individual2 params {'input_size': 784, 'batch_size': 120, 'nodes_layer_1': 500, 'do_layer_1': 0.3, 'activation_layer_1': 'relu', 'nodes_layer_2': 50, 'do_layer_2': 0.2, 'activation_layer_2': 'relu', 'lr': 0.0001, 'epochs': 3000, 'optimizer': 'rmsprop', 'output_nodes': 10, 'output_activation': 'softmax', 'loss': 'categorical_crossentropy', 'nodes_layer_3': 50, 'do_layer_3': 0.3, 'activation_layer_3': 'relu'}
28-11-2019 00_50_26 MainThread DEBUG\ Evaluating params:
{'input_size': 784, 'batch_size': 120, 'nodes_layer_1': 500, 'do_layer_1': 0.3, 'activation_layer_1': 'relu', 'nodes_layer_2': 50, 'do_layer_2': 0.2, 'activation_layer_2': 'relu', 'lr': 0.0001, 'epochs': 3000, 'optimizer': 'rmsprop', 'output_nodes': 10, 'output_activation': 'softmax', 'loss': 'categorical_crossentropy', 'nodes_layer_3': 50, 'do_layer_3': 0.3, 'activation_layer_3': 'relu'}
and
{'input_size': 784, 'batch_size': 120, 'nodes_layer_1': 500, 'do_layer_1': 0.3, 'activation_layer_1': 'relu', 'nodes_layer_2': 50, 'do_layer_2': 0.2, 'activation_layer_2': 'relu', 'lr': 0.0001, 'epochs': 3000, 'optimizer': 'rmsprop', 'output_nodes': 10, 'output_activation': 'softmax', 'loss': 'categorical_crossentropy', 'nodes_layer_3': 50, 'do_layer_3': 0.3, 'activation_layer_3': 'relu'}
